0 0.70037
5 0.810903
10 0.891757
15 0.889245
20 0.891506
25 0.884461
30 0.840751
35 1.114528
40 1.109403
45 1.071091
50 0.803075
55 0.788904
60 2.40021
65 2.308744
70 2.711727
75 0.707073
80 1.818767
85 1.821799
90 2.077681
95 2.327767
100 2.356753
105 1.770925
110 2.338109
115 1.554868
120 1.669045
125 1.584651
130 1.871345
135 1.813228
140 1.895259
145 1.174669
150 1.627488
155 1.260859
160 1.460555
165 1.443905
170 1.482526
175 1.268108
180 1.305277
185 1.307436
190 1.37347
195 1.270795
200 1.425943
205 0.997846
210 1.346587
215 1.686648
220 1.055301
225 1.758112
230 1.246072
235 1.71729
240 1.928182
245 1.836946
250 1.502231
255 1.381439
260 1.544604
265 1.529607
270 1.407792
275 1.577133
280 1.480793
285 1.575655
290 2.038015
295 1.852707
300 1.300154
305 1.366779
310 1.581573
315 0.600965
