0 0.761469
5 0.82297
10 0.861196
15 0.862856
20 0.69069
25 0.644605
30 0.677434
35 0.61951
40 0.627768
45 0.693676
50 0.616563
55 0.63499
60 0.842979
65 0.999129
70 0.969122
75 1.772913
80 1.78809
85 1.840156
90 1.31856
95 1.326104
100 1.299255
105 0.876332
110 1.069754
115 1.357378
120 2.40021
125 2.308744
130 2.711727
135 0.707073
140 1.818767
145 1.821799
150 2.077681
155 2.327767
160 2.356753
165 1.770925
170 2.338109
175 0.673412
180 0.693196
185 0.769939
190 0.660608
195 0.660379
200 1.367085
205 1.571116
210 1.85507
215 1.873575
220 1.852746
225 1.853068
230 1.736225
235 0.957498
240 1.508616
245 1.500676
250 1.361929
255 1.913279
260 1.602839
265 2.137467
270 1.268818
275 1.374036
280 1.814949
285 1.926217
290 2.051869
295 2.45357
300 2.460469
305 2.190634
310 2.429031
315 2.451476
