0 1.66881
5 0.676426
10 0.7887
15 1.322293
20 1.763903
25 0.792228
30 0.947189
35 1.623929
40 1.897882
45 1.142013
50 1.122134
55 1.080791
60 1.19315
65 1.169224
70 1.08347
75 1.087367
80 1.158259
85 1.059948
90 1.06506
95 1.142176
100 1.118248
105 2.891706
110 2.130864
115 3.156049
120 3.032729
125 3.930792
130 3.435624
135 2.421116
140 1.144924
145 1.461238
150 1.410434
155 1.400554
160 1.397646
165 1.405599
170 1.332596
175 1.137172
180 1.326526
185 1.006616
190 1.496413
195 1.180008
200 1.661924
205 1.999145
210 1.86189
215 1.300348
220 2.169543
225 1.611087
230 1.668154
235 1.607701
240 1.629397
245 1.773547
250 1.796695
255 0.824377
260 1.068534
265 1.107255
270 1.081965
275 1.093465
280 0.875716
285 1.100586
290 1.124056
295 0.998922
300 0.96692
305 1.056153
310 0.996381
315 1.557557
