0 1.292632
5 1.513191
10 1.349945
15 1.694562
20 1.555405
25 1.352379
30 1.303669
35 1.536895
40 1.235604
45 1.518166
50 1.500355
55 1.078823
60 1.305913
65 1.136455
70 0.925644
75 0.933781
80 1.622907
85 1.548655
90 1.204741
95 1.412049
100 1.935004
105 1.603871
110 1.583729
115 1.782218
120 2.172145
125 1.810275
130 1.503323
135 1.184887
140 1.46887
145 2.019078
150 1.991232
155 1.703368
160 3.427645
165 2.990288
170 4.094041
175 3.323224
180 3.924159
185 3.767143
190 2.072669
195 3.795386
200 1.503237
205 1.420591
210 1.515965
215 1.582708
220 1.853082
225 1.550273
230 1.681921
235 0.77658
240 0.859282
245 0.900211
250 0.902912
255 0.849078
260 0.800756
265 0.86155
270 0.812792
275 0.852214
280 0.803909
285 0.807414
290 2.220412
295 2.065832
300 2.56503
305 2.721107
310 2.565735
315 2.477076
