0 1.272126
5 1.276874
10 1.278153
15 1.198621
20 1.307948
25 1.346732
30 1.279283
35 1.281986
40 1.22416
45 2.828887
50 2.985734
55 3.339686
60 2.882339
65 2.917577
70 3.983401
75 3.570519
80 2.283887
85 2.283717
90 2.365569
95 2.452853
100 2.417318
105 2.326014
110 2.343706
115 2.391452
120 2.373333
125 2.423439
130 2.167986
135 2.384068
140 0.95367
145 1.541824
150 1.626819
155 1.489344
160 1.808735
165 1.420109
170 1.399559
175 1.989642
180 1.499564
185 1.519475
190 1.039842
195 1.039133
200 1.324452
205 1.276194
210 1.408159
215 1.411543
220 1.255331
225 1.453718
230 1.328124
235 0.739556
240 0.734172
245 0.888347
250 2.544043
255 2.400271
260 2.359967
265 2.447837
270 1.396507
275 1.75077
280 1.802511
285 1.79826
290 1.744641
295 1.6845
300 1.704442
305 0.907784
310 1.192851
315 1.360301
