0 1.494903
5 1.556704
10 1.513649
15 1.547041
20 1.599262
25 1.585012
30 1.54161
35 1.539247
40 1.632783
45 1.498039
50 1.575863
55 1.723385
60 1.74371
65 1.869309
70 1.896589
75 1.789345
80 1.789285
85 1.812862
90 1.786073
95 1.754006
100 1.783215
105 1.775553
110 0.975979
115 1.296497
120 1.29561
125 0.841977
130 1.204315
135 1.372001
140 1.282508
145 1.256175
150 0.873196
155 0.832805
160 1.188938
165 1.143428
170 0.745625
175 1.464592
180 1.550683
185 0.763822
190 1.556828
195 1.714913
200 1.550349
205 1.550299
210 1.500554
215 1.582056
220 1.612083
225 1.53489
230 1.978555
235 2.698057
240 3.156579
245 2.719254
250 1.924568
255 1.722551
260 2.694013
265 2.742247
270 1.301604
275 0.974819
280 0.983697
285 1.393695
290 1.254156
295 1.408178
300 1.375009
305 1.153215
310 1.328849
315 1.196482
