0 1.275421
5 0.970498
10 1.132717
15 1.165536
20 1.27091
25 1.290216
30 1.101415
35 1.089764
40 1.040956
45 1.336076
50 1.242484
55 1.206159
60 0.987753
65 1.079417
70 1.33432
75 1.165124
80 1.023102
85 1.157066
90 0.997942
95 1.408127
100 0.924855
105 1.40269
110 1.050914
115 1.228629
120 1.192004
125 1.144405
130 1.177787
135 1.230185
140 1.258279
145 1.225636
150 1.206259
155 1.055856
160 1.213658
165 1.203833
170 1.026366
175 1.203142
180 0.673412
185 0.693196
190 0.769939
195 0.660608
200 0.660379
205 3.756437
210 3.821104
215 3.713725
220 3.717162
225 3.738989
230 3.600344
235 3.325161
240 4.064536
245 4.028124
250 3.506152
255 3.456743
260 4.116859
265 4.04492
270 1.21941
275 2.310274
280 2.712813
285 2.996731
290 2.331842
295 2.40988
300 0.852274
305 3.060053
310 2.35165
315 1.420474
