0 1.591302
5 1.43645
10 2.313435
15 1.69897
20 1.618033
25 1.76977
30 1.06297
35 1.630557
40 1.592831
45 1.552097
50 2.352617
55 3.535804
60 2.940602
65 3.319193
70 3.689983
75 3.450042
80 3.491745
85 3.277113
90 3.089045
95 2.681484
100 2.491654
105 3.046734
110 1.476288
115 1.183152
120 1.618865
125 1.427669
130 1.309432
135 1.165752
140 1.60607
145 1.354389
150 1.250472
155 1.501492
160 1.512022
165 1.86343
170 1.666167
175 1.815745
180 1.54049
185 1.874959
190 1.92602
195 1.56595
200 1.51772
205 1.875394
210 1.558243
215 1.869353
220 1.586433
225 1.744832
230 0.964901
235 1.627885
240 1.903784
245 2.250765
250 1.311435
255 1.242051
260 1.166506
265 1.324491
270 1.655149
275 1.643435
280 1.730379
285 1.458956
290 1.306418
295 1.315313
300 1.354415
305 1.949335
310 1.533766
315 2.140826
