1.074 5.51392
2.075 5.388992
3.076 4.780672
4.077 5.651648
5.077999999999999 4.74784
6.079999999999999 5.312384
7.0809999999999995 5.065216
8.094 5.108992
9.094999999999999 5.345216
10.113999999999999 4.507072
11.123999999999999 5.454656
12.124999999999998 4.890112
13.125999999999998 5.542208
14.133999999999997 4.96672
15.194999999999997 5.338816
16.195999999999998 5.202944
17.203999999999997 4.999552
18.205 5.651656
19.206 5.098048
20.244 5.262208
21.245 5.4656
22.247 4.80256
23.248 5.35616
24.254 4.933888
25.256 5.104448
26.264 4.616512
27.265 4.743296
28.266000000000002 4.649344
29.267000000000003 5.334272
30.283 4.134976
31.285 5.159168
32.293 4.480488
33.295 2.75164
34.297000000000004 5.119936
35.29900000000001 5.378048
36.30400000000001 4.999552
37.31400000000001 4.890112
38.315000000000005 5.62976
39.316 4.999552
40.317 5.585984
41.318 4.58368
42.318999999999996 5.367104
43.32299999999999 5.108992
44.32399999999999 5.163712
45.32499999999999 5.454656
46.325999999999986 4.901048
47.326999999999984 5.432768
48.332999999999984 4.999552
49.35299999999999 5.02144
50.353999999999985 5.290496
51.36399999999998 5.218432
52.36499999999998 5.487488
53.36699999999998 4.85728
54.36999999999998 5.115392
55.371999999999986 4.715008
56.42199999999998 5.360704
57.42299999999998 4.97312
58.42399999999998 4.830848
59.424999999999976 3.87232
60.42599999999997 4.6448
61.473999999999975 4.627456
62.47599999999998 4.688576
63.482999999999976 2.204288
64.48399999999998 4.929344
65.51299999999998 4.561792
66.51499999999997 5.093504
67.59299999999998 4.736896
68.59399999999998 5.290496
69.59499999999998 4.561792
70.60299999999998 5.367104
71.60399999999998 4.52896
72.61299999999999 5.093504
73.63199999999999 4.6384
74.63399999999999 4.819904
75.69299999999998 5.02144
76.69399999999999 5.30144
77.73199999999999 4.518016
78.73299999999999 5.181056
79.73499999999999 4.382144
80.73599999999999 4.616512
81.743 4.732352
82.744 4.441408
83.745 5.279552
84.753 4.353856
85.754 5.41088
86.793 4.20064
87.79400000000001 5.257664
88.79500000000002 4.605576
89.79700000000001 5.235776
90.802 4.605568
91.813 4.896512
92.81400000000001 4.677632
93.816 4.452352
94.81700000000001 4.404032
95.87200000000001 4.561792
96.87300000000002 4.655744
97.87400000000002 4.42592
98.87600000000002 4.397632
99.87700000000002 5.060672
100.88200000000002 4.39748
101.92200000000003 3.211288
102.92300000000003 3.813056
103.93300000000004 5.224832
104.94300000000004 4.561792
105.94400000000005 5.049728
106.94500000000005 4.824448
107.94600000000005 5.060672
108.94800000000005 4.758784
109.95200000000006 5.487488
110.95300000000006 4.835392
111.96300000000006 4.053824
113.04200000000006 4.736896
114.04300000000006 4.819904
115.07300000000006 5.010496
116.07400000000007 4.841792
117.07600000000006 4.327424
118.22200000000007 4.134976
119.22300000000007 4.59008
120.22400000000007 5.13088
121.23300000000008 4.995008
122.28100000000008 4.736896
123.28200000000008 4.984064
124.31200000000008 4.846336
125.31300000000009 4.666688
126.38200000000009 5.163712
127.3830000000001 5.235776
128.4330000000001 4.605568
129.4340000000001 4.04288
130.43500000000012 5.202944
131.44100000000012 4.6384
132.44200000000012 4.655744
133.44300000000013 5.349752
134.44500000000014 5.388992
135.45200000000014 4.901056
136.50000000000014 5.13088
137.50100000000015 4.688576
138.50200000000015 4.819904
139.53200000000015 3.609664
140.53300000000016 5.22476
141.59100000000015 4.594696
142.63300000000015 4.185152
143.67100000000016 5.656192
144.67200000000017 5.08256
145.73000000000016 4.736896
146.73200000000017 4.896512
147.74100000000016 4.655744
148.74200000000016 4.780672
149.74300000000017 5.159168
150.75100000000018 4.014592
151.75200000000018 5.24672
152.7720000000002 4.233472
153.8010000000002 4.940288
154.81000000000017 4.671232
155.81100000000018 5.126336
156.81200000000018 4.272704
157.8130000000002 4.988608
158.8140000000002 5.049728
159.81700000000018 4.660288
160.81800000000018 5.224832
161.8200000000002 4.463296
162.8210000000002 4.995008
163.8310000000002 4.813504
164.85200000000017 4.984064
165.86000000000018 4.638408
166.8610000000002 4.787072
167.90000000000018 4.594624
168.91100000000017 5.181056
170.01100000000017 4.321024
171.01200000000017 5.564072
172.12000000000018 4.266328
173.16100000000017 3.265856
174.16200000000018 5.312384
175.1640000000002 4.988608
176.18000000000018 4.80896
177.1820000000002 4.922944
178.1830000000002 5.4656
179.1840000000002 4.879168
180.1850000000002 5.08256
181.1860000000002 4.605568
182.18800000000022 4.020992
183.18900000000022 4.776128
184.19100000000023 4.156864
185.19200000000023 5.115392
186.20100000000022 4.660288
187.20200000000023 5.279552
188.2110000000002 4.452352
189.21200000000022 5.038784
190.21400000000023 3.900608
191.21500000000023 4.868224
192.21700000000024 4.951232
193.45000000000024 3.725504
194.45100000000025 3.98176
195.45200000000025 4.732352
196.45300000000026 4.52896
197.46100000000027 4.984064
198.46200000000027 4.922944
199.46300000000028 5.02784
200.51000000000028 4.605568
201.52100000000027 4.250816
202.57900000000026 5.579584
203.58000000000027 4.962176
204.62100000000027 4.879168
205.63100000000026 4.798016
206.70000000000024 5.032376
207.70100000000025 5.071616
208.70200000000025 4.579136
209.70400000000026 4.660288
210.70500000000027 5.268608
211.70600000000027 4.80256
212.74000000000026 5.098048
213.74100000000027 5.421824
214.74300000000028 5.207488
215.74400000000028 5.181056
216.75000000000028 4.288192
217.7510000000003 4.732352
218.80200000000028 4.660288
219.80500000000026 4.611968
220.90000000000026 5.229376
221.90100000000027 4.633856
222.90200000000027 5.038784
223.90300000000028 4.507072
224.91000000000028 4.513472
225.95000000000027 4.244416
226.95100000000028 4.228928
227.95200000000028 4.885568
228.9530000000003 4.025536
229.9540000000003 5.115392
230.9600000000003 4.846336
231.9900000000003 4.283648
233.02900000000028 5.371648
234.03000000000029 5.35616
235.0800000000003 4.485184
236.0900000000003 5.345224
237.0910000000003 4.813504
238.0920000000003 5.049728
239.0930000000003 4.901056
240.1200000000003 5.224832
241.1210000000003 5.108992
242.1220000000003 5.16996
243.1230000000003 2.762584
244.1240000000003 4.550848
245.1270000000003 5.432768
246.1330000000003 4.977664
247.1400000000003 5.202944
248.1410000000003 4.518016
249.1420000000003 5.181056
250.1430000000003 4.321016
251.2830000000003 5.202944
252.28600000000029 5.1856
253.29000000000028 5.060672
254.2920000000003 4.846336
255.2980000000003 5.224832
256.29900000000026 4.189696
257.30200000000025 5.159168
258.30400000000026 4.58368
259.30600000000027 3.813056
260.30900000000025 4.9184
261.31800000000027 4.561792
262.32800000000026 4.338368
263.33800000000025 4.31648
264.3490000000003 4.41952
265.35000000000025 4.73236
266.35200000000026 4.397632
267.35300000000024 4.622912
268.3680000000002 5.071616
269.3690000000002 4.178752
270.3700000000002 4.787072
271.37800000000016 4.485184
272.37900000000013 4.6448
273.3800000000001 4.305536
274.3820000000001 3.419072
275.3890000000001 4.408576
276.3900000000001 5.005952
277.3970000000001 4.156864
278.3980000000001 4.852736
279.47800000000007 4.977664
280.47900000000004 3.977216
281.48 3.966272
282.482 4.721408
283.488 4.03648
284.498 4.743296
285.49899999999997 3.44096
286.49999999999994 4.141376
287.52799999999996 3.751936
288.52899999999994 3.93344
289.5369999999999 3.911552
290.5379999999999 4.294592
291.5469999999999 4.119488
292.5669999999999 3.390784
293.56799999999987 4.053824
294.56899999999985 4.42592
295.57099999999986 4.010048
296.5769999999998 4.441408
297.57899999999984 3.9006
298.5799999999998 4.053824
299.5869999999998 3.484736
300.5879999999998 3.375296
301.58899999999977 3.911552
302.58999999999975 3.839488
303.59699999999975 3.60512
304.59799999999973 4.798016
305.5989999999997 3.736448
306.6059999999997 3.506624
307.6159999999997 2.817152
308.6259999999997 2.806208
309.62699999999967 2.7296
310.6359999999997 2.652992
311.6459999999997 2.67488
312.64699999999965 2.648448
313.6479999999996 2.248064
314.6559999999996 2.269928
315.6569999999996 2.560896
316.6659999999996 2.17148
317.6669999999996 2.062016
318.6759999999996 2.707712
319.6859999999996 2.51712
320.6959999999996 2.652992
321.69699999999955 2.751464
322.6979999999995 2.543576
323.78599999999955 2.357504
