1.001 0.796216
2.051 0.65804
3.06 0.828008
4.141 0.763024
5.151 0.973512
6.151999999999999 0.894376
7.170999999999999 0.767688
8.181 0.865216
9.190999999999999 0.890088
10.37 1.083408
11.561 1.032056
12.571 0.956952
13.589 0.535144
14.659 0.945088
15.739 0.985352
17.027 0.923568
18.028000000000002 0.788312
19.037000000000003 1.07088
20.057000000000002 0.851408
21.187 0.944464
22.368000000000002 1.493752
23.376 0.849072
24.377000000000002 0.954976
25.386000000000003 1.077144
26.388 1.2696
27.397000000000002 1.20976
28.406000000000002 1.209592
29.407000000000004 1.212504
30.568000000000005 1.186856
31.577000000000005 1.255928
32.68600000000001 1.02612
33.696000000000005 1.381728
34.717000000000006 0.940296
35.946000000000005 0.92492
36.949000000000005 0.838168
37.956 0.807976
38.966 0.82216
40.156 1.010632
41.157 1.101832
42.18599999999999 0.661848
43.416999999999994 0.692624
44.626999999999995 1.313728
45.62799999999999 1.068696
46.635999999999996 1.269992
47.63699999999999 1.38848
48.80599999999999 1.182152
49.81599999999999 1.238048
50.86699999999999 1.108648
51.97599999999999 1.190168
52.995999999999995 0.996968
54.01499999999999 0.472456
55.82599999999999 0.21888
56.855999999999995 0.356712
57.85699999999999 0.69356
58.86599999999999 1.024928
59.94599999999999 1.267784
61.035999999999994 1.135544
62.135999999999996 0.965368
63.154999999999994 0.723728
64.26599999999999 0.407608
65.47099999999999 1.240048
66.47299999999998 0.741584
67.63599999999998 1.345488
68.63699999999999 1.424768
69.64599999999999 1.255488
70.65599999999999 0.966776
71.657 1.050712
72.666 1.272824
73.846 1.23892
74.848 1.25748
75.856 1.313984
76.92599999999999 1.2318
77.93699999999998 1.407344
79.49499999999999 1.139928
80.496 0.485904
81.50399999999999 0.731
82.535 0.715208
83.545 0.302944
84.555 0.796928
85.63300000000001 0.659584
86.73500000000001 0.974944
87.74500000000002 1.092952
88.75500000000002 0.56528
89.76500000000003 0.845808
90.77400000000003 0.609168
91.77600000000002 0.684304
92.80400000000003 0.682488
93.80500000000004 0.907464
94.84500000000004 0.754576
95.87500000000004 0.60732
96.93400000000004 0.538816
97.94400000000005 0.582808
99.09500000000004 0.52404
100.10400000000004 0.393984
101.11400000000005 0.35356
102.16400000000004 0.747448
103.28400000000005 0.816616
104.31400000000005 0.816224
105.32400000000005 0.778376
106.51400000000005 0.716488
107.53400000000005 0.612512
108.54400000000005 0.583992
109.55400000000006 0.696976
110.57400000000005 0.766088
111.79400000000005 1.014488
112.79500000000006 1.118664
113.80400000000006 0.790472
115.01400000000005 1.01912
116.03400000000005 0.799168
117.04400000000005 0.416552
118.05400000000006 0.492472
119.06400000000006 0.967584
120.07400000000007 1.108208
121.08400000000007 0.65028
122.10500000000008 0.68616
123.20400000000008 0.62888
124.21400000000008 0.659416
125.27400000000009 0.73932
126.28400000000009 0.566744
127.47100000000009 1.170888
128.4730000000001 1.236224
129.5130000000001 0.724568
130.5250000000001 1.1282
131.5330000000001 0.9368
132.6130000000001 0.93544
133.6230000000001 0.960688
134.8420000000001 0.90692
136.0620000000001 1.03744
137.0780000000001 0.650704
138.08100000000007 0.59772
139.08200000000008 0.679736
140.17200000000008 0.657872
141.18100000000007 0.623224
142.20000000000007 0.70428
143.21100000000007 0.625672
144.22000000000006 0.942232
145.23100000000005 0.563896
146.42100000000005 0.739424
147.42900000000006 0.960392
148.49100000000007 0.603064
149.60100000000008 1.090808
150.61000000000007 1.018
151.61100000000008 0.834368
152.62100000000007 0.8528
153.63000000000005 0.901128
154.64300000000006 0.745632
155.68000000000006 0.536776
156.69100000000006 0.884136
157.91000000000005 1.095776
158.92000000000004 1.036312
159.93900000000005 1.222112
160.94100000000006 1.120352
161.94900000000007 0.940856
162.95900000000006 0.581744
163.96000000000006 0.773096
165.05900000000005 0.915016
166.06000000000006 1.043496
167.24900000000005 1.009528
168.25900000000004 0.795888
169.30900000000005 0.62744
170.31900000000005 0.653656
171.32900000000004 0.65664
172.35900000000004 0.38604
173.40900000000005 0.207936
174.49900000000005 0.590512
175.50000000000006 1.017904
176.51900000000006 0.829128
177.60000000000005 1.038048
178.79900000000006 0.979368
179.98000000000008 0.957616
181.12000000000006 0.964352
182.12900000000005 0.894752
183.23800000000006 0.495416
184.45800000000006 0.42544
185.46800000000005 0.45724
186.47800000000004 0.47456
187.48800000000003 0.610992
188.57800000000003 0.42624
189.58800000000002 0.582624
190.59500000000003 0.893744
191.61800000000002 0.685272
192.62800000000001 0.686632
193.638 0.570176
194.648 0.56632
195.678 0.452072
196.688 0.717736
197.69799999999998 0.941368
198.70799999999997 0.539808
199.71799999999996 1.113264
200.72799999999995 0.982104
201.72899999999996 1.088368
202.73799999999994 0.877208
203.74799999999993 0.910864
204.75799999999992 1.11372
205.75899999999993 1.17756
206.91799999999992 1.056648
207.9279999999999 1.047496
208.9379999999999 0.839232
209.9479999999999 0.909528
211.0079999999999 0.937984
212.0979999999999 0.911672
213.2579999999999 0.995664
214.2589999999999 1.26512
215.3579999999999 0.647976
216.36799999999988 0.393984
217.37699999999987 0.45652
218.49699999999987 0.71684
219.50599999999986 0.541656
220.54599999999985 0.339264
221.54699999999985 0.494944
222.55599999999984 0.58352
223.59699999999984 0.549688
224.59899999999985 0.745928
225.71699999999984 0.783608
226.72699999999983 0.708576
227.80599999999984 0.772136
228.80699999999985 1.1076
229.82699999999986 0.933144
230.83699999999985 0.280144
231.84599999999983 0.782984
232.85799999999983 0.85096
233.87699999999984 0.90816
234.88599999999983 0.674256
235.89699999999982 0.597312
236.9059999999998 0.534048
237.99699999999982 0.735
238.99799999999982 1.040528
240.08699999999982 1.177184
241.1269999999998 1.23536
242.1369999999998 1.378024
243.1569999999998 0.863952
244.1869999999998 1.035528
245.36599999999981 1.162264
246.3749999999998 1.004008
247.3759999999998 0.92616
248.3859999999998 0.772232
249.3869999999998 1.105928
250.4149999999998 0.627792
251.42499999999978 1.031256
252.4259999999998 1.116112
253.4939999999998 1.327344
254.4949999999998 1.492168
255.4959999999998 1.087808
256.5129999999998 1.161256
257.6039999999998 0.839696
258.6049999999998 1.168664
259.7229999999998 1.640824
260.9129999999998 1.695192
261.9239999999998 0.994
262.0199999999998 0.2736
263.0299999999998 1.662816
264.0309999999998 1.952656
265.0899999999998 0.258648
266.0909999999998 0.2736
267.1599999999998 0.241144
268.4199999999998 0.485616
269.4419999999998 0.496016
270.45999999999975 0.740264
271.6199999999998 1.207056
272.6289999999998 1.235
273.62999999999977 1.051296
274.6389999999998 1.230688
275.84899999999976 1.050512
276.85899999999975 1.356696
277.86799999999977 1.286656
278.86899999999974 1.34504
279.8699999999997 0.96076
280.8709999999997 1.30328
282.1199999999997 1.248424
283.3199999999997 1.494536
284.3209999999997 1.235616
285.32199999999966 1.332664
286.32899999999967 1.348384
287.5089999999997 1.248416
288.5109999999997 1.357368
289.70899999999966 1.34808
290.84899999999965 1.327224
291.8499999999996 1.015048
292.9989999999996 1.264512
294.00799999999964 1.031144
295.06799999999964 0.910512
296.0689999999996 1.02468
297.26799999999963 1.580152
298.27999999999963 1.301664
299.46899999999965 1.346344
300.48999999999967 1.374544
301.50999999999965 1.511616
302.88899999999967 1.244608
303.98799999999966 1.558712
305.16899999999964 1.434072
306.1889999999996 1.25892
307.24799999999965 1.289008
308.48899999999963 1.38408
309.61899999999963 1.194616
310.6389999999996 1.1334
311.7789999999996 1.249424
312.8689999999996 0.84064
313.86999999999955 0.851696
314.9479999999995 1.046504
315.9989999999995 1.345832
317.1489999999995 1.406528
318.1579999999995 0.960136
319.1949999999995 0.562344
320.2789999999995 1.298584
321.27999999999946 1.37172
322.2889999999995 1.226424
323.28999999999945 1.316744
324.48899999999946 1.2252
325.62899999999945 1.647808
326.6299999999994 1.86752
327.63899999999944 0.905688
328.6589999999994 1.184328
329.6599999999994 0.944488
330.7379999999994 0.952952
331.74799999999937 0.70584
332.74899999999934 0.788312
333.7689999999993 0.94344
334.7699999999993 0.853032
335.7789999999993 1.072248
336.78799999999933 1.083624
