1.008 3.068864
2.019 2.29184
3.02 2.94848
4.029 3.955328
5.029999999999999 4.0976
6.034999999999999 3.353408
7.037999999999999 3.544
8.048 3.473792
9.088000000000001 2.959424
10.089 2.02464
11.098 1.821248
12.099 3.025088
13.109 4.23988
14.118 3.397184
15.119 3.342464
16.12 3.856832
17.128 3.616064
18.129 3.977216
19.138 3.992704
20.139000000000003 3.824
21.149000000000004 3.725504
22.158000000000005 3.758336
23.159000000000006 3.616064
24.160000000000007 3.93344
25.168000000000006 3.65344
26.178000000000008 3.5504
27.17900000000001 4.414976
28.18900000000001 4.688576
29.190000000000012 4.014592
30.19800000000001 3.76928
31.199000000000012 3.7144
32.20800000000001 2.20444
33.210000000000015 3.856832
34.21800000000002 4.688576
35.219000000000015 3.802112
36.22000000000001 3.681728
37.228000000000016 3.686272
38.22900000000001 3.451904
39.23000000000001 3.408128
40.23100000000001 3.506624
41.232000000000006 3.561344
42.23800000000001 3.090752
43.248000000000005 2.576384
44.249 2.889216
45.314 3.43456
46.318 4.469696
47.32 4.633856
48.328 3.539456
49.329 2.981312
50.33 3.046976
51.332 3.0032
52.337 3.561344
53.338 3.05792
54.348 2.598272
55.35 3.22208
56.351 2.7296
57.357 3.014144
58.358 3.068864
59.358999999999995 3.49568
60.35999999999999 3.65984
61.367999999999995 3.76928
62.37 3.243968
63.376999999999995 3.05792
64.378 2.652992
65.408 2.740544
66.409 3.38624
67.498 3.16736
68.587 3.265856
69.58800000000001 3.375296
70.59 4.163264
71.59700000000001 3.2768
72.59800000000001 2.499784
73.60700000000001 3.031488
74.61700000000002 2.313728
75.62700000000002 2.882816
76.62800000000003 3.594176
77.63700000000003 3.375296
78.63800000000003 3.014144
79.64700000000003 3.834944
80.64800000000004 3.068864
81.64900000000004 3.594176
82.65700000000004 3.594176
83.65800000000004 3.265856
84.65900000000005 3.2768
85.66800000000005 2.751488
86.66900000000005 2.751488
87.67000000000006 3.16736
88.67100000000006 3.824
89.67700000000006 3.156416
90.67800000000007 2.67488
91.67900000000007 2.40128
92.68700000000007 2.488832
93.68800000000007 2.90016
94.69600000000007 3.036032
95.69700000000007 2.7296
96.69800000000008 3.014144
97.70600000000007 3.200192
98.71700000000007 2.882816
99.72600000000007 3.506624
100.72700000000007 3.539456
101.73600000000008 3.156416
102.74600000000008 1.668032
103.75600000000009 1.718208
104.75700000000009 1.952576
105.76600000000009 2.773376
106.7670000000001 3.108096
107.8360000000001 3.412672
108.8370000000001 3.364352
109.8460000000001 3.473792
110.84700000000011 3.243968
111.87700000000011 3.014144
112.88600000000011 3.184704
113.8880000000001 3.189248
114.88900000000011 2.871872
115.89000000000011 3.200192
116.89600000000011 3.014144
117.89700000000012 2.740544
118.89800000000012 3.101688
119.90600000000012 3.561344
120.90700000000012 3.616064
121.91600000000012 4.0976
122.91700000000013 3.59872
123.92500000000013 3.108096
124.92600000000013 2.707712
125.93400000000013 2.981312
126.93500000000013 3.046976
127.93600000000013 2.663936
128.93700000000013 2.226176
129.94500000000014 2.670336
130.96500000000015 2.477888
131.96600000000015 2.466944
132.97500000000014 2.412224
133.97600000000014 2.652992
135.08400000000015 3.233024
136.08500000000015 2.232576
137.08600000000015 2.302784
138.08700000000016 2.630952
139.28400000000016 2.653144
140.28500000000017 2.801664
141.28600000000017 3.583232
142.28700000000018 2.904704
143.29400000000018 2.685824
144.2950000000002 3.036032
145.2960000000002 2.652992
146.3040000000002 3.145472
147.3110000000002 3.036032
148.3150000000002 3.0032
149.3160000000002 4.086656
150.3170000000002 5.02784
151.31900000000022 3.145472
152.32000000000022 4.167808
153.32100000000023 3.845888
154.3240000000002 3.845888
155.32600000000022 3.254912
156.33400000000023 3.65984
157.34400000000022 3.287744
158.34500000000023 2.740544
159.34600000000023 3.046976
160.34700000000024 4.721408
161.35400000000024 3.178304
162.35500000000025 3.233024
163.35600000000025 3.11264
164.36500000000024 3.681728
165.36600000000024 3.2768
166.37400000000025 3.046976
167.38400000000024 2.937536
168.38600000000025 2.751488
169.38700000000026 3.156416
170.38800000000026 3.036032
171.39400000000026 2.78432
172.39500000000027 2.937536
173.93300000000028 2.013696
174.93400000000028 0.59552
175.9350000000003 1.794816
176.94500000000028 1.346112
177.94600000000028 1.613312
178.9530000000003 2.335616
179.9540000000003 2.363904
180.9550000000003 2.368448
181.96400000000028 2.62016
182.9650000000003 2.981312
183.9730000000003 3.670784
184.9740000000003 2.083904
185.9750000000003 3.5504
186.9760000000003 3.681728
187.97700000000032 4.020992
188.98400000000032 3.025096
189.98500000000033 3.38624
190.98600000000033 2.609216
191.98700000000034 3.05792
192.98800000000034 3.101696
193.99300000000034 3.911552
194.99400000000034 3.101696
196.00400000000033 3.900608
197.00500000000034 4.458752
198.00600000000034 4.211584
199.01300000000035 3.561344
200.01400000000035 4.185152
201.01500000000036 4.59008
202.01600000000036 4.780672
203.01700000000037 4.108544
204.01800000000037 4.349312
205.02000000000038 4.539904
206.02400000000037 4.491584
207.02500000000038 2.937536
208.02600000000038 3.922496
209.0340000000004 4.058368
210.0350000000004 4.469696
211.04500000000039 3.462848
212.0530000000004 3.397184
213.0540000000004 4.907456
214.0550000000004 4.080256
215.0560000000004 4.414976
216.05700000000041 4.3712
217.0740000000004 3.5504
218.07500000000041 2.981312
219.0780000000004 3.561344
220.1630000000004 3.357952
221.22400000000042 3.287744
222.2330000000004 3.06432
223.2340000000004 2.740544
224.2350000000004 3.594176
225.31300000000041 3.697216
226.31400000000042 3.484736
227.31500000000042 3.156416
228.32300000000043 3.108096
229.35300000000043 3.357952
230.35500000000044 4.108544
231.36300000000045 3.528512
232.36400000000046 3.44096
233.36500000000046 4.611968
234.36600000000047 4.20064
235.36700000000047 4.568192
236.37300000000047 3.944384
237.37400000000048 3.024936
238.37500000000048 2.007448
239.38400000000047 2.849984
240.46300000000048 3.036032
241.46400000000048 3.151872
242.4650000000005 2.313728
243.4720000000005 2.280896
244.4730000000005 3.200192
245.48200000000048 2.937536
246.59300000000047 2.499768
247.59400000000048 2.112192
248.5960000000005 1.58048
249.6030000000005 2.560896
250.61300000000048 2.598272
251.6140000000005 1.919744
252.6220000000005 1.882368
253.6240000000005 1.821248
254.6250000000005 2.269952
255.63200000000052 2.29824
256.64300000000054 2.215232
257.65300000000053 1.79936
258.6540000000005 2.746944
259.6620000000005 2.248064
260.66300000000047 2.248064
261.66400000000044 1.96992
262.67300000000046 1.908728
263.68200000000047 1.963592
264.68300000000045 1.9152
265.69300000000044 1.427264
266.6940000000004 1.663488
267.7020000000004 1.646144
268.7130000000004 1.58688
269.7230000000004 1.668032
270.76300000000043 1.0944
271.77200000000045 1.466496
272.7730000000004 1.066112
273.7830000000004 1.116288
274.7920000000004 1.061568
275.8020000000004 1.25216
276.8040000000004 1.050624
277.8220000000004 1.181952
278.8320000000004 0.836288
279.8630000000004 0.897408
280.8720000000004 1.247616
281.8730000000004 1.295936
282.8820000000004 1.389888
283.8920000000004 1.20384
284.9320000000004 0.726848
285.9420000000004 0.569088
287.0020000000004 0.558144
288.0220000000004 0.2736
289.0330000000004 0.689472
290.0420000000004 0.792512
291.0430000000004 1.028736
292.0520000000004 1.411776
293.0530000000004 1.394432
294.2420000000004 1.69632
295.2430000000004 1.591424
296.2520000000004 1.794816
297.26300000000043 1.569536
298.27200000000045 1.980864
299.2730000000004 1.832192
300.3220000000004 1.79936
301.3290000000004 1.488384
302.3320000000004 1.554048
303.3420000000004 0.891008
304.34500000000037 0.8208
305.37200000000036 0.634752
306.39200000000034 1.241216
307.4170000000003 1.192896
308.4220000000003 1.105344
309.6520000000003 0.448704
310.6720000000003 0.584576
311.6860000000003 1.03968
312.70200000000034 1.455552
313.71200000000033 1.372544
314.7220000000003 1.740096
315.7320000000003 1.3616
316.7420000000003 1.96992
317.7430000000003 1.843136
318.7520000000003 1.400832
319.7720000000003 1.120832
320.77300000000025 2.02464
321.78200000000027 1.077056
322.83100000000024 0.755136
323.8510000000002 0.60192
