1.23 0.540736
2.24 0.505344
3.42 1.29508
4.52 1.0048
5.529999999999999 1.2292
6.539999999999999 0.854752
7.540999999999999 1.223984
8.659999999999998 1.131264
9.669999999999998 1.76632
10.679999999999998 1.32132
11.699999999999998 1.940136
12.700999999999997 1.827216
13.829999999999997 1.650472
14.830999999999996 1.802168
15.840999999999996 1.963576
16.849999999999994 1.908096
17.860999999999994 1.933104
18.869999999999994 1.6258
20.039999999999992 1.62684
21.05999999999999 1.654072
22.069999999999993 1.725928
23.080999999999992 1.68584
24.12099999999999 1.138176
25.14099999999999 0.900864
26.170999999999992 1.58688
27.171999999999993 1.222224
28.328999999999994 1.575688
29.339999999999993 1.729152
30.349999999999994 1.447992
31.358999999999995 1.565344
32.398999999999994 1.797728
33.58899999999999 2.21804
34.69199999999999 2.191728
35.849999999999994 2.173472
37.01899999999999 2.270568
38.01999999999999 1.875832
39.04999999999999 1.883736
40.05199999999999 2.002208
41.059999999999995 1.920736
42.06999999999999 1.690064
43.148999999999994 2.131128
44.14999999999999 1.7716
45.15899999999999 1.958976
46.15999999999999 1.650624
47.16099999999999 2.287296
48.16899999999999 1.1206
49.34999999999999 0.229824
50.48899999999999 2.191528
51.48999999999999 1.072512
52.499999999999986 2.200504
53.688999999999986 2.875984
54.692999999999984 2.835408
55.69999999999998 3.061112
56.70999999999998 3.028016
57.87999999999998 2.6
58.969999999999985 3.086656
60.01999999999998 2.917864
61.02999999999998 3.126432
62.03899999999998 3.629456
63.03999999999998 3.196992
64.04899999999998 4.3054
65.20999999999998 4.190832
66.21999999999998 3.89852
67.22099999999999 3.255896
68.222 3.377376
69.231 3.155696
70.232 2.5968
71.24 2.451456
72.241 2.203512
73.25 1.922976
74.26 1.902656
75.26100000000001 2.40768
76.27000000000001 1.59404
77.28000000000002 1.849536
78.29000000000002 1.302336
79.30000000000003 0.882224
80.32000000000002 1.488384
81.70200000000003 0.32832
82.72100000000003 1.480984
83.72200000000004 2.177856
84.74000000000004 1.822984
85.75000000000004 1.56552
86.75100000000005 2.35296
87.76000000000005 1.509304
88.76100000000005 1.466496
89.77200000000005 1.309216
90.90000000000005 1.701248
91.91100000000004 1.893312
92.91200000000005 1.547536
93.92000000000004 1.718208
94.93000000000005 1.937088
95.95000000000005 1.219368
97.10000000000005 1.358512
98.11000000000006 1.455552
99.11100000000006 0.997112
100.12000000000006 1.685376
101.13100000000006 1.828448
102.14100000000006 1.892312
103.29000000000006 1.751848
104.30100000000006 1.455552
105.31100000000006 1.34656
106.32000000000006 0.864576
107.33000000000007 0.755136
108.34000000000007 0.733248
109.35000000000008 0.538608
110.37100000000008 0.744192
111.38000000000008 0.755136
112.41000000000008 0.603904
113.43100000000008 0.93024
114.44000000000008 0.87552
115.59100000000008 0.968888
116.60000000000008 1.608768
117.60100000000008 1.309384
118.70300000000009 1.661544
119.71100000000008 1.619712
120.72100000000009 1.283304
121.7310000000001 0.962088
122.7320000000001 1.663488
123.7510000000001 0.929216
124.7600000000001 0.93024
125.76100000000011 0.963072
126.7900000000001 0.240768
127.8010000000001 1.163352
129.3310000000001 2.3344
130.3320000000001 1.423088
131.3510000000001 1.453608
132.6010000000001 0.769544
133.60200000000012 1.69632
134.62100000000012 2.121232
135.91100000000012 0.742296
136.9210000000001 0.787968
137.92300000000012 0.580032
138.94100000000012 1.017792
139.94200000000012 1.13488
140.9510000000001 1.783872
141.9620000000001 1.172792
142.9710000000001 1.280448
143.98200000000008 0.912
145.01100000000008 1.194104
146.0420000000001 1.585616
147.0430000000001 1.94324
148.0510000000001 2.169808
149.1710000000001 1.589216
150.1720000000001 1.357056
151.1830000000001 1.5092
152.1920000000001 1.903384
153.20100000000008 1.502216
154.2210000000001 0.645696
155.23100000000008 0.76608
156.2510000000001 0.580032
157.2710000000001 1.057088
158.2720000000001 1.58688
159.2730000000001 1.564992
160.28100000000012 1.262696
161.2970000000001 1.433664
162.3010000000001 1.302336
163.3020000000001 0.581024
164.3120000000001 0.864576
165.32100000000008 1.111032
166.33200000000008 1.338584
167.3930000000001 1.359968
168.3940000000001 1.378944
169.3950000000001 2.440368
170.5620000000001 2.231688
171.5630000000001 2.175584
172.6020000000001 2.130928
173.6030000000001 2.28952
174.6110000000001 2.484288
175.6220000000001 1.611752
176.7910000000001 1.827296
177.79200000000012 1.937088
178.79400000000012 1.994088
179.80200000000013 2.145024
180.81200000000013 1.910856
181.82200000000012 2.604672
182.8320000000001 2.08876
183.8330000000001 1.488384
184.84100000000012 1.69788
186.0120000000001 2.195008
187.0220000000001 2.013696
188.04200000000012 1.609624
189.0520000000001 1.685376
190.0530000000001 1.602744
191.05400000000012 2.385792
192.06200000000013 1.581784
193.2320000000001 1.981504
194.2420000000001 1.991808
195.3720000000001 1.910296
196.3820000000001 2.232576
197.3830000000001 1.935472
198.39200000000008 2.648448
199.39500000000007 1.57152
200.39700000000008 2.331072
201.40200000000007 1.834496
202.40400000000008 2.28936
203.4120000000001 1.762416
204.42200000000008 1.656832
205.58200000000008 2.051696
206.59200000000007 2.287296
207.59300000000007 2.295312
208.59400000000008 2.4488
209.60300000000007 1.783872
210.64200000000005 0.580032
211.64300000000006 1.652544
212.77200000000005 0.982552
213.77300000000005 2.002752
215.33000000000004 0.93024
216.50300000000004 0.67892
217.50400000000005 2.309184
218.50500000000005 1.996864
219.51400000000004 1.869552
220.51500000000004 2.670336
221.52300000000005 2.010624
222.52400000000006 2.068064
223.53300000000004 2.09092
224.53400000000005 2.419848
225.53500000000005 2.10588
226.54300000000006 2.274864
227.54400000000007 2.355152
228.55300000000005 1.767296
229.56300000000005 1.772928
230.57300000000004 1.14316
231.58200000000002 1.116288
232.59300000000002 0.972768
233.614 1.017792
234.622 0.809856
235.62300000000002 1.20784
236.633 1.671528
237.63400000000001 1.282232
238.643 1.17992
239.793 1.51372
240.81300000000002 1.931008
241.823 2.310704
242.832 2.272264
243.834 2.07096
244.843 2.150232
248.87199999999999 1.151056
250.023 6.251608
251.033 1.521216
252.034 2.399008
253.04399999999998 2.853936
254.08299999999997 2.966
255.08399999999997 2.891992
256.094 2.581944
257.101 3.299808
258.103 3.751496
259.104 3.75736
260.143 4.051224
261.14399999999995 3.8034
262.1449999999999 4.625224
263.15399999999994 3.136712
264.15599999999995 3.853072
265.15799999999996 4.207112
266.15899999999993 3.731872
267.21399999999994 3.081512
268.22499999999997 4.83876
269.22599999999994 4.251112
270.23299999999995 3.995552
271.23499999999996 5.504832
272.674 0.569352
273.68199999999996 6.236856
274.69499999999994 2.62656
275.70199999999994 2.171704
276.7029999999999 3.11904
277.7039999999999 3.25244
278.7059999999999 5.14368
279.7149999999999 0.66748
280.7229999999999 2.692224
281.7239999999999 2.90016
282.72499999999985 2.556136
283.73299999999983 3.316032
284.7429999999998 3.856104
285.7439999999998 5.264064
286.7449999999998 3.142296
287.74599999999975 4.274656
288.75299999999976 3.764736
289.75399999999973 3.395904
290.7549999999997 4.158944
291.7559999999997 4.32288
292.7579999999997 3.07352
294.1349999999997 0.689472
295.4949999999997 7.558688
296.4959999999997 1.652544
297.5319999999997 2.385792
298.5529999999997 2.714112
299.5539999999997 2.014568
300.5629999999997 3.491136
301.5729999999997 3.770648
302.5749999999997 4.071168
303.5829999999997 3.498392
304.58399999999966 3.961728
305.6119999999997 3.183592
306.61299999999966 3.108096
307.61399999999963 3.195648
308.6149999999996 2.588848
309.6219999999996 2.101248
310.6229999999996 1.974224
311.6329999999996 2.002752
312.6419999999996 1.657752
313.6519999999996 1.400832
314.6749999999996 0.851656
316.89299999999963 0.295488
317.90199999999965 2.287896
318.9029999999996 1.619712
319.9199999999996 1.310536
320.9209999999996 1.476104
321.9229999999996 1.531112
322.96999999999963 1.612248
323.9709999999996 1.904256
324.9719999999996 2.01972
325.9809999999996 2.086608
326.9899999999996 2.495232
327.9909999999996 1.991224
328.9999999999996 2.604672
330.0319999999996 2.233256
331.0409999999996 2.593728
332.0419999999996 1.846256
333.04299999999955 1.832232
334.05099999999953 1.80576
335.05999999999955 1.264384
