1.009 3.22208
2.019 2.685824
3.028 2.598272
4.029 2.374848
5.039 2.751488
6.0489999999999995 2.62016
7.049999999999999 2.26996
8.058 2.696768
9.059 2.363904
10.068999999999999 2.543552
11.069999999999999 2.773376
12.078 1.886912
13.078999999999999 3.06432
14.091 3.481048
15.158999999999999 3.285032
16.16 3.151872
17.21 3.423616
18.211000000000002 4.743296
19.217000000000002 3.889664
20.218000000000004 3.298688
21.219000000000005 3.889664
22.258000000000006 3.817448
23.477000000000007 3.276952
24.47800000000001 2.878272
25.538000000000007 3.675328
26.53900000000001 4.349312
27.541000000000007 3.802112
28.54200000000001 3.430016
29.54800000000001 3.977216
30.628000000000007 4.113088
31.63800000000001 4.174208
32.63900000000001 4.75424
33.68800000000001 4.178752
34.68900000000001 4.228928
35.69800000000001 4.69952
37.09700000000001 4.167808
38.098000000000006 4.447808
39.099000000000004 5.016896
40.109 4.375744
41.118 4.951232
42.120000000000005 4.222528
43.121 4.929344
44.217 4.82444
45.217999999999996 4.404032
46.227999999999994 4.513472
47.27799999999999 4.20064
48.27899999999999 4.688576
49.28799999999999 4.841792
50.28899999999999 3.992704
51.29099999999999 4.491584
52.29699999999999 4.382144
53.30799999999999 3.937984
54.30899999999999 4.196096
55.31099999999999 3.791168
56.31699999999999 4.185152
57.376999999999995 4.0912
58.37799999999999 4.196096
59.37899999999999 3.977216
60.38599999999999 3.922496
61.386999999999986 3.36436
62.387999999999984 3.780224
63.396999999999984 2.663936
64.39799999999998 2.67488
65.39899999999999 2.521664
66.40799999999999 2.718656
67.40899999999999 2.84544
68.42699999999999 3.0032
69.428 2.817152
70.429 2.532608
71.437 3.123584
72.447 3.200192
73.44800000000001 3.101696
74.44900000000001 3.397184
75.45000000000002 2.83904
76.45100000000002 3.243968
77.45600000000002 3.583232
78.45700000000002 3.76928
79.45800000000003 4.414976
80.46700000000003 3.806656
81.46800000000003 3.71456
82.46900000000004 3.87872
83.47700000000003 4.491584
84.51700000000004 4.167808
85.54600000000003 3.265856
86.54700000000004 2.779776
87.54800000000004 2.904704
88.55000000000004 3.068864
89.55500000000004 2.696768
90.55600000000004 2.762432
91.55700000000004 2.543552
92.56600000000005 2.451456
93.56700000000005 2.445056
94.56800000000005 2.970368
95.57600000000005 3.211136
96.58700000000005 2.959424
97.58800000000005 3.287744
98.59500000000006 3.178304
99.59600000000006 3.342464
100.60600000000007 3.145472
101.60700000000007 2.981312
102.60800000000008 3.692672
103.60900000000008 4.502528
104.61600000000008 4.031928
105.61700000000009 3.036032
106.6180000000001 3.090752
107.6190000000001 2.7296
108.6250000000001 2.587328
109.6260000000001 2.576384
110.62700000000011 2.817152
111.7060000000001 2.849984
112.7150000000001 2.812608
113.71600000000011 2.554496
114.71700000000011 3.090752
115.71800000000012 3.594176
116.87500000000011 4.331968
117.92900000000012 3.2768
118.95600000000012 4.611968
119.95700000000012 4.601024
120.96000000000012 3.916096
121.97300000000013 4.338368
122.97500000000012 3.430016
123.97600000000013 3.079808
124.99000000000012 3.134536
125.99500000000012 3.2768
126.99700000000011 3.703616
128.0110000000001 4.196096
129.0460000000001 4.31008
130.04800000000012 4.053824
131.04900000000012 3.71456
132.05600000000013 3.506624
133.05700000000013 2.817152
134.06500000000014 3.036032
135.06600000000014 3.342464
136.06800000000015 3.287744
137.06900000000016 3.134528
138.07500000000016 2.78432
139.12500000000017 3.101696
140.12600000000018 3.206592
141.12700000000018 2.40128
142.12800000000018 3.189248
143.1350000000002 3.025088
144.1360000000002 2.390336
145.14500000000018 2.40128
146.14600000000019 2.84544
147.15500000000017 2.642048
148.15600000000018 2.488832
149.16500000000016 2.423168
150.17500000000015 2.576384
151.24500000000015 3.16736
152.25500000000014 3.031488
153.25600000000014 3.025088
154.26600000000013 2.587328
155.27400000000014 2.532608
156.27500000000015 2.62016
157.28500000000014 3.156416
158.28600000000014 3.123584
159.28700000000015 3.265856
160.29500000000016 3.342464
161.29600000000016 3.134528
162.29700000000017 3.473792
163.31500000000017 3.254912
164.33500000000018 2.78432
165.33600000000018 2.90016
166.34500000000017 2.78432
167.34600000000017 2.466944
168.34800000000018 2.642048
169.3550000000002 2.663936
170.4740000000002 2.915648
171.4750000000002 2.714112
172.48500000000018 2.313728
173.4860000000002 3.134528
174.4940000000002 3.71456
175.4950000000002 3.834944
176.4960000000002 3.375296
177.5550000000002 3.861376
178.5640000000002 3.265856
179.5650000000002 3.250368
180.5660000000002 3.014144
181.5680000000002 2.685824
182.5740000000002 2.94848
183.57600000000022 2.773368
184.58400000000023 2.379392
185.67500000000024 2.62016
186.67600000000024 2.746944
187.68400000000025 2.652992
188.69500000000025 3.036032
189.69600000000025 2.806208
190.69700000000026 2.663936
191.70400000000026 2.499776
192.70500000000027 2.725056
193.71400000000025 2.34656
194.71500000000026 2.34656
195.74400000000026 2.379392
196.74600000000027 2.714112
197.74700000000027 2.423168
198.75400000000027 2.488832
199.75500000000028 2.56544
200.75600000000028 2.856384
201.76500000000027 2.7296
202.76600000000028 2.434112
203.77500000000026 1.69632
204.77600000000027 1.68992
205.77700000000027 2.965824
206.78600000000026 2.685824
207.78700000000026 2.56544
208.79500000000027 2.762432
209.80500000000026 2.62016
210.80600000000027 2.685824
211.81600000000026 2.95488
212.81700000000026 2.817152
213.82600000000025 2.532608
214.84500000000025 1.930688
215.84600000000026 1.937088
216.85500000000025 1.9088
217.88500000000025 2.29184
218.88600000000025 2.24352
219.89500000000024 2.412224
220.89600000000024 2.368448
221.90600000000023 2.177856
222.91600000000022 1.897856
223.9250000000002 2.215232
224.92600000000022 2.659392
225.9350000000002 2.313728
226.9360000000002 1.919744
227.9450000000002 2.232576
228.95500000000018 1.79936
229.96500000000017 1.488384
230.96600000000018 1.678976
231.97600000000017 2.587328
232.97700000000017 2.849984
233.99500000000018 2.998656
234.99700000000018 2.652968
236.01500000000019 2.55452
237.03600000000017 2.543552
238.04500000000016 2.412224
239.04600000000016 2.867328
240.05500000000015 2.773376
241.06500000000014 2.609216
242.06600000000014 2.740544
243.07500000000013 2.631104
244.12500000000014 2.631104
245.12600000000015 2.834496
246.12700000000015 2.149568
247.13500000000016 2.149568
248.13600000000017 2.549952
249.13700000000017 2.554496
250.14500000000018 2.62016
251.14600000000019 2.554496
252.15500000000017 2.313728
253.16500000000016 2.582784
254.17500000000015 2.40128
255.17600000000016 2.532608
256.19500000000016 2.248064
257.20500000000015 2.528064
258.20600000000013 2.368448
259.21500000000015 2.051072
260.2160000000001 2.287296
261.22500000000014 2.083904
262.2260000000001 2.215232
263.2350000000001 2.473344
264.2360000000001 2.226176
265.2370000000001 2.226176
266.24500000000006 2.488832
267.25500000000005 2.40768
268.25600000000003 1.941632
269.26500000000004 2.002752
270.266 1.843136
271.274 2.040128
272.275 2.396736
273.28499999999997 2.302784
274.28599999999994 2.423168
275.29499999999996 2.477888
276.29599999999994 2.604672
277.30499999999995 2.34656
278.3059999999999 2.456
279.31499999999994 2.860928
280.32499999999993 2.94848
281.37499999999994 2.992256
282.42499999999995 3.2768
283.49499999999995 3.265856
284.50499999999994 3.22848
285.5059999999999 2.674888
286.51499999999993 2.718656
287.52699999999993 2.499776
288.59399999999994 1.996352
289.5949999999999 2.768832
290.5959999999999 2.7296
291.61399999999986 2.67488
292.61499999999984 2.795264
293.62499999999983 2.860928
294.6349999999998 2.937536
295.7149999999998 2.89376
296.7159999999998 2.812608
297.72399999999976 2.532608
298.72499999999974 2.576384
299.7259999999997 2.521664
300.8149999999997 2.663936
301.8159999999997 2.451456
302.82399999999967 2.259008
303.82499999999965 2.34656
304.83399999999966 2.714112
305.83499999999964 2.609216
306.84399999999965 2.806208
307.84499999999963 2.795264
308.8459999999996 2.806208
309.8539999999996 2.335616
310.8559999999996 2.779776
311.8639999999996 2.510712
312.86499999999955 2.445056
313.87399999999957 1.919744
314.87499999999955 2.440512
315.88399999999956 2.116736
316.89399999999955 2.313728
317.8949999999995 2.549952
318.91399999999953 2.390336
319.9239999999995 2.379392
320.9339999999995 2.302784
321.9349999999995 2.451456
322.9439999999995 2.1824
323.9539999999995 2.445056
