1.002 4.627456
2.003 5.35616
3.004 4.715008
4.006 5.334272
5.0120000000000005 4.167808
6.013 5.257664
7.013999999999999 5.108992
8.014999999999999 5.7392
9.031999999999998 5.087104
10.101999999999999 5.02144
11.102999999999998 4.732352
12.191999999999998 5.049728
13.201999999999998 3.839488
14.202999999999998 4.655744
15.248999999999997 4.660288
16.249999999999996 5.432768
17.251999999999995 4.824424
18.266999999999996 4.830872
19.269999999999996 4.901056
20.282999999999994 5.367104
21.285999999999994 4.715
22.291999999999994 5.542208
23.292999999999996 4.922944
24.303999999999995 5.202792
25.304999999999996 2.521816
26.305999999999997 4.550848
27.325999999999997 5.060672
28.411999999999995 4.441408
29.412999999999997 4.436864
30.421999999999997 5.268608
31.423 3.948928
32.431999999999995 5.443712
33.43299999999999 4.069312
34.43399999999999 4.513472
35.43599999999999 4.031936
36.437999999999995 4.649352
37.44199999999999 4.984064
38.45199999999999 4.485184
39.45299999999999 5.115392
40.45499999999999 4.911976
41.456999999999994 5.575064
42.458999999999996 4.85728
43.471999999999994 4.940288
44.47299999999999 4.846336
45.47399999999999 4.830848
46.49999999999999 4.233472
47.50099999999999 4.940288
48.50299999999999 3.419072
49.50399999999999 5.065216
50.50499999999999 4.655744
51.51999999999999 4.868216
52.52099999999999 4.524416
53.52899999999999 5.159168
54.53799999999999 4.704064
55.54799999999999 5.24672
56.54999999999999 4.715008
57.55099999999999 4.995008
58.551999999999985 4.41952
59.55299999999998 5.202944
60.554999999999986 4.660288
61.628999999999984 5.51392
62.62999999999998 5.388992
63.63099999999998 4.780672
64.63199999999998 5.651648
65.63299999999998 4.74784
66.63499999999998 5.312384
67.63599999999998 5.065216
68.64899999999999 5.108992
69.64999999999999 5.345216
70.669 4.507072
71.679 5.454656
72.68 4.890112
73.68100000000001 5.542208
74.68900000000001 4.96672
75.75 5.338816
76.751 5.202944
77.759 4.999552
78.76 5.651656
79.76100000000001 5.098048
80.799 5.262208
81.80000000000001 5.4656
82.802 4.80256
83.80300000000001 5.35616
84.80900000000001 4.933888
85.811 5.104448
86.819 4.616512
87.82000000000001 4.743296
88.82100000000001 4.649344
89.82200000000002 5.334272
90.83800000000002 4.134976
91.84000000000002 5.159168
92.84800000000001 4.480488
93.85000000000001 2.75164
94.852 5.119936
95.854 5.378048
96.859 4.999552
97.869 4.890112
98.87 5.62976
99.87100000000001 4.999552
100.87200000000001 5.585984
101.87300000000002 4.58368
102.87400000000002 5.367104
103.87800000000003 5.108992
104.87900000000003 5.163712
105.88000000000004 5.454656
106.88100000000004 4.901048
107.88200000000005 5.432768
108.88800000000005 4.999552
109.90800000000004 5.02144
110.90900000000005 5.290496
111.91900000000005 5.218432
112.92000000000006 5.487488
113.92200000000005 4.85728
114.92500000000005 5.115392
115.92700000000005 4.715008
116.97700000000005 5.360704
117.97800000000005 4.97312
118.97900000000006 4.830848
119.98000000000006 3.87232
120.98100000000007 4.6448
122.02900000000007 4.627456
123.03100000000006 4.688576
124.03800000000007 2.204288
125.03900000000007 4.929344
126.06800000000007 4.561792
127.07000000000006 5.093504
128.14800000000005 4.736896
129.14900000000006 5.290496
130.15000000000006 4.561792
131.15800000000007 5.367104
132.15900000000008 4.52896
133.16800000000006 5.093504
134.18700000000007 4.6384
135.18900000000008 4.819904
136.24800000000008 5.02144
137.24900000000008 5.30144
138.2870000000001 4.518016
139.2880000000001 5.181056
140.2900000000001 4.382144
141.2910000000001 4.616512
142.29800000000012 4.732352
143.29900000000012 4.441408
144.30000000000013 5.279552
145.30800000000013 4.353856
146.30900000000014 5.41088
147.34800000000013 4.20064
148.34900000000013 5.257664
149.35000000000014 4.605576
150.35200000000015 5.235776
151.35700000000014 4.605568
152.36800000000014 4.896512
153.36900000000014 4.677632
154.37100000000015 4.452352
155.37200000000016 4.404032
156.42700000000016 4.561792
157.42800000000017 4.655744
158.42900000000017 4.42592
159.43100000000018 4.397632
160.4320000000002 5.060672
161.43700000000018 4.39748
162.47700000000017 3.211288
163.47800000000018 3.813056
164.48800000000017 5.224832
165.49800000000016 4.561792
166.49900000000017 5.049728
167.50000000000017 4.824448
168.50100000000018 5.060672
169.50300000000018 4.758784
170.50700000000018 5.487488
171.50800000000018 4.835392
172.51800000000017 4.053824
173.59700000000018 4.736896
174.59800000000018 4.819904
175.62800000000018 5.010496
176.6290000000002 4.841792
177.6310000000002 4.327424
178.77700000000019 4.134976
179.7780000000002 4.59008
180.7790000000002 5.13088
181.78800000000018 4.995008
182.83600000000018 4.736896
183.8370000000002 4.984064
184.8670000000002 4.846336
185.8680000000002 4.666688
186.93700000000018 5.163712
187.9380000000002 5.235776
188.9880000000002 4.605568
189.9890000000002 4.04288
190.9900000000002 5.202944
191.9960000000002 4.6384
192.9970000000002 4.655744
193.99800000000022 5.349752
195.00000000000023 5.388992
196.00700000000023 4.901056
197.05500000000023 5.13088
198.05600000000024 4.688576
199.05700000000024 4.819904
200.08700000000024 3.609664
201.08800000000025 5.22476
202.14600000000024 4.594696
203.18800000000024 4.185152
204.22600000000025 5.656192
205.22700000000026 5.08256
206.28500000000025 4.736896
207.28700000000026 4.896512
208.29600000000025 4.655744
209.29700000000025 4.780672
210.29800000000026 5.159168
211.30600000000027 4.014592
212.30700000000027 5.24672
213.32700000000028 4.233472
214.35600000000028 4.940288
215.36500000000026 4.671232
216.36600000000027 5.126336
217.36700000000027 4.272704
218.36800000000028 4.988608
219.36900000000028 5.049728
220.37200000000027 4.660288
221.37300000000027 5.224832
222.37500000000028 4.463296
223.3760000000003 4.995008
224.38600000000028 4.813504
225.40700000000027 4.984064
226.41500000000028 4.638408
227.41600000000028 4.787072
228.45500000000027 4.594624
229.46600000000026 5.181056
230.56600000000026 4.321024
231.56700000000026 5.564072
232.67500000000027 4.266328
233.71600000000026 3.265856
234.71700000000027 5.312384
235.71900000000028 4.988608
236.73500000000027 4.80896
237.73700000000028 4.922944
238.73800000000028 5.4656
239.7390000000003 4.879168
240.7400000000003 5.08256
241.7410000000003 4.605568
242.7430000000003 4.020992
243.7440000000003 4.776128
244.74600000000032 4.156864
245.74700000000033 5.115392
246.7560000000003 4.660288
247.75700000000032 5.279552
248.7660000000003 4.452352
249.7670000000003 5.038784
250.76900000000032 3.900608
251.77000000000032 4.868224
252.77200000000033 4.951232
254.00500000000034 3.725504
255.00600000000034 3.98176
256.00700000000035 4.732352
257.0080000000003 4.52896
258.0160000000003 4.984064
259.0170000000003 4.922944
260.01800000000026 5.02784
261.0650000000003 4.605568
262.0760000000003 4.250816
263.1340000000003 5.579584
264.1350000000003 4.962176
265.1760000000003 4.879168
266.18600000000026 4.798016
267.2550000000003 5.032376
268.25600000000026 5.071616
269.25700000000023 4.579136
270.25900000000024 4.660288
271.2600000000002 5.268608
272.2610000000002 4.80256
273.2950000000002 5.098048
274.29600000000016 5.421824
275.2980000000002 5.207488
276.29900000000015 5.181056
277.3050000000001 4.288192
278.3060000000001 4.732352
279.3570000000001 4.660288
280.36000000000007 4.611968
281.4550000000001 5.229376
282.4560000000001 4.633856
283.45700000000005 5.038784
284.458 4.507072
285.46500000000003 4.513472
286.50500000000005 4.244416
287.50600000000003 4.228928
288.507 4.885568
289.508 4.025536
290.50899999999996 5.115392
291.51499999999993 4.846336
292.5449999999999 4.283648
293.5839999999999 5.371648
294.58499999999987 5.35616
295.6349999999999 4.485184
296.64499999999987 5.345224
297.64599999999984 4.813504
298.6469999999998 5.049728
299.6479999999998 4.901056
300.6749999999998 5.224832
301.67599999999976 5.108992
302.67699999999974 5.16996
303.6779999999997 2.762584
304.6789999999997 4.550848
305.6819999999997 5.432768
306.68799999999965 4.977664
307.69499999999965 5.202944
308.69599999999963 4.518016
309.6969999999996 5.181056
310.6979999999996 4.321016
311.83799999999957 5.202944
312.84099999999955 5.1856
313.8449999999996 5.060672
314.8469999999996 4.846336
315.85299999999955 5.224832
316.85399999999953 4.189696
317.8569999999995 5.159168
318.8589999999995 4.58368
319.86099999999954 3.813056
320.8639999999995 4.9184
321.87299999999954 4.561792
322.8829999999995 4.338368
323.8929999999995 4.31648
