1.129 1.481152
2.1390000000000002 1.164424
3.149 1.394544
4.15 1.325912
5.2490000000000006 1.268688
6.279000000000001 1.349736
7.280000000000001 1.714832
8.429000000000002 1.24308
9.448000000000002 0.913832
10.458000000000002 0.59848
11.488000000000001 0.578
12.498000000000001 0.70056
13.518 1.0014
14.521 1.249064
15.528 1.533016
16.529 1.53308
17.539 1.677768
18.619 1.643056
19.628 1.429728
20.648 1.188176
21.809 1.555384
22.819000000000003 1.621848
23.828000000000003 1.48684
24.989000000000004 1.107656
26.018000000000004 1.546352
27.039000000000005 1.364576
28.199000000000005 1.239704
29.200000000000006 1.007568
30.308000000000007 1.083256
31.31800000000001 1.002072
32.32800000000001 1.303328
33.34800000000001 1.069152
34.41800000000001 1.633152
35.429000000000016 1.70496
36.430000000000014 1.321232
37.460000000000015 0.921416
38.46100000000001 1.569952
39.64800000000001 1.739376
40.64900000000001 1.635928
41.650000000000006 1.671488
42.65800000000001 1.672992
43.66900000000001 1.85644
44.83800000000001 2.181944
45.848000000000006 1.770904
46.99700000000001 2.105992
48.007000000000005 2.1438
49.008 1.883688
50.017 2.33412
51.187000000000005 2.00008
52.227000000000004 1.957552
53.229000000000006 2.305024
54.23700000000001 2.338272
55.29800000000001 1.801496
56.43900000000001 1.975328
57.599000000000004 2.45228
58.717000000000006 2.113552
59.86800000000001 2.327008
60.87900000000001 2.093384
61.98700000000001 2.37612
62.99700000000001 2.186704
64.147 2.07584
65.248 2.49432
66.287 2.150056
67.367 1.92336
68.397 1.775752
69.408 1.072192
70.428 1.253368
71.627 1.34564
72.676 1.26312
73.686 1.538056
74.83500000000001 1.506
75.83600000000001 1.765392
76.83800000000001 1.977832
77.83900000000001 2.48152
78.96700000000001 2.243856
80.06500000000001 2.049968
81.20700000000001 1.884448
82.20800000000001 2.144232
83.20900000000002 2.153056
84.32600000000002 1.88644
85.33600000000003 2.258688
86.48700000000002 1.86592
87.57600000000002 1.65704
88.64600000000002 1.598584
89.79600000000002 1.945104
90.92600000000002 1.786352
92.09500000000001 1.84332
93.10600000000001 1.934056
94.26500000000001 1.659808
95.26600000000002 1.739456
96.37600000000002 1.452472
97.41500000000002 1.599232
98.45700000000002 1.797968
99.45800000000003 2.266832
100.46400000000003 1.57692
101.46500000000003 0.986112
102.46600000000004 1.058048
103.60500000000003 1.529784
104.71300000000004 1.552256
105.89500000000004 1.888352
106.90500000000004 1.84584
108.00300000000004 1.823456
109.00400000000005 2.365592
110.00500000000005 1.863384
111.13400000000006 2.281496
112.14400000000006 2.090976
113.32300000000006 2.277296
114.49200000000006 1.959808
115.58200000000006 2.450808
116.59200000000007 2.173176
117.59400000000007 1.941024
118.70300000000006 2.077608
119.87200000000006 2.305576
121.02000000000005 1.994728
122.02200000000005 1.963944
123.15200000000004 1.741344
124.15300000000005 2.053616
125.24700000000004 1.5
126.25100000000005 1.838752
127.25300000000004 1.442424
128.25400000000005 1.588208
129.37300000000005 1.625656
130.38100000000006 1.58564
131.46100000000007 1.633216
132.57100000000008 1.729728
133.63000000000008 1.765416
134.67100000000008 1.294352
135.83100000000007 1.612168
136.99100000000007 1.734936
138.19100000000006 1.638696
139.29100000000005 1.594416
140.29200000000006 1.703184
141.47100000000006 1.996344
142.49100000000007 1.764936
143.54100000000008 1.781152
144.55100000000007 1.3874
145.55300000000008 1.289528
146.5900000000001 1.199616
147.5910000000001 1.027736
148.6100000000001 0.953912
149.7700000000001 1.277984
150.7710000000001 1.372144
151.8410000000001 0.768824
152.85000000000008 0.74004
153.85100000000008 0.499288
155.10000000000008 0.570936
156.13100000000009 0.694384
157.1500000000001 0.570312
158.16000000000008 0.776672
159.2100000000001 0.657016
160.2110000000001 0.31844
161.22000000000008 0.696112
162.3000000000001 0.946104
163.3100000000001 0.845544
164.32000000000008 0.285576
165.3700000000001 0.382976
166.60000000000008 0.54376
167.60100000000008 0.815872
168.72000000000008 1.301912
169.73000000000008 1.34208
170.74000000000007 1.061712
171.80000000000007 1.072184
172.80100000000007 1.181304
173.84000000000006 1.001264
174.85000000000005 1.254232
175.87000000000006 1.034264
176.87100000000007 1.167664
177.88000000000005 1.174176
178.90000000000006 0.693512
180.05000000000007 1.004928
181.06000000000006 1.067864
182.26000000000005 0.677392
183.28000000000006 0.778512
184.32000000000005 0.73424
185.34000000000006 0.653936
186.52000000000007 0.750664
187.65000000000006 1.133952
188.65100000000007 0.79788
189.66000000000005 1.098536
190.70000000000005 0.83232
191.76100000000005 0.96472
192.94000000000005 0.987408
194.06000000000006 1.073104
195.07000000000005 1.097896
196.15000000000006 1.08404
197.34000000000006 1.150016
198.34100000000007 1.037544
199.36000000000007 0.881376
200.39000000000007 1.259512
201.41000000000008 0.771872
202.41900000000007 0.872848
203.42000000000007 0.571528
204.43000000000006 0.896408
205.45000000000007 1.13944
206.64000000000007 0.667072
207.65900000000008 0.597776
208.68000000000006 0.595968
209.70000000000007 0.470976
210.73000000000008 0.30088
211.80000000000007 0.588496
212.80900000000005 0.481536
213.81900000000005 0.386616
214.84000000000003 0.470152
215.88000000000002 0.520664
216.99900000000002 0.539008
218.00000000000003 0.573312
219.03000000000003 0.457712
220.03900000000002 0.31192
221.05900000000003 0.286048
222.06900000000002 0.525312
223.109 0.366664
224.28900000000002 0.30016
225.31900000000002 0.372096
226.33900000000003 0.237136
227.35900000000004 0.520472
228.40000000000003 0.740696
229.61000000000004 1.142928
230.61900000000003 1.183408
231.64900000000003 1.117248
232.65000000000003 1.251392
233.65100000000004 1.191544
234.73000000000005 1.06908
235.73900000000003 1.261504
236.74100000000004 1.294984
237.74900000000005 1.377368
238.81900000000005 1.357128
239.82000000000005 1.227384
240.83000000000004 1.039576
241.93000000000004 1.058256
242.93900000000002 1.140672
243.94000000000003 0.9986
244.949 0.947512
246.079 1.028784
247.089 1.04144
248.099 1.229432
249.1 1.147544
250.259 1.13608
251.26 1.068952
252.26899999999998 0.977912
253.26999999999998 1.081944
254.27899999999997 1.115528
255.27999999999997 1.038256
256.289 1.093576
257.479 0.992304
258.639 0.984424
259.774 1.053512
260.929 1.175568
261.93899999999996 1.128528
262.94899999999996 0.770584
263.96899999999994 0.879048
264.98799999999994 0.892888
265.9889999999999 1.02096
266.9989999999999 0.86788
268.0089999999999 0.931536
269.1689999999999 0.851936
270.1789999999999 0.773888
271.3689999999999 1.018776
272.3699999999999 0.955136
273.4159999999999 0.613672
274.41899999999987 0.67656
275.42899999999986 0.85276
276.44899999999984 0.833024
277.4499999999998 0.481088
278.45899999999983 0.418704
279.4689999999998 0.610968
280.5179999999998 0.684184
281.5289999999998 1.037848
282.5989999999998 0.829928
283.6089999999998 0.78968
284.6279999999998 0.810104
285.8079999999998 0.876104
286.81899999999985 1.00708
287.82799999999986 1.107544
288.8389999999999 0.886672
289.83999999999986 0.959384
290.84799999999984 0.883728
291.92899999999986 0.73236
293.13799999999986 0.571528
294.13899999999984 0.653408
295.14799999999985 0.76608
296.14899999999983 0.42336
297.16799999999984 0.5288
298.1779999999998 0.652824
299.18899999999985 0.51024
300.19899999999984 0.839744
301.20799999999986 0.636288
302.34799999999984 0.705464
303.3679999999998 1.12248
304.4889999999998 1.059
305.4979999999998 1.224824
306.5079999999998 0.966056
307.5089999999998 1.170032
308.5979999999998 0.998512
309.59899999999976 1.020712
310.6079999999998 1.056776
311.60899999999975 1.021312
312.60999999999973 0.887016
313.64799999999974 0.663504
314.65799999999973 0.715968
315.6589999999997 0.904808
316.84799999999973 1.300392
317.8579999999997 1.115192
318.9879999999997 1.149512
319.9979999999997 1.257568
320.9989999999997 0.98212
322.0179999999997 1.117744
323.0279999999997 1.1138
324.0389999999997 1.237248
325.0579999999997 1.217112
326.15799999999973 0.702928
327.22899999999976 1.098112
328.2379999999998 1.325976
329.2469999999998 1.140864
330.2569999999998 0.842968
331.28699999999975 0.603392
332.33699999999976 0.722304
333.39699999999976 0.567136
334.4059999999998 0.708264
335.4169999999998 0.726432
336.4269999999998 0.906096
