1.029 0.853632
2.03 0.842688
3.0389999999999997 1.777472
4.039999999999999 1.810304
5.058999999999999 1.280448
6.068999999999999 0.941184
7.148999999999999 0.880064
8.164 1.116288
9.179 0.919296
10.231 1.116288
11.249 1.000448
12.259 1.47744
13.27 1.186496
14.279 1.521216
15.289 1.335168
16.299 0.661184
17.311 1.006848
18.319 1.291392
19.323999999999998 1.164608
20.328999999999997 1.433664
21.339 1.591424
22.349 1.663488
23.35 1.230272
24.359 1.619712
25.369000000000003 1.777472
26.379000000000005 1.707264
27.389000000000006 1.613312
28.408000000000005 1.14912
29.410000000000004 1.017792
30.419000000000004 1.317824
31.429000000000006 1.707264
32.43900000000001 1.47104
33.449000000000005 1.597824
34.459 0.590976
35.479000000000006 0.49248
36.489000000000004 0.639296
37.499 0.886464
38.509 0.853632
39.529 1.164608
40.539 2.057472
41.548 1.700864
42.550000000000004 1.86048
43.55800000000001 1.558592
44.57800000000001 1.236672
45.58800000000001 1.247616
46.598000000000006 0.694016
47.608000000000004 1.630656
48.617000000000004 1.050624
49.618 1.066112
50.619 1.335168
51.627 1.066112
52.628 1.42272
53.658 1.466496
54.667 0.97856
55.676 1.138176
56.696000000000005 1.291392
57.70100000000001 1.6352
58.70600000000001 2.587328
59.76600000000001 2.466944
60.777000000000015 2.331072
61.786000000000016 1.74464
62.79400000000002 1.488384
63.80300000000002 1.503872
64.80400000000002 1.794816
65.81300000000002 1.241216
66.82200000000002 1.783872
67.82300000000002 1.985408
68.82400000000003 1.816704
69.83200000000002 2.248064
70.91300000000003 1.722752
71.92200000000003 1.488384
72.92300000000003 0.98496
73.94200000000004 1.241216
74.95100000000004 1.948032
75.95200000000004 1.919744
76.96000000000004 1.937088
77.96100000000004 1.077056
78.97000000000004 1.619712
79.98000000000005 1.558592
80.98900000000005 2.013696
81.99000000000005 2.280896
83.00000000000006 2.554496
84.00900000000006 2.313728
85.02000000000005 1.958976
86.02900000000005 1.941632
87.11700000000005 2.652984
88.11900000000004 1.871424
89.12700000000004 1.449152
90.13900000000004 0.941184
91.14700000000003 1.42272
92.14800000000004 1.733696
93.23700000000004 2.423168
94.24700000000004 2.440512
95.25700000000005 2.280896
96.26600000000005 2.543552
97.26700000000005 2.598272
98.26800000000006 3.053376
99.27600000000005 2.259008
100.28700000000005 2.488832
101.33500000000005 1.985408
102.33600000000006 2.692224
103.33700000000006 3.233024
104.35600000000007 2.871872
105.36500000000007 1.941632
106.38200000000006 2.368448
107.40100000000007 2.287296
108.40200000000007 3.211136
109.40300000000008 3.813056
110.41100000000007 3.473768
111.48000000000008 3.598744
112.48100000000008 3.955328
113.48200000000008 4.15232
114.48300000000009 4.469704
115.57000000000009 3.806656
116.57200000000009 3.239424
117.57300000000009 3.11264
118.65000000000009 3.48928
119.6510000000001 3.462848
120.7290000000001 3.079808
121.8300000000001 3.287744
122.8400000000001 3.162816
123.8480000000001 2.751488
124.8590000000001 2.587328
125.8600000000001 2.849984
126.8610000000001 2.926592
127.8690000000001 2.87172
129.0180000000001 2.499928
130.0190000000001 2.648448
131.0200000000001 3.156416
132.0210000000001 3.572288
133.0220000000001 3.353408
134.0280000000001 2.051072
135.0380000000001 0.908352
136.0390000000001 0.8144
137.0480000000001 1.378944
138.05800000000008 1.740096
139.0600000000001 1.985408
140.0680000000001 2.313728
141.0690000000001 2.521664
142.0700000000001 2.768832
143.07800000000012 2.56544
144.07900000000012 2.707712
145.08000000000013 2.7296
146.08100000000013 2.248064
147.08900000000014 3.108096
148.09800000000013 2.817152
149.11800000000014 1.96352
150.11900000000014 1.214784
151.12000000000015 1.591424
152.12100000000015 2.718656
153.12800000000016 2.819864
154.12900000000016 2.065704
155.13800000000015 2.23712
156.17800000000014 2.259008
157.17900000000014 2.177856
158.18700000000015 1.492928
159.26800000000014 2.89376
160.27700000000013 3.206592
161.28700000000012 2.466944
162.28800000000012 2.631104
163.29600000000013 2.773376
164.29700000000014 3.123584
165.29800000000014 2.521664
166.30600000000015 2.670336
167.31600000000014 2.335616
168.31700000000015 1.766528
169.32600000000014 2.155968
170.33600000000013 2.01824
171.33700000000013 2.149568
172.33800000000014 3.397184
173.34600000000015 3.243968
174.42600000000016 2.849984
175.42700000000016 2.911104
176.42800000000017 2.565416
177.43600000000018 2.959448
178.43700000000018 3.178304
179.44600000000017 2.871872
180.44700000000017 2.970368
181.44800000000018 3.145472
182.44900000000018 2.817144
183.4560000000002 2.817152
184.46600000000018 2.320128
185.47600000000017 2.12768
186.48600000000016 2.138624
187.48700000000017 2.51712
188.48900000000017 2.981312
189.49500000000018 2.94848
190.49600000000018 2.62016
191.49700000000018 3.725504
192.50600000000017 2.116736
193.51500000000016 1.718208
194.52500000000015 1.492928
195.52600000000015 2.02464
196.53600000000014 1.022336
197.54600000000013 1.69632
198.55500000000012 1.105344
199.55600000000013 1.131776
200.55700000000013 2.499776
201.63500000000013 3.11264
202.63700000000014 1.904256
203.65500000000014 2.12768
204.65600000000015 2.385792
205.67200000000014 1.449152
206.70500000000013 1.96352
207.70600000000013 3.320576
208.74600000000012 3.243968
209.7550000000001 3.38624
210.7660000000001 3.265856
211.84600000000012 3.178312
212.84700000000012 2.834496
213.84800000000013 2.499776
214.84900000000013 2.423168
215.85000000000014 3.999104
216.85500000000013 3.867776
217.85600000000014 3.22208
218.85800000000015 2.642024
219.86500000000015 2.160536
220.87500000000014 2.046528
221.87600000000015 2.215232
222.87700000000015 2.477888
223.88700000000014 3.287744
224.89600000000013 2.521664
226.06500000000014 3.11264
227.14500000000015 3.2768
228.21500000000015 3.2768
229.21600000000015 3.298688
230.22500000000014 2.889216
231.23500000000013 2.926592
232.23600000000013 2.488832
233.24600000000012 2.817152
234.24700000000013 2.696768
235.25500000000014 2.287296
236.26500000000013 2.543552
237.26600000000013 2.981304
238.27500000000012 3.60512
239.27600000000012 3.791168
240.27800000000013 3.320576
241.35500000000013 3.675328
242.39400000000012 3.2768
243.39500000000012 3.298688
244.4040000000001 3.086208
245.4150000000001 2.56544
246.4240000000001 2.1824
247.4250000000001 2.105792
248.43400000000008 2.374848
249.44400000000007 1.941632
250.45400000000006 2.105792
251.45500000000007 2.57184
252.46400000000006 2.412224
253.46500000000006 1.985408
254.47300000000007 2.473344
255.47400000000007 1.492928
256.4840000000001 1.80576
257.48500000000007 1.788416
258.4940000000001 2.116736
259.5040000000001 2.484288
260.50500000000005 2.138472
261.57400000000007 1.701016
262.57500000000005 2.276352
263.57700000000006 1.79936
264.58400000000006 2.265408
265.59400000000005 1.372544
266.60300000000007 1.849536
267.60400000000004 1.41632
268.66400000000004 2.105792
269.684 2.287296
270.69300000000004 2.07296
271.833 2.193344
272.843 2.79072
273.85200000000003 1.952576
274.862 2.105792
275.863 2.801664
276.872 2.40128
277.88300000000004 2.34656
278.90200000000004 2.56544
279.951 2.685824
280.96200000000005 2.757888
281.97100000000006 1.974464
282.97200000000004 1.832192
283.973 2.40768
284.981 1.569536
285.98199999999997 2.557216
286.991 2.153248
287.99199999999996 2.094848
289.27099999999996 2.313728
290.27199999999993 2.648448
291.28099999999995 2.335616
292.28299999999996 2.07296
293.28399999999993 2.714112
294.29099999999994 1.85408
295.2919999999999 1.766528
296.30099999999993 1.42272
297.36099999999993 1.569544
298.36999999999995 1.58688
299.381 1.269504
300.4 1.25216
301.40099999999995 1.761984
302.40999999999997 1.3616
303.421 2.02464
304.43 1.569536
305.44 1.53216
306.46 1.044224
307.47999999999996 1.455552
308.48099999999994 1.843136
309.4819999999999 2.276352
310.4899999999999 2.12768
311.4999999999999 1.674432
312.5099999999999 1.657088
313.5699999999999 1.777472
314.5789999999999 1.926144
315.57999999999987 1.558592
316.5889999999999 1.882368
317.5989999999999 1.85408
318.6129999999999 1.783872
319.61899999999986 1.613312
320.61999999999983 2.29824
321.62899999999985 2.029184
322.6299999999998 1.897856
323.63899999999984 2.342016
324.6399999999998 2.204288
