1.001 2.642048
2.009 2.313728
3.01 2.101248
4.02 1.657088
5.0489999999999995 1.411776
6.068999999999999 0.897408
7.079999999999999 1.088
8.088999999999999 1.389888
9.098999999999998 2.43412
10.118999999999998 1.96352
11.119999999999997 2.090304
12.128999999999998 2.083904
13.129999999999997 2.488832
14.208999999999998 2.926592
15.209999999999997 3.086208
16.218999999999998 2.576384
17.229 2.193344
18.23 2.806208
19.3 2.466944
20.308 2.385792
21.318 1.9088
22.319000000000003 2.412224
23.320000000000004 3.342464
24.398000000000003 3.046976
25.430000000000003 2.998656
26.438000000000002 3.33152
27.468000000000004 3.489256
28.469000000000005 3.81308
29.478000000000005 2.817152
30.488000000000007 2.35296
31.489000000000008 3.353408
32.49900000000001 3.65984
33.50800000000001 3.664376
34.50900000000001 3.648896
35.510000000000005 3.76928
36.528000000000006 4.579136
37.529 2.707712
38.531000000000006 3.200192
39.538000000000004 2.051072
40.539 2.692224
41.547000000000004 1.952576
42.568000000000005 1.624256
43.617000000000004 3.265856
44.657000000000004 3.287744
45.707 3.2768
46.717 3.2768
47.717999999999996 3.528512
48.787 3.025088
49.795 3.22848
50.796 2.051072
51.797 2.029184
52.806 2.221632
53.808 2.937536
54.825 1.875968
55.826 1.6416
56.845 1.405376
57.926 2.259008
58.945 2.035584
59.947 1.350656
60.965 1.58688
61.966 1.543104
62.967 1.602368
63.975 1.74464
64.976 2.429568
65.977 2.040128
66.985 2.576384
67.986 3.44096
68.995 2.751336
69.99600000000001 1.816704
71.135 1.296088
72.15700000000001 1.116288
73.16600000000001 1.181952
74.16700000000002 1.186496
75.17500000000001 1.58688
76.18500000000002 1.466496
77.18600000000002 1.055168
78.19500000000002 1.006848
79.19600000000003 1.171008
80.22500000000002 1.088
81.23500000000003 1.280448
82.23700000000002 1.164608
83.25000000000003 0.886464
84.26500000000003 0.470592
85.26600000000003 0.733248
86.27500000000003 1.460096
87.28500000000004 1.575936
88.34500000000004 1.241216
89.34600000000005 1.346112
90.35500000000005 1.47744
91.35600000000005 1.350656
92.37500000000006 1.75104
93.38500000000006 1.58048
94.39500000000007 1.838592
95.40500000000007 1.558592
96.41500000000008 1.958976
97.41600000000008 1.733696
98.42500000000008 1.674432
99.42600000000009 1.25216
100.43500000000009 1.324224
101.46400000000008 0.891008
102.46600000000008 1.072512
103.47400000000007 1.564992
104.48400000000008 1.722752
105.49400000000009 1.652544
106.49500000000009 0.912896
107.50400000000009 0.853632
108.53300000000009 0.667584
109.53400000000009 0.93024
110.5350000000001 1.438208
111.5440000000001 1.816704
112.5450000000001 1.25216
113.5550000000001 1.335168
114.71300000000011 1.077056
115.89200000000011 0.580032
116.90200000000011 0.569088
117.90300000000012 1.291392
118.91300000000012 1.777472
119.92300000000013 2.090304
120.93300000000013 2.34656
121.94200000000014 1.974464
122.96200000000013 1.181952
123.96300000000014 0.93024
124.99300000000014 1.241216
125.99400000000014 1.346112
127.08200000000014 1.066112
128.08300000000014 2.746944
129.08400000000015 2.379392
130.09100000000015 3.845888
131.09200000000016 2.215232
132.10200000000015 1.58688
133.12100000000015 0.59552
134.15100000000015 0.361152
135.15400000000014 0.284544
136.16100000000014 0.93024
137.26200000000014 1.438208
138.33100000000013 3.265856
139.36200000000014 3.287744
140.36300000000014 2.965824
141.37200000000013 2.160512
142.37300000000013 2.631104
143.40100000000012 2.062016
144.40200000000013 1.69632
145.41100000000012 1.444608
146.4210000000001 1.263104
147.4380000000001 0.995904
148.5410000000001 1.153664
149.5520000000001 1.072512
150.5610000000001 1.466496
151.5810000000001 0.869128
152.6010000000001 0.908352
153.6120000000001 0.689472
154.6210000000001 1.083456
155.63100000000009 0.97856
156.6320000000001 1.25856
157.7810000000001 1.503872
158.79100000000008 1.291392
159.79400000000007 1.816704
160.81100000000006 1.996352
161.82100000000005 1.843136
162.82200000000006 2.221632
163.83100000000005 2.040128
164.83200000000005 1.816704
165.84100000000004 0.770624
166.84200000000004 1.31328
167.85100000000003 1.843136
168.85300000000004 2.528064
169.88100000000003 1.613312
170.89100000000002 1.564992
172.031 0.989504
173.032 1.80576
174.03400000000002 2.029184
175.353 0.404928
176.36100000000002 1.843136
177.36200000000002 1.816704
178.371 1.733696
179.372 2.396736
180.37400000000002 1.96352
181.38100000000003 1.68992
182.39000000000001 1.948032
183.39100000000002 1.9088
184.39900000000003 1.80576
185.41100000000003 1.536704
186.42000000000002 1.652544
187.43800000000002 1.547648
188.44000000000003 1.740096
189.449 1.613312
190.45000000000002 2.101248
191.45100000000002 1.79936
192.45300000000003 1.948032
193.46000000000004 1.788416
194.47000000000003 1.657088
195.48000000000002 2.02464
196.48100000000002 2.07296
197.48900000000003 2.456
198.49000000000004 2.659392
199.49100000000004 2.609216
200.50000000000003 2.707712
201.51100000000002 2.7296
202.51900000000003 2.970368
203.54000000000002 2.860928
204.54100000000003 2.670336
205.54900000000004 2.40128
206.55900000000003 2.488832
207.56000000000003 2.313728
208.56100000000004 2.79072
209.57000000000002 2.718656
210.579 2.631104
211.58 2.817152
212.589 2.685824
213.619 2.543552
214.62 2.834496
215.621 2.521664
216.62900000000002 2.696768
217.639 2.773376
218.64000000000001 2.94848
219.649 2.663936
220.659 2.987712
221.66 2.67488
222.66899999999998 2.587304
223.67 2.204312
224.67899999999997 2.265408
225.69899999999998 1.131776
226.91899999999998 0.569088
227.92899999999997 2.01824
228.92999999999998 2.604672
229.93899999999996 2.576384
230.94899999999996 2.051072
231.95899999999995 2.057472
232.96899999999994 1.175552
233.97899999999993 2.123136
234.97999999999993 1.85408
235.98899999999992 1.930688
236.98999999999992 2.418624
237.99799999999993 2.477888
239.00899999999993 2.62016
240.00999999999993 2.40128
241.01099999999994 2.889216
242.01899999999995 2.412224
243.02899999999994 2.280896
244.02999999999994 2.434112
245.03099999999995 2.604672
246.03899999999996 2.379392
247.03999999999996 2.423168
248.04899999999995 2.269952
249.05899999999994 1.729152
250.06799999999993 1.711808
251.0889999999999 1.86048
252.0989999999999 1.52576
253.1079999999999 1.619712
254.1189999999999 1.328768
255.12799999999987 2.155968
256.1389999999999 1.755584
257.1399999999999 2.02464
258.1489999999999 1.777472
259.1889999999999 1.96352
260.1899999999999 2.123136
261.1989999999999 2.007296
262.2089999999999 2.090304
263.2189999999999 1.930688
264.22899999999987 2.193344
265.24899999999985 2.02464
266.25899999999984 1.897856
267.2789999999998 2.138624
268.2889999999998 2.276352
269.2899999999998 1.722752
270.2989999999998 2.07936
271.3079999999998 1.788416
272.3899999999998 1.930688
273.3979999999998 2.155968
274.3989999999998 1.996352
275.4489999999998 2.412224
276.4579999999998 2.528064
277.4589999999998 2.12768
278.4679999999998 2.795264
279.46899999999977 2.390336
280.47699999999975 2.768832
281.4779999999997 2.477888
282.4789999999997 2.499784
283.4879999999997 2.7296
284.49699999999973 2.642048
285.58999999999975 1.740096
286.63799999999975 1.700864
287.64599999999973 1.948032
288.65699999999975 1.79936
289.65799999999973 2.046528
290.66899999999976 2.1824
291.67199999999974 2.34656
292.7259999999997 2.598272
293.7269999999997 1.816704
294.72799999999967 2.466944
295.73799999999966 2.62016
296.73899999999963 2.309184
297.74599999999964 1.941632
298.7469999999996 1.96352
299.75599999999963 2.451456
300.7659999999996 2.488832
301.7669999999996 2.499776
302.7769999999996 2.587328
303.77799999999957 2.812608
304.77899999999954 2.335616
305.78599999999955 2.083904
306.7869999999995 2.13408
307.79599999999954 2.543552
308.80599999999953 2.423168
309.8069999999995 2.434112
310.86599999999953 2.685824
311.8669999999995 2.714112
312.8679999999995 2.31372
313.8769999999995 2.149568
315.0049999999995 2.642048
316.00599999999946 2.812608
317.0169999999995 2.379392
318.0359999999995 2.412224
319.03699999999947 2.40128
320.0459999999995 2.768832
321.04699999999946 2.499776
322.04799999999943 1.996352
323.05699999999945 2.466944
324.0579999999994 2.725056
325.06699999999944 2.631104
