1.001 0.777024
2.01 0.897408
3.029 0.891008
4.029999999999999 1.269504
5.039999999999999 1.225728
6.0489999999999995 1.011392
7.058999999999999 0.76608
8.088999999999999 0.963072
9.101999999999999 1.0944
10.118999999999998 1.569536
11.119999999999997 3.145472
12.129999999999997 2.631104
13.138999999999998 2.521664
14.139999999999997 2.51712
15.152999999999997 2.23712
16.158999999999995 1.772928
17.159999999999997 2.029184
18.160999999999998 2.970368
19.168999999999997 3.025088
20.179 1.291392
21.188 1.03328
22.198 2.057472
23.209 1.68992
24.248 2.313728
25.258000000000003 2.07936
26.278000000000002 1.274048
27.288000000000004 1.685376
28.299000000000003 1.52576
29.318 1.827648
30.319000000000003 1.711808
31.338 1.554048
32.348 1.302336
33.35 0.86912
34.358000000000004 1.302336
35.458000000000006 1.25216
36.468 1.291392
37.489000000000004 1.280448
38.499 0.825344
39.508 0.995904
40.518 1.072512
41.519 1.6352
42.538 1.783872
43.547999999999995 1.481984
44.54899999999999 1.521216
45.55799999999999 1.192896
46.56799999999999 1.000448
47.57799999999999 1.14912
48.57999999999999 1.547648
49.60799999999999 1.6416
50.60899999999999 1.591424
51.61799999999999 1.740096
52.618999999999986 2.707712
53.627999999999986 3.430016
54.628999999999984 3.287744
55.62999999999998 3.44096
56.63099999999998 3.211136
57.63799999999998 3.2768
58.638999999999974 2.532608
59.647999999999975 2.002752
60.64899999999997 2.259008
61.64999999999997 3.101696
62.65099999999997 1.788416
63.66799999999997 2.915648
64.66899999999997 2.95488
65.67799999999997 2.543552
66.68799999999997 2.379392
67.68899999999998 3.200192
68.68999999999998 3.594176
69.69099999999999 2.62016
70.698 3.364352
71.699 3.254912
72.708 2.609216
73.709 2.374848
74.718 3.298688
75.71900000000001 3.11264
76.73800000000001 2.806208
77.74800000000002 2.663936
78.74900000000002 2.521656
79.75000000000003 2.56816
80.75800000000002 2.45968
81.75900000000003 2.412224
82.76000000000003 1.930688
83.76800000000003 2.4624
84.76900000000003 2.488832
85.77000000000004 2.029184
86.82800000000005 2.62016
87.83900000000004 3.075264
88.84000000000005 2.423168
89.84800000000004 1.996352
90.93700000000004 2.324672
91.93800000000005 2.867328
92.93900000000005 2.335616
93.94800000000005 2.29184
94.95700000000005 2.499776
95.95800000000006 2.506176
96.95900000000006 1.96352
97.96000000000006 2.543552
98.96800000000006 2.539008
99.96900000000007 2.23712
100.97800000000007 2.1824
101.98800000000007 2.368448
102.98900000000008 2.998656
103.99900000000008 2.357504
105.00000000000009 1.996352
106.00800000000008 2.331072
107.01800000000009 2.51072
108.01900000000009 2.193344
109.0200000000001 2.456
110.02800000000009 2.94848
111.0290000000001 2.823552
112.0380000000001 2.445056
113.0390000000001 2.959424
114.0400000000001 3.648896
115.04700000000011 3.955328
116.0580000000001 2.83904
117.0670000000001 2.94848
118.06800000000011 2.67488
119.06900000000012 3.254912
120.07700000000011 3.079808
121.07800000000012 2.554496
122.08800000000012 2.926592
123.09700000000012 2.746944
124.09800000000013 2.598272
125.11100000000013 2.171456
126.11600000000013 2.685824
127.13600000000012 2.587328
128.1370000000001 2.320128
129.15000000000012 2.62016
130.15600000000012 2.1824
131.15700000000012 2.615616
132.16700000000012 2.280896
133.1770000000001 2.685832
134.1860000000001 2.171456
135.1870000000001 2.757888
136.1970000000001 2.335616
137.1980000000001 2.259008
138.1990000000001 2.67488
139.2060000000001 2.609216
140.2170000000001 2.834496
141.2180000000001 2.87172
142.2470000000001 1.679128
143.2480000000001 3.670784
144.2490000000001 3.408128
145.2560000000001 3.900608
146.25700000000012 3.583232
147.2670000000001 3.320576
148.26800000000011 3.16736
149.26900000000012 2.849984
150.27600000000012 2.959424
151.27700000000013 3.517568
152.27800000000013 4.414976
153.27900000000014 3.70816
154.28600000000014 3.594176
155.32600000000014 2.926584
156.33600000000013 3.2768
157.33700000000013 3.627008
158.33800000000014 4.086656
159.33900000000014 4.305536
160.34000000000015 4.349312
161.34100000000015 4.156864
162.34600000000015 4.294592
163.34700000000015 3.101696
164.34800000000016 3.955328
165.44600000000017 4.167808
166.45600000000016 4.228928
167.45700000000016 4.469696
168.54600000000016 4.408576
169.54700000000017 4.338368
170.73600000000016 2.215232
171.74600000000015 2.451456
172.74700000000016 2.83904
173.75600000000014 2.543552
174.75700000000015 3.616072
175.76600000000013 2.226176
176.76700000000014 2.1888
177.77600000000012 1.777472
178.77700000000013 2.445056
179.78600000000012 3.539456
180.78700000000012 4.239872
181.78800000000012 4.119488
182.83700000000013 4.058368
183.83800000000014 4.185152
184.83900000000014 3.670784
185.84000000000015 4.163264
186.84100000000015 4.196096
187.84600000000015 3.8176
188.84800000000016 4.228928
189.85600000000017 4.677632
190.85700000000017 4.025536
191.85800000000017 4.53536
192.85900000000018 3.813056
193.86000000000018 3.999104
195.46600000000018 3.839488
196.46700000000018 4.42592
197.47600000000017 3.473792
198.48600000000016 2.904704
199.49600000000015 2.313728
200.49700000000016 4.677632
201.50700000000015 4.568192
202.55600000000015 3.861376
203.55700000000016 4.26176
204.55800000000016 3.506624
205.56700000000015 3.637952
206.56800000000015 3.76928
207.57500000000016 2.915648
208.57600000000016 2.379392
209.58500000000015 2.51072
210.58600000000015 2.943936
211.58700000000016 3.44096
212.68700000000015 3.401728
213.74600000000015 3.265848
215.09500000000014 3.2768
216.09600000000015 2.309184
217.09800000000016 2.280896
218.10500000000016 2.56544
219.15600000000015 2.685824
220.16500000000013 2.856384
221.16600000000014 2.499776
222.16700000000014 4.031936
223.16800000000015 3.850432
224.17700000000013 4.951232
225.24500000000015 4.736896
226.24600000000015 4.611968
227.24700000000016 4.557248
228.28600000000014 3.959872
229.29700000000014 4.798016
230.37600000000015 5.02144
231.37700000000015 4.557248
232.37800000000016 4.217984
233.43600000000015 4.331944
234.43700000000015 4.841664
235.43800000000016 2.281048
236.44500000000016 2.981312
237.44600000000017 3.736448
238.44700000000017 3.517568
239.44800000000018 3.594176
240.4500000000002 3.046976
241.46600000000018 3.375296
242.47500000000016 2.576384
243.47600000000017 3.0032
244.48500000000016 3.233024
245.56600000000014 3.134528
246.57200000000014 4.26176
247.57300000000015 2.773376
248.67200000000014 2.78432
249.79300000000015 3.287744
250.83100000000016 3.265856
251.91100000000017 3.2768
252.91200000000018 2.922048
253.92100000000016 1.843136
254.92200000000017 2.718656
255.92300000000017 2.521664
257.0310000000002 3.101696
258.03200000000015 3.239424
259.03300000000013 2.926592
260.0410000000001 2.817152
261.0430000000001 2.762432
262.0510000000001 2.663936
263.0530000000001 2.718656
264.0610000000001 2.642048
265.06200000000007 3.053376
266.14200000000005 3.401728
267.14300000000003 3.977216
268.144 3.38624
269.152 3.375296
270.15299999999996 3.802112
271.15399999999994 3.090752
272.16099999999994 3.298688
273.1619999999999 2.7296
274.1629999999999 2.78432
275.1639999999999 2.867328
276.1709999999999 2.817152
277.17199999999985 2.926592
278.17299999999983 2.904712
279.1739999999998 3.462848
280.1809999999998 3.845888
281.1829999999998 3.298688
282.1909999999998 3.156416
283.1919999999998 3.189248
284.19299999999976 3.11264
285.19399999999973 3.999104
286.20099999999974 2.959424
287.31099999999975 3.828544
288.32099999999974 3.703616
289.3219999999997 3.616064
290.37199999999973 2.806208
291.3729999999997 2.889216
292.3829999999997 2.083904
293.3839999999997 2.040128
294.39199999999965 2.210688
295.39299999999963 1.865024
296.40199999999965 2.280896
297.4029999999996 2.834496
298.41199999999964 2.116736
299.4129999999996 2.718656
300.4139999999996 2.554496
301.4419999999996 2.62016
302.4429999999996 2.95488
303.44399999999956 2.554496
304.45199999999954 2.554488
305.47299999999956 2.412224
306.49199999999956 2.631104
307.50199999999955 2.812608
308.50399999999956 2.598272
309.51199999999955 2.040128
310.52199999999954 2.379392
311.5229999999995 2.714112
312.5319999999995 2.488832
313.5419999999995 2.62016
314.5519999999995 2.248064
315.5619999999995 2.145024
316.5629999999995 1.996352
317.5719999999995 2.215232
318.57299999999947 2.670336
319.57399999999944 2.576384
320.5819999999994 2.335616
321.5919999999994 2.313728
322.5929999999994 2.593728
323.6019999999994 2.23712
324.6119999999994 2.204288
