1.01 4.539904
2.011 5.4656
3.012 4.769728
4.013 5.049728
5.029999999999999 4.561792
6.039999999999999 5.08256
7.049999999999999 4.912
8.050999999999998 4.787072
9.089999999999998 4.704064
10.090999999999998 5.290496
11.098999999999997 4.491584
12.099999999999996 4.550848
13.101999999999997 5.192
14.108999999999996 4.69312
15.109999999999996 4.984064
16.110999999999997 4.299136
17.119999999999997 5.224832
18.121 4.441408
19.122 4.31648
20.123 4.20704
21.158 4.003648
22.169 5.323328
23.17 4.660288
24.179000000000002 4.557248
25.189000000000004 4.6448
26.190000000000005 3.773824
27.191000000000006 5.498432
28.199000000000005 4.857272
29.200000000000006 5.476544
30.201000000000008 4.616512
31.203000000000007 5.421824
32.205000000000005 4.824448
33.249 5.327872
34.259 5.235776
35.26 4.627456
36.260999999999996 4.940288
37.30799999999999 4.85728
38.30899999999999 5.585984
39.30999999999999 5.065216
40.310999999999986 5.202944
41.31899999999999 4.649344
42.319999999999986 5.08256
43.320999999999984 4.266304
44.32199999999998 4.360256
45.39899999999998 5.119936
46.40999999999998 5.181056
47.41899999999998 4.769728
48.42899999999998 4.765184
49.47899999999998 4.944832
50.479999999999976 5.115392
51.48799999999998 4.955776
52.488999999999976 5.312384
53.49099999999998 4.594624
54.491999999999976 4.272704
55.492999999999974 4.633856
56.49399999999997 3.791176
57.49799999999997 4.835392
58.50799999999997 4.185128
59.52799999999997 4.419544
60.52899999999997 4.97312
61.529999999999966 4.524416
62.53199999999997 4.539904
63.64799999999997 5.371496
64.65799999999997 3.320728
65.65999999999997 3.71456
66.66899999999997 5.279528
67.66999999999997 4.835416
68.67199999999997 4.327424
69.67399999999996 4.655744
70.67599999999996 4.539904
71.67699999999996 5.115384
72.68899999999996 4.211584
73.68999999999997 5.016896
74.75899999999997 4.14592
75.75999999999998 4.9184
76.82799999999997 4.901056
77.82899999999998 5.148224
78.84699999999998 4.682176
79.87799999999999 5.071616
80.90899999999999 4.3712
81.91 4.52896
82.911 4.841792
83.912 4.441408
84.915 4.97312
85.91600000000001 4.305536
86.92900000000002 4.879168
88.00900000000001 5.196544
89.01000000000002 5.016896
90.01100000000002 4.677632
91.01200000000003 4.682176
92.02700000000003 5.192
93.02800000000003 3.828544
94.21300000000004 4.830848
95.22800000000004 5.393536
96.22900000000004 4.776128
97.24700000000004 4.189696
98.24800000000005 3.889664
99.24900000000005 5.148224
100.26700000000005 4.080256
101.26800000000006 5.082568
102.32600000000006 4.74784
103.32700000000007 2.210688
104.36600000000007 4.331968
105.37700000000007 4.885568
106.43800000000007 4.955776
107.43900000000008 5.388992
108.44000000000008 4.955776
109.44700000000009 5.159168
110.46700000000008 4.736896
111.46800000000009 5.202944
112.4690000000001 4.912
113.4730000000001 4.97312
114.4750000000001 4.627456
115.4850000000001 5.191928
116.4860000000001 4.813576
117.48700000000011 5.312384
118.4950000000001 4.430464
119.49600000000011 5.093504
120.50600000000011 4.616512
121.50700000000012 5.279552
122.51600000000012 4.649344
123.53600000000012 5.388992
124.54600000000012 5.02144
125.54800000000012 4.798016
126.54900000000012 4.605568
127.55000000000013 5.071616
128.55200000000013 4.52896
129.55300000000014 5.170112
130.55500000000015 3.3534
131.55600000000015 4.03648
132.56700000000015 4.940288
133.65600000000015 4.813504
134.65700000000015 5.005952
136.02400000000014 4.813504
137.02600000000015 3.484736
138.02700000000016 5.005952
139.03600000000014 4.6384
140.05600000000015 3.813056
141.05700000000016 5.08256
142.05800000000016 4.342912
143.06500000000017 4.874624
144.06600000000017 4.787072
145.06700000000018 4.03648
146.0750000000002 4.086656
147.0760000000002 4.393088
148.12700000000018 4.47424
149.12800000000018 5.334272
150.1360000000002 4.518016
151.14500000000018 3.692672
152.14600000000019 5.290496
153.1480000000002 4.868224
154.1740000000002 5.196544
155.1750000000002 5.268608
156.17600000000022 4.85728
157.17700000000022 5.126336
158.18400000000022 4.561792
159.18600000000023 5.509376
160.18700000000024 3.703616
161.18900000000025 4.364808
162.20500000000024 5.7392
163.20600000000024 5.108992
164.21500000000023 5.163712
165.21600000000024 5.761088
166.22500000000022 4.890112
167.22600000000023 5.4656
168.22700000000023 4.572736
169.29500000000024 5.284096
170.29600000000025 5.564072
171.30500000000023 4.933912
172.30600000000024 5.312384
173.31500000000023 4.791616
174.3240000000002 5.531256
175.32500000000022 5.152768
176.32600000000022 5.152768
177.3350000000002 5.4656
178.3450000000002 4.715008
179.3460000000002 5.257664
180.3540000000002 3.462848
181.35500000000022 3.839488
182.3640000000002 4.404032
183.3650000000002 3.966272
184.3660000000002 4.119488
185.37400000000022 3.92704
186.37500000000023 4.163264
187.37600000000023 4.185152
188.39400000000023 3.539456
189.40500000000023 4.141376
190.40600000000023 4.244416
191.40700000000024 4.119488
192.43500000000023 4.393088
193.45500000000024 4.85728
194.45600000000024 5.213888
195.45800000000025 4.550848
196.46000000000026 5.290496
197.48500000000027 4.408576
198.48600000000027 5.159168
199.48700000000028 4.715008
200.48800000000028 4.830848
201.51500000000027 4.047424
202.53500000000028 5.202944
203.5550000000003 4.627456
204.5560000000003 5.443712
205.5570000000003 4.485184
206.6990000000003 4.84164
207.7000000000003 2.773528
208.7150000000003 5.13728
209.7160000000003 3.59872
210.7180000000003 5.268608
211.80400000000031 4.485184
212.80500000000032 5.13728
213.80600000000032 4.780672
214.81400000000033 5.367104
215.82600000000033 4.375744
216.82800000000034 5.13728
217.87600000000035 4.704064
218.89500000000035 5.4656
219.89600000000036 4.39764
220.89800000000037 5.13728
221.90400000000037 4.671232
222.90500000000037 5.268608
223.93300000000036 4.539904
224.93400000000037 5.016896
225.97300000000035 4.813504
226.97500000000036 5.30144
227.98700000000036 4.824448
228.99400000000037 5.476544
229.99500000000037 4.704064
230.99700000000038 4.601024
232.0040000000004 4.58368
233.0050000000004 5.24672
234.0130000000004 4.58368
235.0140000000004 4.787072
236.0540000000004 5.054272
237.0550000000004 5.159168
238.0560000000004 4.912
239.06400000000042 5.30144
240.06600000000043 5.119936
241.06700000000043 5.104448
242.06800000000044 4.277248
243.07300000000043 4.776128
244.19300000000044 4.660288
245.19400000000044 5.290496
246.19500000000045 4.141376
247.19600000000045 4.791616
248.19700000000046 4.962168
249.22200000000046 3.751936
250.23300000000046 4.502528
251.23400000000046 4.42592
252.23600000000047 5.032384
253.24000000000046 4.86368
254.24200000000047 4.649344
255.24300000000048 4.929344
256.32200000000046 4.3648
257.32300000000043 5.005952
258.3330000000004 4.130432
259.3530000000004 3.970816
260.3540000000004 5.509376
261.35500000000036 4.74784
262.36300000000034 5.202944
263.37200000000036 4.200648
264.37300000000033 5.421824
265.3740000000003 5.065216
266.3750000000003 4.819904
267.37600000000026 5.065216
268.38200000000023 4.3712
269.46300000000025 4.758784
270.4640000000002 4.787072
271.4720000000002 4.163264
272.4730000000002 4.572736
273.47400000000016 5.08256
274.47500000000014 5.13088
275.4760000000001 5.399936
276.4820000000001 3.572288
277.6620000000001 3.32512
278.7330000000001 3.2768
279.7340000000001 5.454656
280.7420000000001 4.375744
281.74300000000005 4.622912
282.773 4.48064
283.783 3.900608
284.784 4.518016
285.78499999999997 5.257664
286.792 4.627456
287.79299999999995 4.6448
288.7939999999999 4.0912
289.7949999999999 4.502528
290.8819999999999 5.229376
291.88299999999987 4.819904
292.89099999999985 4.568192
293.9019999999999 3.156408
294.99199999999985 3.839488
295.9929999999998 3.889664
297.00199999999984 4.130432
298.0029999999998 3.87872
299.0039999999998 3.966272
300.0059999999998 4.85728
301.0079999999998 5.367104
302.0129999999998 4.769728
303.0139999999998 4.436864
304.0229999999998 3.802112
305.0239999999998 3.76288
306.0259999999998 3.99908
307.0639999999998 3.26588
308.06499999999977 4.743296
309.07099999999974 3.38624
310.0719999999997 3.5504
311.0909999999997 3.69268
312.0919999999997 3.456448
313.0929999999997 4.633856
314.1019999999997 4.80896
315.10299999999967 3.87232
316.10399999999964 3.966272
317.1119999999996 3.342464
318.1129999999996 4.020992
319.1139999999996 4.185152
320.12199999999956 3.795712
321.12299999999954 5.443712
322.1239999999995 4.988608
323.1249999999995 5.399936
324.1839999999995 3.883264
