1.01 1.47744
2.021 1.186496
3.03 1.521216
4.04 1.335168
5.05 0.661184
6.061999999999999 1.006848
7.069999999999999 1.291392
8.075 1.164608
9.079999999999998 1.433664
10.089999999999998 1.591424
11.099999999999998 1.663488
12.100999999999997 1.230272
13.109999999999998 1.619712
14.119999999999997 1.777472
15.129999999999997 1.707264
16.139999999999997 1.613312
17.158999999999995 1.14912
18.160999999999994 1.017792
19.169999999999995 1.317824
20.179999999999996 1.707264
21.189999999999998 1.47104
22.2 1.597824
23.21 0.590976
24.23 0.49248
25.240000000000002 0.639296
26.250000000000004 0.886464
27.260000000000005 0.853632
28.280000000000005 1.164608
29.290000000000006 2.057472
30.299000000000007 1.700864
31.301000000000005 1.86048
32.309000000000005 1.558592
33.32900000000001 1.236672
34.339000000000006 1.247616
35.349000000000004 0.694016
36.359 1.630656
37.368 1.050624
38.369 1.066112
39.37 1.335168
40.378 1.066112
41.379 1.42272
42.409 1.466496
43.418 0.97856
44.427 1.138176
45.447 1.291392
46.452000000000005 1.6352
47.45700000000001 2.587328
48.51700000000001 2.466944
49.52800000000001 2.331072
50.53700000000001 1.74464
51.545000000000016 1.488384
52.554000000000016 1.503872
53.555000000000014 1.794816
54.564000000000014 1.241216
55.573000000000015 1.783872
56.57400000000001 1.985408
57.57500000000001 1.816704
58.58300000000001 2.248064
59.664000000000016 1.722752
60.673000000000016 1.488384
61.674000000000014 0.98496
62.69300000000001 1.241216
63.70200000000001 1.948032
64.70300000000002 1.919744
65.71100000000001 1.937088
66.71200000000002 1.077056
67.72100000000002 1.619712
68.73100000000002 1.558592
69.74000000000002 2.013696
70.74100000000003 2.280896
71.75100000000003 2.554496
72.76000000000003 2.313728
73.77100000000003 1.958976
74.78000000000003 1.941632
75.86800000000002 2.652984
76.87000000000002 1.871424
77.87800000000001 1.449152
78.89000000000001 0.941184
79.89800000000001 1.42272
80.89900000000002 1.733696
81.98800000000001 2.423168
82.99800000000002 2.440512
84.00800000000002 2.280896
85.01700000000002 2.543552
86.01800000000003 2.598272
87.01900000000003 3.053376
88.02700000000003 2.259008
89.03800000000003 2.488832
90.08600000000003 1.985408
91.08700000000003 2.692224
92.08800000000004 3.233024
93.10700000000004 2.871872
94.11600000000004 1.941632
95.13300000000004 2.368448
96.15200000000004 2.287296
97.15300000000005 3.211136
98.15400000000005 3.813056
99.16200000000005 3.473768
100.23100000000005 3.598744
101.23200000000006 3.955328
102.23300000000006 4.15232
103.23400000000007 4.469704
104.32100000000007 3.806656
105.32300000000006 3.239424
106.32400000000007 3.11264
107.40100000000007 3.48928
108.40200000000007 3.462848
109.48000000000008 3.079808
110.58100000000007 3.287744
111.59100000000008 3.162816
112.59900000000007 2.751488
113.61000000000007 2.587328
114.61100000000008 2.849984
115.61200000000008 2.926592
116.62000000000008 2.87172
117.76900000000008 2.499928
118.77000000000008 2.648448
119.77100000000009 3.156416
120.77200000000009 3.572288
121.7730000000001 3.353408
122.7790000000001 2.051072
123.7890000000001 0.908352
124.7900000000001 0.8144
125.7990000000001 1.378944
126.80900000000011 1.740096
127.8110000000001 1.985408
128.8190000000001 2.313728
129.8200000000001 2.521664
130.8210000000001 2.768832
131.82900000000012 2.56544
132.83000000000013 2.707712
133.83100000000013 2.7296
134.83200000000014 2.248064
135.84000000000015 3.108096
136.84900000000013 2.817152
137.86900000000014 1.96352
138.87000000000015 1.214784
139.87100000000015 1.591424
140.87200000000016 2.718656
141.87900000000016 2.819864
142.88000000000017 2.065704
143.88900000000015 2.23712
144.92900000000014 2.259008
145.93000000000015 2.177856
146.93800000000016 1.492928
148.01900000000015 2.89376
149.02800000000013 3.206592
150.03800000000012 2.466944
151.03900000000013 2.631104
152.04700000000014 2.773376
153.04800000000014 3.123584
154.04900000000015 2.521664
155.05700000000016 2.670336
156.06700000000015 2.335616
157.06800000000015 1.766528
158.07700000000014 2.155968
159.08700000000013 2.01824
160.08800000000014 2.149568
161.08900000000014 3.397184
162.09700000000015 3.243968
163.17700000000016 2.849984
164.17800000000017 2.911104
165.17900000000017 2.565416
166.18700000000018 2.959448
167.1880000000002 3.178304
168.19700000000017 2.871872
169.19800000000018 2.970368
170.19900000000018 3.145472
171.2000000000002 2.817144
172.2070000000002 2.817152
173.21700000000018 2.320128
174.22700000000017 2.12768
175.23700000000017 2.138624
176.23800000000017 2.51712
177.24000000000018 2.981312
178.24600000000018 2.94848
179.24700000000018 2.62016
180.2480000000002 3.725504
181.25700000000018 2.116736
182.26600000000016 1.718208
183.27600000000015 1.492928
184.27700000000016 2.02464
185.28700000000015 1.022336
186.29700000000014 1.69632
187.30600000000013 1.105344
188.30700000000013 1.131776
189.30800000000013 2.499776
190.38600000000014 3.11264
191.38800000000015 1.904256
192.40600000000015 2.12768
193.40700000000015 2.385792
194.42300000000014 1.449152
195.45600000000013 1.96352
196.45700000000014 3.320576
197.49700000000013 3.243968
198.5060000000001 3.38624
199.5170000000001 3.265856
200.59700000000012 3.178312
201.59800000000013 2.834496
202.59900000000013 2.499776
203.60000000000014 2.423168
204.60100000000014 3.999104
205.60600000000014 3.867776
206.60700000000014 3.22208
207.60900000000015 2.642024
208.61600000000016 2.160536
209.62600000000015 2.046528
210.62700000000015 2.215232
211.62800000000016 2.477888
212.63800000000015 3.287744
213.64700000000013 2.521664
214.81600000000014 3.11264
215.89600000000016 3.2768
216.96600000000015 3.2768
217.96700000000016 3.298688
218.97600000000014 2.889216
219.98600000000013 2.926592
220.98700000000014 2.488832
221.99700000000013 2.817152
222.99800000000013 2.696768
224.00600000000014 2.287296
225.01600000000013 2.543552
226.01700000000014 2.981304
227.02600000000012 3.60512
228.02700000000013 3.791168
229.02900000000014 3.320576
230.10600000000014 3.675328
231.14500000000012 3.2768
232.14600000000013 3.298688
233.15500000000011 3.086208
234.1660000000001 2.56544
235.1750000000001 2.1824
236.1760000000001 2.105792
237.1850000000001 2.374848
238.19500000000008 1.941632
239.20500000000007 2.105792
240.20600000000007 2.57184
241.21500000000006 2.412224
242.21600000000007 1.985408
243.22400000000007 2.473344
244.22500000000008 1.492928
245.23500000000007 1.80576
246.23600000000008 1.788416
247.24500000000006 2.116736
248.25500000000005 2.484288
249.25600000000006 2.138472
250.32500000000005 1.701016
251.32600000000005 2.276352
252.32800000000006 1.79936
253.33500000000006 2.265408
254.34500000000006 1.372544
255.35400000000004 1.849536
256.355 1.41632
257.415 2.105792
258.435 2.287296
259.444 2.07296
260.584 2.193344
261.594 2.79072
262.603 1.952576
263.613 2.105792
264.614 2.801664
265.623 2.40128
266.634 2.34656
267.653 2.56544
268.702 2.685824
269.713 2.757888
270.72200000000004 1.974464
271.723 1.832192
272.724 2.40768
273.73199999999997 1.569536
274.73299999999995 2.557216
275.74199999999996 2.153248
276.74299999999994 2.094848
278.02199999999993 2.313728
279.0229999999999 2.648448
280.0319999999999 2.335616
281.03399999999993 2.07296
282.0349999999999 2.714112
283.0419999999999 1.85408
284.0429999999999 1.766528
285.0519999999999 1.42272
286.1119999999999 1.569544
287.1209999999999 1.58688
288.13199999999995 1.269504
289.15099999999995 1.25216
290.15199999999993 1.761984
291.16099999999994 1.3616
292.17199999999997 2.02464
293.181 1.569536
294.191 1.53216
295.21099999999996 1.044224
296.23099999999994 1.455552
297.2319999999999 1.843136
298.2329999999999 2.276352
299.2409999999999 2.12768
300.25099999999986 1.674432
301.26099999999985 1.657088
302.32099999999986 1.777472
303.32999999999987 1.926144
304.33099999999985 1.558592
305.33999999999986 1.882368
306.34999999999985 1.85408
307.36399999999986 1.783872
308.36999999999983 1.613312
309.3709999999998 2.29824
310.3799999999998 2.029184
311.3809999999998 1.897856
312.3899999999998 2.342016
313.3909999999998 2.204288
314.3929999999998 2.29184
315.4099999999998 2.440512
316.4309999999998 1.68992
317.4389999999998 1.821248
318.43999999999977 1.849536
319.44099999999975 1.74464
320.4419999999997 2.725056
321.4499999999997 2.248064
322.4589999999997 1.974464
323.4599999999997 2.51072
324.4689999999997 2.199744
