1.008 1.646144
2.019 1.58688
3.029 1.668032
4.069 1.0944
5.077999999999999 1.466496
6.078999999999999 1.066112
7.088999999999999 1.116288
8.097999999999999 1.061568
9.107999999999999 1.25216
10.11 1.050624
11.128 1.181952
12.138 0.836288
13.169 0.897408
14.178 1.247616
15.179 1.295936
16.188 1.389888
17.198 1.20384
18.238 0.726848
19.248 0.569088
20.308 0.558144
21.328 0.2736
22.339 0.689472
23.348 0.792512
24.349 1.028736
25.358 1.411776
26.359 1.394432
27.548000000000002 1.69632
28.549000000000003 1.591424
29.558000000000003 1.794816
30.569000000000003 1.569536
31.578000000000003 1.980864
32.579 1.832192
33.628 1.79936
34.635 1.488384
35.638 1.554048
36.647999999999996 0.891008
37.650999999999996 0.8208
38.678 0.634752
39.698 1.241216
40.723 1.192896
41.728 1.105344
42.958 0.448704
43.978 0.584576
44.992000000000004 1.03968
46.008 1.455552
47.018 1.372544
48.028 1.740096
49.038 1.3616
50.047999999999995 1.96992
51.04899999999999 1.843136
52.05799999999999 1.400832
53.077999999999996 1.120832
54.07899999999999 2.02464
55.087999999999994 1.077056
56.13699999999999 0.755136
57.157 0.60192
58.157999999999994 1.302336
59.16 1.875968
60.178 1.875968
61.178999999999995 0.974016
63.397999999999996 0.700416
64.408 1.985408
65.409 2.736
66.41000000000001 2.226176
67.41100000000002 2.149568
68.41800000000002 2.904704
69.42800000000003 2.860928
70.42900000000003 2.911104
71.43000000000004 2.871872
72.43100000000004 2.663936
73.43800000000005 2.937536
74.43900000000005 2.434112
75.44700000000005 2.068416
76.45700000000005 1.153664
77.45800000000006 1.433664
78.46700000000006 1.153672
79.46800000000006 1.47744
80.47700000000006 1.280448
81.48700000000007 1.30688
82.52100000000007 0.8208
83.54600000000008 0.689472
84.54700000000008 0.372096
85.56700000000008 0.415872
86.57700000000008 0.507968
87.63800000000009 0.404928
88.6570000000001 0.339264
89.6670000000001 0.590976
90.6770000000001 1.444608
91.67800000000011 1.668032
92.69700000000012 1.788416
93.70800000000011 1.96992
94.71700000000011 1.700864
95.71800000000012 2.62656
96.71900000000012 2.324648
97.72900000000013 1.832216
98.76700000000012 0.689472
99.77700000000013 0.590976
100.77800000000013 1.48196
101.78700000000013 2.976768
102.78900000000013 2.138648
103.79700000000012 1.547648
104.80700000000013 1.849536
105.98700000000014 0.415872
106.99700000000014 1.339712
108.04700000000014 2.598272
109.05700000000014 2.473344
110.07700000000014 0.967616
111.08700000000015 1.236672
112.33900000000014 1.875968
113.34600000000015 1.772928
114.34700000000015 1.558592
115.35600000000015 1.729152
116.36600000000016 1.755584
117.36800000000015 1.849536
118.37600000000015 1.274048
119.37700000000015 1.740096
120.39600000000016 1.777472
121.40600000000016 2.123136
122.40700000000017 1.766528
123.41600000000017 1.958976
124.42600000000017 1.41632
125.46600000000018 2.215232
126.46700000000018 2.210688
127.46800000000019 2.368448
128.4760000000002 2.215232
129.4770000000002 2.29824
130.4860000000002 1.996352
131.52600000000018 2.01824
132.52700000000019 2.363904
133.5470000000002 1.74464
134.55600000000018 2.210688
135.56600000000017 1.25216
136.56700000000018 1.718208
137.57600000000016 1.591424
138.58600000000015 1.75104
139.59500000000014 1.74464
140.61600000000013 2.007296
141.62600000000012 1.96992
142.6360000000001 1.547648
143.63800000000012 2.07936
144.6470000000001 1.96352
145.65500000000011 2.34656
146.65600000000012 1.80576
147.6650000000001 1.357056
148.6950000000001 0.836288
149.8250000000001 0.21888
150.8260000000001 1.608768
151.8270000000001 1.74464
152.83500000000012 1.783872
153.83600000000013 1.394432
154.8450000000001 1.608768
155.84700000000012 1.646144
156.85500000000013 1.9152
157.85600000000014 1.6352
158.94500000000014 2.029184
159.95600000000013 1.80576
160.96700000000013 1.503872
161.97500000000014 1.368
162.98500000000013 1.58688
163.98600000000013 1.230272
164.98700000000014 1.6416
166.00500000000014 1.30688
167.01500000000013 1.357056
168.02500000000012 0.864576
169.0350000000001 1.503872
170.15500000000011 2.215232
171.15600000000012 1.181952
172.27700000000013 2.105792
173.31500000000014 3.265856
174.31600000000014 2.418624
175.32500000000013 1.722752
176.33800000000014 2.013696
177.34500000000014 1.930688
178.34600000000015 2.040128
179.35500000000013 2.62656
180.36500000000012 2.007296
181.36700000000013 2.357504
182.36900000000014 2.1888
183.37500000000014 2.248064
184.37600000000015 2.631104
185.38500000000013 2.94848
186.47600000000014 2.368448
187.48500000000013 2.232576
188.49800000000013 1.6352
189.51500000000013 1.411776
190.52500000000012 1.394432
191.52600000000012 2.13408
192.52700000000013 1.74464
193.53600000000012 2.451456
194.53800000000012 1.886912
195.53900000000013 2.67488
196.55400000000012 3.419072
197.5580000000001 4.031936
198.56000000000012 3.780224
199.57200000000012 3.539456
200.57300000000012 2.871872
201.57800000000012 2.992256
202.59100000000012 3.101696
203.59200000000013 3.594176
204.59800000000013 4.185152
205.60800000000012 3.211136
206.60900000000012 3.211136
207.61000000000013 3.484736
208.6250000000001 3.911552
209.6280000000001 3.349728
210.6680000000001 3.285024
211.7280000000001 3.287744
212.7290000000001 3.140928
213.7300000000001 3.353408
214.7310000000001 3.036032
215.7380000000001 2.565416
216.8910000000001 3.068888
217.8980000000001 3.791168
218.9080000000001 3.090752
219.9090000000001 2.992256
220.9100000000001 3.627008
221.91800000000012 3.397184
222.91900000000012 3.320576
223.92000000000013 2.981312
224.92800000000014 3.134528
225.92900000000014 3.583232
226.93800000000013 3.134528
227.94800000000012 3.05792
228.95900000000012 2.860928
229.96700000000013 2.598272
230.97800000000012 2.248064
231.9880000000001 2.768832
232.98900000000012 3.123584
234.0280000000001 3.92704
235.0290000000001 4.130432
236.0380000000001 3.911552
237.0390000000001 3.342464
238.0400000000001 3.473792
239.0470000000001 2.587328
240.04800000000012 3.233024
241.04900000000012 3.60512
242.0580000000001 3.408128
243.0670000000001 3.561344
244.0680000000001 2.970368
245.07700000000008 2.29184
246.24800000000008 0.426816
247.25700000000006 1.783872
248.25800000000007 2.094848
249.26700000000005 1.821248
250.26800000000006 1.827648
251.27700000000004 1.602368
252.27800000000005 1.926144
253.28700000000003 1.383488
254.28800000000004 1.335168
255.28900000000004 1.766528
256.297 1.554048
257.327 1.116288
258.427 0.945728
259.428 1.575936
260.437 1.41632
261.438 1.58688
262.447 1.53216
263.457 1.30688
264.477 1.47744
265.47799999999995 0.825352
266.4789999999999 1.072512
267.48799999999994 1.324224
268.49699999999996 1.284992
269.50699999999995 1.214784
270.54599999999994 1.372544
271.5469999999999 1.521216
272.5569999999999 1.236672
273.5659999999999 1.383488
274.57699999999994 1.53216
275.58599999999996 1.153664
276.626 0.645696
277.62699999999995 0.787968
278.67699999999996 1.58048
279.67799999999994 1.882368
280.68699999999995 1.591424
281.69599999999997 0.777024
282.69699999999995 1.31328
283.6979999999999 1.974464
284.70699999999994 2.123136
285.7079999999999 1.624256
286.7169999999999 1.865024
287.72599999999994 1.80576
288.7269999999999 1.711808
289.7279999999999 2.112192
290.7369999999999 1.985408
291.7669999999999 2.160512
292.7759999999999 2.199744
293.7869999999999 1.700864
294.7969999999999 2.287296
295.7979999999999 1.930688
296.81599999999986 2.226176
297.91699999999986 2.773376
298.9259999999999 2.342016
299.92699999999985 1.821248
300.9279999999998 2.13408
301.93699999999984 1.886912
302.94599999999986 1.766528
303.94699999999983 2.287296
304.95599999999985 2.248064
306.0459999999998 1.886904
307.0559999999998 1.937088
308.0579999999998 1.897856
309.0659999999998 1.96992
310.0759999999998 1.624256
311.0859999999998 1.958976
312.0969999999998 1.711808
313.1059999999998 1.674432
314.1069999999998 1.668032
315.1159999999998 1.9152
316.1259999999998 1.547648
317.1869999999998 1.766528
318.2059999999998 1.871424
319.2079999999998 1.536704
320.2169999999998 2.057472
321.2359999999998 1.766528
322.2459999999998 2.145024
323.2509999999998 1.9088
324.2769999999998 1.821248
325.28599999999983 1.948032
326.2869999999998 1.711808
