1.009 1.569536
2.01 2.02464
3.0109999999999997 1.700864
4.019 2.484288
5.02 2.094848
6.029999999999999 2.280896
7.039 1.740096
8.04 1.460096
9.049999999999999 2.145024
10.050999999999998 2.642048
11.058999999999997 2.062016
12.059999999999997 2.302784
13.068999999999997 2.506176
14.069999999999997 2.313728
15.070999999999996 1.810304
16.072999999999997 2.484288
17.078999999999997 2.335616
18.08 1.96352
19.081 2.166912
20.09 1.919744
21.299 1.96352
22.3 2.232576
23.309 2.248064
24.311 1.160064
25.312 1.241216
26.319000000000003 2.473344
27.320000000000004 1.930688
28.329000000000004 2.062016
29.339000000000006 2.539008
30.340000000000007 2.740544
31.341000000000008 2.56544
32.35900000000001 2.368448
33.37900000000001 2.663936
34.38000000000001 2.287296
35.38900000000001 1.897856
36.41900000000001 2.368448
37.42000000000001 2.549952
38.42100000000001 2.215232
39.42900000000001 2.23712
40.43900000000001 2.68128
41.449000000000005 2.215232
42.459 1.821248
43.46 1.9152
44.461 1.843136
45.469 2.145024
46.471000000000004 2.259008
47.479000000000006 2.259008
48.519000000000005 2.062016
49.529 2.396736
50.53 2.412224
51.539 2.390336
52.54 2.67488
53.541 3.11904
54.543 2.7296
55.548 2.335616
56.549 2.335616
57.559 2.320128
58.559999999999995 2.51072
59.568999999999996 2.78432
60.57899999999999 2.992256
61.57999999999999 3.156416
62.587999999999994 2.7296
63.58899999999999 2.674888
64.59799999999998 2.549952
65.59999999999998 1.832192
66.60899999999998 2.215232
67.61899999999999 2.812608
68.61999999999999 2.871872
69.621 3.451904
70.63799999999999 3.65984
71.639 3.576832
72.64 3.87872
73.641 3.583232
74.65 2.434112
75.74000000000001 2.959424
76.74900000000001 3.60512
77.75800000000001 2.878272
78.769 1.930688
79.778 1.843136
80.78 1.543104
81.788 1.930688
82.818 2.631104
83.849 3.298688
84.85000000000001 3.977216
85.858 3.200192
86.938 2.630952
87.93900000000001 2.692224
88.94800000000001 1.263256
89.959 2.35296
90.968 1.952576
91.96900000000001 1.79936
92.97800000000001 2.145024
93.97900000000001 1.9088
94.98800000000001 2.232576
96.00800000000001 2.051072
97.01800000000001 1.85408
98.01900000000002 2.013696
99.02800000000002 1.777472
100.02900000000002 2.046528
101.03000000000003 2.193344
102.03800000000003 2.248064
103.03900000000003 2.652992
104.04900000000004 2.582784
105.05000000000004 2.193344
106.05800000000004 2.795264
107.07800000000003 2.762432
108.08800000000004 2.740544
109.09700000000004 3.178304
110.09800000000004 3.025088
111.10000000000004 2.987712
112.10200000000003 3.419072
113.10800000000003 2.904704
114.10900000000004 2.335616
115.11800000000004 2.34656
116.12800000000004 2.477888
117.12900000000005 2.29824
118.13000000000005 1.646136
119.14800000000005 2.488832
120.14900000000006 2.473344
121.15800000000006 2.324672
122.16000000000005 3.2768
123.17900000000006 3.561344
124.18000000000006 4.414976
125.18700000000007 3.76288
126.18800000000007 4.393088
127.18900000000008 3.725504
128.2090000000001 4.846336
129.21900000000008 4.951232
130.42800000000008 4.868224
131.4290000000001 5.049728
132.49800000000008 4.780672
133.49900000000008 4.874624
134.5010000000001 4.250816
135.5020000000001 4.047432
136.5090000000001 4.732352
137.5180000000001 4.196096
138.5190000000001 3.71456
139.52800000000008 3.33152
140.53900000000007 3.539456
141.54700000000008 2.915648
142.55800000000008 2.685824
143.56700000000006 2.663936
144.56800000000007 2.543552
145.56900000000007 3.802112
146.57000000000008 4.053824
147.57700000000008 3.462848
148.5780000000001 2.981312
149.5790000000001 3.911552
150.5800000000001 4.189696
151.5810000000001 4.15232
152.5880000000001 3.76928
153.5890000000001 3.561344
154.68700000000013 4.539904
155.68900000000014 4.885568
156.69000000000014 4.557248
157.69800000000015 4.03648
158.69900000000015 4.15232
159.70000000000016 5.126336
160.70800000000017 4.507072
161.71000000000018 5.421824
162.7120000000002 4.397632
163.7140000000002 4.962176
164.7160000000002 4.627456
165.71800000000022 5.564096
166.71900000000022 4.463296
167.7280000000002 5.02784
168.73000000000022 5.163712
169.73800000000023 5.196536
170.73900000000023 5.750144
171.74800000000022 4.835392
172.74900000000022 4.75424
173.7580000000002 4.331968
174.7590000000002 4.010048
175.7680000000002 3.703616
176.7690000000002 4.15232
177.7880000000002 4.518016
178.78900000000021 4.469696
179.79100000000022 4.42592
180.79800000000023 4.769552
181.79900000000023 3.244144
182.80100000000024 5.126336
183.80700000000024 4.222528
184.80800000000025 5.06068
185.80900000000025 4.868224
186.81000000000026 4.951232
187.81700000000026 4.725952
188.81800000000027 5.213888
189.81900000000027 4.933888
190.82000000000028 5.235776
191.82100000000028 4.780672
192.8220000000003 5.312384
193.82700000000028 4.550848
194.8290000000003 5.005952
195.8310000000003 4.41952
196.8370000000003 4.852736
197.8580000000003 4.85728
198.8590000000003 4.688576
199.8610000000003 4.819904
200.8680000000003 4.85728
201.9070000000003 5.284096
202.9090000000003 5.08256
203.9100000000003 4.96672
204.9110000000003 5.126336
205.9870000000003 4.496128
206.9880000000003 3.042432
207.98900000000032 2.67488
208.99100000000033 4.572736
209.99700000000033 5.08256
210.99800000000033 4.463296
212.00100000000032 4.907456
213.00700000000032 4.15232
214.0160000000003 3.861376
215.0170000000003 4.349312
216.0180000000003 4.086656
217.01900000000032 4.338368
218.02700000000033 3.76288
219.02800000000033 4.042856
220.04700000000034 3.254936
221.04800000000034 3.014144
222.05600000000035 3.090752
223.05700000000036 2.959424
224.06600000000034 3.0096
225.06700000000035 2.313728
226.08800000000033 2.849976
227.09600000000034 2.89376
228.09700000000035 2.751488
229.09800000000035 2.685824
230.18700000000035 3.036032
231.19600000000034 2.779776
232.19700000000034 3.014144
233.19800000000035 3.145472
234.21600000000035 3.036032
235.21800000000036 4.196096
236.22600000000037 3.068864
237.23700000000036 2.29184
238.23800000000037 2.94848
239.24700000000036 3.955328
240.24800000000036 4.0976
241.25300000000036 3.353408
242.25600000000034 3.544
243.26600000000033 3.473792
244.30600000000032 2.959424
245.30700000000033 2.02464
246.31600000000032 1.821248
247.31700000000032 3.025088
248.3270000000003 4.23988
249.3360000000003 3.397184
250.3370000000003 3.342464
251.3380000000003 3.856832
252.34600000000032 3.616064
253.34700000000032 3.977216
254.3560000000003 3.992704
255.3570000000003 3.824
256.3670000000003 3.725504
257.3760000000003 3.758336
258.3770000000003 3.616064
259.37800000000027 3.93344
260.38600000000025 3.65344
261.39600000000024 3.5504
262.3970000000002 4.414976
263.4070000000002 4.688576
264.4080000000002 4.014592
265.41600000000017 3.76928
266.41700000000014 3.7144
267.42600000000016 2.20444
268.42800000000017 3.856832
269.43600000000015 4.688576
270.4370000000001 3.802112
271.4380000000001 3.681728
272.4460000000001 3.686272
273.44700000000006 3.451904
274.44800000000004 3.408128
275.449 3.506624
276.45 3.561344
277.45599999999996 3.090752
278.46599999999995 2.576384
279.4669999999999 2.889216
280.5319999999999 3.43456
281.53599999999994 4.469696
282.53799999999995 4.633856
283.54599999999994 3.539456
284.5469999999999 2.981312
285.5479999999999 3.046976
286.5499999999999 3.0032
287.5549999999999 3.561344
288.55599999999987 3.05792
289.56599999999986 2.598272
290.56799999999987 3.22208
291.56899999999985 2.7296
292.5749999999998 3.014144
293.5759999999998 3.068864
294.57699999999977 3.49568
295.57799999999975 3.65984
296.58599999999973 3.76928
297.58799999999974 3.243968
298.59499999999974 3.05792
299.5959999999997 2.652992
300.6259999999997 2.740544
301.62699999999967 3.38624
302.71599999999967 3.16736
303.80499999999967 3.265856
304.80599999999964 3.375296
305.80799999999965 4.163264
306.81499999999966 3.2768
307.81599999999963 2.499784
308.82499999999965 3.031488
309.83499999999964 2.313728
310.84499999999963 2.882816
311.8459999999996 3.594176
312.8549999999996 3.375296
313.8559999999996 3.014144
314.8649999999996 3.834944
315.8659999999996 3.068864
316.86699999999956 3.594176
317.87499999999955 3.594176
318.8759999999995 3.265856
319.8769999999995 3.2768
320.8859999999995 2.751488
321.8869999999995 2.751488
322.88799999999947 3.16736
