1.001 3.856832
2.009 3.616064
3.01 3.977216
4.019 3.992704
5.02 3.824
6.029999999999999 3.725504
7.039 3.758336
8.04 3.616064
9.040999999999999 3.93344
10.049 3.65344
11.059 3.5504
12.059999999999999 4.414976
13.069999999999999 4.688576
14.070999999999998 4.014592
15.078999999999997 3.76928
16.08 3.7144
17.089 2.20444
18.090999999999998 3.856832
19.098999999999997 4.688576
20.099999999999998 3.802112
21.101 3.681728
22.108999999999998 3.686272
23.11 3.451904
24.111 3.408128
25.112000000000002 3.506624
26.113000000000003 3.561344
27.119000000000003 3.090752
28.129000000000005 2.576384
29.130000000000006 2.889216
30.195000000000007 3.43456
31.19900000000001 4.469696
32.20100000000001 4.633856
33.20900000000001 3.539456
34.21000000000001 2.981312
35.211000000000006 3.046976
36.21300000000001 3.0032
37.21800000000001 3.561344
38.21900000000001 3.05792
39.229000000000006 2.598272
40.23100000000001 3.22208
41.232000000000006 2.7296
42.23800000000001 3.014144
43.239000000000004 3.068864
44.24 3.49568
45.241 3.65984
46.249 3.76928
47.251000000000005 3.243968
48.258 3.05792
49.259 2.652992
50.289 2.740544
51.29 3.38624
52.379 3.16736
53.467999999999996 3.265856
54.468999999999994 3.375296
55.471 4.163264
56.477999999999994 3.2768
57.47899999999999 2.499784
58.48799999999999 3.031488
59.49799999999999 2.313728
60.50799999999999 2.882816
61.508999999999986 3.594176
62.51799999999999 3.375296
63.518999999999984 3.014144
64.52799999999998 3.834944
65.52899999999998 3.068864
66.52999999999999 3.594176
67.53799999999998 3.594176
68.53899999999999 3.265856
69.53999999999999 3.2768
70.54899999999999 2.751488
71.55 2.751488
72.551 3.16736
73.552 3.824
74.558 3.156416
75.55900000000001 2.67488
76.56000000000002 2.40128
77.56800000000001 2.488832
78.56900000000002 2.90016
79.57700000000001 3.036032
80.57800000000002 2.7296
81.57900000000002 3.014144
82.58700000000002 3.200192
83.59800000000001 2.882816
84.60700000000001 3.506624
85.60800000000002 3.539456
86.61700000000002 3.156416
87.62700000000002 1.668032
88.63700000000003 1.718208
89.63800000000003 1.952576
90.64700000000003 2.773376
91.64800000000004 3.108096
92.71700000000004 3.412672
93.71800000000005 3.364352
94.72700000000005 3.473792
95.72800000000005 3.243968
96.75800000000005 3.014144
97.76700000000005 3.184704
98.76900000000005 3.189248
99.77000000000005 2.871872
100.77100000000006 3.200192
101.77700000000006 3.014144
102.77800000000006 2.740544
103.77900000000007 3.101688
104.78700000000006 3.561344
105.78800000000007 3.616064
106.79700000000007 4.0976
107.79800000000007 3.59872
108.80600000000007 3.108096
109.80700000000007 2.707712
110.81500000000007 2.981312
111.81600000000007 3.046976
112.81700000000008 2.663936
113.81800000000008 2.226176
114.82600000000008 2.670336
115.84600000000007 2.477888
116.84700000000008 2.466944
117.85600000000008 2.412224
118.85700000000008 2.652992
119.96500000000009 3.233024
120.9660000000001 2.232576
121.9670000000001 2.302784
122.9680000000001 2.630952
124.1650000000001 2.653144
125.16600000000011 2.801664
126.16700000000012 3.583232
127.16800000000012 2.904704
128.17500000000013 2.685824
129.17600000000013 3.036032
130.17700000000013 2.652992
131.18500000000014 3.145472
132.19200000000015 3.036032
133.19600000000014 3.0032
134.19700000000014 4.086656
135.19800000000015 5.02784
136.20000000000016 3.145472
137.20100000000016 4.167808
138.20200000000017 3.845888
139.20500000000015 3.845888
140.20700000000016 3.254912
141.21500000000017 3.65984
142.22500000000016 3.287744
143.22600000000017 2.740544
144.22700000000017 3.046976
145.22800000000018 4.721408
146.23500000000018 3.178304
147.2360000000002 3.233024
148.2370000000002 3.11264
149.24600000000018 3.681728
150.24700000000018 3.2768
151.2550000000002 3.046976
152.26500000000019 2.937536
153.2670000000002 2.751488
154.2680000000002 3.156416
155.2690000000002 3.036032
156.2750000000002 2.78432
157.2760000000002 2.937536
158.81400000000022 2.013696
159.81500000000023 0.59552
160.81600000000023 1.794816
161.82600000000022 1.346112
162.82700000000023 1.613312
163.83400000000023 2.335616
164.83500000000024 2.363904
165.83600000000024 2.368448
166.84500000000023 2.62016
167.84600000000023 2.981312
168.85400000000024 3.670784
169.85500000000025 2.083904
170.85600000000025 3.5504
171.85700000000026 3.681728
172.85800000000026 4.020992
173.86500000000026 3.025096
174.86600000000027 3.38624
175.86700000000027 2.609216
176.86800000000028 3.05792
177.86900000000028 3.101696
178.87400000000028 3.911552
179.87500000000028 3.101696
180.88500000000028 3.900608
181.88600000000028 4.458752
182.88700000000028 4.211584
183.8940000000003 3.561344
184.8950000000003 4.185152
185.8960000000003 4.59008
186.8970000000003 4.780672
187.8980000000003 4.108544
188.8990000000003 4.349312
189.90100000000032 4.539904
190.9050000000003 4.491584
191.90600000000032 2.937536
192.90700000000032 3.922496
193.91500000000033 4.058368
194.91600000000034 4.469696
195.92600000000033 3.462848
196.93400000000034 3.397184
197.93500000000034 4.907456
198.93600000000035 4.080256
199.93700000000035 4.414976
200.93800000000036 4.3712
201.95500000000035 3.5504
202.95600000000036 2.981312
203.95900000000034 3.561344
205.04400000000035 3.357952
206.10500000000036 3.287744
207.11400000000035 3.06432
208.11500000000035 2.740544
209.11600000000035 3.594176
210.19400000000036 3.697216
211.19500000000036 3.484736
212.19600000000037 3.156416
213.20400000000038 3.108096
214.23400000000038 3.357952
215.2360000000004 4.108544
216.2440000000004 3.528512
217.2450000000004 3.44096
218.2460000000004 4.611968
219.2470000000004 4.20064
220.24800000000042 4.568192
221.25400000000042 3.944384
222.25500000000042 3.024936
223.25600000000043 2.007448
224.2650000000004 2.849984
225.34400000000042 3.036032
226.34500000000043 3.151872
227.34600000000043 2.313728
228.35300000000043 2.280896
229.35400000000044 3.200192
230.36300000000043 2.937536
231.47400000000042 2.499768
232.47500000000042 2.112192
233.47700000000043 1.58048
234.48400000000044 2.560896
235.49400000000043 2.598272
236.49500000000043 1.919744
237.50300000000044 1.882368
238.50500000000045 1.821248
239.50600000000045 2.269952
240.51300000000046 2.29824
241.52400000000046 2.215232
242.53400000000045 1.79936
243.53500000000045 2.746944
244.54300000000046 2.248064
245.54400000000047 2.248064
246.54500000000047 1.96992
247.55400000000046 1.908728
248.56300000000044 1.963592
249.56400000000045 1.9152
250.57400000000044 1.427264
251.57500000000044 1.663488
252.58300000000045 1.646144
253.59400000000045 1.58688
254.60400000000044 1.668032
255.64400000000043 1.0944
256.6530000000004 1.466496
257.6540000000004 1.066112
258.6640000000004 1.116288
259.6730000000004 1.061568
260.6830000000004 1.25216
261.6850000000004 1.050624
262.7030000000004 1.181952
263.71300000000036 0.836288
264.74400000000037 0.897408
265.7530000000004 1.247616
266.75400000000036 1.295936
267.7630000000004 1.389888
268.77300000000037 1.20384
269.8130000000004 0.726848
270.8230000000004 0.569088
271.8830000000004 0.558144
272.90300000000036 0.2736
273.9140000000004 0.689472
274.9230000000004 0.792512
275.9240000000004 1.028736
276.9330000000004 1.411776
277.93400000000037 1.394432
279.1230000000004 1.69632
280.12400000000036 1.591424
281.1330000000004 1.794816
282.1440000000004 1.569536
283.1530000000004 1.980864
284.1540000000004 1.832192
285.2030000000004 1.79936
286.2100000000004 1.488384
287.21300000000036 1.554048
288.22300000000035 0.891008
289.22600000000034 0.8208
290.2530000000003 0.634752
291.2730000000003 1.241216
292.2980000000003 1.192896
293.3030000000003 1.105344
294.5330000000003 0.448704
295.5530000000003 0.584576
296.5670000000003 1.03968
297.5830000000003 1.455552
298.5930000000003 1.372544
299.6030000000003 1.740096
300.6130000000003 1.3616
301.6230000000003 1.96992
302.62400000000025 1.843136
303.63300000000027 1.400832
304.65300000000025 1.120832
305.6540000000002 2.02464
306.66300000000024 1.077056
307.7120000000002 0.755136
308.7320000000002 0.60192
309.7330000000002 1.302336
310.7350000000002 1.875968
311.75300000000016 1.875968
312.75400000000013 0.974016
314.9730000000001 0.700416
315.9830000000001 1.985408
316.9840000000001 2.736
317.98500000000007 2.226176
318.98600000000005 2.149568
319.99300000000005 2.904704
321.00300000000004 2.860928
322.004 2.911104
323.005 2.871872
324.006 2.663936
325.013 2.937536
