1.009 2.160512
2.01 2.123136
3.0109999999999997 2.248064
4.019 1.991808
5.0280000000000005 1.066112
6.038 0.755136
7.048 0.645696
8.148 0.956672
9.149 1.357056
10.158 1.707264
11.158999999999999 1.68992
12.159999999999998 1.85408
13.168999999999999 1.9152
14.169999999999998 2.1824
15.177999999999997 2.254464
16.188999999999997 2.149568
17.189999999999998 2.171456
18.198999999999998 2.177856
19.200999999999997 1.295936
20.208 1.783872
21.209 1.536704
22.219 1.564992
23.220000000000002 1.624256
24.228 1.707264
25.229000000000003 1.52576
26.230000000000004 1.630656
27.239000000000004 1.657088
28.262000000000004 1.991808
29.268000000000004 1.569536
30.338000000000005 1.974464
31.340000000000003 2.342016
32.341 2.248064
33.358000000000004 2.729592
34.359 2.532608
35.368 2.528064
36.369 2.062016
38.147999999999996 1.941632
39.159 1.904256
40.168 1.372544
41.169 2.057472
42.178999999999995 1.897856
43.187999999999995 2.101248
44.19 1.832192
45.199 2.105792
46.208 2.166912
47.21 1.930688
48.218 2.652992
49.229000000000006 2.549952
50.230000000000004 1.613312
51.23800000000001 2.013696
52.24000000000001 2.226176
53.24800000000001 2.248064
54.250000000000014 1.718208
55.25800000000002 1.503872
56.259000000000015 2.160512
57.268000000000015 2.221632
58.26900000000001 2.259008
59.27000000000001 2.248064
60.27800000000001 2.506176
61.301000000000016 2.642048
62.308000000000014 3.572288
63.30900000000001 3.2768
64.31800000000001 2.40128
65.31900000000002 2.642048
66.32000000000002 3.11264
67.32800000000002 2.817152
68.32900000000002 2.451456
69.33000000000003 2.116736
70.34900000000003 3.211136
71.35000000000004 2.78432
72.35900000000004 2.34656
73.36800000000004 2.62656
74.36900000000004 2.456
75.37800000000004 1.6352
76.37900000000005 2.123136
77.38800000000005 2.379392
78.38900000000005 2.576384
79.39000000000006 2.587328
80.39800000000005 2.221632
81.39900000000006 1.996352
82.40800000000006 2.62016
83.41000000000005 3.134528
84.41900000000005 2.998656
85.42800000000005 1.865024
86.44800000000005 1.85408
87.44900000000005 2.363904
88.45800000000006 2.171456
89.45900000000006 3.243968
90.46000000000006 3.178152
91.46700000000007 1.93084
92.46800000000007 2.648448
93.47800000000008 2.32468
94.47900000000008 2.445056
95.48100000000008 2.871872
96.56800000000008 2.707712
97.56900000000009 3.075264
98.5790000000001 2.762432
99.5800000000001 2.521664
100.5880000000001 2.532608
101.5890000000001 3.16736
102.5980000000001 3.5504
103.5990000000001 2.740544
104.60000000000011 2.707712
105.6080000000001 2.593728
106.61800000000011 2.259008
107.61900000000011 2.915648
108.62000000000012 3.561344
109.62200000000011 2.89376
110.62800000000011 3.200168
111.62900000000012 3.26588
112.63800000000012 3.397184
113.63900000000012 3.98816
114.64100000000012 3.71456
115.64800000000012 3.845888
116.64900000000013 2.8062
117.65000000000013 3.287744
118.65800000000013 3.49568
119.65900000000013 2.806208
120.66800000000013 3.068864
121.66900000000014 3.309632
122.67800000000014 2.335616
123.68800000000014 2.521664
124.71700000000014 2.871872
125.71800000000015 3.261312
126.71900000000015 2.762432
127.72000000000016 2.795264
128.72700000000015 2.94848
129.72800000000015 2.762432
130.72900000000016 3.243968
131.73000000000016 3.506624
132.73700000000017 3.506624
133.73900000000017 3.484736
134.74700000000018 2.806208
135.75700000000018 2.598272
136.75800000000018 2.773376
137.78700000000018 2.871872
138.78800000000018 2.51712
139.7890000000002 2.259008
140.7970000000002 2.62016
141.7980000000002 2.642048
142.8470000000002 3.068864
143.8480000000002 2.867328
144.84900000000022 2.78432
145.85700000000023 2.445056
146.85800000000023 2.663936
147.85900000000024 2.466944
148.86700000000025 2.90016
149.86800000000025 2.970368
150.87700000000024 2.89376
151.88700000000023 2.324672
152.88800000000023 3.320576
153.88900000000024 3.353408
154.89700000000025 3.561344
155.89800000000025 2.860928
156.90700000000024 2.335616
157.90800000000024 2.506176
158.90900000000025 2.817152
159.91700000000026 3.22208
160.91800000000026 2.576384
161.91900000000027 2.423168
162.94700000000026 2.423168
164.02600000000027 3.265856
165.02700000000027 3.506624
166.13700000000028 3.046976
167.14700000000028 2.834496
168.14800000000028 2.89376
169.14900000000029 2.89376
170.1570000000003 2.882816
171.1580000000003 2.849984
172.1590000000003 2.849984
173.1600000000003 2.609216
174.2070000000003 3.123584
175.2950000000003 3.2768
176.3070000000003 3.162816
177.3080000000003 3.233024
178.3170000000003 2.576384
179.3180000000003 2.149568
180.3190000000003 2.07296
181.3270000000003 2.342016
182.32800000000032 2.828096
183.3370000000003 3.22208
184.3470000000003 2.685824
185.35600000000028 2.598272
186.35700000000028 2.374848
187.36700000000027 2.751488
188.37700000000027 2.62016
189.37800000000027 2.26996
190.38600000000028 2.696768
191.38700000000028 2.363904
192.39700000000028 2.543552
193.39800000000028 2.773376
194.4060000000003 1.886912
195.4070000000003 3.06432
196.4190000000003 3.481048
197.4870000000003 3.285032
198.4880000000003 3.151872
199.53800000000032 3.423616
200.53900000000033 4.743296
201.54500000000033 3.889664
202.54600000000033 3.298688
203.54700000000034 3.889664
204.58600000000033 3.817448
205.80500000000032 3.276952
206.80600000000032 2.878272
207.86600000000033 3.675328
208.86700000000033 4.349312
209.86900000000034 3.802112
210.87000000000035 3.430016
211.87600000000035 3.977216
212.95600000000036 4.113088
213.96600000000035 4.174208
214.96700000000035 4.75424
216.01600000000036 4.178752
217.01700000000037 4.228928
218.02600000000035 4.69952
219.42500000000035 4.167808
220.42600000000036 4.447808
221.42700000000036 5.016896
222.43700000000035 4.375744
223.44600000000034 4.951232
224.44800000000035 4.222528
225.44900000000035 4.929344
226.54500000000036 4.82444
227.54600000000036 4.404032
228.55600000000035 4.513472
229.60600000000036 4.20064
230.60700000000037 4.688576
231.61600000000035 4.841792
232.61700000000036 3.992704
233.61900000000037 4.491584
234.62500000000037 4.382144
235.63600000000037 3.937984
236.63700000000037 4.196096
237.63900000000038 3.791168
238.64500000000038 4.185152
239.70500000000038 4.0912
240.7060000000004 4.196096
241.7070000000004 3.977216
242.7140000000004 3.922496
243.7150000000004 3.36436
244.7160000000004 3.780224
245.7250000000004 2.663936
246.7260000000004 2.67488
247.7270000000004 2.521664
248.7360000000004 2.718656
249.7370000000004 2.84544
250.7550000000004 3.0032
251.7560000000004 2.817152
252.7570000000004 2.532608
253.7650000000004 3.123584
254.7750000000004 3.200192
255.7760000000004 3.101696
256.7770000000004 3.397184
257.77800000000036 2.83904
258.77900000000034 3.243968
259.78400000000033 3.583232
260.7850000000003 3.76928
261.7860000000003 4.414976
262.7950000000003 3.806656
263.7960000000003 3.71456
264.79700000000025 3.87872
265.80500000000023 4.491584
266.84500000000025 4.167808
267.87400000000025 3.265856
268.8750000000002 2.779776
269.8760000000002 2.904704
270.8780000000002 3.068864
271.8830000000002 2.696768
272.8840000000002 2.762432
273.88500000000016 2.543552
274.8940000000002 2.451456
275.89500000000015 2.445056
276.89600000000013 2.970368
277.9040000000001 3.211136
278.91500000000013 2.959424
279.9160000000001 3.287744
280.9230000000001 3.178304
281.9240000000001 3.342464
282.9340000000001 3.145472
283.93500000000006 2.981312
284.93600000000004 3.692672
285.937 4.502528
286.944 4.031928
287.945 3.036032
288.94599999999997 3.090752
289.94699999999995 2.7296
290.9529999999999 2.587328
291.9539999999999 2.576384
292.95499999999987 2.817152
294.0339999999999 2.849984
295.0429999999999 2.812608
296.04399999999987 2.554496
297.04499999999985 3.090752
298.0459999999998 3.594176
299.2029999999998 4.331968
300.2569999999998 3.2768
301.28399999999976 4.611968
302.28499999999974 4.601024
303.2879999999997 3.916096
304.3009999999997 4.338368
305.3029999999997 3.430016
306.3039999999997 3.079808
307.3179999999997 3.134536
308.3229999999997 3.2768
309.3249999999997 3.703616
310.3389999999997 4.196096
311.37399999999974 4.31008
312.37599999999975 4.053824
313.3769999999997 3.71456
314.38399999999973 3.506624
315.3849999999997 2.817152
316.3929999999997 3.036032
317.39399999999966 3.342464
318.3959999999997 3.287744
319.39699999999965 3.134528
320.4029999999996 2.78432
321.45299999999963 3.101696
322.4539999999996 3.206592
323.4549999999996 2.40128
324.45599999999956 3.189248
