1.001 3.802112
2.002 4.053824
3.0089999999999995 3.462848
4.01 2.981312
5.010999999999999 3.911552
6.011999999999999 4.189696
7.012999999999998 4.15232
8.019999999999998 3.76928
9.020999999999997 3.561344
10.118999999999998 4.539904
11.120999999999999 4.885568
12.121999999999998 4.557248
13.129999999999999 4.03648
14.130999999999998 4.15232
15.131999999999998 5.126336
16.139999999999997 4.507072
17.141999999999996 5.421824
18.143999999999995 4.397632
19.145999999999994 4.962176
20.147999999999993 4.627456
21.14999999999999 5.564096
22.150999999999993 4.463296
23.159999999999993 5.02784
24.161999999999992 5.163712
25.16999999999999 5.196536
26.170999999999992 5.750144
27.179999999999993 4.835392
28.180999999999994 4.75424
29.189999999999994 4.331968
30.190999999999995 4.010048
31.199999999999996 3.703616
32.20099999999999 4.15232
33.21999999999999 4.518016
34.22099999999999 4.469696
35.22299999999999 4.42592
36.22999999999999 4.769552
37.23099999999999 3.244144
38.23299999999999 5.126336
39.23899999999999 4.222528
40.23999999999999 5.06068
41.240999999999985 4.868224
42.24199999999998 4.951232
43.24899999999998 4.725952
44.24999999999998 5.213888
45.250999999999976 4.933888
46.251999999999974 5.235776
47.25299999999997 4.780672
48.25399999999997 5.312384
49.25899999999997 4.550848
50.260999999999974 5.005952
51.26299999999998 4.41952
52.26899999999998 4.852736
53.28999999999998 4.85728
54.290999999999976 4.688576
55.29299999999998 4.819904
56.299999999999976 4.85728
57.33899999999998 5.284096
58.34099999999998 5.08256
59.34199999999998 4.96672
60.342999999999975 5.126336
61.418999999999976 4.496128
62.41999999999997 3.042432
63.42099999999997 2.67488
64.42299999999997 4.572736
65.42899999999997 5.08256
66.42999999999998 4.463296
67.43299999999998 4.907456
68.43899999999998 4.15232
69.44799999999998 3.861376
70.44899999999998 4.349312
71.44999999999999 4.086656
72.451 4.338368
73.45899999999999 3.76288
74.46 4.042856
75.479 3.254936
76.48 3.014144
77.488 3.090752
78.489 2.959424
79.498 3.0096
80.49900000000001 2.313728
81.52000000000001 2.849976
82.528 2.89376
83.52900000000001 2.751488
84.53000000000002 2.685824
85.61900000000001 3.036032
86.62800000000001 2.779776
87.62900000000002 3.014144
88.63000000000002 3.145472
89.64800000000002 3.036032
90.65000000000002 4.196096
91.65800000000002 3.068864
92.66900000000001 2.29184
93.67000000000002 2.94848
94.67900000000002 3.955328
95.68000000000002 4.0976
96.68500000000002 3.353408
97.68800000000002 3.544
98.69800000000002 3.473792
99.73800000000003 2.959424
100.73900000000003 2.02464
101.74800000000003 1.821248
102.74900000000004 3.025088
103.75900000000004 4.23988
104.76800000000004 3.397184
105.76900000000005 3.342464
106.77000000000005 3.856832
107.77800000000005 3.616064
108.77900000000005 3.977216
109.78800000000005 3.992704
110.78900000000006 3.824
111.79900000000006 3.725504
112.80800000000006 3.758336
113.80900000000007 3.616064
114.81000000000007 3.93344
115.81800000000007 3.65344
116.82800000000007 3.5504
117.82900000000008 4.414976
118.83900000000008 4.688576
119.84000000000009 4.014592
120.84800000000008 3.76928
121.84900000000009 3.7144
122.85800000000009 2.20444
123.86000000000008 3.856832
124.86800000000008 4.688576
125.86900000000009 3.802112
126.87000000000009 3.681728
127.87800000000009 3.686272
128.87900000000008 3.451904
129.88000000000008 3.408128
130.88100000000009 3.506624
131.8820000000001 3.561344
132.8880000000001 3.090752
133.89800000000008 2.576384
134.8990000000001 2.889216
135.96400000000008 3.43456
136.96800000000007 4.469696
137.97000000000008 4.633856
138.9780000000001 3.539456
139.9790000000001 2.981312
140.9800000000001 3.046976
141.9820000000001 3.0032
142.9870000000001 3.561344
143.9880000000001 3.05792
144.9980000000001 2.598272
146.0000000000001 3.22208
147.00100000000012 2.7296
148.00700000000012 3.014144
149.00800000000012 3.068864
150.00900000000013 3.49568
151.01000000000013 3.65984
152.01800000000014 3.76928
153.02000000000015 3.243968
154.02700000000016 3.05792
155.02800000000016 2.652992
156.05800000000016 2.740544
157.05900000000017 3.38624
158.14800000000017 3.16736
159.23700000000017 3.265856
160.23800000000017 3.375296
161.24000000000018 4.163264
162.24700000000018 3.2768
163.2480000000002 2.499784
164.25700000000018 3.031488
165.26700000000017 2.313728
166.27700000000016 2.882816
167.27800000000016 3.594176
168.28700000000015 3.375296
169.28800000000015 3.014144
170.29700000000014 3.834944
171.29800000000014 3.068864
172.29900000000015 3.594176
173.30700000000016 3.594176
174.30800000000016 3.265856
175.30900000000017 3.2768
176.31800000000015 2.751488
177.31900000000016 2.751488
178.32000000000016 3.16736
179.32100000000017 3.824
180.32700000000017 3.156416
181.32800000000017 2.67488
182.32900000000018 2.40128
183.3370000000002 2.488832
184.3380000000002 2.90016
185.3460000000002 3.036032
186.3470000000002 2.7296
187.3480000000002 3.014144
188.35600000000022 3.200192
189.36700000000022 2.882816
190.3760000000002 3.506624
191.3770000000002 3.539456
192.3860000000002 3.156416
193.39600000000019 1.668032
194.40600000000018 1.718208
195.40700000000018 1.952576
196.41600000000017 2.773376
197.41700000000017 3.108096
198.48600000000016 3.412672
199.48700000000017 3.364352
200.49600000000015 3.473792
201.49700000000016 3.243968
202.52700000000016 3.014144
203.53600000000014 3.184704
204.53800000000015 3.189248
205.53900000000016 2.871872
206.54000000000016 3.200192
207.54600000000016 3.014144
208.54700000000017 2.740544
209.54800000000017 3.101688
210.55600000000018 3.561344
211.5570000000002 3.616064
212.56600000000017 4.0976
213.56700000000018 3.59872
214.5750000000002 3.108096
215.5760000000002 2.707712
216.5840000000002 2.981312
217.5850000000002 3.046976
218.5860000000002 2.663936
219.58700000000022 2.226176
220.59500000000023 2.670336
221.61500000000024 2.477888
222.61600000000024 2.466944
223.62500000000023 2.412224
224.62600000000023 2.652992
225.73400000000024 3.233024
226.73500000000024 2.232576
227.73600000000025 2.302784
228.73700000000025 2.630952
229.93400000000025 2.653144
230.93500000000026 2.801664
231.93600000000026 3.583232
232.93700000000027 2.904704
233.94400000000027 2.685824
234.94500000000028 3.036032
235.94600000000028 2.652992
236.9540000000003 3.145472
237.9610000000003 3.036032
238.9650000000003 3.0032
239.9660000000003 4.086656
240.9670000000003 5.02784
241.9690000000003 3.145472
242.9700000000003 4.167808
243.97100000000032 3.845888
244.9740000000003 3.845888
245.9760000000003 3.254912
246.98400000000032 3.65984
247.9940000000003 3.287744
248.99500000000032 2.740544
249.99600000000032 3.046976
250.99700000000033 4.721408
252.00400000000033 3.178304
253.00500000000034 3.233024
254.00600000000034 3.11264
255.01500000000033 3.681728
256.0160000000003 3.2768
257.0240000000003 3.046976
258.0340000000003 2.937536
259.0360000000003 2.751488
260.03700000000026 3.156416
261.03800000000024 3.036032
262.0440000000002 2.78432
263.0450000000002 2.937536
264.5830000000002 2.013696
265.5840000000002 0.59552
266.58500000000015 1.794816
267.59500000000014 1.346112
268.5960000000001 1.613312
269.6030000000001 2.335616
270.6040000000001 2.363904
271.6050000000001 2.368448
272.6140000000001 2.62016
273.61500000000007 2.981312
274.62300000000005 3.670784
275.624 2.083904
276.625 3.5504
277.626 3.681728
278.62699999999995 4.020992
279.63399999999996 3.025096
280.63499999999993 3.38624
281.6359999999999 2.609216
282.6369999999999 3.05792
283.63799999999986 3.101696
284.64299999999986 3.911552
285.64399999999983 3.101696
286.6539999999998 3.900608
287.6549999999998 4.458752
288.6559999999998 4.211584
289.6629999999998 3.561344
290.66399999999976 4.185152
291.66499999999974 4.59008
292.6659999999997 4.780672
293.6669999999997 4.108544
294.66799999999967 4.349312
295.6699999999997 4.539904
296.6739999999997 4.491584
297.67499999999967 2.937536
298.67599999999965 3.922496
299.6839999999996 4.058368
300.6849999999996 4.469696
301.6949999999996 3.462848
302.7029999999996 3.397184
303.70399999999955 4.907456
304.70499999999953 4.080256
305.7059999999995 4.414976
306.7069999999995 4.3712
307.7239999999995 3.5504
308.72499999999945 2.981312
309.72799999999944 3.561344
310.8129999999994 3.357952
311.8739999999994 3.287744
312.8829999999994 3.06432
313.8839999999994 2.740544
314.88499999999937 3.594176
315.96299999999934 3.697216
316.9639999999993 3.484736
317.9649999999993 3.156416
318.9729999999993 3.108096
320.00299999999925 3.357952
321.00499999999926 4.108544
322.01299999999924 3.528512
323.0139999999992 3.44096
