1.01 2.07936
2.0300000000000002 1.274048
3.04 1.685376
4.051 1.52576
5.07 1.827648
6.071 1.711808
7.09 1.554048
8.1 1.302336
9.102 0.86912
10.11 1.302336
11.209999999999999 1.25216
12.219999999999999 1.291392
13.241 1.280448
14.251 0.825344
15.26 0.995904
16.27 1.072512
17.271 1.6352
18.29 1.783872
19.3 1.481984
20.301000000000002 1.521216
21.310000000000002 1.192896
22.320000000000004 1.000448
23.330000000000005 1.14912
24.332000000000004 1.547648
25.360000000000003 1.6416
26.361000000000004 1.591424
27.370000000000005 1.740096
28.371000000000006 2.707712
29.380000000000006 3.430016
30.381000000000007 3.287744
31.38200000000001 3.44096
32.38300000000001 3.211136
33.39000000000001 3.2768
34.391000000000005 2.532608
35.400000000000006 2.002752
36.401 2.259008
37.402 3.101696
38.403 1.788416
39.42 2.915648
40.421 2.95488
41.43 2.543552
42.44 2.379392
43.440999999999995 3.200192
44.44199999999999 3.594176
45.44299999999999 2.62016
46.44999999999999 3.364352
47.450999999999986 3.254912
48.45999999999999 2.609216
49.460999999999984 2.374848
50.469999999999985 3.298688
51.47099999999998 3.11264
52.48999999999998 2.806208
53.49999999999998 2.663936
54.500999999999976 2.521656
55.501999999999974 2.56816
56.50999999999998 2.45968
57.510999999999974 2.412224
58.51199999999997 1.930688
59.519999999999975 2.4624
60.52099999999997 2.488832
61.52199999999997 2.029184
62.57999999999997 2.62016
63.59099999999997 3.075264
64.59199999999997 2.423168
65.59999999999997 1.996352
66.68899999999996 2.324672
67.68999999999997 2.867328
68.69099999999997 2.335616
69.69999999999997 2.29184
70.70899999999997 2.499776
71.70999999999998 2.506176
72.71099999999998 1.96352
73.71199999999999 2.543552
74.71999999999998 2.539008
75.72099999999999 2.23712
76.72999999999999 2.1824
77.74 2.368448
78.741 2.998656
79.751 2.357504
80.75200000000001 1.996352
81.76 2.331072
82.77000000000001 2.51072
83.77100000000002 2.193344
84.77200000000002 2.456
85.78000000000002 2.94848
86.78100000000002 2.823552
87.79000000000002 2.445056
88.79100000000003 2.959424
89.79200000000003 3.648896
90.79900000000004 3.955328
91.81000000000003 2.83904
92.81900000000003 2.94848
93.82000000000004 2.67488
94.82100000000004 3.254912
95.82900000000004 3.079808
96.83000000000004 2.554496
97.84000000000005 2.926592
98.84900000000005 2.746944
99.85000000000005 2.598272
100.86300000000006 2.171456
101.86800000000005 2.685824
102.88800000000005 2.587328
103.88900000000005 2.320128
104.90200000000006 2.62016
105.90800000000006 2.1824
106.90900000000006 2.615616
107.91900000000007 2.280896
108.92900000000007 2.685832
109.93800000000007 2.171456
110.93900000000008 2.757888
111.94900000000008 2.335616
112.95000000000009 2.259008
113.95100000000009 2.67488
114.9580000000001 2.609216
115.9690000000001 2.834496
116.9700000000001 2.87172
117.9990000000001 1.679128
119.0000000000001 3.670784
120.0010000000001 3.408128
121.00800000000011 3.900608
122.00900000000011 3.583232
123.01900000000012 3.320576
124.02000000000012 3.16736
125.02100000000013 2.849984
126.02800000000013 2.959424
127.02900000000014 3.517568
128.03000000000014 4.414976
129.03100000000015 3.70816
130.03800000000015 3.594176
131.07800000000015 2.926584
132.08800000000014 3.2768
133.08900000000014 3.627008
134.09000000000015 4.086656
135.09100000000015 4.305536
136.09200000000016 4.349312
137.09300000000016 4.156864
138.09800000000016 4.294592
139.09900000000016 3.101696
140.10000000000016 3.955328
141.19800000000018 4.167808
142.20800000000017 4.228928
143.20900000000017 4.469696
144.29800000000017 4.408576
145.29900000000018 4.338368
146.48800000000017 2.215232
147.49800000000016 2.451456
148.49900000000017 2.83904
149.50800000000015 2.543552
150.50900000000016 3.616072
151.51800000000014 2.226176
152.51900000000015 2.1888
153.52800000000013 1.777472
154.52900000000014 2.445056
155.53800000000012 3.539456
156.53900000000013 4.239872
157.54000000000013 4.119488
158.58900000000014 4.058368
159.59000000000015 4.185152
160.59100000000015 3.670784
161.59200000000016 4.163264
162.59300000000016 4.196096
163.59800000000016 3.8176
164.60000000000016 4.228928
165.60800000000017 4.677632
166.60900000000018 4.025536
167.61000000000018 4.53536
168.6110000000002 3.813056
169.6120000000002 3.999104
171.2180000000002 3.839488
172.2190000000002 4.42592
173.22800000000018 3.473792
174.23800000000017 2.904704
175.24800000000016 2.313728
176.24900000000017 4.677632
177.25900000000016 4.568192
178.30800000000016 3.861376
179.30900000000017 4.26176
180.31000000000017 3.506624
181.31900000000016 3.637952
182.32000000000016 3.76928
183.32700000000017 2.915648
184.32800000000017 2.379392
185.33700000000016 2.51072
186.33800000000016 2.943936
187.33900000000017 3.44096
188.43900000000016 3.401728
189.49800000000016 3.265848
190.84700000000015 3.2768
191.84800000000016 2.309184
192.85000000000016 2.280896
193.85700000000017 2.56544
194.90800000000016 2.685824
195.91700000000014 2.856384
196.91800000000015 2.499776
197.91900000000015 4.031936
198.92000000000016 3.850432
199.92900000000014 4.951232
200.99700000000016 4.736896
201.99800000000016 4.611968
202.99900000000017 4.557248
204.03800000000015 3.959872
205.04900000000015 4.798016
206.12800000000016 5.02144
207.12900000000016 4.557248
208.13000000000017 4.217984
209.18800000000016 4.331944
210.18900000000016 4.841664
211.19000000000017 2.281048
212.19700000000017 2.981312
213.19800000000018 3.736448
214.19900000000018 3.517568
215.2000000000002 3.594176
216.2020000000002 3.046976
217.2180000000002 3.375296
218.22700000000017 2.576384
219.22800000000018 3.0032
220.23700000000017 3.233024
221.31800000000015 3.134528
222.32400000000015 4.26176
223.32500000000016 2.773376
224.42400000000015 2.78432
225.54500000000016 3.287744
226.58300000000017 3.265856
227.66300000000018 3.2768
228.6640000000002 2.922048
229.67300000000017 1.843136
230.67400000000018 2.718656
231.67500000000018 2.521664
232.7830000000002 3.101696
233.7840000000002 3.239424
234.7850000000002 2.926592
235.7930000000002 2.817152
236.79500000000021 2.762432
237.80300000000022 2.663936
238.80500000000023 2.718656
239.81300000000024 2.642048
240.81400000000025 3.053376
241.89400000000026 3.401728
242.89500000000027 3.977216
243.89600000000027 3.38624
244.90400000000028 3.375296
245.90500000000029 3.802112
246.9060000000003 3.090752
247.9130000000003 3.298688
248.9140000000003 2.7296
249.9150000000003 2.78432
250.9160000000003 2.867328
251.92300000000031 2.817152
252.92400000000032 2.926592
253.92500000000032 2.904712
254.92600000000033 3.462848
255.93300000000033 3.845888
256.93500000000034 3.298688
257.9430000000003 3.156416
258.9440000000003 3.189248
259.9450000000003 3.11264
260.94600000000025 3.999104
261.95300000000026 2.959424
263.0630000000003 3.828544
264.07300000000026 3.703616
265.07400000000024 3.616064
266.12400000000025 2.806208
267.1250000000002 2.889216
268.1350000000002 2.083904
269.1360000000002 2.040128
270.1440000000002 2.210688
271.14500000000015 1.865024
272.15400000000017 2.280896
273.15500000000014 2.834496
274.16400000000016 2.116736
275.16500000000013 2.718656
276.1660000000001 2.554496
277.19400000000013 2.62016
278.1950000000001 2.95488
279.1960000000001 2.554496
280.20400000000006 2.554488
281.2250000000001 2.412224
282.2440000000001 2.631104
283.2540000000001 2.812608
284.2560000000001 2.598272
285.26400000000007 2.040128
286.27400000000006 2.379392
287.27500000000003 2.714112
288.28400000000005 2.488832
289.29400000000004 2.62016
290.30400000000003 2.248064
291.314 2.145024
292.315 1.996352
293.324 2.215232
294.325 2.670336
295.32599999999996 2.576384
296.33399999999995 2.335616
297.34399999999994 2.313728
298.3449999999999 2.593728
299.3539999999999 2.23712
300.3639999999999 2.204288
301.3649999999999 2.320128
302.3739999999999 2.29184
303.3839999999999 2.718656
304.3939999999999 2.663936
305.39499999999987 2.609064
306.4039999999999 2.593728
307.4139999999999 1.05532
308.42399999999986 2.808928
309.42499999999984 2.503464
310.4329999999998 2.379392
311.4339999999998 2.642048
312.4349999999998 2.554496
313.4539999999998 2.539008
314.45499999999976 2.56544
315.46399999999977 2.56544
316.4729999999998 2.390336
317.47399999999976 2.582784
318.47499999999974 2.7296
319.4829999999997 2.718656
320.4839999999997 2.488832
321.4849999999997 2.642048
322.5039999999997 2.762432
323.5199999999997 2.998656
324.5229999999997 2.445056
