1.002 3.802112
2.003 3.430016
3.0090000000000003 3.977216
4.089 4.113088
5.099 4.174208
6.1 4.75424
7.148999999999999 4.178752
8.149999999999999 4.228928
9.158999999999999 4.69952
10.558 4.167808
11.559 4.447808
12.559999999999999 5.016896
13.569999999999999 4.375744
14.578999999999999 4.951232
15.581 4.222528
16.582 4.929344
17.678 4.82444
18.679000000000002 4.404032
19.689000000000004 4.513472
20.739000000000004 4.20064
21.740000000000006 4.688576
22.749000000000006 4.841792
23.750000000000007 3.992704
24.752000000000006 4.491584
25.758000000000006 4.382144
26.769000000000005 3.937984
27.770000000000007 4.196096
28.772000000000006 3.791168
29.778000000000006 4.185152
30.838000000000005 4.0912
31.839000000000006 4.196096
32.84 3.977216
33.847 3.922496
34.848 3.36436
35.849 3.780224
36.858 2.663936
37.858999999999995 2.67488
38.85999999999999 2.521664
39.86899999999999 2.718656
40.86999999999999 2.84544
41.88799999999999 3.0032
42.88899999999999 2.817152
43.889999999999986 2.532608
44.89799999999999 3.123584
45.90799999999999 3.200192
46.908999999999985 3.101696
47.90999999999998 3.397184
48.91099999999998 2.83904
49.91199999999998 3.243968
50.91699999999998 3.583232
51.91799999999998 3.76928
52.918999999999976 4.414976
53.927999999999976 3.806656
54.928999999999974 3.71456
55.92999999999997 3.87872
56.937999999999974 4.491584
57.97799999999997 4.167808
59.00699999999998 3.265856
60.007999999999974 2.779776
61.00899999999997 2.904704
62.010999999999974 3.068864
63.01599999999998 2.696768
64.01699999999998 2.762432
65.01799999999999 2.543552
66.02699999999999 2.451456
67.02799999999999 2.445056
68.029 2.970368
69.03699999999999 3.211136
70.04799999999999 2.959424
71.04899999999999 3.287744
72.056 3.178304
73.057 3.342464
74.06700000000001 3.145472
75.06800000000001 2.981312
76.06900000000002 3.692672
77.07000000000002 4.502528
78.07700000000003 4.031928
79.07800000000003 3.036032
80.07900000000004 3.090752
81.08000000000004 2.7296
82.08600000000004 2.587328
83.08700000000005 2.576384
84.08800000000005 2.817152
85.16700000000004 2.849984
86.17600000000004 2.812608
87.17700000000005 2.554496
88.17800000000005 3.090752
89.17900000000006 3.594176
90.33600000000006 4.331968
91.39000000000006 3.2768
92.41700000000006 4.611968
93.41800000000006 4.601024
94.42100000000006 3.916096
95.43400000000007 4.338368
96.43600000000006 3.430016
97.43700000000007 3.079808
98.45100000000006 3.134536
99.45600000000006 3.2768
100.45800000000006 3.703616
101.47200000000005 4.196096
102.50700000000005 4.31008
103.50900000000004 4.053824
104.51000000000005 3.71456
105.51700000000005 3.506624
106.51800000000006 2.817152
107.52600000000005 3.036032
108.52700000000006 3.342464
109.52900000000005 3.287744
110.53000000000006 3.134528
111.53600000000006 2.78432
112.58600000000006 3.101696
113.58700000000006 3.206592
114.58800000000006 2.40128
115.58900000000007 3.189248
116.59600000000007 3.025088
117.59700000000008 2.390336
118.60600000000008 2.40128
119.60700000000008 2.84544
120.61600000000008 2.642048
121.61700000000009 2.488832
122.62600000000009 2.423168
123.6360000000001 2.576384
124.70600000000009 3.16736
125.7160000000001 3.031488
126.7170000000001 3.025088
127.7270000000001 2.587328
128.7350000000001 2.532608
129.7360000000001 2.62016
130.7460000000001 3.156416
131.7470000000001 3.123584
132.7480000000001 3.265856
133.7560000000001 3.342464
134.75700000000012 3.134528
135.75800000000012 3.473792
136.77600000000012 3.254912
137.79600000000013 2.78432
138.79700000000014 2.90016
139.80600000000013 2.78432
140.80700000000013 2.466944
141.80900000000014 2.642048
142.81600000000014 2.663936
143.93500000000014 2.915648
144.93600000000015 2.714112
145.94600000000014 2.313728
146.94700000000014 3.134528
147.95500000000015 3.71456
148.95600000000016 3.834944
149.95700000000016 3.375296
151.01600000000016 3.861376
152.02500000000015 3.265856
153.02600000000015 3.250368
154.02700000000016 3.014144
155.02900000000017 2.685824
156.03500000000017 2.94848
157.03700000000018 2.773368
158.0450000000002 2.379392
159.1360000000002 2.62016
160.1370000000002 2.746944
161.1450000000002 2.652992
162.1560000000002 3.036032
163.1570000000002 2.806208
164.15800000000021 2.663936
165.16500000000022 2.499776
166.16600000000022 2.725056
167.1750000000002 2.34656
168.17600000000022 2.34656
169.2050000000002 2.379392
170.20700000000022 2.714112
171.20800000000023 2.423168
172.21500000000023 2.488832
173.21600000000024 2.56544
174.21700000000024 2.856384
175.22600000000023 2.7296
176.22700000000023 2.434112
177.23600000000022 1.69632
178.23700000000022 1.68992
179.23800000000023 2.965824
180.2470000000002 2.685824
181.24800000000022 2.56544
182.25600000000023 2.762432
183.26600000000022 2.62016
184.26700000000022 2.685824
185.2770000000002 2.95488
186.27800000000022 2.817152
187.2870000000002 2.532608
188.3060000000002 1.930688
189.30700000000022 1.937088
190.3160000000002 1.9088
191.3460000000002 2.29184
192.3470000000002 2.24352
193.3560000000002 2.412224
194.3570000000002 2.368448
195.3670000000002 2.177856
196.37700000000018 1.897856
197.38600000000017 2.215232
198.38700000000017 2.659392
199.39600000000016 2.313728
200.39700000000016 1.919744
201.40600000000015 2.232576
202.41600000000014 1.79936
203.42600000000013 1.488384
204.42700000000013 1.678976
205.43700000000013 2.587328
206.43800000000013 2.849984
207.45600000000013 2.998656
208.45800000000014 2.652968
209.47600000000014 2.55452
210.49700000000013 2.543552
211.5060000000001 2.412224
212.50700000000012 2.867328
213.5160000000001 2.773376
214.5260000000001 2.609216
215.5270000000001 2.740544
216.5360000000001 2.631104
217.5860000000001 2.631104
218.5870000000001 2.834496
219.5880000000001 2.149568
220.59600000000012 2.149568
221.59700000000012 2.549952
222.59800000000013 2.554496
223.60600000000014 2.62016
224.60700000000014 2.554496
225.61600000000013 2.313728
226.62600000000012 2.582784
227.6360000000001 2.40128
228.6370000000001 2.532608
229.65600000000012 2.248064
230.6660000000001 2.528064
231.66700000000012 2.368448
232.6760000000001 2.051072
233.6770000000001 2.287296
234.6860000000001 2.083904
235.6870000000001 2.215232
236.69600000000008 2.473344
237.6970000000001 2.226176
238.6980000000001 2.226176
239.7060000000001 2.488832
240.7160000000001 2.40768
241.7170000000001 1.941632
242.72600000000008 2.002752
243.7270000000001 1.843136
244.7350000000001 2.040128
245.7360000000001 2.396736
246.7460000000001 2.302784
247.7470000000001 2.423168
248.75600000000009 2.477888
249.7570000000001 2.604672
250.76600000000008 2.34656
251.76700000000008 2.456
252.77600000000007 2.860928
253.78600000000006 2.94848
254.83600000000007 2.992256
255.88600000000008 3.2768
256.9560000000001 3.265856
257.96600000000007 3.22848
258.96700000000004 2.674888
259.97600000000006 2.718656
260.98800000000006 2.499776
262.05500000000006 1.996352
263.05600000000004 2.768832
264.057 2.7296
265.075 2.67488
266.07599999999996 2.795264
267.08599999999996 2.860928
268.09599999999995 2.937536
269.17599999999993 2.89376
270.1769999999999 2.812608
271.1849999999999 2.532608
272.18599999999986 2.576384
273.18699999999984 2.521664
274.27599999999984 2.663936
275.2769999999998 2.451456
276.2849999999998 2.259008
277.2859999999998 2.34656
278.2949999999998 2.714112
279.29599999999976 2.609216
280.3049999999998 2.806208
281.30599999999976 2.795264
282.30699999999973 2.806208
283.3149999999997 2.335616
284.3169999999997 2.779776
285.3249999999997 2.510712
286.3259999999997 2.445056
287.3349999999997 1.919744
288.3359999999997 2.440512
289.3449999999997 2.116736
290.3549999999997 2.313728
291.35599999999965 2.549952
292.37499999999966 2.390336
293.38499999999965 2.379392
294.39499999999964 2.302784
295.3959999999996 2.451456
296.40499999999963 2.1824
297.4149999999996 2.445056
298.4159999999996 2.718656
299.5259999999996 3.200192
300.5269999999996 3.06432
301.53499999999957 2.806208
302.53599999999955 2.587328
303.54499999999956 2.51072
304.55499999999955 2.456
305.55599999999953 2.746944
306.56499999999954 2.324672
307.5659999999995 2.488832
308.57499999999953 2.477888
309.5759999999995 2.396736
310.5849999999995 2.21508
311.5949999999995 1.60252
312.5959999999995 2.374848
313.6149999999995 2.248072
314.6159999999995 2.094848
315.6249999999995 1.838592
316.6339999999995 1.208384
317.6349999999995 1.740096
318.63599999999946 2.1824
319.64499999999947 2.51072
320.64599999999945 2.823552
321.66499999999945 2.324672
322.67499999999944 2.29184
323.6949999999994 1.893312
