1.01 5.454656
2.011 4.890112
3.012 5.542208
4.02 4.96672
5.0809999999999995 5.338816
6.081999999999999 5.202944
7.089999999999999 4.999552
8.091 5.651656
9.091999999999999 5.098048
10.129999999999999 5.262208
11.130999999999998 5.4656
12.133 4.80256
13.133999999999999 5.35616
14.139999999999999 4.933888
15.142 5.104448
16.15 4.616512
17.151 4.743296
18.152 4.649344
19.153000000000002 5.334272
20.169000000000004 4.134976
21.171000000000003 5.159168
22.179000000000002 4.480488
23.181 2.75164
24.183 5.119936
25.185 5.378048
26.189999999999998 4.999552
27.2 4.890112
28.201 5.62976
29.202 4.999552
30.203000000000003 5.585984
31.204000000000004 4.58368
32.205000000000005 5.367104
33.209 5.108992
34.21 5.163712
35.211 5.454656
36.211999999999996 4.901048
37.212999999999994 5.432768
38.218999999999994 4.999552
39.239 5.02144
40.239999999999995 5.290496
41.24999999999999 5.218432
42.25099999999999 5.487488
43.25299999999999 4.85728
44.25599999999999 5.115392
45.257999999999996 4.715008
46.30799999999999 5.360704
47.30899999999999 4.97312
48.30999999999999 4.830848
49.310999999999986 3.87232
50.31199999999998 4.6448
51.359999999999985 4.627456
52.36199999999999 4.688576
53.368999999999986 2.204288
54.36999999999998 4.929344
55.39899999999999 4.561792
56.40099999999999 5.093504
57.47899999999999 4.736896
58.47999999999999 5.290496
59.48099999999999 4.561792
60.48899999999999 5.367104
61.48999999999999 4.52896
62.49899999999999 5.093504
63.51799999999999 4.6384
64.51999999999998 4.819904
65.57899999999998 5.02144
66.57999999999998 5.30144
67.61799999999998 4.518016
68.61899999999999 5.181056
69.62099999999998 4.382144
70.62199999999999 4.616512
71.62899999999999 4.732352
72.63 4.441408
73.631 5.279552
74.639 4.353856
75.64 5.41088
76.679 4.20064
77.68 5.257664
78.68100000000001 4.605576
79.683 5.235776
80.688 4.605568
81.699 4.896512
82.7 4.677632
83.702 4.452352
84.703 4.404032
85.75800000000001 4.561792
86.75900000000001 4.655744
87.76000000000002 4.42592
88.76200000000001 4.397632
89.76300000000002 5.060672
90.76800000000001 4.39748
91.80800000000002 3.211288
92.80900000000003 3.813056
93.81900000000003 5.224832
94.82900000000004 4.561792
95.83000000000004 5.049728
96.83100000000005 4.824448
97.83200000000005 5.060672
98.83400000000005 4.758784
99.83800000000005 5.487488
100.83900000000006 4.835392
101.84900000000006 4.053824
102.92800000000005 4.736896
103.92900000000006 4.819904
104.95900000000006 5.010496
105.96000000000006 4.841792
106.96200000000006 4.327424
108.10800000000006 4.134976
109.10900000000007 4.59008
110.11000000000007 5.13088
111.11900000000007 4.995008
112.16700000000007 4.736896
113.16800000000008 4.984064
114.19800000000008 4.846336
115.19900000000008 4.666688
116.26800000000009 5.163712
117.26900000000009 5.235776
118.31900000000009 4.605568
119.32000000000009 4.04288
120.3210000000001 5.202944
121.3270000000001 4.6384
122.3280000000001 4.655744
123.32900000000011 5.349752
124.3310000000001 5.388992
125.33800000000011 4.901056
126.38600000000011 5.13088
127.38700000000011 4.688576
128.38800000000012 4.819904
129.41800000000012 3.609664
130.41900000000012 5.22476
131.47700000000012 4.594696
132.51900000000012 4.185152
133.55700000000013 5.656192
134.55800000000013 5.08256
135.61600000000013 4.736896
136.61800000000014 4.896512
137.62700000000012 4.655744
138.62800000000013 4.780672
139.62900000000013 5.159168
140.63700000000014 4.014592
141.63800000000015 5.24672
142.65800000000016 4.233472
143.68700000000015 4.940288
144.69600000000014 4.671232
145.69700000000014 5.126336
146.69800000000015 4.272704
147.69900000000015 4.988608
148.70000000000016 5.049728
149.70300000000015 4.660288
150.70400000000015 5.224832
151.70600000000016 4.463296
152.70700000000016 4.995008
153.71700000000016 4.813504
154.73800000000014 4.984064
155.74600000000015 4.638408
156.74700000000016 4.787072
157.78600000000014 4.594624
158.79700000000014 5.181056
159.89700000000013 4.321024
160.89800000000014 5.564072
162.00600000000014 4.266328
163.04700000000014 3.265856
164.04800000000014 5.312384
165.05000000000015 4.988608
166.06600000000014 4.80896
167.06800000000015 4.922944
168.06900000000016 5.4656
169.07000000000016 4.879168
170.07100000000017 5.08256
171.07200000000017 4.605568
172.07400000000018 4.020992
173.0750000000002 4.776128
174.0770000000002 4.156864
175.0780000000002 5.115392
176.0870000000002 4.660288
177.0880000000002 5.279552
178.09700000000018 4.452352
179.09800000000018 5.038784
180.1000000000002 3.900608
181.1010000000002 4.868224
182.1030000000002 4.951232
183.3360000000002 3.725504
184.33700000000022 3.98176
185.33800000000022 4.732352
186.33900000000023 4.52896
187.34700000000024 4.984064
188.34800000000024 4.922944
189.34900000000025 5.02784
190.39600000000024 4.605568
191.40700000000024 4.250816
192.46500000000023 5.579584
193.46600000000024 4.962176
194.50700000000023 4.879168
195.51700000000022 4.798016
196.5860000000002 5.032376
197.58700000000022 5.071616
198.58800000000022 4.579136
199.59000000000023 4.660288
200.59100000000024 5.268608
201.59200000000024 4.80256
202.62600000000023 5.098048
203.62700000000024 5.421824
204.62900000000025 5.207488
205.63000000000025 5.181056
206.63600000000025 4.288192
207.63700000000026 4.732352
208.68800000000024 4.660288
209.69100000000023 4.611968
210.78600000000023 5.229376
211.78700000000023 4.633856
212.78800000000024 5.038784
213.78900000000024 4.507072
214.79600000000025 4.513472
215.83600000000024 4.244416
216.83700000000024 4.228928
217.83800000000025 4.885568
218.83900000000025 4.025536
219.84000000000026 5.115392
220.84600000000026 4.846336
221.87600000000026 4.283648
222.91500000000025 5.371648
223.91600000000025 5.35616
224.96600000000026 4.485184
225.97600000000025 5.345224
226.97700000000026 4.813504
227.97800000000026 5.049728
228.97900000000027 4.901056
230.00600000000026 5.224832
231.00700000000026 5.108992
232.00800000000027 5.16996
233.00900000000027 2.762584
234.01000000000028 4.550848
235.01300000000026 5.432768
236.01900000000026 4.977664
237.02600000000027 5.202944
238.02700000000027 4.518016
239.02800000000028 5.181056
240.02900000000028 4.321016
241.16900000000027 5.202944
242.17200000000025 5.1856
243.17600000000024 5.060672
244.17800000000025 4.846336
245.18400000000025 5.224832
246.18500000000026 4.189696
247.18800000000024 5.159168
248.19000000000025 4.58368
249.19200000000026 3.813056
250.19500000000025 4.9184
251.20400000000024 4.561792
252.21400000000023 4.338368
253.22400000000022 4.31648
254.2350000000002 4.41952
255.23600000000022 4.73236
256.2380000000002 4.397632
257.2390000000002 4.622912
258.2540000000002 5.071616
259.25500000000017 4.178752
260.25600000000014 4.787072
261.2640000000001 4.485184
262.2650000000001 4.6448
263.2660000000001 4.305536
264.2680000000001 3.419072
265.2750000000001 4.408576
266.27600000000007 5.005952
267.2830000000001 4.156864
268.28400000000005 4.852736
269.36400000000003 4.977664
270.365 3.977216
271.366 3.966272
272.368 4.721408
273.37399999999997 4.03648
274.38399999999996 4.743296
275.38499999999993 3.44096
276.3859999999999 4.141376
277.41399999999993 3.751936
278.4149999999999 3.93344
279.4229999999999 3.911552
280.42399999999986 4.294592
281.4329999999999 4.119488
282.45299999999986 3.390784
283.45399999999984 4.053824
284.4549999999998 4.42592
285.4569999999998 4.010048
286.4629999999998 4.441408
287.4649999999998 3.9006
288.4659999999998 4.053824
289.4729999999998 3.484736
290.47399999999976 3.375296
291.47499999999974 3.911552
292.4759999999997 3.839488
293.4829999999997 3.60512
294.4839999999997 4.798016
295.4849999999997 3.736448
296.4919999999997 3.506624
297.50199999999967 2.817152
298.51199999999966 2.806208
299.51299999999964 2.7296
300.52199999999965 2.652992
301.53199999999964 2.67488
302.5329999999996 2.648448
303.5339999999996 2.248064
304.5419999999996 2.269928
305.54299999999955 2.560896
306.55199999999957 2.17148
307.55299999999954 2.062016
308.56199999999956 2.707712
309.57199999999955 2.51712
310.58199999999954 2.652992
311.5829999999995 2.751464
312.5839999999995 2.543576
313.6719999999995 2.357504
314.6839999999995 2.746944
315.6919999999995 2.215232
316.7519999999995 1.580328
317.7719999999995 1.685376
319.0209999999995 1.591576
320.0219999999995 1.783872
321.03199999999947 1.569536
322.03299999999945 2.79072
323.04199999999946 2.34656
324.04299999999944 1.777472
