1.007 4.58368
2.008 5.24672
3.016 4.58368
4.0169999999999995 4.787072
5.0569999999999995 5.054272
6.058 5.159168
7.058999999999999 4.912
8.067 5.30144
9.069 5.119936
10.07 5.104448
11.071 4.277248
12.076 4.776128
13.196000000000002 4.660288
14.197000000000001 5.290496
15.198 4.141376
16.199 4.791616
17.200000000000003 4.962168
18.225 3.751936
19.236 4.502528
20.237000000000002 4.42592
21.239 5.032384
22.243000000000002 4.86368
23.245 4.649344
24.246000000000002 4.929344
25.325000000000003 4.3648
26.326000000000004 5.005952
27.336000000000006 4.130432
28.356000000000005 3.970816
29.357000000000006 5.509376
30.358000000000008 4.74784
31.366000000000007 5.202944
32.37500000000001 4.200648
33.376000000000005 5.421824
34.377 5.065216
35.378 4.819904
36.379 5.065216
37.385 4.3712
38.466 4.758784
39.467 4.787072
40.475 4.163264
41.476 4.572736
42.477 5.08256
43.477999999999994 5.13088
44.47899999999999 5.399936
45.48499999999999 3.572288
46.66499999999999 3.32512
47.73599999999999 3.2768
48.73699999999999 5.454656
49.74499999999999 4.375744
50.74599999999999 4.622912
51.77599999999999 4.48064
52.78599999999999 3.900608
53.786999999999985 4.518016
54.78799999999998 5.257664
55.79499999999998 4.627456
56.79599999999998 4.6448
57.796999999999976 4.0912
58.79799999999997 4.502528
59.88499999999998 5.229376
60.885999999999974 4.819904
61.89399999999998 4.568192
62.90499999999998 3.156408
63.99499999999998 3.839488
64.99599999999998 3.889664
66.00499999999998 4.130432
67.00599999999999 3.87872
68.00699999999999 3.966272
69.00899999999999 4.85728
70.01099999999998 5.367104
71.01599999999998 4.769728
72.01699999999998 4.436864
73.02599999999998 3.802112
74.02699999999999 3.76288
75.02899999999998 3.99908
76.06699999999998 3.26588
77.06799999999998 4.743296
78.07399999999998 3.38624
79.07499999999999 3.5504
80.094 3.69268
81.095 3.456448
82.096 4.633856
83.105 4.80896
84.10600000000001 3.87232
85.10700000000001 3.966272
86.11500000000001 3.342464
87.11600000000001 4.020992
88.11700000000002 4.185152
89.12500000000001 3.795712
90.12600000000002 5.443712
91.12700000000002 4.988608
92.12800000000003 5.399936
93.18700000000003 3.883264
94.18800000000003 5.279552
95.18900000000004 4.605568
96.19200000000004 5.181056
97.19400000000003 4.627456
98.19500000000004 5.35616
99.19600000000004 4.715008
100.19800000000004 5.334272
101.20400000000004 4.167808
102.20500000000004 5.257664
103.20600000000005 5.108992
104.20700000000005 5.7392
105.22400000000005 5.087104
106.29400000000004 5.02144
107.29500000000004 4.732352
108.38400000000004 5.049728
109.39400000000005 3.839488
110.39500000000005 4.655744
111.44100000000006 4.660288
112.44200000000006 5.432768
113.44400000000006 4.824424
114.45900000000006 4.830872
115.46200000000006 4.901056
116.47500000000007 5.367104
117.47800000000007 4.715
118.48400000000007 5.542208
119.48500000000007 4.922944
120.49600000000007 5.202792
121.49700000000007 2.521816
122.49800000000008 4.550848
123.51800000000007 5.060672
124.60400000000007 4.441408
125.60500000000008 4.436864
126.61400000000008 5.268608
127.61500000000008 3.948928
128.62400000000008 5.443712
129.62500000000009 4.069312
130.6260000000001 4.513472
131.6280000000001 4.031936
132.6300000000001 4.649352
133.6340000000001 4.984064
134.6440000000001 4.485184
135.6450000000001 5.115392
136.6470000000001 4.911976
137.64900000000011 5.575064
138.65100000000012 4.85728
139.66400000000013 4.940288
140.66500000000013 4.846336
141.66600000000014 4.830848
142.69200000000015 4.233472
143.69300000000015 4.940288
144.69500000000016 3.419072
145.69600000000017 5.065216
146.69700000000017 4.655744
147.71200000000016 4.868216
148.71300000000016 4.524416
149.72100000000017 5.159168
150.73000000000016 4.704064
151.74000000000015 5.24672
152.74200000000016 4.715008
153.74300000000017 4.995008
154.74400000000017 4.41952
155.74500000000018 5.202944
156.74700000000018 4.660288
157.8210000000002 5.51392
158.8220000000002 5.388992
159.8230000000002 4.780672
160.8240000000002 5.651648
161.82500000000022 4.74784
162.82700000000023 5.312384
163.82800000000023 5.065216
164.84100000000024 5.108992
165.84200000000024 5.345216
166.86100000000025 4.507072
167.87100000000024 5.454656
168.87200000000024 4.890112
169.87300000000025 5.542208
170.88100000000026 4.96672
171.94200000000026 5.338816
172.94300000000027 5.202944
173.95100000000028 4.999552
174.95200000000028 5.651656
175.9530000000003 5.098048
176.9910000000003 5.262208
177.9920000000003 5.4656
178.9940000000003 4.80256
179.99500000000032 5.35616
181.00100000000032 4.933888
182.00300000000033 5.104448
183.01100000000034 4.616512
184.01200000000034 4.743296
185.01300000000035 4.649344
186.01400000000035 5.334272
187.03000000000034 4.134976
188.03200000000035 5.159168
189.04000000000036 4.480488
190.04200000000037 2.75164
191.04400000000038 5.119936
192.0460000000004 5.378048
193.05100000000039 4.999552
194.06100000000038 4.890112
195.06200000000038 5.62976
196.0630000000004 4.999552
197.0640000000004 5.585984
198.0650000000004 4.58368
199.0660000000004 5.367104
200.0700000000004 5.108992
201.0710000000004 5.163712
202.0720000000004 5.454656
203.0730000000004 4.901048
204.0740000000004 5.432768
205.0800000000004 4.999552
206.10000000000042 5.02144
207.10100000000043 5.290496
208.11100000000042 5.218432
209.11200000000042 5.487488
210.11400000000043 4.85728
211.11700000000042 5.115392
212.11900000000043 4.715008
213.16900000000044 5.360704
214.17000000000044 4.97312
215.17100000000045 4.830848
216.17200000000045 3.87232
217.17300000000046 4.6448
218.22100000000046 4.627456
219.22300000000047 4.688576
220.23000000000047 2.204288
221.23100000000048 4.929344
222.26000000000047 4.561792
223.26200000000048 5.093504
224.3400000000005 4.736896
225.3410000000005 5.290496
226.3420000000005 4.561792
227.3500000000005 5.367104
228.3510000000005 4.52896
229.3600000000005 5.093504
230.3790000000005 4.6384
231.3810000000005 4.819904
232.4400000000005 5.02144
233.4410000000005 5.30144
234.47900000000053 4.518016
235.48000000000053 5.181056
236.48200000000054 4.382144
237.48300000000054 4.616512
238.49000000000055 4.732352
239.49100000000055 4.441408
240.49200000000056 5.279552
241.50000000000057 4.353856
242.50100000000057 5.41088
243.54000000000056 4.20064
244.54100000000057 5.257664
245.54200000000057 4.605576
246.54400000000058 5.235776
247.54900000000058 4.605568
248.56000000000057 4.896512
249.56100000000058 4.677632
250.56300000000059 4.452352
251.5640000000006 4.404032
252.6190000000006 4.561792
253.6200000000006 4.655744
254.6210000000006 4.42592
255.62300000000062 4.397632
256.6240000000006 5.060672
257.6290000000006 4.39748
258.6690000000006 3.211288
259.6700000000006 3.813056
260.6800000000006 5.224832
261.69000000000057 4.561792
262.69100000000054 5.049728
263.6920000000005 4.824448
264.6930000000005 5.060672
265.6950000000005 4.758784
266.6990000000005 5.487488
267.7000000000005 4.835392
268.7100000000005 4.053824
269.7890000000005 4.736896
270.7900000000005 4.819904
271.82000000000045 5.010496
272.8210000000004 4.841792
273.82300000000043 4.327424
274.96900000000045 4.134976
275.9700000000004 4.59008
276.9710000000004 5.13088
277.9800000000004 4.995008
279.0280000000004 4.736896
280.0290000000004 4.984064
281.05900000000037 4.846336
282.06000000000034 4.666688
283.12900000000036 5.163712
284.13000000000034 5.235776
285.18000000000035 4.605568
286.1810000000003 4.04288
287.1820000000003 5.202944
288.1880000000003 4.6384
289.18900000000025 4.655744
290.1900000000002 5.349752
291.19200000000023 5.388992
292.19900000000024 4.901056
293.24700000000024 5.13088
294.2480000000002 4.688576
295.2490000000002 4.819904
296.27900000000017 3.609664
297.28000000000014 5.22476
298.33800000000014 4.594696
299.3800000000001 4.185152
300.4180000000001 5.656192
301.4190000000001 5.08256
302.4770000000001 4.736896
303.4790000000001 4.896512
304.4880000000001 4.655744
305.4890000000001 4.780672
306.49000000000007 5.159168
307.49800000000005 4.014592
308.499 5.24672
309.519 4.233472
310.548 4.940288
311.557 4.671232
312.558 5.126336
313.55899999999997 4.272704
314.55999999999995 4.988608
315.5609999999999 5.049728
316.5639999999999 4.660288
317.5649999999999 5.224832
318.5669999999999 4.463296
319.56799999999987 4.995008
320.57799999999986 4.813504
321.5989999999999 4.984064
322.60699999999986 4.638408
323.60799999999983 4.787072
