1.001 5.126336
2.077 4.496128
3.078 3.042432
4.079 2.67488
5.0809999999999995 4.572736
6.087 5.08256
7.087999999999999 4.463296
8.091 4.907456
9.097 4.15232
10.106 3.861376
11.107 4.349312
12.107999999999999 4.086656
13.108999999999998 4.338368
14.116999999999997 3.76288
15.117999999999997 4.042856
16.136999999999997 3.254936
17.137999999999998 3.014144
18.145999999999997 3.090752
19.147 2.959424
20.156 3.0096
21.157 2.313728
22.178 2.849976
23.186 2.89376
24.187 2.751488
25.188000000000002 2.685824
26.277 3.036032
27.286 2.779776
28.287000000000003 3.014144
29.288000000000004 3.145472
30.306000000000004 3.036032
31.308000000000003 4.196096
32.316 3.068864
33.327000000000005 2.29184
34.328 2.94848
35.337 3.955328
36.338 4.0976
37.343 3.353408
38.346000000000004 3.544
39.356 3.473792
40.396 2.959424
41.397 2.02464
42.406 1.821248
43.407 3.025088
44.416999999999994 4.23988
45.425999999999995 3.397184
46.42699999999999 3.342464
47.42799999999999 3.856832
48.43599999999999 3.616064
49.43699999999999 3.977216
50.44599999999999 3.992704
51.44699999999999 3.824
52.45699999999999 3.725504
53.46599999999999 3.758336
54.466999999999985 3.616064
55.46799999999998 3.93344
56.475999999999985 3.65344
57.48599999999998 3.5504
58.48699999999998 4.414976
59.49699999999998 4.688576
60.497999999999976 4.014592
61.50599999999998 3.76928
62.50699999999998 3.7144
63.51599999999998 2.20444
64.51799999999997 3.856832
65.52599999999997 4.688576
66.52699999999997 3.802112
67.52799999999998 3.681728
68.53599999999997 3.686272
69.53699999999998 3.451904
70.53799999999998 3.408128
71.53899999999999 3.506624
72.53999999999999 3.561344
73.54599999999999 3.090752
74.556 2.576384
75.557 2.889216
76.622 3.43456
77.626 4.469696
78.628 4.633856
79.636 3.539456
80.637 2.981312
81.638 3.046976
82.64 3.0032
83.645 3.561344
84.646 3.05792
85.656 2.598272
86.658 3.22208
87.659 2.7296
88.665 3.014144
89.66600000000001 3.068864
90.66700000000002 3.49568
91.66800000000002 3.65984
92.67600000000002 3.76928
93.67800000000001 3.243968
94.68500000000002 3.05792
95.68600000000002 2.652992
96.71600000000002 2.740544
97.71700000000003 3.38624
98.80600000000003 3.16736
99.89500000000002 3.265856
100.89600000000003 3.375296
101.89800000000002 4.163264
102.90500000000003 3.2768
103.90600000000003 2.499784
104.91500000000003 3.031488
105.92500000000004 2.313728
106.93500000000004 2.882816
107.93600000000005 3.594176
108.94500000000005 3.375296
109.94600000000005 3.014144
110.95500000000006 3.834944
111.95600000000006 3.068864
112.95700000000006 3.594176
113.96500000000006 3.594176
114.96600000000007 3.265856
115.96700000000007 3.2768
116.97600000000007 2.751488
117.97700000000007 2.751488
118.97800000000008 3.16736
119.97900000000008 3.824
120.98500000000008 3.156416
121.98600000000009 2.67488
122.9870000000001 2.40128
123.99500000000009 2.488832
124.9960000000001 2.90016
126.00400000000009 3.036032
127.0050000000001 2.7296
128.00600000000009 3.014144
129.0140000000001 3.200192
130.0250000000001 2.882816
131.03400000000008 3.506624
132.03500000000008 3.539456
133.04400000000007 3.156416
134.05400000000006 1.668032
135.06400000000005 1.718208
136.06500000000005 1.952576
137.07400000000004 2.773376
138.07500000000005 3.108096
139.14400000000003 3.412672
140.14500000000004 3.364352
141.15400000000002 3.473792
142.15500000000003 3.243968
143.18500000000003 3.014144
144.19400000000002 3.184704
145.19600000000003 3.189248
146.19700000000003 2.871872
147.19800000000004 3.200192
148.20400000000004 3.014144
149.20500000000004 2.740544
150.20600000000005 3.101688
151.21400000000006 3.561344
152.21500000000006 3.616064
153.22400000000005 4.0976
154.22500000000005 3.59872
155.23300000000006 3.108096
156.23400000000007 2.707712
157.24200000000008 2.981312
158.24300000000008 3.046976
159.24400000000009 2.663936
160.2450000000001 2.226176
161.2530000000001 2.670336
162.2730000000001 2.477888
163.27400000000011 2.466944
164.2830000000001 2.412224
165.2840000000001 2.652992
166.3920000000001 3.233024
167.39300000000011 2.232576
168.39400000000012 2.302784
169.39500000000012 2.630952
170.59200000000013 2.653144
171.59300000000013 2.801664
172.59400000000014 3.583232
173.59500000000014 2.904704
174.60200000000015 2.685824
175.60300000000015 3.036032
176.60400000000016 2.652992
177.61200000000017 3.145472
178.61900000000017 3.036032
179.62300000000016 3.0032
180.62400000000017 4.086656
181.62500000000017 5.02784
182.62700000000018 3.145472
183.62800000000018 4.167808
184.6290000000002 3.845888
185.63200000000018 3.845888
186.63400000000019 3.254912
187.6420000000002 3.65984
188.65200000000019 3.287744
189.6530000000002 2.740544
190.6540000000002 3.046976
191.6550000000002 4.721408
192.6620000000002 3.178304
193.6630000000002 3.233024
194.66400000000021 3.11264
195.6730000000002 3.681728
196.6740000000002 3.2768
197.68200000000022 3.046976
198.6920000000002 2.937536
199.69400000000022 2.751488
200.69500000000022 3.156416
201.69600000000023 3.036032
202.70200000000023 2.78432
203.70300000000023 2.937536
205.24100000000024 2.013696
206.24200000000025 0.59552
207.24300000000025 1.794816
208.25300000000024 1.346112
209.25400000000025 1.613312
210.26100000000025 2.335616
211.26200000000026 2.363904
212.26300000000026 2.368448
213.27200000000025 2.62016
214.27300000000025 2.981312
215.28100000000026 3.670784
216.28200000000027 2.083904
217.28300000000027 3.5504
218.28400000000028 3.681728
219.28500000000028 4.020992
220.2920000000003 3.025096
221.2930000000003 3.38624
222.2940000000003 2.609216
223.2950000000003 3.05792
224.2960000000003 3.101696
225.3010000000003 3.911552
226.3020000000003 3.101696
227.3120000000003 3.900608
228.3130000000003 4.458752
229.3140000000003 4.211584
230.3210000000003 3.561344
231.32200000000032 4.185152
232.32300000000032 4.59008
233.32400000000032 4.780672
234.32500000000033 4.108544
235.32600000000033 4.349312
236.32800000000034 4.539904
237.33200000000033 4.491584
238.33300000000034 2.937536
239.33400000000034 3.922496
240.34200000000035 4.058368
241.34300000000036 4.469696
242.35300000000035 3.462848
243.36100000000036 3.397184
244.36200000000036 4.907456
245.36300000000037 4.080256
246.36400000000037 4.414976
247.36500000000038 4.3712
248.38200000000037 3.5504
249.38300000000038 2.981312
250.38600000000037 3.561344
251.47100000000037 3.357952
252.53200000000038 3.287744
253.54100000000037 3.06432
254.54200000000037 2.740544
255.54300000000038 3.594176
256.6210000000004 3.697216
257.62200000000036 3.484736
258.62300000000033 3.156416
259.6310000000003 3.108096
260.6610000000003 3.357952
261.6630000000003 4.108544
262.6710000000003 3.528512
263.67200000000025 3.44096
264.67300000000023 4.611968
265.6740000000002 4.20064
266.6750000000002 4.568192
267.68100000000015 3.944384
268.68200000000013 3.024936
269.6830000000001 2.007448
270.6920000000001 2.849984
271.77100000000013 3.036032
272.7720000000001 3.151872
273.7730000000001 2.313728
274.7800000000001 2.280896
275.78100000000006 3.200192
276.7900000000001 2.937536
277.90100000000007 2.499768
278.90200000000004 2.112192
279.90400000000005 1.58048
280.91100000000006 2.560896
281.92100000000005 2.598272
282.922 1.919744
283.93 1.882368
284.932 1.821248
285.933 2.269952
286.94 2.29824
287.951 2.215232
288.961 1.79936
289.962 2.746944
290.96999999999997 2.248064
291.97099999999995 2.248064
292.9719999999999 1.96992
293.98099999999994 1.908728
294.98999999999995 1.963592
295.99099999999993 1.9152
297.0009999999999 1.427264
298.0019999999999 1.663488
299.0099999999999 1.646144
300.0209999999999 1.58688
301.0309999999999 1.668032
302.0709999999999 1.0944
303.0799999999999 1.466496
304.0809999999999 1.066112
305.0909999999999 1.116288
306.0999999999999 1.061568
307.1099999999999 1.25216
308.1119999999999 1.050624
309.1299999999999 1.181952
310.1399999999999 0.836288
311.1709999999999 0.897408
312.1799999999999 1.247616
313.18099999999987 1.295936
314.1899999999999 1.389888
315.1999999999999 1.20384
316.2399999999999 0.726848
317.2499999999999 0.569088
318.3099999999999 0.558144
319.32999999999987 0.2736
320.3409999999999 0.689472
321.3499999999999 0.792512
322.3509999999999 1.028736
323.3599999999999 1.411776
