1.002 5.312384
2.003 5.065216
3.016 5.108992
4.0169999999999995 5.345216
5.036 4.507072
6.045999999999999 5.454656
7.046999999999999 4.890112
8.047999999999998 5.542208
9.055999999999997 4.96672
10.116999999999997 5.338816
11.117999999999997 5.202944
12.125999999999998 4.999552
13.126999999999997 5.651656
14.127999999999997 5.098048
15.165999999999997 5.262208
16.166999999999998 5.4656
17.168999999999997 4.80256
18.169999999999998 5.35616
19.176 4.933888
20.177999999999997 5.104448
21.185999999999996 4.616512
22.186999999999998 4.743296
23.188 4.649344
24.189 5.334272
25.205 4.134976
26.206999999999997 5.159168
27.214999999999996 4.480488
28.216999999999995 2.75164
29.218999999999994 5.119936
30.220999999999993 5.378048
31.225999999999992 4.999552
32.23599999999999 4.890112
33.23699999999999 5.62976
34.237999999999985 4.999552
35.23899999999998 5.585984
36.23999999999998 4.58368
37.24099999999998 5.367104
38.244999999999976 5.108992
39.245999999999974 5.163712
40.24699999999997 5.454656
41.24799999999997 4.901048
42.24899999999997 5.432768
43.25499999999997 4.999552
44.27499999999997 5.02144
45.27599999999997 5.290496
46.285999999999966 5.218432
47.28699999999996 5.487488
48.288999999999966 4.85728
49.291999999999966 5.115392
50.29399999999997 4.715008
51.343999999999966 5.360704
52.34499999999996 4.97312
53.34599999999996 4.830848
54.34699999999996 3.87232
55.347999999999956 4.6448
56.39599999999996 4.627456
57.39799999999996 4.688576
58.40499999999996 2.204288
59.405999999999956 4.929344
60.43499999999996 4.561792
61.43699999999996 5.093504
62.514999999999965 4.736896
63.51599999999996 5.290496
64.51699999999997 4.561792
65.52499999999996 5.367104
66.52599999999997 4.52896
67.53499999999997 5.093504
68.55399999999997 4.6384
69.55599999999997 4.819904
70.61499999999997 5.02144
71.61599999999997 5.30144
72.65399999999997 4.518016
73.65499999999997 5.181056
74.65699999999997 4.382144
75.65799999999997 4.616512
76.66499999999998 4.732352
77.66599999999998 4.441408
78.66699999999999 5.279552
79.67499999999998 4.353856
80.67599999999999 5.41088
81.71499999999999 4.20064
82.716 5.257664
83.717 4.605576
84.719 5.235776
85.72399999999999 4.605568
86.73499999999999 4.896512
87.73599999999999 4.677632
88.73799999999999 4.452352
89.73899999999999 4.404032
90.794 4.561792
91.795 4.655744
92.796 4.42592
93.798 4.397632
94.799 5.060672
95.804 4.39748
96.84400000000001 3.211288
97.84500000000001 3.813056
98.85500000000002 5.224832
99.86500000000002 4.561792
100.86600000000003 5.049728
101.86700000000003 4.824448
102.86800000000004 5.060672
103.87000000000003 4.758784
104.87400000000004 5.487488
105.87500000000004 4.835392
106.88500000000005 4.053824
107.96400000000004 4.736896
108.96500000000005 4.819904
109.99500000000005 5.010496
110.99600000000005 4.841792
111.99800000000005 4.327424
113.14400000000005 4.134976
114.14500000000005 4.59008
115.14600000000006 5.13088
116.15500000000006 4.995008
117.20300000000006 4.736896
118.20400000000006 4.984064
119.23400000000007 4.846336
120.23500000000007 4.666688
121.30400000000007 5.163712
122.30500000000008 5.235776
123.35500000000008 4.605568
124.35600000000008 4.04288
125.35700000000008 5.202944
126.36300000000008 4.6384
127.36400000000009 4.655744
128.3650000000001 5.349752
129.3670000000001 5.388992
130.3740000000001 4.901056
131.4220000000001 5.13088
132.42300000000012 4.688576
133.42400000000012 4.819904
134.45400000000012 3.609664
135.45500000000013 5.22476
136.51300000000012 4.594696
137.55500000000012 4.185152
138.59300000000013 5.656192
139.59400000000014 5.08256
140.65200000000013 4.736896
141.65400000000014 4.896512
142.66300000000012 4.655744
143.66400000000013 4.780672
144.66500000000013 5.159168
145.67300000000014 4.014592
146.67400000000015 5.24672
147.69400000000016 4.233472
148.72300000000016 4.940288
149.73200000000014 4.671232
150.73300000000015 5.126336
151.73400000000015 4.272704
152.73500000000016 4.988608
153.73600000000016 5.049728
154.73900000000015 4.660288
155.74000000000015 5.224832
156.74200000000016 4.463296
157.74300000000017 4.995008
158.75300000000016 4.813504
159.77400000000014 4.984064
160.78200000000015 4.638408
161.78300000000016 4.787072
162.82200000000014 4.594624
163.83300000000014 5.181056
164.93300000000013 4.321024
165.93400000000014 5.564072
167.04200000000014 4.266328
168.08300000000014 3.265856
169.08400000000015 5.312384
170.08600000000015 4.988608
171.10200000000015 4.80896
172.10400000000016 4.922944
173.10500000000016 5.4656
174.10600000000017 4.879168
175.10700000000017 5.08256
176.10800000000017 4.605568
177.11000000000018 4.020992
178.1110000000002 4.776128
179.1130000000002 4.156864
180.1140000000002 5.115392
181.1230000000002 4.660288
182.1240000000002 5.279552
183.13300000000018 4.452352
184.13400000000019 5.038784
185.1360000000002 3.900608
186.1370000000002 4.868224
187.1390000000002 4.951232
188.3720000000002 3.725504
189.37300000000022 3.98176
190.37400000000022 4.732352
191.37500000000023 4.52896
192.38300000000024 4.984064
193.38400000000024 4.922944
194.38500000000025 5.02784
195.43200000000024 4.605568
196.44300000000024 4.250816
197.50100000000023 5.579584
198.50200000000024 4.962176
199.54300000000023 4.879168
200.55300000000022 4.798016
201.6220000000002 5.032376
202.62300000000022 5.071616
203.62400000000022 4.579136
204.62600000000023 4.660288
205.62700000000024 5.268608
206.62800000000024 4.80256
207.66200000000023 5.098048
208.66300000000024 5.421824
209.66500000000025 5.207488
210.66600000000025 5.181056
211.67200000000025 4.288192
212.67300000000026 4.732352
213.72400000000025 4.660288
214.72700000000023 4.611968
215.82200000000023 5.229376
216.82300000000023 4.633856
217.82400000000024 5.038784
218.82500000000024 4.507072
219.83200000000025 4.513472
220.87200000000024 4.244416
221.87300000000025 4.228928
222.87400000000025 4.885568
223.87500000000026 4.025536
224.87600000000026 5.115392
225.88200000000026 4.846336
226.91200000000026 4.283648
227.95100000000025 5.371648
228.95200000000025 5.35616
230.00200000000027 4.485184
231.01200000000026 5.345224
232.01300000000026 4.813504
233.01400000000027 5.049728
234.01500000000027 4.901056
235.04200000000026 5.224832
236.04300000000026 5.108992
237.04400000000027 5.16996
238.04500000000027 2.762584
239.04600000000028 4.550848
240.04900000000026 5.432768
241.05500000000026 4.977664
242.06200000000027 5.202944
243.06300000000027 4.518016
244.06400000000028 5.181056
245.06500000000028 4.321016
246.20500000000027 5.202944
247.20800000000025 5.1856
248.21200000000024 5.060672
249.21400000000025 4.846336
250.22000000000025 5.224832
251.22100000000026 4.189696
252.22400000000025 5.159168
253.22600000000025 4.58368
254.22800000000026 3.813056
255.23100000000025 4.9184
256.24000000000024 4.561792
257.2500000000002 4.338368
258.2600000000002 4.31648
259.27100000000024 4.41952
260.2720000000002 4.73236
261.2740000000002 4.397632
262.2750000000002 4.622912
263.2900000000002 5.071616
264.29100000000017 4.178752
265.29200000000014 4.787072
266.3000000000001 4.485184
267.3010000000001 4.6448
268.3020000000001 4.305536
269.3040000000001 3.419072
270.3110000000001 4.408576
271.31200000000007 5.005952
272.3190000000001 4.156864
273.32000000000005 4.852736
274.40000000000003 4.977664
275.401 3.977216
276.402 3.966272
277.404 4.721408
278.40999999999997 4.03648
279.41999999999996 4.743296
280.42099999999994 3.44096
281.4219999999999 4.141376
282.44999999999993 3.751936
283.4509999999999 3.93344
284.4589999999999 3.911552
285.45999999999987 4.294592
286.4689999999999 4.119488
287.48899999999986 3.390784
288.48999999999984 4.053824
289.4909999999998 4.42592
290.4929999999998 4.010048
291.4989999999998 4.441408
292.5009999999998 3.9006
293.5019999999998 4.053824
294.5089999999998 3.484736
295.50999999999976 3.375296
296.51099999999974 3.911552
297.5119999999997 3.839488
298.5189999999997 3.60512
299.5199999999997 4.798016
300.5209999999997 3.736448
301.5279999999997 3.506624
302.53799999999967 2.817152
303.54799999999966 2.806208
304.54899999999964 2.7296
305.55799999999965 2.652992
306.56799999999964 2.67488
307.5689999999996 2.648448
308.5699999999996 2.248064
309.5779999999996 2.269928
310.57899999999955 2.560896
311.58799999999957 2.17148
312.58899999999954 2.062016
313.59799999999956 2.707712
314.60799999999955 2.51712
315.61799999999954 2.652992
316.6189999999995 2.751464
317.6199999999995 2.543576
318.7079999999995 2.357504
319.7199999999995 2.746944
320.7279999999995 2.215232
321.7879999999995 1.580328
322.8079999999995 1.685376
324.0569999999995 1.591576
