1.001 3.5504
2.0199999999999996 3.69268
3.0209999999999995 3.456448
4.021999999999999 4.633856
5.030999999999999 4.80896
6.031999999999998 3.87232
7.032999999999998 3.966272
8.040999999999997 3.342464
9.041999999999996 4.020992
10.042999999999996 4.185152
11.050999999999995 3.795712
12.051999999999994 5.443712
13.052999999999994 4.988608
14.053999999999993 5.399936
15.112999999999992 3.883264
16.113999999999994 5.279552
17.114999999999995 4.605568
18.117999999999995 5.181056
19.119999999999994 4.627456
20.120999999999995 5.35616
21.121999999999996 4.715008
22.123999999999995 5.334272
23.129999999999995 4.167808
24.130999999999997 5.257664
25.131999999999998 5.108992
26.133 5.7392
27.15 5.087104
28.22 5.02144
29.221 4.732352
30.31 5.049728
31.32 3.839488
32.321 4.655744
33.367 4.660288
34.367999999999995 5.432768
35.37 4.824424
36.385 4.830872
37.388 4.901056
38.400999999999996 5.367104
39.403999999999996 4.715
40.41 5.542208
41.410999999999994 4.922944
42.422 5.202792
43.422999999999995 2.521816
44.42399999999999 4.550848
45.443999999999996 5.060672
46.529999999999994 4.441408
47.53099999999999 4.436864
48.53999999999999 5.268608
49.54099999999999 3.948928
50.54999999999999 5.443712
51.55099999999999 4.069312
52.551999999999985 4.513472
53.55399999999999 4.031936
54.55599999999999 4.649352
55.55999999999999 4.984064
56.569999999999986 4.485184
57.570999999999984 5.115392
58.572999999999986 4.911976
59.57499999999999 5.575064
60.57699999999999 4.85728
61.58999999999999 4.940288
62.59099999999999 4.846336
63.591999999999985 4.830848
64.61799999999998 4.233472
65.61899999999999 4.940288
66.62099999999998 3.419072
67.62199999999999 5.065216
68.62299999999999 4.655744
69.63799999999999 4.868216
70.639 4.524416
71.64699999999999 5.159168
72.65599999999999 4.704064
73.666 5.24672
74.66799999999999 4.715008
75.669 4.995008
76.67 4.41952
77.671 5.202944
78.673 4.660288
79.747 5.51392
80.748 5.388992
81.74900000000001 4.780672
82.75000000000001 5.651648
83.75100000000002 4.74784
84.75300000000001 5.312384
85.75400000000002 5.065216
86.76700000000002 5.108992
87.76800000000003 5.345216
88.78700000000003 4.507072
89.79700000000004 5.454656
90.79800000000004 4.890112
91.79900000000005 5.542208
92.80700000000004 4.96672
93.86800000000005 5.338816
94.86900000000006 5.202944
95.87700000000005 4.999552
96.87800000000006 5.651656
97.87900000000006 5.098048
98.91700000000006 5.262208
99.91800000000006 5.4656
100.92000000000006 4.80256
101.92100000000006 5.35616
102.92700000000006 4.933888
103.92900000000006 5.104448
104.93700000000005 4.616512
105.93800000000006 4.743296
106.93900000000006 4.649344
107.94000000000007 5.334272
108.95600000000007 4.134976
109.95800000000007 5.159168
110.96600000000007 4.480488
111.96800000000006 2.75164
112.97000000000006 5.119936
113.97200000000005 5.378048
114.97700000000005 4.999552
115.98700000000005 4.890112
116.98800000000006 5.62976
117.98900000000006 4.999552
118.99000000000007 5.585984
119.99100000000007 4.58368
120.99200000000008 5.367104
121.99600000000008 5.108992
122.99700000000009 5.163712
123.99800000000009 5.454656
124.9990000000001 4.901048
126.0000000000001 5.432768
127.0060000000001 4.999552
128.0260000000001 5.02144
129.0270000000001 5.290496
130.0370000000001 5.218432
131.0380000000001 5.487488
132.0400000000001 4.85728
133.0430000000001 5.115392
134.0450000000001 4.715008
135.0950000000001 5.360704
136.09600000000012 4.97312
137.09700000000012 4.830848
138.09800000000013 3.87232
139.09900000000013 4.6448
140.14700000000013 4.627456
141.14900000000014 4.688576
142.15600000000015 2.204288
143.15700000000015 4.929344
144.18600000000015 4.561792
145.18800000000016 5.093504
146.26600000000016 4.736896
147.26700000000017 5.290496
148.26800000000017 4.561792
149.27600000000018 5.367104
150.27700000000019 4.52896
151.28600000000017 5.093504
152.30500000000018 4.6384
153.3070000000002 4.819904
154.36600000000018 5.02144
155.3670000000002 5.30144
156.4050000000002 4.518016
157.4060000000002 5.181056
158.40800000000021 4.382144
159.40900000000022 4.616512
160.41600000000022 4.732352
161.41700000000023 4.441408
162.41800000000023 5.279552
163.42600000000024 4.353856
164.42700000000025 5.41088
165.46600000000024 4.20064
166.46700000000024 5.257664
167.46800000000025 4.605576
168.47000000000025 5.235776
169.47500000000025 4.605568
170.48600000000025 4.896512
171.48700000000025 4.677632
172.48900000000026 4.452352
173.49000000000026 4.404032
174.54500000000027 4.561792
175.54600000000028 4.655744
176.54700000000028 4.42592
177.5490000000003 4.397632
178.5500000000003 5.060672
179.5550000000003 4.39748
180.59500000000028 3.211288
181.5960000000003 3.813056
182.60600000000028 5.224832
183.61600000000027 4.561792
184.61700000000027 5.049728
185.61800000000028 4.824448
186.61900000000028 5.060672
187.6210000000003 4.758784
188.62500000000028 5.487488
189.6260000000003 4.835392
190.63600000000028 4.053824
191.7150000000003 4.736896
192.7160000000003 4.819904
193.7460000000003 5.010496
194.7470000000003 4.841792
195.7490000000003 4.327424
196.8950000000003 4.134976
197.8960000000003 4.59008
198.8970000000003 5.13088
199.9060000000003 4.995008
200.9540000000003 4.736896
201.9550000000003 4.984064
202.9850000000003 4.846336
203.9860000000003 4.666688
205.0550000000003 5.163712
206.0560000000003 5.235776
207.1060000000003 4.605568
208.1070000000003 4.04288
209.10800000000032 5.202944
210.11400000000032 4.6384
211.11500000000032 4.655744
212.11600000000033 5.349752
213.11800000000034 5.388992
214.12500000000034 4.901056
215.17300000000034 5.13088
216.17400000000035 4.688576
217.17500000000035 4.819904
218.20500000000035 3.609664
219.20600000000036 5.22476
220.26400000000035 4.594696
221.30600000000035 4.185152
222.34400000000036 5.656192
223.34500000000037 5.08256
224.40300000000036 4.736896
225.40500000000037 4.896512
226.41400000000036 4.655744
227.41500000000036 4.780672
228.41600000000037 5.159168
229.42400000000038 4.014592
230.42500000000038 5.24672
231.4450000000004 4.233472
232.4740000000004 4.940288
233.48300000000037 4.671232
234.48400000000038 5.126336
235.48500000000038 4.272704
236.4860000000004 4.988608
237.4870000000004 5.049728
238.49000000000038 4.660288
239.49100000000038 5.224832
240.4930000000004 4.463296
241.4940000000004 4.995008
242.5040000000004 4.813504
243.52500000000038 4.984064
244.53300000000038 4.638408
245.5340000000004 4.787072
246.57300000000038 4.594624
247.58400000000037 5.181056
248.68400000000037 4.321024
249.68500000000037 5.564072
250.79300000000038 4.266328
251.83400000000037 3.265856
252.83500000000038 5.312384
253.8370000000004 4.988608
254.85300000000038 4.80896
255.8550000000004 4.922944
256.8560000000004 5.4656
257.85700000000037 4.879168
258.85800000000035 5.08256
259.8590000000003 4.605568
260.86100000000033 4.020992
261.8620000000003 4.776128
262.8640000000003 4.156864
263.8650000000003 5.115392
264.8740000000003 4.660288
265.8750000000003 5.279552
266.8840000000003 4.452352
267.8850000000003 5.038784
268.8870000000003 3.900608
269.88800000000026 4.868224
270.89000000000027 4.951232
272.1230000000003 3.725504
273.12400000000025 3.98176
274.1250000000002 4.732352
275.1260000000002 4.52896
276.1340000000002 4.984064
277.13500000000016 4.922944
278.13600000000014 5.02784
279.18300000000016 4.605568
280.1940000000002 4.250816
281.2520000000002 5.579584
282.25300000000016 4.962176
283.29400000000015 4.879168
284.30400000000014 4.798016
285.37300000000016 5.032376
286.37400000000014 5.071616
287.3750000000001 4.579136
288.3770000000001 4.660288
289.3780000000001 5.268608
290.3790000000001 4.80256
291.41300000000007 5.098048
292.41400000000004 5.421824
293.41600000000005 5.207488
294.41700000000003 5.181056
295.423 4.288192
296.424 4.732352
297.47499999999997 4.660288
298.47799999999995 4.611968
299.573 5.229376
300.57399999999996 4.633856
301.57499999999993 5.038784
302.5759999999999 4.507072
303.5829999999999 4.513472
304.62299999999993 4.244416
305.6239999999999 4.228928
306.6249999999999 4.885568
307.62599999999986 4.025536
308.62699999999984 5.115392
309.6329999999998 4.846336
310.6629999999998 4.283648
311.70199999999977 5.371648
312.70299999999975 5.35616
313.75299999999976 4.485184
314.76299999999975 5.345224
315.7639999999997 4.813504
316.7649999999997 5.049728
317.7659999999997 4.901056
318.79299999999967 5.224832
319.79399999999964 5.108992
320.7949999999996 5.16996
321.7959999999996 2.762584
322.79699999999957 4.550848
323.79999999999956 5.432768
