1.01 1.904256
2.021 1.985408
3.0309999999999997 1.996352
4.039999999999999 1.783872
5.049999999999999 1.821248
6.050999999999998 1.740096
7.060999999999998 1.52576
8.061999999999998 2.24352
9.062999999999997 2.368448
10.064999999999998 3.309632
11.070999999999998 3.189248
12.071999999999997 2.83904
13.082999999999997 2.740544
14.089999999999996 3.200192
15.090999999999996 2.893688
16.099999999999994 2.64212
17.103999999999996 3.375296
18.150999999999996 3.156416
19.229999999999997 3.265856
20.289999999999996 3.2768
21.290999999999997 3.206592
22.291999999999998 2.685824
23.299999999999997 2.576384
24.319999999999997 2.248064
25.359999999999996 2.390336
26.360999999999997 2.670336
27.362 2.795264
28.369999999999997 2.21508
29.419999999999998 2.14972
30.43 2.232576
31.431 2.587328
32.432 2.466944
33.440000000000005 2.473344
34.441 2.390336
35.45 2.116736
36.451 2.707712
37.452 2.7296
38.452999999999996 2.812608
39.459999999999994 2.576384
40.46099999999999 3.627008
41.46999999999999 4.020992
42.47999999999999 3.295
43.48099999999999 2.306464
44.48999999999999 2.29184
45.499999999999986 1.974464
46.50199999999999 3.250368
47.508999999999986 1.974464
48.509999999999984 2.806208
49.518999999999984 3.189248
50.52099999999999 4.69952
51.521999999999984 4.20064
52.52299999999998 5.148224
53.52999999999998 4.922944
54.53899999999998 4.765184
55.63899999999998 4.3648
56.63999999999998 4.874624
57.64099999999998 4.0976
58.687999999999974 4.124032
59.689999999999976 3.320576
60.69199999999998 4.185152
61.69799999999998 4.524416
62.69899999999998 3.93344
63.699999999999974 3.583232
64.70199999999997 3.8176
65.70399999999997 4.108544
66.70699999999997 4.108544
67.71799999999996 4.239872
68.71899999999997 3.353408
69.72799999999997 3.046976
70.73699999999997 2.915648
71.73799999999997 2.390336
72.73899999999998 2.302784
73.75699999999998 1.543104
74.76699999999998 0.853632
75.76799999999999 1.284992
76.77699999999999 2.412224
77.77899999999998 2.757888
78.79799999999999 2.302784
79.79899999999999 2.642048
80.80699999999999 2.313728
81.80799999999999 2.101248
82.818 1.657088
83.847 1.411776
84.86699999999999 0.897408
85.87799999999999 1.088
86.88699999999999 1.389888
87.89699999999999 2.43412
88.91699999999999 1.96352
89.91799999999999 2.090304
90.92699999999999 2.083904
91.928 2.488832
93.00699999999999 2.926592
94.008 3.086208
95.017 2.576384
96.027 2.193344
97.028 2.806208
98.098 2.466944
99.106 2.385792
100.116 1.9088
101.117 2.412224
102.11800000000001 3.342464
103.19600000000001 3.046976
104.22800000000001 2.998656
105.236 3.33152
106.266 3.489256
107.26700000000001 3.81308
108.27600000000001 2.817152
109.28600000000002 2.35296
110.28700000000002 3.353408
111.29700000000003 3.65984
112.30600000000003 3.664376
113.30700000000003 3.648896
114.30800000000004 3.76928
115.32600000000004 4.579136
116.32700000000004 2.707712
117.32900000000004 3.200192
118.33600000000004 2.051072
119.33700000000005 2.692224
120.34500000000004 1.952576
121.36600000000004 1.624256
122.41500000000005 3.265856
123.45500000000006 3.287744
124.50500000000005 3.2768
125.51500000000006 3.2768
126.51600000000006 3.528512
127.58500000000006 3.025088
128.59300000000007 3.22848
129.59400000000008 2.051072
130.59500000000008 2.029184
131.60400000000007 2.221632
132.60600000000008 2.937536
133.62300000000008 1.875968
134.62400000000008 1.6416
135.6430000000001 1.405376
136.72400000000007 2.259008
137.74300000000008 2.035584
138.7450000000001 1.350656
139.7630000000001 1.58688
140.7640000000001 1.543104
141.7650000000001 1.602368
142.7730000000001 1.74464
143.77400000000011 2.429568
144.77500000000012 2.040128
145.78300000000013 2.576384
146.78400000000013 3.44096
147.79300000000012 2.751336
148.79400000000012 1.816704
149.93300000000013 1.296088
150.95500000000013 1.116288
151.9640000000001 1.181952
152.96500000000012 1.186496
153.97300000000013 1.58688
154.98300000000012 1.466496
155.98400000000012 1.055168
156.9930000000001 1.006848
157.9940000000001 1.171008
159.0230000000001 1.088
160.0330000000001 1.280448
161.0350000000001 1.164608
162.04800000000012 0.886464
163.0630000000001 0.470592
164.0640000000001 0.733248
165.0730000000001 1.460096
166.08300000000008 1.575936
167.1430000000001 1.241216
168.1440000000001 1.346112
169.15300000000008 1.47744
170.15400000000008 1.350656
171.1730000000001 1.75104
172.18300000000008 1.58048
173.19300000000007 1.838592
174.20300000000006 1.558592
175.21300000000005 1.958976
176.21400000000006 1.733696
177.22300000000004 1.674432
178.22400000000005 1.25216
179.23300000000003 1.324224
180.26200000000003 0.891008
181.26400000000004 1.072512
182.27200000000005 1.564992
183.28200000000004 1.722752
184.29200000000003 1.652544
185.29300000000003 0.912896
186.30200000000002 0.853632
187.33100000000002 0.667584
188.33200000000002 0.93024
189.33300000000003 1.438208
190.342 1.816704
191.34300000000002 1.25216
192.353 1.335168
193.511 1.077056
194.69 0.580032
195.7 0.569088
196.701 1.291392
197.71099999999998 1.777472
198.72099999999998 2.090304
199.73099999999997 2.34656
200.73999999999995 1.974464
201.75999999999996 1.181952
202.76099999999997 0.93024
203.79099999999997 1.241216
204.79199999999997 1.346112
205.87999999999997 1.066112
206.88099999999997 2.746944
207.88199999999998 2.379392
208.88899999999998 3.845888
209.89 2.215232
210.89999999999998 1.58688
211.91899999999998 0.59552
212.94899999999998 0.361152
213.95199999999997 0.284544
214.95899999999997 0.93024
216.05999999999997 1.438208
217.12899999999996 3.265856
218.15999999999997 3.287744
219.16099999999997 2.965824
220.16999999999996 2.160512
221.17099999999996 2.631104
222.19899999999996 2.062016
223.19999999999996 1.69632
224.20899999999995 1.444608
225.21899999999994 1.263104
226.23599999999993 0.995904
227.33899999999994 1.153664
228.34999999999994 1.072512
229.35899999999992 1.466496
230.37899999999993 0.869128
231.39899999999994 0.908352
232.40999999999994 0.689472
233.41899999999993 1.083456
234.42899999999992 0.97856
235.42999999999992 1.25856
236.57899999999992 1.503872
237.5889999999999 1.291392
238.5919999999999 1.816704
239.6089999999999 1.996352
240.6189999999999 1.843136
241.6199999999999 2.221632
242.62899999999988 2.040128
243.62999999999988 1.816704
244.63899999999987 0.770624
245.63999999999987 1.31328
246.64899999999986 1.843136
247.65099999999987 2.528064
248.67899999999986 1.613312
249.68899999999985 1.564992
250.82899999999984 0.989504
251.82999999999984 1.80576
252.83199999999985 2.029184
254.15099999999984 0.404928
255.15899999999985 1.843136
256.15999999999985 1.816704
257.16899999999987 1.733696
258.16999999999985 2.396736
259.17199999999985 1.96352
260.17899999999986 1.68992
261.1879999999999 1.948032
262.18899999999985 1.9088
263.19699999999983 1.80576
264.20899999999983 1.536704
265.21799999999985 1.652544
266.2359999999998 1.547648
267.23799999999983 1.740096
268.24699999999984 1.613312
269.2479999999998 2.101248
270.2489999999998 1.79936
271.2509999999998 1.948032
272.2579999999998 1.788416
273.2679999999998 1.657088
274.2779999999998 2.02464
275.27899999999977 2.07296
276.28699999999975 2.456
277.2879999999997 2.659392
278.2889999999997 2.609216
279.2979999999997 2.707712
280.30899999999974 2.7296
281.3169999999997 2.970368
282.33799999999974 2.860928
283.3389999999997 2.670336
284.3469999999997 2.40128
285.3569999999997 2.488832
286.35799999999966 2.313728
287.35899999999964 2.79072
288.36799999999965 2.718656
289.37699999999967 2.631104
290.37799999999964 2.817152
291.38699999999966 2.685824
292.41699999999963 2.543552
293.4179999999996 2.834496
294.4189999999996 2.521664
295.42699999999957 2.696768
296.43699999999956 2.773376
297.43799999999953 2.94848
298.44699999999955 2.663936
299.45699999999954 2.987712
300.4579999999995 2.67488
301.46699999999953 2.587304
302.4679999999995 2.204312
303.4769999999995 2.265408
304.4969999999995 1.131776
305.71699999999953 0.569088
306.7269999999995 2.01824
307.7279999999995 2.604672
308.7369999999995 2.576384
309.7469999999995 2.051072
310.7569999999995 2.057472
311.7669999999995 1.175552
312.7769999999995 2.123136
313.77799999999945 1.85408
314.78699999999947 1.930688
315.78799999999944 2.418624
316.7959999999994 2.477888
317.80699999999945 2.62016
318.8079999999994 2.40128
319.8089999999994 2.889216
320.8169999999994 2.412224
321.8269999999994 2.280896
322.82799999999935 2.434112
323.8289999999993 2.604672
324.8369999999993 2.379392
