1.008 3.200192
2.019 2.882816
3.028 3.506624
4.029 3.539456
5.038 3.156416
6.048 1.668032
7.058 1.718208
8.059 1.952576
9.068 2.773376
10.068999999999999 3.108096
11.137999999999998 3.412672
12.138999999999998 3.364352
13.147999999999998 3.473792
14.148999999999997 3.243968
15.178999999999997 3.014144
16.187999999999995 3.184704
17.189999999999994 3.189248
18.190999999999995 2.871872
19.191999999999997 3.200192
20.197999999999997 3.014144
21.198999999999998 2.740544
22.2 3.101688
23.208 3.561344
24.209 3.616064
25.218 4.0976
26.219 3.59872
27.227 3.108096
28.228 2.707712
29.236 2.981312
30.237000000000002 3.046976
31.238000000000003 2.663936
32.239000000000004 2.226176
33.24700000000001 2.670336
34.26700000000001 2.477888
35.26800000000001 2.466944
36.27700000000001 2.412224
37.278000000000006 2.652992
38.386 3.233024
39.387 2.232576
40.388 2.302784
41.388999999999996 2.630952
42.586 2.653144
43.586999999999996 2.801664
44.587999999999994 3.583232
45.58899999999999 2.904704
46.59599999999999 2.685824
47.59699999999999 3.036032
48.597999999999985 2.652992
49.60599999999999 3.145472
50.612999999999985 3.036032
51.61699999999998 3.0032
52.61799999999998 4.086656
53.61899999999998 5.02784
54.62099999999998 3.145472
55.62199999999998 4.167808
56.622999999999976 3.845888
57.625999999999976 3.845888
58.62799999999998 3.254912
59.63599999999998 3.65984
60.64599999999998 3.287744
61.64699999999998 2.740544
62.647999999999975 3.046976
63.64899999999997 4.721408
64.65599999999998 3.178304
65.65699999999998 3.233024
66.65799999999999 3.11264
67.66699999999999 3.681728
68.66799999999999 3.2768
69.67599999999999 3.046976
70.68599999999999 2.937536
71.68799999999999 2.751488
72.689 3.156416
73.69 3.036032
74.696 2.78432
75.697 2.937536
77.235 2.013696
78.236 0.59552
79.23700000000001 1.794816
80.24700000000001 1.346112
81.24800000000002 1.613312
82.25500000000002 2.335616
83.25600000000003 2.363904
84.25700000000003 2.368448
85.26600000000003 2.62016
86.26700000000004 2.981312
87.27500000000003 3.670784
88.27600000000004 2.083904
89.27700000000004 3.5504
90.27800000000005 3.681728
91.27900000000005 4.020992
92.28600000000006 3.025096
93.28700000000006 3.38624
94.28800000000007 2.609216
95.28900000000007 3.05792
96.29000000000008 3.101696
97.29500000000007 3.911552
98.29600000000008 3.101696
99.30600000000008 3.900608
100.30700000000009 4.458752
101.30800000000009 4.211584
102.3150000000001 3.561344
103.3160000000001 4.185152
104.3170000000001 4.59008
105.31800000000011 4.780672
106.31900000000012 4.108544
107.32000000000012 4.349312
108.32200000000012 4.539904
109.32600000000012 4.491584
110.32700000000013 2.937536
111.32800000000013 3.922496
112.33600000000013 4.058368
113.33700000000013 4.469696
114.34700000000014 3.462848
115.35500000000013 3.397184
116.35600000000014 4.907456
117.35700000000014 4.080256
118.35800000000015 4.414976
119.35900000000015 4.3712
120.37600000000015 3.5504
121.37700000000015 2.981312
122.38000000000015 3.561344
123.46500000000015 3.357952
124.52600000000015 3.287744
125.53500000000015 3.06432
126.53600000000016 2.740544
127.53700000000016 3.594176
128.61500000000015 3.697216
129.61600000000016 3.484736
130.61700000000016 3.156416
131.62500000000017 3.108096
132.65500000000017 3.357952
133.65700000000018 4.108544
134.6650000000002 3.528512
135.6660000000002 3.44096
136.6670000000002 4.611968
137.6680000000002 4.20064
138.6690000000002 4.568192
139.6750000000002 3.944384
140.67600000000022 3.024936
141.67700000000022 2.007448
142.6860000000002 2.849984
143.7650000000002 3.036032
144.76600000000022 3.151872
145.76700000000022 2.313728
146.77400000000023 2.280896
147.77500000000023 3.200192
148.78400000000022 2.937536
149.8950000000002 2.499768
150.8960000000002 2.112192
151.89800000000022 1.58048
152.90500000000023 2.560896
153.91500000000022 2.598272
154.91600000000022 1.919744
155.92400000000023 1.882368
156.92600000000024 1.821248
157.92700000000025 2.269952
158.93400000000025 2.29824
159.94500000000025 2.215232
160.95500000000024 1.79936
161.95600000000024 2.746944
162.96400000000025 2.248064
163.96500000000026 2.248064
164.96600000000026 1.96992
165.97500000000025 1.908728
166.98400000000024 1.963592
167.98500000000024 1.9152
168.99500000000023 1.427264
169.99600000000024 1.663488
171.00400000000025 1.646144
172.01500000000024 1.58688
173.02500000000023 1.668032
174.06500000000023 1.0944
175.0740000000002 1.466496
176.07500000000022 1.066112
177.0850000000002 1.116288
178.0940000000002 1.061568
179.10400000000018 1.25216
180.1060000000002 1.050624
181.1240000000002 1.181952
182.13400000000019 0.836288
183.1650000000002 0.897408
184.17400000000018 1.247616
185.17500000000018 1.295936
186.18400000000017 1.389888
187.19400000000016 1.20384
188.23400000000015 0.726848
189.24400000000014 0.569088
190.30400000000014 0.558144
191.32400000000015 0.2736
192.33500000000015 0.689472
193.34400000000014 0.792512
194.34500000000014 1.028736
195.35400000000013 1.411776
196.35500000000013 1.394432
197.54400000000012 1.69632
198.54500000000013 1.591424
199.55400000000012 1.794816
200.5650000000001 1.569536
201.5740000000001 1.980864
202.5750000000001 1.832192
203.6240000000001 1.79936
204.6310000000001 1.488384
205.6340000000001 1.554048
206.6440000000001 0.891008
207.64700000000008 0.8208
208.67400000000006 0.634752
209.69400000000007 1.241216
210.71900000000008 1.192896
211.72400000000007 1.105344
212.95400000000006 0.448704
213.97400000000007 0.584576
214.98800000000008 1.03968
216.00400000000008 1.455552
217.01400000000007 1.372544
218.02400000000006 1.740096
219.03400000000005 1.3616
220.04400000000004 1.96992
221.04500000000004 1.843136
222.05400000000003 1.400832
223.07400000000004 1.120832
224.07500000000005 2.02464
225.08400000000003 1.077056
226.13300000000004 0.755136
227.15300000000005 0.60192
228.15400000000005 1.302336
229.15600000000006 1.875968
230.17400000000006 1.875968
231.17500000000007 0.974016
233.39400000000006 0.700416
234.40400000000005 1.985408
235.40500000000006 2.736
236.40600000000006 2.226176
237.40700000000007 2.149568
238.41400000000007 2.904704
239.42400000000006 2.860928
240.42500000000007 2.911104
241.42600000000007 2.871872
242.42700000000008 2.663936
243.43400000000008 2.937536
244.4350000000001 2.434112
245.4430000000001 2.068416
246.4530000000001 1.153664
247.4540000000001 1.433664
248.46300000000008 1.153672
249.46400000000008 1.47744
250.47300000000007 1.280448
251.48300000000006 1.30688
252.51700000000005 0.8208
253.54200000000006 0.689472
254.54300000000006 0.372096
255.56300000000007 0.415872
256.5730000000001 0.507968
257.63400000000007 0.404928
258.6530000000001 0.339264
259.66300000000007 0.590976
260.67300000000006 1.444608
261.67400000000004 1.668032
262.69300000000004 1.788416
263.70400000000006 1.96992
264.7130000000001 1.700864
265.71400000000006 2.62656
266.71500000000003 2.324648
267.725 1.832216
268.76300000000003 0.689472
269.773 0.590976
270.774 1.48196
271.783 2.976768
272.785 2.138648
273.793 1.547648
274.803 1.849536
275.983 0.415872
276.993 1.339712
278.043 2.598272
279.053 2.473344
280.073 0.967616
281.08299999999997 1.236672
282.335 1.875968
283.342 1.772928
284.34299999999996 1.558592
285.352 1.729152
286.36199999999997 1.755584
287.364 1.849536
288.37199999999996 1.274048
289.37299999999993 1.740096
290.39199999999994 1.777472
291.40199999999993 2.123136
292.4029999999999 1.766528
293.4119999999999 1.958976
294.4219999999999 1.41632
295.46199999999993 2.215232
296.4629999999999 2.210688
297.4639999999999 2.368448
298.47199999999987 2.215232
299.47299999999984 2.29824
300.48199999999986 1.996352
301.5219999999999 2.01824
302.52299999999985 2.363904
303.54299999999984 1.74464
304.55199999999985 2.210688
305.56199999999984 1.25216
306.5629999999998 1.718208
307.57199999999983 1.591424
308.5819999999998 1.75104
309.59099999999984 1.74464
310.61199999999985 2.007296
311.62199999999984 1.96992
312.63199999999983 1.547648
313.63399999999984 2.07936
314.64299999999986 1.96352
315.65099999999984 2.34656
316.6519999999998 1.80576
317.66099999999983 1.357056
318.6909999999998 0.836288
319.8209999999998 0.21888
320.8219999999998 1.608768
321.82299999999975 1.74464
322.83099999999973 1.783872
323.8319999999997 1.394432
324.8409999999997 1.608768
325.84299999999973 1.646144
