1.001 3.26588
2.01 3.397184
3.0109999999999997 3.98816
4.013 3.71456
5.02 3.845888
6.020999999999999 2.8062
7.0219999999999985 3.287744
8.029999999999998 3.49568
9.030999999999997 2.806208
10.039999999999997 3.068864
11.040999999999997 3.309632
12.049999999999997 2.335616
13.059999999999997 2.521664
14.088999999999997 2.871872
15.089999999999996 3.261312
16.090999999999998 2.762432
17.092 2.795264
18.099 2.94848
19.1 2.762432
20.101000000000003 3.243968
21.102000000000004 3.506624
22.109000000000005 3.506624
23.111000000000004 3.484736
24.119000000000003 2.806208
25.129000000000005 2.598272
26.130000000000006 2.773376
27.159000000000006 2.871872
28.160000000000007 2.51712
29.16100000000001 2.259008
30.169000000000008 2.62016
31.17000000000001 2.642048
32.21900000000001 3.068864
33.220000000000006 2.867328
34.221000000000004 2.78432
35.229000000000006 2.445056
36.230000000000004 2.663936
37.231 2.466944
38.239000000000004 2.90016
39.24 2.970368
40.249 2.89376
41.259 2.324672
42.26 3.320576
43.260999999999996 3.353408
44.269 3.561344
45.269999999999996 2.860928
46.278999999999996 2.335616
47.279999999999994 2.506176
48.28099999999999 2.817152
49.288999999999994 3.22208
50.28999999999999 2.576384
51.29099999999999 2.423168
52.31899999999999 2.423168
53.39799999999999 3.265856
54.39899999999999 3.506624
55.508999999999986 3.046976
56.518999999999984 2.834496
57.51999999999998 2.89376
58.52099999999998 2.89376
59.52899999999998 2.882816
60.52999999999998 2.849984
61.53099999999998 2.849984
62.531999999999975 2.609216
63.57899999999997 3.123584
64.66699999999997 3.2768
65.67899999999997 3.162816
66.67999999999998 3.233024
67.68899999999998 2.576384
68.68999999999998 2.149568
69.69099999999999 2.07296
70.69899999999998 2.342016
71.69999999999999 2.828096
72.70899999999999 3.22208
73.719 2.685824
74.728 2.598272
75.729 2.374848
76.739 2.751488
77.74900000000001 2.62016
78.75000000000001 2.26996
79.75800000000001 2.696768
80.75900000000001 2.363904
81.76900000000002 2.543552
82.77000000000002 2.773376
83.77800000000002 1.886912
84.77900000000002 3.06432
85.79100000000003 3.481048
86.85900000000002 3.285032
87.86000000000003 3.151872
88.91000000000003 3.423616
89.91100000000003 4.743296
90.91700000000003 3.889664
91.91800000000003 3.298688
92.91900000000004 3.889664
93.95800000000004 3.817448
95.17700000000004 3.276952
96.17800000000004 2.878272
97.23800000000004 3.675328
98.23900000000005 4.349312
99.24100000000004 3.802112
100.24200000000005 3.430016
101.24800000000005 3.977216
102.32800000000005 4.113088
103.33800000000005 4.174208
104.33900000000006 4.75424
105.38800000000006 4.178752
106.38900000000007 4.228928
107.39800000000007 4.69952
108.79700000000007 4.167808
109.79800000000007 4.447808
110.79900000000008 5.016896
111.80900000000008 4.375744
112.81800000000008 4.951232
113.82000000000008 4.222528
114.82100000000008 4.929344
115.91700000000009 4.82444
116.91800000000009 4.404032
117.9280000000001 4.513472
118.9780000000001 4.20064
119.9790000000001 4.688576
120.9880000000001 4.841792
121.9890000000001 3.992704
122.9910000000001 4.491584
123.9970000000001 4.382144
125.0080000000001 3.937984
126.0090000000001 4.196096
127.0110000000001 3.791168
128.01700000000008 4.185152
129.07700000000008 4.0912
130.0780000000001 4.196096
131.0790000000001 3.977216
132.0860000000001 3.922496
133.0870000000001 3.36436
134.0880000000001 3.780224
135.0970000000001 2.663936
136.0980000000001 2.67488
137.0990000000001 2.521664
138.1080000000001 2.718656
139.1090000000001 2.84544
140.1270000000001 3.0032
141.1280000000001 2.817152
142.1290000000001 2.532608
143.1370000000001 3.123584
144.1470000000001 3.200192
145.1480000000001 3.101696
146.14900000000011 3.397184
147.15000000000012 2.83904
148.15100000000012 3.243968
149.15600000000012 3.583232
150.15700000000012 3.76928
151.15800000000013 4.414976
152.16700000000012 3.806656
153.16800000000012 3.71456
154.16900000000012 3.87872
155.17700000000013 4.491584
156.21700000000013 4.167808
157.24600000000012 3.265856
158.24700000000013 2.779776
159.24800000000013 2.904704
160.25000000000014 3.068864
161.25500000000014 2.696768
162.25600000000014 2.762432
163.25700000000015 2.543552
164.26600000000013 2.451456
165.26700000000014 2.445056
166.26800000000014 2.970368
167.27600000000015 3.211136
168.28700000000015 2.959424
169.28800000000015 3.287744
170.29500000000016 3.178304
171.29600000000016 3.342464
172.30600000000015 3.145472
173.30700000000016 2.981312
174.30800000000016 3.692672
175.30900000000017 4.502528
176.31600000000017 4.031928
177.31700000000018 3.036032
178.31800000000018 3.090752
179.3190000000002 2.7296
180.3250000000002 2.587328
181.3260000000002 2.576384
182.3270000000002 2.817152
183.4060000000002 2.849984
184.4150000000002 2.812608
185.4160000000002 2.554496
186.4170000000002 3.090752
187.4180000000002 3.594176
188.57500000000022 4.331968
189.62900000000022 3.2768
190.6560000000002 4.611968
191.6570000000002 4.601024
192.6600000000002 3.916096
193.6730000000002 4.338368
194.6750000000002 3.430016
195.67600000000022 3.079808
196.69000000000023 3.134536
197.69500000000022 3.2768
198.69700000000023 3.703616
199.71100000000024 4.196096
200.74600000000024 4.31008
201.74800000000025 4.053824
202.74900000000025 3.71456
203.75600000000026 3.506624
204.75700000000026 2.817152
205.76500000000027 3.036032
206.76600000000028 3.342464
207.76800000000028 3.287744
208.7690000000003 3.134528
209.7750000000003 2.78432
210.8250000000003 3.101696
211.8260000000003 3.206592
212.8270000000003 2.40128
213.82800000000032 3.189248
214.83500000000032 3.025088
215.83600000000033 2.390336
216.8450000000003 2.40128
217.84600000000032 2.84544
218.8550000000003 2.642048
219.8560000000003 2.488832
220.8650000000003 2.423168
221.87500000000028 2.576384
222.94500000000028 3.16736
223.95500000000027 3.031488
224.95600000000027 3.025088
225.96600000000026 2.587328
226.97400000000027 2.532608
227.97500000000028 2.62016
228.98500000000027 3.156416
229.98600000000027 3.123584
230.98700000000028 3.265856
231.9950000000003 3.342464
232.9960000000003 3.134528
233.9970000000003 3.473792
235.0150000000003 3.254912
236.0350000000003 2.78432
237.0360000000003 2.90016
238.0450000000003 2.78432
239.0460000000003 2.466944
240.04800000000031 2.642048
241.05500000000032 2.663936
242.17400000000032 2.915648
243.17500000000032 2.714112
244.18500000000031 2.313728
245.18600000000032 3.134528
246.19400000000033 3.71456
247.19500000000033 3.834944
248.19600000000034 3.375296
249.25500000000034 3.861376
250.26400000000032 3.265856
251.26500000000033 3.250368
252.26600000000033 3.014144
253.26800000000034 2.685824
254.27400000000034 2.94848
255.27600000000035 2.773368
256.28400000000033 2.379392
257.37500000000034 2.62016
258.3760000000003 2.746944
259.3840000000003 2.652992
260.3950000000003 3.036032
261.3960000000003 2.806208
262.3970000000003 2.663936
263.4040000000003 2.499776
264.40500000000026 2.725056
265.41400000000027 2.34656
266.41500000000025 2.34656
267.44400000000024 2.379392
268.44600000000025 2.714112
269.44700000000023 2.423168
270.45400000000024 2.488832
271.4550000000002 2.56544
272.4560000000002 2.856384
273.4650000000002 2.7296
274.4660000000002 2.434112
275.4750000000002 1.69632
276.47600000000017 1.68992
277.47700000000015 2.965824
278.48600000000016 2.685824
279.48700000000014 2.56544
280.4950000000001 2.762432
281.5050000000001 2.62016
282.5060000000001 2.685824
283.5160000000001 2.95488
284.51700000000005 2.817152
285.52600000000007 2.532608
286.5450000000001 1.930688
287.54600000000005 1.937088
288.55500000000006 1.9088
289.58500000000004 2.29184
290.586 2.24352
291.595 2.412224
292.596 2.368448
293.606 2.177856
294.616 1.897856
295.625 2.215232
296.626 2.659392
297.635 2.313728
298.63599999999997 1.919744
299.645 2.232576
300.655 1.79936
301.66499999999996 1.488384
302.66599999999994 1.678976
303.67599999999993 2.587328
304.6769999999999 2.849984
305.6949999999999 2.998656
306.6969999999999 2.652968
307.71499999999986 2.55452
308.7359999999999 2.543552
309.7449999999999 2.412224
310.74599999999987 2.867328
311.7549999999999 2.773376
312.7649999999999 2.609216
313.76599999999985 2.740544
314.77499999999986 2.631104
315.8249999999999 2.631104
316.82599999999985 2.834496
317.8269999999998 2.149568
318.8349999999998 2.149568
319.8359999999998 2.549952
320.83699999999976 2.554496
321.84499999999974 2.62016
322.8459999999997 2.554496
323.85499999999973 2.313728
