1.01 0.828784
2.12 0.45212
3.27 0.284544
4.289 0.765944
5.308999999999999 0.887192
6.428999999999999 0.943008
7.443 0.91152
8.459 1.023632
9.469 0.642808
10.488 0.62608
11.488999999999999 0.372096
12.498999999999999 0.54868
13.508 0.678904
14.52 0.496648
15.520999999999999 0.519776
16.529 0.595808
17.762999999999998 0.572312
18.779999999999998 0.52344
19.787999999999997 0.38304
20.788999999999998 0.3868
21.808999999999997 0.473576
22.819 0.515032
23.828 0.544456
24.96 0.535128
25.968 0.710568
26.969 0.796216
28.019000000000002 0.65804
29.028000000000002 0.828008
30.109 0.763024
31.119000000000003 0.973512
32.120000000000005 0.894376
33.139 0.767688
34.149 0.865216
35.159 0.890088
36.338 1.083408
37.529 1.032056
38.539 0.956952
39.557 0.535144
40.627 0.945088
41.707 0.985352
42.995 0.923568
43.995999999999995 0.788312
45.004999999999995 1.07088
46.025 0.851408
47.155 0.944464
48.336 1.493752
49.344 0.849072
50.345 0.954976
51.354 1.077144
52.356 1.2696
53.365 1.20976
54.374 1.209592
55.375 1.212504
56.536 1.186856
57.545 1.255928
58.654 1.02612
59.664 1.381728
60.685 0.940296
61.914 0.92492
62.917 0.838168
63.924 0.807976
64.934 0.82216
66.124 1.010632
67.125 1.101832
68.154 0.661848
69.38499999999999 0.692624
70.59499999999998 1.313728
71.59599999999999 1.068696
72.60399999999998 1.269992
73.60499999999999 1.38848
74.77399999999999 1.182152
75.78399999999999 1.238048
76.835 1.108648
77.94399999999999 1.190168
78.96399999999998 0.996968
79.98299999999999 0.472456
81.79399999999998 0.21888
82.82399999999998 0.356712
83.82499999999999 0.69356
84.83399999999999 1.024928
85.91399999999999 1.267784
87.00399999999999 1.135544
88.10399999999998 0.965368
89.12299999999999 0.723728
90.234 0.407608
91.439 1.240048
92.44099999999999 0.741584
93.60399999999998 1.345488
94.60499999999999 1.424768
95.61399999999999 1.255488
96.624 0.966776
97.625 1.050712
98.634 1.272824
99.81400000000001 1.23892
100.816 1.25748
101.824 1.313984
102.89399999999999 1.2318
103.90499999999999 1.407344
105.463 1.139928
106.464 0.485904
107.472 0.731
108.503 0.715208
109.513 0.302944
110.52300000000001 0.796928
111.60100000000001 0.659584
112.70300000000002 0.974944
113.71300000000002 1.092952
114.72300000000003 0.56528
115.73300000000003 0.845808
116.74200000000003 0.609168
117.74400000000003 0.684304
118.77200000000003 0.682488
119.77300000000004 0.907464
120.81300000000005 0.754576
121.84300000000005 0.60732
122.90200000000004 0.538816
123.91200000000005 0.582808
125.06300000000005 0.52404
126.07200000000005 0.393984
127.08200000000005 0.35356
128.13200000000006 0.747448
129.25200000000007 0.816616
130.28200000000007 0.816224
131.29200000000006 0.778376
132.48200000000006 0.716488
133.50200000000007 0.612512
134.51200000000006 0.583992
135.52200000000005 0.696976
136.54200000000006 0.766088
137.76200000000006 1.014488
138.76300000000006 1.118664
139.77200000000005 0.790472
140.98200000000006 1.01912
142.00200000000007 0.799168
143.01200000000006 0.416552
144.02200000000005 0.492472
145.03200000000004 0.967584
146.04200000000003 1.108208
147.05200000000002 0.65028
148.073 0.68616
149.172 0.62888
150.182 0.659416
151.242 0.73932
152.25199999999998 0.566744
153.439 1.170888
154.441 1.236224
155.481 0.724568
156.493 1.1282
157.501 0.9368
158.58100000000002 0.93544
159.591 0.960688
160.81 0.90692
162.03 1.03744
163.046 0.650704
164.04899999999998 0.59772
165.04999999999998 0.679736
166.14 0.657872
167.14899999999997 0.623224
168.16799999999998 0.70428
169.17899999999997 0.625672
170.18799999999996 0.942232
171.19899999999996 0.563896
172.38899999999995 0.739424
173.39699999999996 0.960392
174.45899999999997 0.603064
175.569 1.090808
176.57799999999997 1.018
177.57899999999998 0.834368
178.58899999999997 0.8528
179.59799999999996 0.901128
180.61099999999996 0.745632
181.64799999999997 0.536776
182.65899999999996 0.884136
183.87799999999996 1.095776
184.88799999999995 1.036312
185.90699999999995 1.222112
186.90899999999996 1.120352
187.91699999999997 0.940856
188.92699999999996 0.581744
189.92799999999997 0.773096
191.02699999999996 0.915016
192.02799999999996 1.043496
193.21699999999996 1.009528
194.22699999999995 0.795888
195.27699999999996 0.62744
196.28699999999995 0.653656
197.29699999999994 0.65664
198.32699999999994 0.38604
199.37699999999995 0.207936
200.46699999999996 0.590512
201.46799999999996 1.017904
202.48699999999997 0.829128
203.56799999999996 1.038048
204.76699999999997 0.979368
205.94799999999998 0.957616
207.08799999999997 0.964352
208.09699999999995 0.894752
209.20599999999996 0.495416
210.42599999999996 0.42544
211.43599999999995 0.45724
212.44599999999994 0.47456
213.45599999999993 0.610992
214.54599999999994 0.42624
215.55599999999993 0.582624
216.56299999999993 0.893744
217.58599999999993 0.685272
218.59599999999992 0.686632
219.6059999999999 0.570176
220.6159999999999 0.56632
221.6459999999999 0.452072
222.6559999999999 0.717736
223.66599999999988 0.941368
224.67599999999987 0.539808
225.68599999999986 1.113264
226.69599999999986 0.982104
227.69699999999986 1.088368
228.70599999999985 0.877208
229.71599999999984 0.910864
230.72599999999983 1.11372
231.72699999999983 1.17756
232.88599999999983 1.056648
233.89599999999982 1.047496
234.9059999999998 0.839232
235.9159999999998 0.909528
236.9759999999998 0.937984
238.0659999999998 0.911672
239.2259999999998 0.995664
240.2269999999998 1.26512
241.3259999999998 0.647976
242.33599999999979 0.393984
243.34499999999977 0.45652
244.46499999999978 0.71684
245.47399999999976 0.541656
246.51399999999975 0.339264
247.51499999999976 0.494944
248.52399999999975 0.58352
249.56499999999974 0.549688
250.56699999999975 0.745928
251.68499999999975 0.783608
252.69499999999974 0.708576
253.77399999999975 0.772136
254.77499999999975 1.1076
255.79499999999976 0.933144
256.8049999999998 0.280144
257.8139999999998 0.782984
258.8259999999998 0.85096
259.8449999999998 0.90816
260.8539999999998 0.674256
261.86499999999984 0.597312
262.87399999999985 0.534048
263.96499999999986 0.735
264.96599999999984 1.040528
266.05499999999984 1.177184
267.09499999999986 1.23536
268.10499999999985 1.378024
269.12499999999983 0.863952
270.1549999999998 1.035528
271.3339999999998 1.162264
272.3429999999998 1.004008
273.34399999999977 0.92616
274.35399999999976 0.772232
275.35499999999973 1.105928
276.38299999999975 0.627792
277.39299999999974 1.031256
278.3939999999997 1.116112
279.4619999999997 1.327344
280.4629999999997 1.492168
281.46399999999966 1.087808
282.48099999999965 1.161256
283.57199999999966 0.839696
284.57299999999964 1.168664
285.69099999999963 1.640824
286.88099999999963 1.695192
287.89199999999965 0.994
287.98799999999966 0.2736
288.99799999999965 1.662816
289.9989999999996 1.952656
291.05799999999965 0.258648
292.0589999999996 0.2736
293.12799999999964 0.241144
294.38799999999964 0.485616
295.4099999999996 0.496016
296.4279999999996 0.740264
297.5879999999996 1.207056
298.59699999999964 1.235
299.5979999999996 1.051296
300.60699999999963 1.230688
301.8169999999996 1.050512
302.8269999999996 1.356696
303.8359999999996 1.286656
304.8369999999996 1.34504
305.83799999999957 0.96076
306.83899999999954 1.30328
308.08799999999957 1.248424
309.28799999999956 1.494536
310.28899999999953 1.235616
311.2899999999995 1.332664
312.2969999999995 1.348384
313.4769999999995 1.248416
314.47899999999953 1.357368
315.6769999999995 1.34808
316.8169999999995 1.327224
317.8179999999995 1.015048
318.9669999999995 1.264512
319.9759999999995 1.031144
321.0359999999995 0.910512
322.03699999999947 1.02468
323.2359999999995 1.580152
324.2479999999995 1.301664
325.4369999999995 1.346344
326.4579999999995 1.374544
327.4779999999995 1.511616
328.8569999999995 1.244608
329.9559999999995 1.558712
331.1369999999995 1.434072
332.15699999999947 1.25892
333.2159999999995 1.289008
334.4569999999995 1.38408
335.5869999999995 1.194616
336.60699999999946 1.1334
