1.001 3.419072
2.003 3.867776
3.0090000000000003 3.71456
4.01 4.48064
5.019 3.036032
6.021 2.412224
7.028 2.477896
8.029 2.221632
9.03 2.992256
10.04 3.189248
11.040999999999999 3.189248
12.043 3.430016
13.049 3.38624
14.109 3.719104
15.11 2.276352
16.128999999999998 1.897856
17.13 1.980864
18.137999999999998 1.569536
19.148 1.904256
20.159 1.985408
21.169 1.996352
22.178 1.783872
23.188000000000002 1.821248
24.189000000000004 1.740096
25.199000000000005 1.52576
26.200000000000006 2.24352
27.201000000000008 2.368448
28.203000000000007 3.309632
29.209000000000007 3.189248
30.210000000000008 2.83904
31.221000000000007 2.740544
32.22800000000001 3.200192
33.229000000000006 2.893688
34.23800000000001 2.64212
35.242000000000004 3.375296
36.289 3.156416
37.368 3.265856
38.428000000000004 3.2768
39.429 3.206592
40.43 2.685824
41.438 2.576384
42.458000000000006 2.248064
43.498000000000005 2.390336
44.499 2.670336
45.5 2.795264
46.508 2.21508
47.558 2.14972
48.568 2.232576
49.568999999999996 2.587328
50.56999999999999 2.466944
51.577999999999996 2.473344
52.57899999999999 2.390336
53.587999999999994 2.116736
54.58899999999999 2.707712
55.58999999999999 2.7296
56.59099999999999 2.812608
57.597999999999985 2.576384
58.59899999999998 3.627008
59.60799999999998 4.020992
60.61799999999998 3.295
61.61899999999998 2.306464
62.62799999999998 2.29184
63.63799999999998 1.974464
64.63999999999997 3.250368
65.64699999999998 1.974464
66.64799999999998 2.806208
67.65699999999998 3.189248
68.65899999999998 4.69952
69.65999999999998 4.20064
70.66099999999999 5.148224
71.66799999999999 4.922944
72.67699999999999 4.765184
73.77699999999999 4.3648
74.77799999999999 4.874624
75.779 4.0976
76.826 4.124032
77.82799999999999 3.320576
78.82999999999998 4.185152
79.83599999999998 4.524416
80.83699999999999 3.93344
81.838 3.583232
82.83999999999999 3.8176
83.84199999999998 4.108544
84.84499999999998 4.108544
85.85599999999998 4.239872
86.85699999999999 3.353408
87.86599999999999 3.046976
88.87499999999999 2.915648
89.87599999999999 2.390336
90.877 2.302784
91.895 1.543104
92.905 0.853632
93.906 1.284992
94.915 2.412224
95.917 2.757888
96.936 2.302784
97.93700000000001 2.642048
98.94500000000001 2.313728
99.94600000000001 2.101248
100.95600000000002 1.657088
101.98500000000001 1.411776
103.00500000000001 0.897408
104.016 1.088
105.025 1.389888
106.03500000000001 2.43412
107.055 1.96352
108.05600000000001 2.090304
109.06500000000001 2.083904
110.06600000000002 2.488832
111.14500000000001 2.926592
112.14600000000002 3.086208
113.15500000000002 2.576384
114.16500000000002 2.193344
115.16600000000003 2.806208
116.23600000000002 2.466944
117.24400000000001 2.385792
118.25400000000002 1.9088
119.25500000000002 2.412224
120.25600000000003 3.342464
121.33400000000003 3.046976
122.36600000000003 2.998656
123.37400000000002 3.33152
124.40400000000002 3.489256
125.40500000000003 3.81308
126.41400000000003 2.817152
127.42400000000004 2.35296
128.42500000000004 3.353408
129.43500000000003 3.65984
130.44400000000002 3.664376
131.44500000000002 3.648896
132.44600000000003 3.76928
133.46400000000003 4.579136
134.46500000000003 2.707712
135.46700000000004 3.200192
136.47400000000005 2.051072
137.47500000000005 2.692224
138.48300000000006 1.952576
139.50400000000005 1.624256
140.55300000000005 3.265856
141.59300000000005 3.287744
142.64300000000006 3.2768
143.65300000000005 3.2768
144.65400000000005 3.528512
145.72300000000004 3.025088
146.73100000000005 3.22848
147.73200000000006 2.051072
148.73300000000006 2.029184
149.74200000000005 2.221632
150.74400000000006 2.937536
151.76100000000005 1.875968
152.76200000000006 1.6416
153.78100000000006 1.405376
154.86200000000005 2.259008
155.88100000000006 2.035584
156.88300000000007 1.350656
157.90100000000007 1.58688
158.90200000000007 1.543104
159.90300000000008 1.602368
160.9110000000001 1.74464
161.9120000000001 2.429568
162.9130000000001 2.040128
163.9210000000001 2.576384
164.9220000000001 3.44096
165.9310000000001 2.751336
166.9320000000001 1.816704
168.0710000000001 1.296088
169.0930000000001 1.116288
170.1020000000001 1.181952
171.1030000000001 1.186496
172.1110000000001 1.58688
173.1210000000001 1.466496
174.1220000000001 1.055168
175.13100000000009 1.006848
176.1320000000001 1.171008
177.1610000000001 1.088
178.17100000000008 1.280448
179.1730000000001 1.164608
180.1860000000001 0.886464
181.20100000000008 0.470592
182.20200000000008 0.733248
183.21100000000007 1.460096
184.22100000000006 1.575936
185.28100000000006 1.241216
186.28200000000007 1.346112
187.29100000000005 1.47744
188.29200000000006 1.350656
189.31100000000006 1.75104
190.32100000000005 1.58048
191.33100000000005 1.838592
192.34100000000004 1.558592
193.35100000000003 1.958976
194.35200000000003 1.733696
195.36100000000002 1.674432
196.36200000000002 1.25216
197.371 1.324224
198.4 0.891008
199.40200000000002 1.072512
200.41000000000003 1.564992
201.42000000000002 1.722752
202.43 1.652544
203.431 0.912896
204.44 0.853632
205.469 0.667584
206.47 0.93024
207.471 1.438208
208.48 1.816704
209.481 1.25216
210.49099999999999 1.335168
211.64899999999997 1.077056
212.82799999999997 0.580032
213.83799999999997 0.569088
214.83899999999997 1.291392
215.84899999999996 1.777472
216.85899999999995 2.090304
217.86899999999994 2.34656
218.87799999999993 1.974464
219.89799999999994 1.181952
220.89899999999994 0.93024
221.92899999999995 1.241216
222.92999999999995 1.346112
224.01799999999994 1.066112
225.01899999999995 2.746944
226.01999999999995 2.379392
227.02699999999996 3.845888
228.02799999999996 2.215232
229.03799999999995 1.58688
230.05699999999996 0.59552
231.08699999999996 0.361152
232.08999999999995 0.284544
233.09699999999995 0.93024
234.19799999999995 1.438208
235.26699999999994 3.265856
236.29799999999994 3.287744
237.29899999999995 2.965824
238.30799999999994 2.160512
239.30899999999994 2.631104
240.33699999999993 2.062016
241.33799999999994 1.69632
242.34699999999992 1.444608
243.3569999999999 1.263104
244.3739999999999 0.995904
245.47699999999992 1.153664
246.48799999999991 1.072512
247.4969999999999 1.466496
248.5169999999999 0.869128
249.53699999999992 0.908352
250.54799999999992 0.689472
251.5569999999999 1.083456
252.5669999999999 0.97856
253.5679999999999 1.25856
254.7169999999999 1.503872
255.7269999999999 1.291392
256.7299999999999 1.816704
257.7469999999999 1.996352
258.7569999999999 1.843136
259.75799999999987 2.221632
260.7669999999999 2.040128
261.76799999999986 1.816704
262.7769999999999 0.770624
263.77799999999985 1.31328
264.78699999999986 1.843136
265.7889999999999 2.528064
266.8169999999999 1.613312
267.8269999999999 1.564992
268.96699999999987 0.989504
269.96799999999985 1.80576
270.96999999999986 2.029184
272.2889999999999 0.404928
273.29699999999985 1.843136
274.29799999999983 1.816704
275.30699999999985 1.733696
276.3079999999998 2.396736
277.30999999999983 1.96352
278.31699999999984 1.68992
279.32599999999985 1.948032
280.3269999999998 1.9088
281.3349999999998 1.80576
282.3469999999998 1.536704
283.3559999999998 1.652544
284.3739999999998 1.547648
285.3759999999998 1.740096
286.3849999999998 1.613312
287.3859999999998 2.101248
288.3869999999998 1.79936
289.3889999999998 1.948032
290.3959999999998 1.788416
291.4059999999998 1.657088
292.4149999999998 2.396736
293.41599999999977 2.280896
294.42399999999975 2.280896
295.48499999999973 2.466944
296.4859999999997 2.62656
297.4949999999997 2.390336
298.5049999999997 2.29184
299.5539999999997 2.51072
300.5649999999997 2.528064
301.5659999999997 2.423168
302.5749999999997 2.34656
303.6439999999997 2.532608
304.6449999999997 2.604672
305.6459999999997 2.390336
306.64699999999965 2.357504
307.6939999999997 2.477888
308.69499999999965 2.637504
309.69699999999966 2.127656
310.70399999999967 2.379416
311.70499999999964 2.648448
312.7059999999996 2.368448
313.71499999999963 2.40128
314.72399999999965 2.34656
315.7249999999996 2.593728
316.7259999999996 2.171456
317.7339999999996 2.171464
318.7939999999996 2.368448
319.79499999999956 2.528064
320.8039999999996 2.204288
321.8149999999996 2.269952
322.8239999999996 2.287296
323.8259999999996 2.204288
324.8269999999996 2.116736
