1.01 0.569088
2.0700000000000003 0.558144
3.0900000000000003 0.2736
4.101 0.689472
5.109999999999999 0.792512
6.110999999999999 1.028736
7.119999999999999 1.411776
8.120999999999999 1.394432
9.309999999999999 1.69632
10.310999999999998 1.591424
11.319999999999999 1.794816
12.330999999999998 1.569536
13.339999999999998 1.980864
14.340999999999998 1.832192
15.389999999999997 1.79936
16.397 1.488384
17.4 1.554048
18.41 0.891008
19.413 0.8208
20.44 0.634752
21.46 1.241216
22.485 1.192896
23.49 1.105344
24.72 0.448704
25.74 0.584576
26.753999999999998 1.03968
27.769999999999996 1.455552
28.779999999999998 1.372544
29.79 1.740096
30.8 1.3616
31.810000000000002 1.96992
32.811 1.843136
33.82 1.400832
34.84 1.120832
35.841 2.02464
36.85 1.077056
37.899 0.755136
38.919000000000004 0.60192
39.92 1.302336
40.922000000000004 1.875968
41.940000000000005 1.875968
42.941 0.974016
45.160000000000004 0.700416
46.17 1.985408
47.171 2.736
48.172 2.226176
49.172999999999995 2.149568
50.17999999999999 2.904704
51.18999999999999 2.860928
52.19099999999999 2.911104
53.191999999999986 2.871872
54.192999999999984 2.663936
55.19999999999998 2.937536
56.20099999999998 2.434112
57.20899999999998 2.068416
58.21899999999998 1.153664
59.21999999999998 1.433664
60.22899999999998 1.153672
61.229999999999976 1.47744
62.238999999999976 1.280448
63.248999999999974 1.30688
64.28299999999997 0.8208
65.30799999999998 0.689472
66.30899999999998 0.372096
67.32899999999998 0.415872
68.33899999999998 0.507968
69.39999999999998 0.404928
70.41899999999998 0.339264
71.42899999999999 0.590976
72.439 1.444608
73.44 1.668032
74.459 1.788416
75.47 1.96992
76.479 1.700864
77.48 2.62656
78.48100000000001 2.324648
79.49100000000001 1.832216
80.52900000000001 0.689472
81.53900000000002 0.590976
82.54000000000002 1.48196
83.54900000000002 2.976768
84.55100000000002 2.138648
85.55900000000001 1.547648
86.56900000000002 1.849536
87.74900000000002 0.415872
88.75900000000003 1.339712
89.80900000000003 2.598272
90.81900000000003 2.473344
91.83900000000003 0.967616
92.84900000000003 1.236672
94.10100000000003 1.875968
95.10800000000003 1.772928
96.10900000000004 1.558592
97.11800000000004 1.729152
98.12800000000004 1.755584
99.13000000000004 1.849536
100.13800000000003 1.274048
101.13900000000004 1.740096
102.15800000000004 1.777472
103.16800000000005 2.123136
104.16900000000005 1.766528
105.17800000000005 1.958976
106.18800000000006 1.41632
107.22800000000007 2.215232
108.22900000000007 2.210688
109.23000000000008 2.368448
110.23800000000007 2.215232
111.23900000000008 2.29824
112.24800000000008 1.996352
113.28800000000008 2.01824
114.28900000000009 2.363904
115.30900000000008 1.74464
116.31800000000008 2.210688
117.32800000000009 1.25216
118.3290000000001 1.718208
119.3380000000001 1.591424
120.3480000000001 1.75104
121.3570000000001 1.74464
122.3780000000001 2.007296
123.3880000000001 1.96992
124.39800000000011 1.547648
125.4000000000001 2.07936
126.4090000000001 1.96352
127.4170000000001 2.34656
128.4180000000001 1.80576
129.42700000000008 1.357056
130.45700000000008 0.836288
131.58700000000007 0.21888
132.58800000000008 1.608768
133.58900000000008 1.74464
134.5970000000001 1.783872
135.5980000000001 1.394432
136.60700000000008 1.608768
137.6090000000001 1.646144
138.6170000000001 1.9152
139.6180000000001 1.6352
140.7070000000001 2.029184
141.7180000000001 1.80576
142.7290000000001 1.503872
143.7370000000001 1.368
144.7470000000001 1.58688
145.7480000000001 1.230272
146.7490000000001 1.6416
147.7670000000001 1.30688
148.7770000000001 1.357056
149.7870000000001 0.864576
150.79700000000008 1.503872
151.9170000000001 2.215232
152.9180000000001 1.181952
154.0390000000001 2.105792
155.0770000000001 3.265856
156.07800000000012 2.418624
157.0870000000001 1.722752
158.1000000000001 2.013696
159.1070000000001 1.930688
160.10800000000012 2.040128
161.1170000000001 2.62656
162.1270000000001 2.007296
163.1290000000001 2.357504
164.1310000000001 2.1888
165.1370000000001 2.248064
166.13800000000012 2.631104
167.1470000000001 2.94848
168.2380000000001 2.368448
169.2470000000001 2.232576
170.2600000000001 1.6352
171.2770000000001 1.411776
172.2870000000001 1.394432
173.2880000000001 2.13408
174.2890000000001 1.74464
175.2980000000001 2.451456
176.3000000000001 1.886912
177.3010000000001 2.67488
178.3160000000001 3.419072
179.32000000000008 4.031936
180.3220000000001 3.780224
181.3340000000001 3.539456
182.3350000000001 2.871872
183.3400000000001 2.992256
184.3530000000001 3.101696
185.3540000000001 3.594176
186.3600000000001 4.185152
187.3700000000001 3.211136
188.3710000000001 3.211136
189.3720000000001 3.484736
190.38700000000009 3.911552
191.39000000000007 3.349728
192.43000000000006 3.285024
193.49000000000007 3.287744
194.49100000000007 3.140928
195.49200000000008 3.353408
196.49300000000008 3.036032
197.50000000000009 2.565416
198.65300000000008 3.068888
199.66000000000008 3.791168
200.67000000000007 3.090752
201.67100000000008 2.992256
202.67200000000008 3.627008
203.6800000000001 3.397184
204.6810000000001 3.320576
205.6820000000001 2.981312
206.6900000000001 3.134528
207.69100000000012 3.583232
208.7000000000001 3.134528
209.7100000000001 3.05792
210.7210000000001 2.860928
211.7290000000001 2.598272
212.7400000000001 2.248064
213.75000000000009 2.768832
214.7510000000001 3.123584
215.79000000000008 3.92704
216.79100000000008 4.130432
217.80000000000007 3.911552
218.80100000000007 3.342464
219.80200000000008 3.473792
220.80900000000008 2.587328
221.8100000000001 3.233024
222.8110000000001 3.60512
223.82000000000008 3.408128
224.82900000000006 3.561344
225.83000000000007 2.970368
226.83900000000006 2.29184
228.01000000000005 0.426816
229.01900000000003 1.783872
230.02000000000004 2.094848
231.02900000000002 1.821248
232.03000000000003 1.827648
233.03900000000002 1.602368
234.04000000000002 1.926144
235.049 1.383488
236.05 1.335168
237.05100000000002 1.766528
238.05900000000003 1.554048
239.08900000000003 1.116288
240.18900000000002 0.945728
241.19000000000003 1.575936
242.199 1.41632
243.20000000000002 1.58688
244.209 1.53216
245.219 1.30688
246.239 1.47744
247.24 0.825352
248.241 1.072512
249.25 1.324224
250.259 1.284992
251.26899999999998 1.214784
252.30799999999996 1.372544
253.30899999999997 1.521216
254.31899999999996 1.236672
255.32799999999995 1.383488
256.33899999999994 1.53216
257.34799999999996 1.153664
258.388 0.645696
259.38899999999995 0.787968
260.43899999999996 1.58048
261.43999999999994 1.882368
262.44899999999996 1.591424
263.45799999999997 0.777024
264.45899999999995 1.31328
265.4599999999999 1.974464
266.46899999999994 2.123136
267.4699999999999 1.624256
268.4789999999999 1.865024
269.48799999999994 1.80576
270.4889999999999 1.711808
271.4899999999999 2.112192
272.4989999999999 1.985408
273.5289999999999 2.160512
274.5379999999999 2.199744
275.5489999999999 1.700864
276.5589999999999 2.287296
277.5599999999999 1.930688
278.57799999999986 2.226176
279.67899999999986 2.773376
280.6879999999999 2.342016
281.68899999999985 1.821248
282.6899999999998 2.13408
283.69899999999984 1.886912
284.70799999999986 1.766528
285.70899999999983 2.287296
286.71799999999985 2.248064
287.8079999999998 1.886904
288.8179999999998 1.937088
289.8199999999998 1.897856
290.8279999999998 1.96992
291.8379999999998 1.624256
292.8479999999998 1.958976
293.8589999999998 1.711808
294.8679999999998 1.674432
295.8689999999998 1.668032
296.8779999999998 1.9152
297.8879999999998 1.547648
298.9489999999998 1.766528
299.9679999999998 1.871424
300.9699999999998 1.536704
301.9789999999998 2.057472
302.9979999999998 1.766528
304.0079999999998 2.145024
305.0129999999998 1.9088
306.0389999999998 1.821248
307.04799999999983 1.948032
308.0489999999998 1.711808
309.0579999999998 1.96992
310.0679999999998 1.886912
311.0809999999998 2.07936
312.0879999999998 1.952576
313.08899999999977 1.930688
314.0979999999998 1.948032
315.1079999999998 1.711808
316.11799999999977 2.035584
317.11899999999974 1.810304
318.15799999999973 1.941632
319.1679999999997 2.090304
320.1689999999997 1.919744
321.1779999999997 2.068416
322.1799999999997 1.88676
323.45799999999974 1.865176
324.4589999999997 1.827648
325.46799999999973 1.821256
326.4689999999997 2.090304
