1.01 0.890088
2.189 1.083408
3.38 1.032056
4.39 0.956952
5.4079999999999995 0.535144
6.478 0.945088
7.558 0.985352
8.846 0.923568
9.847 0.788312
10.856 1.07088
11.876 0.851408
13.006 0.944464
14.187000000000001 1.493752
15.195 0.849072
16.196 0.954976
17.205000000000002 1.077144
18.207 1.2696
19.216 1.20976
20.225 1.209592
21.226000000000003 1.212504
22.387000000000004 1.186856
23.396000000000004 1.255928
24.505000000000003 1.02612
25.515000000000004 1.381728
26.536000000000005 0.940296
27.765000000000004 0.92492
28.768000000000004 0.838168
29.775000000000006 0.807976
30.785000000000007 0.82216
31.97500000000001 1.010632
32.976000000000006 1.101832
34.00500000000001 0.661848
35.23600000000001 0.692624
36.44600000000001 1.313728
37.44700000000001 1.068696
38.45500000000001 1.269992
39.45600000000001 1.38848
40.62500000000001 1.182152
41.635000000000005 1.238048
42.68600000000001 1.108648
43.79500000000001 1.190168
44.81500000000001 0.996968
45.83400000000001 0.472456
47.64500000000001 0.21888
48.67500000000001 0.356712
49.67600000000001 0.69356
50.68500000000001 1.024928
51.76500000000001 1.267784
52.85500000000001 1.135544
53.95500000000001 0.965368
54.97400000000001 0.723728
56.08500000000001 0.407608
57.290000000000006 1.240048
58.29200000000001 0.741584
59.455000000000005 1.345488
60.456 1.424768
61.465 1.255488
62.475 0.966776
63.476 1.050712
64.485 1.272824
65.665 1.23892
66.667 1.25748
67.675 1.313984
68.74499999999999 1.2318
69.75599999999999 1.407344
71.314 1.139928
72.315 0.485904
73.323 0.731
74.354 0.715208
75.364 0.302944
76.37400000000001 0.796928
77.45200000000001 0.659584
78.55400000000002 0.974944
79.56400000000002 1.092952
80.57400000000003 0.56528
81.58400000000003 0.845808
82.59300000000003 0.609168
83.59500000000003 0.684304
84.62300000000003 0.682488
85.62400000000004 0.907464
86.66400000000004 0.754576
87.69400000000005 0.60732
88.75300000000004 0.538816
89.76300000000005 0.582808
90.91400000000004 0.52404
91.92300000000004 0.393984
92.93300000000005 0.35356
93.98300000000005 0.747448
95.10300000000005 0.816616
96.13300000000005 0.816224
97.14300000000006 0.778376
98.33300000000006 0.716488
99.35300000000005 0.612512
100.36300000000006 0.583992
101.37300000000006 0.696976
102.39300000000006 0.766088
103.61300000000006 1.014488
104.61400000000006 1.118664
105.62300000000006 0.790472
106.83300000000006 1.01912
107.85300000000005 0.799168
108.86300000000006 0.416552
109.87300000000006 0.492472
110.88300000000007 0.967584
111.89300000000007 1.108208
112.90300000000008 0.65028
113.92400000000008 0.68616
115.02300000000008 0.62888
116.03300000000009 0.659416
117.09300000000009 0.73932
118.1030000000001 0.566744
119.29000000000009 1.170888
120.29200000000009 1.236224
121.3320000000001 0.724568
122.3440000000001 1.1282
123.35200000000009 0.9368
124.43200000000009 0.93544
125.44200000000009 0.960688
126.66100000000009 0.90692
127.88100000000009 1.03744
128.89700000000008 0.650704
129.90000000000006 0.59772
130.90100000000007 0.679736
131.99100000000007 0.657872
133.00000000000006 0.623224
134.01900000000006 0.70428
135.03000000000006 0.625672
136.03900000000004 0.942232
137.05000000000004 0.563896
138.24000000000004 0.739424
139.24800000000005 0.960392
140.31000000000006 0.603064
141.42000000000007 1.090808
142.42900000000006 1.018
143.43000000000006 0.834368
144.44000000000005 0.8528
145.44900000000004 0.901128
146.46200000000005 0.745632
147.49900000000005 0.536776
148.51000000000005 0.884136
149.72900000000004 1.095776
150.73900000000003 1.036312
151.75800000000004 1.222112
152.76000000000005 1.120352
153.76800000000006 0.940856
154.77800000000005 0.581744
155.77900000000005 0.773096
156.87800000000004 0.915016
157.87900000000005 1.043496
159.06800000000004 1.009528
160.07800000000003 0.795888
161.12800000000004 0.62744
162.13800000000003 0.653656
163.14800000000002 0.65664
164.17800000000003 0.38604
165.22800000000004 0.207936
166.31800000000004 0.590512
167.31900000000005 1.017904
168.33800000000005 0.829128
169.41900000000004 1.038048
170.61800000000005 0.979368
171.79900000000006 0.957616
172.93900000000005 0.964352
173.94800000000004 0.894752
175.05700000000004 0.495416
176.27700000000004 0.42544
177.28700000000003 0.45724
178.29700000000003 0.47456
179.30700000000002 0.610992
180.39700000000002 0.42624
181.407 0.582624
182.41400000000002 0.893744
183.437 0.685272
184.447 0.686632
185.457 0.570176
186.46699999999998 0.56632
187.49699999999999 0.452072
188.50699999999998 0.717736
189.51699999999997 0.941368
190.52699999999996 0.539808
191.53699999999995 1.113264
192.54699999999994 0.982104
193.54799999999994 1.088368
194.55699999999993 0.877208
195.56699999999992 0.910864
196.5769999999999 1.11372
197.57799999999992 1.17756
198.7369999999999 1.056648
199.7469999999999 1.047496
200.7569999999999 0.839232
201.76699999999988 0.909528
202.82699999999988 0.937984
203.9169999999999 0.911672
205.07699999999988 0.995664
206.0779999999999 1.26512
207.17699999999988 0.647976
208.18699999999987 0.393984
209.19599999999986 0.45652
210.31599999999986 0.71684
211.32499999999985 0.541656
212.36499999999984 0.339264
213.36599999999984 0.494944
214.37499999999983 0.58352
215.41599999999983 0.549688
216.41799999999984 0.745928
217.53599999999983 0.783608
218.54599999999982 0.708576
219.62499999999983 0.772136
220.62599999999983 1.1076
221.64599999999984 0.933144
222.65599999999984 0.280144
223.66499999999982 0.782984
224.67699999999982 0.85096
225.69599999999983 0.90816
226.7049999999998 0.674256
227.7159999999998 0.597312
228.7249999999998 0.534048
229.8159999999998 0.735
230.8169999999998 1.040528
231.9059999999998 1.177184
232.9459999999998 1.23536
233.9559999999998 1.378024
234.9759999999998 0.863952
236.0059999999998 1.035528
237.1849999999998 1.162264
238.1939999999998 1.004008
239.1949999999998 0.92616
240.20499999999979 0.772232
241.2059999999998 1.105928
242.23399999999978 0.627792
243.24399999999977 1.031256
244.24499999999978 1.116112
245.3129999999998 1.327344
246.3139999999998 1.492168
247.3149999999998 1.087808
248.3319999999998 1.161256
249.4229999999998 0.839696
250.4239999999998 1.168664
251.5419999999998 1.640824
252.7319999999998 1.695192
253.7429999999998 0.994
253.8389999999998 0.2736
254.8489999999998 1.662816
255.8499999999998 1.952656
256.9089999999998 0.258648
257.9099999999998 0.2736
258.9789999999998 0.241144
260.2389999999998 0.485616
261.2609999999998 0.496016
262.27899999999977 0.740264
263.4389999999998 1.207056
264.4479999999998 1.235
265.4489999999998 1.051296
266.4579999999998 1.230688
267.6679999999998 1.050512
268.67799999999977 1.356696
269.6869999999998 1.286656
270.68799999999976 1.34504
271.68899999999974 0.96076
272.6899999999997 1.30328
273.93899999999974 1.248424
275.1389999999997 1.494536
276.1399999999997 1.235616
277.1409999999997 1.332664
278.1479999999997 1.348384
279.3279999999997 1.248416
280.3299999999997 1.357368
281.5279999999997 1.34808
282.66799999999967 1.327224
283.66899999999964 1.015048
284.81799999999964 1.264512
285.82699999999966 1.031144
286.88699999999966 0.910512
287.88799999999964 1.02468
289.08699999999965 1.580152
290.09899999999965 1.301664
291.28799999999967 1.346344
292.3089999999997 1.374544
293.32899999999967 1.511616
294.7079999999997 1.244608
295.8069999999997 1.558712
296.98799999999966 1.434072
298.00799999999964 1.25892
299.06699999999967 1.289008
300.30799999999965 1.38408
301.43799999999965 1.194616
302.45799999999963 1.1334
303.5979999999996 1.249424
304.6879999999996 0.84064
305.68899999999957 0.851696
306.76699999999954 1.046504
307.81799999999953 1.345832
308.9679999999995 1.406528
309.9769999999995 0.960136
311.0139999999995 0.562344
312.0979999999995 1.298584
313.0989999999995 1.37172
314.1079999999995 1.226424
315.10899999999947 1.316744
316.3079999999995 1.2252
317.44799999999947 1.647808
318.44899999999944 1.86752
319.45799999999946 0.905688
320.47799999999944 1.184328
321.4789999999994 0.944488
322.5569999999994 0.952952
323.5669999999994 0.70584
324.56799999999936 0.788312
325.58799999999934 0.94344
326.5889999999993 0.853032
327.59799999999933 1.072248
328.60699999999935 1.083624
329.61699999999934 1.101688
330.67599999999936 1.347224
331.67699999999934 1.334456
332.68599999999935 0.747768
333.75599999999935 0.898096
334.85699999999935 1.045712
335.86599999999936 0.82952
336.87599999999935 0.786888
