1.008 4.58368
2.009 4.787072
3.049 5.054272
4.05 5.159168
5.051 4.912
6.059 5.30144
7.061 5.119936
8.062 5.104448
9.062999999999999 4.277248
10.067999999999998 4.776128
11.187999999999999 4.660288
12.188999999999998 5.290496
13.189999999999998 4.141376
14.190999999999997 4.791616
15.191999999999997 4.962168
16.216999999999995 3.751936
17.227999999999994 4.502528
18.228999999999996 4.42592
19.230999999999995 5.032384
20.234999999999996 4.86368
21.236999999999995 4.649344
22.237999999999996 4.929344
23.316999999999997 4.3648
24.317999999999998 5.005952
25.328 4.130432
26.348 3.970816
27.349 5.509376
28.35 4.74784
29.358 5.202944
30.367 4.200648
31.368000000000002 5.421824
32.369 5.065216
33.37 4.819904
34.370999999999995 5.065216
35.376999999999995 4.3712
36.458 4.758784
37.458999999999996 4.787072
38.467 4.163264
39.467999999999996 4.572736
40.468999999999994 5.08256
41.46999999999999 5.13088
42.47099999999999 5.399936
43.47699999999999 3.572288
44.65699999999999 3.32512
45.72799999999999 3.2768
46.728999999999985 5.454656
47.73699999999999 4.375744
48.737999999999985 4.622912
49.76799999999999 4.48064
50.777999999999984 3.900608
51.77899999999998 4.518016
52.77999999999998 5.257664
53.78699999999998 4.627456
54.787999999999975 4.6448
55.78899999999997 4.0912
56.78999999999997 4.502528
57.876999999999974 5.229376
58.87799999999997 4.819904
59.885999999999974 4.568192
60.89699999999998 3.156408
61.98699999999998 3.839488
62.98799999999998 3.889664
63.99699999999998 4.130432
64.99799999999998 3.87872
65.99899999999998 3.966272
67.00099999999998 4.85728
68.00299999999997 5.367104
69.00799999999997 4.769728
70.00899999999997 4.436864
71.01799999999997 3.802112
72.01899999999998 3.76288
73.02099999999997 3.99908
74.05899999999997 3.26588
75.05999999999997 4.743296
76.06599999999997 3.38624
77.06699999999998 3.5504
78.08599999999998 3.69268
79.08699999999999 3.456448
80.088 4.633856
81.097 4.80896
82.098 3.87232
83.099 3.966272
84.107 3.342464
85.108 4.020992
86.10900000000001 4.185152
87.117 3.795712
88.11800000000001 5.443712
89.11900000000001 4.988608
90.12000000000002 5.399936
91.17900000000002 3.883264
92.18000000000002 5.279552
93.18100000000003 4.605568
94.18400000000003 5.181056
95.18600000000002 4.627456
96.18700000000003 5.35616
97.18800000000003 4.715008
98.19000000000003 5.334272
99.19600000000003 4.167808
100.19700000000003 5.257664
101.19800000000004 5.108992
102.19900000000004 5.7392
103.21600000000004 5.087104
104.28600000000003 5.02144
105.28700000000003 4.732352
106.37600000000003 5.049728
107.38600000000004 3.839488
108.38700000000004 4.655744
109.43300000000005 4.660288
110.43400000000005 5.432768
111.43600000000005 4.824424
112.45100000000005 4.830872
113.45400000000005 4.901056
114.46700000000006 5.367104
115.47000000000006 4.715
116.47600000000006 5.542208
117.47700000000006 4.922944
118.48800000000006 5.202792
119.48900000000006 2.521816
120.49000000000007 4.550848
121.51000000000006 5.060672
122.59600000000006 4.441408
123.59700000000007 4.436864
124.60600000000007 5.268608
125.60700000000007 3.948928
126.61600000000007 5.443712
127.61700000000008 4.069312
128.61800000000008 4.513472
129.6200000000001 4.031936
130.6220000000001 4.649352
131.6260000000001 4.984064
132.63600000000008 4.485184
133.63700000000009 5.115392
134.6390000000001 4.911976
135.6410000000001 5.575064
136.64300000000011 4.85728
137.65600000000012 4.940288
138.65700000000012 4.846336
139.65800000000013 4.830848
140.68400000000014 4.233472
141.68500000000014 4.940288
142.68700000000015 3.419072
143.68800000000016 5.065216
144.68900000000016 4.655744
145.70400000000015 4.868216
146.70500000000015 4.524416
147.71300000000016 5.159168
148.72200000000015 4.704064
149.73200000000014 5.24672
150.73400000000015 4.715008
151.73500000000016 4.995008
152.73600000000016 4.41952
153.73700000000017 5.202944
154.73900000000017 4.660288
155.8130000000002 5.51392
156.8140000000002 5.388992
157.8150000000002 4.780672
158.8160000000002 5.651648
159.8170000000002 4.74784
160.81900000000022 5.312384
161.82000000000022 5.065216
162.83300000000023 5.108992
163.83400000000023 5.345216
164.85300000000024 4.507072
165.86300000000023 5.454656
166.86400000000023 4.890112
167.86500000000024 5.542208
168.87300000000025 4.96672
169.93400000000025 5.338816
170.93500000000026 5.202944
171.94300000000027 4.999552
172.94400000000027 5.651656
173.94500000000028 5.098048
174.9830000000003 5.262208
175.9840000000003 5.4656
176.9860000000003 4.80256
177.9870000000003 5.35616
178.9930000000003 4.933888
179.99500000000032 5.104448
181.00300000000033 4.616512
182.00400000000033 4.743296
183.00500000000034 4.649344
184.00600000000034 5.334272
185.02200000000033 4.134976
186.02400000000034 5.159168
187.03200000000035 4.480488
188.03400000000036 2.75164
189.03600000000037 5.119936
190.03800000000038 5.378048
191.04300000000038 4.999552
192.05300000000037 4.890112
193.05400000000037 5.62976
194.05500000000038 4.999552
195.05600000000038 5.585984
196.0570000000004 4.58368
197.0580000000004 5.367104
198.06200000000038 5.108992
199.0630000000004 5.163712
200.0640000000004 5.454656
201.0650000000004 4.901048
202.0660000000004 5.432768
203.0720000000004 4.999552
204.0920000000004 5.02144
205.09300000000042 5.290496
206.1030000000004 5.218432
207.1040000000004 5.487488
208.10600000000042 4.85728
209.1090000000004 5.115392
210.11100000000042 4.715008
211.16100000000043 5.360704
212.16200000000043 4.97312
213.16300000000044 4.830848
214.16400000000044 3.87232
215.16500000000045 4.6448
216.21300000000045 4.627456
217.21500000000046 4.688576
218.22200000000046 2.204288
219.22300000000047 4.929344
220.25200000000046 4.561792
221.25400000000047 5.093504
222.33200000000048 4.736896
223.33300000000048 5.290496
224.3340000000005 4.561792
225.3420000000005 5.367104
226.3430000000005 4.52896
227.3520000000005 5.093504
228.3710000000005 4.6384
229.3730000000005 4.819904
230.4320000000005 5.02144
231.4330000000005 5.30144
232.47100000000052 4.518016
233.47200000000052 5.181056
234.47400000000053 4.382144
235.47500000000053 4.616512
236.48200000000054 4.732352
237.48300000000054 4.441408
238.48400000000055 5.279552
239.49200000000056 4.353856
240.49300000000056 5.41088
241.53200000000055 4.20064
242.53300000000056 5.257664
243.53400000000056 4.605576
244.53600000000057 5.235776
245.54100000000057 4.605568
246.55200000000056 4.896512
247.55300000000057 4.677632
248.55500000000058 4.452352
249.55600000000058 4.404032
250.6110000000006 4.561792
251.6120000000006 4.655744
252.6130000000006 4.42592
253.6150000000006 4.397632
254.6160000000006 5.060672
255.6210000000006 4.39748
256.6610000000006 3.211288
257.6620000000006 3.813056
258.6720000000006 5.224832
259.6820000000006 4.561792
260.68300000000056 5.049728
261.68400000000054 4.824448
262.6850000000005 5.060672
263.6870000000005 4.758784
264.69100000000054 5.487488
265.6920000000005 4.835392
266.7020000000005 4.053824
267.7810000000005 4.736896
268.7820000000005 4.819904
269.81200000000047 5.010496
270.81300000000044 4.841792
271.81500000000045 4.327424
272.96100000000047 4.134976
273.96200000000044 4.59008
274.9630000000004 5.13088
275.97200000000043 4.995008
277.02000000000044 4.736896
278.0210000000004 4.984064
279.0510000000004 4.846336
280.05200000000036 4.666688
281.1210000000004 5.163712
282.12200000000036 5.235776
283.17200000000037 4.605568
284.17300000000034 4.04288
285.1740000000003 5.202944
286.1800000000003 4.6384
287.18100000000027 4.655744
288.18200000000024 5.349752
289.18400000000025 5.388992
290.19100000000026 4.901056
291.23900000000026 5.13088
292.24000000000024 4.688576
293.2410000000002 4.819904
294.2710000000002 3.609664
295.27200000000016 5.22476
296.33000000000015 4.594696
297.3720000000001 4.185152
298.41000000000014 5.656192
299.4110000000001 5.08256
300.4690000000001 4.736896
301.4710000000001 4.896512
302.48000000000013 4.655744
303.4810000000001 4.780672
304.4820000000001 5.159168
305.49000000000007 4.014592
306.49100000000004 5.24672
307.511 4.233472
308.54 4.940288
309.54900000000004 4.671232
310.55 5.126336
311.551 4.272704
312.55199999999996 4.988608
313.55299999999994 5.049728
314.5559999999999 4.660288
315.5569999999999 5.224832
316.5589999999999 4.463296
317.5599999999999 4.995008
318.5699999999999 4.813504
319.5909999999999 4.984064
320.5989999999999 4.638408
321.59999999999985 4.787072
322.63899999999984 4.594624
323.64999999999986 5.181056
