1.008 0.849072
2.009 0.954976
3.018 1.077144
4.02 1.2696
5.029 1.20976
6.038 1.209592
7.039 1.212504
8.2 1.186856
9.209 1.255928
10.318 1.02612
11.328 1.381728
12.349 0.940296
13.578 0.92492
14.581 0.838168
15.588 0.807976
16.598 0.82216
17.788 1.010632
18.789 1.101832
19.818 0.661848
21.049000000000003 0.692624
22.259000000000004 1.313728
23.260000000000005 1.068696
24.268000000000004 1.269992
25.269000000000005 1.38848
26.438000000000006 1.182152
27.448000000000008 1.238048
28.499000000000006 1.108648
29.608000000000004 1.190168
30.628000000000004 0.996968
31.647000000000002 0.472456
33.458 0.21888
34.488 0.356712
35.489 0.69356
36.498 1.024928
37.577999999999996 1.267784
38.668 1.135544
39.768 0.965368
40.787 0.723728
41.897999999999996 0.407608
43.102999999999994 1.240048
44.105 0.741584
45.267999999999994 1.345488
46.26899999999999 1.424768
47.27799999999999 1.255488
48.28799999999999 0.966776
49.28899999999999 1.050712
50.29799999999999 1.272824
51.47799999999999 1.23892
52.47999999999999 1.25748
53.48799999999999 1.313984
54.55799999999999 1.2318
55.568999999999996 1.407344
57.126999999999995 1.139928
58.12799999999999 0.485904
59.135999999999996 0.731
60.166999999999994 0.715208
61.17699999999999 0.302944
62.18699999999999 0.796928
63.26499999999999 0.659584
64.36699999999999 0.974944
65.377 1.092952
66.387 0.56528
67.397 0.845808
68.406 0.609168
69.408 0.684304
70.436 0.682488
71.43700000000001 0.907464
72.47700000000002 0.754576
73.50700000000002 0.60732
74.56600000000002 0.538816
75.57600000000002 0.582808
76.72700000000002 0.52404
77.73600000000002 0.393984
78.74600000000002 0.35356
79.79600000000002 0.747448
80.91600000000003 0.816616
81.94600000000003 0.816224
82.95600000000003 0.778376
84.14600000000003 0.716488
85.16600000000003 0.612512
86.17600000000003 0.583992
87.18600000000004 0.696976
88.20600000000003 0.766088
89.42600000000003 1.014488
90.42700000000004 1.118664
91.43600000000004 0.790472
92.64600000000003 1.01912
93.66600000000003 0.799168
94.67600000000003 0.416552
95.68600000000004 0.492472
96.69600000000004 0.967584
97.70600000000005 1.108208
98.71600000000005 0.65028
99.73700000000005 0.68616
100.83600000000006 0.62888
101.84600000000006 0.659416
102.90600000000006 0.73932
103.91600000000007 0.566744
105.10300000000007 1.170888
106.10500000000006 1.236224
107.14500000000007 0.724568
108.15700000000007 1.1282
109.16500000000006 0.9368
110.24500000000006 0.93544
111.25500000000007 0.960688
112.47400000000006 0.90692
113.69400000000006 1.03744
114.71000000000006 0.650704
115.71300000000006 0.59772
116.71400000000007 0.679736
117.80400000000007 0.657872
118.81300000000007 0.623224
119.83200000000008 0.70428
120.84300000000007 0.625672
121.85200000000007 0.942232
122.86300000000007 0.563896
124.05300000000007 0.739424
125.06100000000006 0.960392
126.12300000000006 0.603064
127.23300000000006 1.090808
128.24200000000005 1.018
129.24300000000005 0.834368
130.25300000000004 0.8528
131.26200000000003 0.901128
132.27500000000003 0.745632
133.31200000000004 0.536776
134.32300000000004 0.884136
135.54200000000003 1.095776
136.55200000000002 1.036312
137.57100000000003 1.222112
138.57300000000004 1.120352
139.58100000000005 0.940856
140.59100000000004 0.581744
141.59200000000004 0.773096
142.69100000000003 0.915016
143.69200000000004 1.043496
144.88100000000003 1.009528
145.89100000000002 0.795888
146.94100000000003 0.62744
147.95100000000002 0.653656
148.961 0.65664
149.991 0.38604
151.04100000000003 0.207936
152.13100000000003 0.590512
153.13200000000003 1.017904
154.15100000000004 0.829128
155.23200000000003 1.038048
156.43100000000004 0.979368
157.61200000000005 0.957616
158.75200000000004 0.964352
159.76100000000002 0.894752
160.87000000000003 0.495416
162.09000000000003 0.42544
163.10000000000002 0.45724
164.11 0.47456
165.12 0.610992
166.21 0.42624
167.22 0.582624
168.227 0.893744
169.25 0.685272
170.26 0.686632
171.26999999999998 0.570176
172.27999999999997 0.56632
173.30999999999997 0.452072
174.31999999999996 0.717736
175.32999999999996 0.941368
176.33999999999995 0.539808
177.34999999999994 1.113264
178.35999999999993 0.982104
179.36099999999993 1.088368
180.36999999999992 0.877208
181.3799999999999 0.910864
182.3899999999999 1.11372
183.3909999999999 1.17756
184.5499999999999 1.056648
185.5599999999999 1.047496
186.56999999999988 0.839232
187.57999999999987 0.909528
188.63999999999987 0.937984
189.72999999999988 0.911672
190.88999999999987 0.995664
191.89099999999988 1.26512
192.98999999999987 0.647976
193.99999999999986 0.393984
195.00899999999984 0.45652
196.12899999999985 0.71684
197.13799999999983 0.541656
198.17799999999983 0.339264
199.17899999999983 0.494944
200.18799999999982 0.58352
201.22899999999981 0.549688
202.23099999999982 0.745928
203.34899999999982 0.783608
204.3589999999998 0.708576
205.43799999999982 0.772136
206.43899999999982 1.1076
207.45899999999983 0.933144
208.46899999999982 0.280144
209.4779999999998 0.782984
210.4899999999998 0.85096
211.50899999999982 0.90816
212.5179999999998 0.674256
213.5289999999998 0.597312
214.53799999999978 0.534048
215.6289999999998 0.735
216.6299999999998 1.040528
217.7189999999998 1.177184
218.7589999999998 1.23536
219.76899999999978 1.378024
220.7889999999998 0.863952
221.8189999999998 1.035528
222.9979999999998 1.162264
224.00699999999978 1.004008
225.00799999999978 0.92616
226.01799999999977 0.772232
227.01899999999978 1.105928
228.04699999999977 0.627792
229.05699999999976 1.031256
230.05799999999977 1.116112
231.12599999999978 1.327344
232.12699999999978 1.492168
233.1279999999998 1.087808
234.14499999999978 1.161256
235.2359999999998 0.839696
236.2369999999998 1.168664
237.3549999999998 1.640824
238.5449999999998 1.695192
239.55599999999978 0.994
239.6519999999998 0.2736
240.66199999999978 1.662816
241.66299999999978 1.952656
242.72199999999978 0.258648
243.7229999999998 0.2736
244.79199999999977 0.241144
246.05199999999977 0.485616
247.07399999999976 0.496016
248.09199999999976 0.740264
249.25199999999975 1.207056
250.26099999999974 1.235
251.26199999999974 1.051296
252.27099999999973 1.230688
253.48099999999974 1.050512
254.49099999999973 1.356696
255.49999999999972 1.286656
256.5009999999997 1.34504
257.50199999999967 0.96076
258.50299999999964 1.30328
259.75199999999967 1.248424
260.95199999999966 1.494536
261.95299999999963 1.235616
262.9539999999996 1.332664
263.9609999999996 1.348384
265.1409999999996 1.248416
266.14299999999963 1.357368
267.3409999999996 1.34808
268.4809999999996 1.327224
269.4819999999996 1.015048
270.6309999999996 1.264512
271.6399999999996 1.031144
272.6999999999996 0.910512
273.70099999999957 1.02468
274.8999999999996 1.580152
275.9119999999996 1.301664
277.1009999999996 1.346344
278.1219999999996 1.374544
279.1419999999996 1.511616
280.5209999999996 1.244608
281.6199999999996 1.558712
282.8009999999996 1.434072
283.8209999999996 1.25892
284.8799999999996 1.289008
286.1209999999996 1.38408
287.2509999999996 1.194616
288.27099999999956 1.1334
289.41099999999955 1.249424
290.5009999999995 0.84064
291.5019999999995 0.851696
292.5799999999995 1.046504
293.63099999999946 1.345832
294.78099999999944 1.406528
295.78999999999945 0.960136
296.82699999999943 0.562344
297.91099999999943 1.298584
298.9119999999994 1.37172
299.9209999999994 1.226424
300.9219999999994 1.316744
302.1209999999994 1.2252
303.2609999999994 1.647808
304.2619999999994 1.86752
305.2709999999994 0.905688
306.29099999999937 1.184328
307.29199999999935 0.944488
308.3699999999993 0.952952
309.3799999999993 0.70584
310.3809999999993 0.788312
311.40099999999927 0.94344
312.40199999999925 0.853032
313.41099999999926 1.072248
314.4199999999993 1.083624
315.42999999999927 1.101688
316.4889999999993 1.347224
317.48999999999927 1.334456
318.4989999999993 0.747768
319.5689999999993 0.898096
320.6699999999993 1.045712
321.6789999999993 0.82952
322.6889999999993 0.786888
323.6989999999993 0.809808
324.7009999999993 0.818608
325.70899999999926 0.602288
326.70999999999924 0.947
327.71899999999926 0.775608
328.72899999999925 0.565504
329.78899999999925 0.722664
330.88899999999927 1.127112
332.0299999999993 1.160824
333.0389999999993 1.110168
334.0399999999993 0.99608
335.0499999999993 0.952464
336.0589999999993 0.913408
