1.01 2.576384
2.011 2.549952
3.02 2.324672
4.03 3.408128
5.04 3.451904
6.05 3.583232
7.06 2.89376
8.061 2.40128
9.068999999999999 2.280872
10.108999999999998 2.620184
11.109999999999998 2.57184
12.117999999999999 2.313728
13.118999999999998 2.215232
14.127999999999998 2.440512
15.128999999999998 2.51072
16.130999999999997 2.24804
17.137999999999998 2.817176
18.139 3.627
19.159 2.915648
20.160999999999998 3.265856
21.162 4.250816
22.169 4.69952
23.17 3.620608
24.171000000000003 3.254912
25.173000000000002 3.462848
26.178 3.430016
27.19 3.375296
28.228 2.685824
29.229000000000003 3.758336
30.231 3.637952
31.232000000000003 2.871872
32.238 3.090752
33.239 3.016864
34.239999999999995 2.372128
35.24099999999999 2.992256
36.248999999999995 4.185152
37.288 3.565888
38.318 3.287744
39.348 3.265856
40.349 3.616064
41.349999999999994 4.04288
42.358 5.049728
43.358999999999995 3.419072
44.367 3.243968
45.367999999999995 3.576832
46.36899999999999 4.086656
47.38699999999999 3.824
48.39699999999999 2.970368
49.398999999999994 3.090752
50.407 3.189248
51.407999999999994 2.828096
52.40899999999999 3.419072
53.410999999999994 3.867776
54.416999999999994 3.71456
55.41799999999999 4.48064
56.42699999999999 3.036032
57.428999999999995 2.412224
58.43599999999999 2.477896
59.43699999999999 2.221632
60.43799999999999 2.992256
61.447999999999986 3.189248
62.448999999999984 3.189248
63.450999999999986 3.430016
64.45699999999998 3.38624
65.51699999999998 3.719104
66.51799999999999 2.276352
67.53699999999999 1.897856
68.538 1.980864
69.54599999999999 1.569536
70.556 1.904256
71.567 1.985408
72.577 1.996352
73.586 1.783872
74.596 1.821248
75.59700000000001 1.740096
76.60700000000001 1.52576
77.60800000000002 2.24352
78.60900000000002 2.368448
79.61100000000002 3.309632
80.61700000000002 3.189248
81.61800000000002 2.83904
82.62900000000002 2.740544
83.63600000000002 3.200192
84.63700000000003 2.893688
85.64600000000003 2.64212
86.65000000000003 3.375296
87.69700000000003 3.156416
88.77600000000002 3.265856
89.83600000000003 3.2768
90.83700000000003 3.206592
91.83800000000004 2.685824
92.84600000000003 2.576384
93.86600000000003 2.248064
94.90600000000003 2.390336
95.90700000000004 2.670336
96.90800000000004 2.795264
97.91600000000004 2.21508
98.96600000000004 2.14972
99.97600000000004 2.232576
100.97700000000005 2.587328
101.97800000000005 2.466944
102.98600000000005 2.473344
103.98700000000005 2.390336
104.99600000000005 2.116736
105.99700000000006 2.707712
106.99800000000006 2.7296
107.99900000000007 2.812608
109.00600000000007 2.576384
110.00700000000008 3.627008
111.01600000000008 4.020992
112.02600000000008 3.295
113.02700000000009 2.306464
114.03600000000009 2.29184
115.04600000000009 1.974464
116.04800000000009 3.250368
117.05500000000009 1.974464
118.0560000000001 2.806208
119.0650000000001 3.189248
120.06700000000009 4.69952
121.0680000000001 4.20064
122.0690000000001 5.148224
123.0760000000001 4.922944
124.08500000000011 4.765184
125.1850000000001 4.3648
126.1860000000001 4.874624
127.18700000000011 4.0976
128.23400000000012 4.124032
129.23600000000013 3.320576
130.23800000000014 4.185152
131.24400000000014 4.524416
132.24500000000015 3.93344
133.24600000000015 3.583232
134.24800000000016 3.8176
135.25000000000017 4.108544
136.25300000000016 4.108544
137.26400000000015 4.239872
138.26500000000016 3.353408
139.27400000000014 3.046976
140.28300000000013 2.915648
141.28400000000013 2.390336
142.28500000000014 2.302784
143.30300000000014 1.543104
144.31300000000013 0.853632
145.31400000000014 1.284992
146.32300000000012 2.412224
147.32500000000013 2.757888
148.34400000000014 2.302784
149.34500000000014 2.642048
150.35300000000015 2.313728
151.35400000000016 2.101248
152.36400000000015 1.657088
153.39300000000014 1.411776
154.41300000000015 0.897408
155.42400000000015 1.088
156.43300000000013 1.389888
157.44300000000013 2.43412
158.46300000000014 1.96352
159.46400000000014 2.090304
160.47300000000013 2.083904
161.47400000000013 2.488832
162.55300000000014 2.926592
163.55400000000014 3.086208
164.56300000000013 2.576384
165.57300000000012 2.193344
166.57400000000013 2.806208
167.64400000000012 2.466944
168.65200000000013 2.385792
169.66200000000012 1.9088
170.66300000000012 2.412224
171.66400000000013 3.342464
172.74200000000013 3.046976
173.77400000000014 2.998656
174.78200000000015 3.33152
175.81200000000015 3.489256
176.81300000000016 3.81308
177.82200000000014 2.817152
178.83200000000014 2.35296
179.83300000000014 3.353408
180.84300000000013 3.65984
181.85200000000012 3.664376
182.85300000000012 3.648896
183.85400000000013 3.76928
184.87200000000013 4.579136
185.87300000000013 2.707712
186.87500000000014 3.200192
187.88200000000015 2.051072
188.88300000000015 2.692224
189.89100000000016 1.952576
190.91200000000015 1.624256
191.96100000000015 3.265856
193.00100000000015 3.287744
194.05100000000016 3.2768
195.06100000000015 3.2768
196.06200000000015 3.528512
197.13100000000014 3.025088
198.13900000000015 3.22848
199.14000000000016 2.051072
200.14100000000016 2.029184
201.15000000000015 2.221632
202.15200000000016 2.937536
203.16900000000015 1.875968
204.17000000000016 1.6416
205.18900000000016 1.405376
206.27000000000015 2.259008
207.28900000000016 2.035584
208.29100000000017 1.350656
209.30900000000017 1.58688
210.31000000000017 1.543104
211.31100000000018 1.602368
212.3190000000002 1.74464
213.3200000000002 2.429568
214.3210000000002 2.040128
215.3290000000002 2.576384
216.3300000000002 3.44096
217.3390000000002 2.751336
218.3400000000002 1.816704
219.4790000000002 1.296088
220.5010000000002 1.116288
221.5100000000002 1.181952
222.5110000000002 1.186496
223.5190000000002 1.58688
224.5290000000002 1.466496
225.5300000000002 1.055168
226.5390000000002 1.006848
227.5400000000002 1.171008
228.5690000000002 1.088
229.57900000000018 1.280448
230.5810000000002 1.164608
231.5940000000002 0.886464
232.60900000000018 0.470592
233.61000000000018 0.733248
234.61900000000017 1.460096
235.62900000000016 1.575936
236.68900000000016 1.241216
237.69000000000017 1.346112
238.69900000000015 1.47744
239.70000000000016 1.350656
240.71900000000016 1.75104
241.72900000000016 1.58048
242.73900000000015 1.838592
243.74900000000014 1.558592
244.75900000000013 1.958976
245.76000000000013 1.733696
246.76900000000012 1.674432
247.77000000000012 1.25216
248.7790000000001 1.324224
249.8080000000001 0.891008
250.81000000000012 1.072512
251.81800000000013 1.564992
252.82800000000012 1.722752
253.8380000000001 1.652544
254.8390000000001 0.912896
255.8480000000001 0.853632
256.8770000000001 0.667584
257.8780000000001 0.93024
258.8790000000001 1.438208
259.8880000000001 1.816704
260.88900000000007 1.25216
261.89900000000006 1.335168
263.0570000000001 1.077056
264.23600000000005 0.580032
265.24600000000004 0.569088
266.247 1.291392
267.257 1.777472
268.267 2.090304
269.277 2.34656
270.286 1.974464
271.306 1.181952
272.30699999999996 0.93024
273.33699999999993 1.241216
274.3379999999999 1.346112
275.42599999999993 1.066112
276.4269999999999 2.746944
277.4279999999999 2.379392
278.4349999999999 3.845888
279.43599999999986 2.215232
280.44599999999986 1.58688
281.46499999999986 0.59552
282.49499999999983 0.361152
283.4979999999998 0.284544
284.5049999999998 0.93024
285.6059999999998 1.438208
286.67499999999984 3.265856
287.70599999999985 3.287744
288.7069999999998 2.965824
289.71599999999984 2.160512
290.7169999999998 2.631104
291.74499999999983 2.062016
292.7459999999998 1.69632
293.7549999999998 1.444608
294.7649999999998 1.263104
295.7819999999998 0.995904
296.8849999999998 1.153664
297.89599999999984 1.072512
298.90499999999986 1.466496
299.92499999999984 0.869128
300.9449999999998 0.908352
301.95599999999985 0.689472
302.96499999999986 1.083456
303.97499999999985 0.97856
304.97599999999983 1.25856
306.12499999999983 1.503872
307.1349999999998 1.291392
308.1379999999998 1.816704
309.1549999999998 1.996352
310.1649999999998 1.843136
311.16599999999977 2.221632
312.1749999999998 2.040128
313.17599999999976 1.816704
314.1849999999998 0.770624
315.18599999999975 1.31328
316.19499999999977 1.843136
317.1969999999998 2.528064
318.2249999999998 1.613312
319.2349999999998 1.564992
320.3749999999998 0.989504
321.37599999999975 1.80576
322.37799999999976 2.029184
323.6969999999998 0.404928
324.70499999999976 1.843136
