1.001 4.776128
2.0199999999999996 4.38668
3.0209999999999995 4.9184
4.021999999999999 4.933888
5.023 5.202944
6.069 4.605568
7.07 5.170112
8.071 3.014144
9.072 5.07616
10.072999999999999 5.08256
11.099999999999998 4.594624
12.100999999999997 5.115392
13.101999999999997 4.382144
14.102999999999996 4.791616
15.110999999999997 5.060672
16.159999999999997 3.620608
17.170999999999996 3.670792
18.180999999999997 5.52032
19.182999999999996 4.671232
20.183999999999997 5.060672
21.218999999999998 3.98176
22.22 4.86368
23.221 4.977664
24.222 4.42592
25.223000000000003 4.42592
26.230000000000004 4.539904
27.231000000000005 5.159168
28.300000000000004 4.375744
29.301000000000005 5.443712
30.302000000000007 4.52896
31.303000000000008 3.462848
32.309000000000005 4.55724
33.391000000000005 4.944832
34.392 5.257664
35.393 5.02144
36.399 5.071616
37.4 4.539904
38.41 5.104448
39.419999999999995 4.791616
40.42099999999999 5.071616
41.42199999999999 4.550848
42.42899999999999 4.688552
43.438999999999986 4.863704
44.45899999999999 3.565888
45.58299999999999 3.977216
46.63899999999999 5.76564
47.639999999999986 5.213888
48.640999999999984 4.239872
49.64799999999998 4.824448
50.64899999999998 4.896512
51.64999999999998 4.791616
52.650999999999975 4.732352
53.69799999999997 4.058368
54.69899999999997 4.874624
55.69999999999997 4.53536
56.700999999999965 4.222528
57.70299999999997 4.874624
58.703999999999965 4.74784
59.70899999999997 4.524416
60.71799999999997 4.69952
61.71999999999997 3.67532
62.72299999999997 5.859584
63.72399999999997 4.594624
64.72599999999997 4.776128
65.72799999999997 4.397632
66.74999999999997 4.874624
67.75799999999997 5.07616
68.75899999999997 4.9184
69.76799999999997 4.725952
70.76899999999998 5.57504
71.76999999999998 4.813504
72.77199999999998 5.509376
73.77399999999997 4.999552
74.93799999999997 5.305984
75.98899999999998 4.163272
77.01799999999997 5.67808
78.01999999999997 5.126336
79.02199999999996 4.725952
80.02499999999996 4.830848
81.02599999999997 4.958488
82.02799999999996 4.488872
83.02899999999997 4.436864
84.03899999999997 4.671232
85.05299999999997 5.071616
86.06799999999997 4.277096
87.06899999999997 3.331672
88.07799999999997 4.26176
89.07899999999998 5.476544
90.07999999999998 5.07616
91.15799999999999 4.791616
92.16799999999999 5.290496
93.178 4.539904
94.179 5.4656
95.18 4.769728
96.18100000000001 5.049728
97.19800000000001 4.561792
98.20800000000001 5.08256
99.21800000000002 4.912
100.21900000000002 4.787072
101.25800000000002 4.704064
102.25900000000003 5.290496
103.26700000000002 4.491584
104.26800000000003 4.550848
105.27000000000002 5.192
106.27700000000003 4.69312
107.27800000000003 4.984064
108.27900000000004 4.299136
109.28800000000004 5.224832
110.28900000000004 4.441408
111.29000000000005 4.31648
112.29100000000005 4.20704
113.32600000000005 4.003648
114.33700000000005 5.323328
115.33800000000005 4.660288
116.34700000000005 4.557248
117.35700000000006 4.6448
118.35800000000006 3.773824
119.35900000000007 5.498432
120.36700000000006 4.857272
121.36800000000007 5.476544
122.36900000000007 4.616512
123.37100000000007 5.421824
124.37300000000006 4.824448
125.41700000000006 5.327872
126.42700000000006 5.235776
127.42800000000007 4.627456
128.42900000000006 4.940288
129.47600000000006 4.85728
130.47700000000006 5.585984
131.47800000000007 5.065216
132.47900000000007 5.202944
133.48700000000008 4.649344
134.48800000000008 5.08256
135.4890000000001 4.266304
136.4900000000001 4.360256
137.5670000000001 5.119936
138.5780000000001 5.181056
139.58700000000007 4.769728
140.59700000000007 4.765184
141.64700000000008 4.944832
142.64800000000008 5.115392
143.6560000000001 4.955776
144.6570000000001 5.312384
145.6590000000001 4.594624
146.6600000000001 4.272704
147.66100000000012 4.633856
148.66200000000012 3.791176
149.6660000000001 4.835392
150.6760000000001 4.185128
151.6960000000001 4.419544
152.69700000000012 4.97312
153.69800000000012 4.524416
154.70000000000013 4.539904
155.81600000000014 5.371496
156.82600000000014 3.320728
157.82800000000015 3.71456
158.83700000000013 5.279528
159.83800000000014 4.835416
160.84000000000015 4.327424
161.84200000000016 4.655744
162.84400000000016 4.539904
163.84500000000017 5.115384
164.85700000000017 4.211584
165.85800000000017 5.016896
166.92700000000016 4.14592
167.92800000000017 4.9184
168.99600000000018 4.901056
169.99700000000018 5.148224
171.01500000000019 4.682176
172.0460000000002 5.071616
173.0770000000002 4.3712
174.0780000000002 4.52896
175.0790000000002 4.841792
176.0800000000002 4.441408
177.0830000000002 4.97312
178.0840000000002 4.305536
179.0970000000002 4.879168
180.17700000000022 5.196544
181.17800000000022 5.016896
182.17900000000023 4.677632
183.18000000000023 4.682176
184.19500000000022 5.192
185.19600000000023 3.828544
186.38100000000023 4.830848
187.3960000000002 5.393536
188.39700000000022 4.776128
189.41500000000022 4.189696
190.41600000000022 3.889664
191.41700000000023 5.148224
192.43500000000023 4.080256
193.43600000000023 5.082568
194.49400000000023 4.74784
195.49500000000023 2.210688
196.53400000000022 4.331968
197.54500000000021 4.885568
198.60600000000022 4.955776
199.60700000000023 5.388992
200.60800000000023 4.955776
201.61500000000024 5.159168
202.63500000000025 4.736896
203.63600000000025 5.202944
204.63700000000026 4.912
205.64100000000025 4.97312
206.64300000000026 4.627456
207.65300000000025 5.191928
208.65400000000025 4.813576
209.65500000000026 5.312384
210.66300000000027 4.430464
211.66400000000027 5.093504
212.67400000000026 4.616512
213.67500000000027 5.279552
214.68400000000025 4.649344
215.70400000000026 5.388992
216.71400000000025 5.02144
217.71600000000026 4.798016
218.71700000000027 4.605568
219.71800000000027 5.071616
220.72000000000028 4.52896
221.7210000000003 5.170112
222.7230000000003 3.3534
223.7240000000003 4.03648
224.7350000000003 4.940288
225.8240000000003 4.813504
226.8250000000003 5.005952
228.1920000000003 4.813504
229.1940000000003 3.484736
230.1950000000003 5.005952
231.2040000000003 4.6384
232.2240000000003 3.813056
233.2250000000003 5.08256
234.2260000000003 4.342912
235.23300000000032 4.874624
236.23400000000032 4.787072
237.23500000000033 4.03648
238.24300000000034 4.086656
239.24400000000034 4.393088
240.29500000000033 4.47424
241.29600000000033 5.334272
242.30400000000034 4.518016
243.31300000000033 3.692672
244.31400000000033 5.290496
245.31600000000034 4.868224
246.34200000000035 5.196544
247.34300000000036 5.268608
248.34400000000036 4.85728
249.34500000000037 5.126336
250.35200000000037 4.561792
251.35400000000038 5.509376
252.3550000000004 3.703616
253.3570000000004 4.364808
254.3730000000004 5.7392
255.3740000000004 5.108992
256.3830000000004 5.163712
257.38400000000036 5.761088
258.39300000000037 4.890112
259.39400000000035 5.4656
260.3950000000003 4.572736
261.4630000000003 5.284096
262.4640000000003 5.564072
263.4730000000003 4.933912
264.4740000000003 5.312384
265.4830000000003 4.791616
266.4920000000003 5.531256
267.4930000000003 5.152768
268.49400000000026 5.152768
269.50300000000027 5.4656
270.51300000000026 4.715008
271.51400000000024 5.257664
272.5220000000002 3.462848
273.5230000000002 3.839488
274.5320000000002 4.404032
275.5330000000002 3.966272
276.53400000000016 4.119488
277.54200000000014 3.92704
278.5430000000001 4.163264
279.5440000000001 4.185152
280.56200000000007 3.539456
281.5730000000001 4.141376
282.57400000000007 4.244416
283.57500000000005 4.119488
284.60300000000007 4.393088
285.62300000000005 4.85728
286.624 5.213888
287.62600000000003 4.550848
288.62800000000004 5.290496
289.653 4.408576
290.654 5.159168
291.655 4.715008
292.65599999999995 4.830848
293.68299999999994 4.047424
294.7029999999999 5.202944
295.7229999999999 4.627456
296.7239999999999 5.443712
297.72499999999985 4.485184
298.86699999999985 4.84164
299.8679999999998 2.773528
300.8829999999998 5.13728
301.8839999999998 3.59872
302.8859999999998 5.268608
303.9719999999998 4.485184
304.9729999999998 5.13728
305.97399999999976 4.780672
306.98199999999974 5.367104
307.99399999999974 4.375744
308.99599999999975 5.13728
310.04399999999976 4.704064
311.06299999999976 5.4656
312.06399999999974 4.39764
313.06599999999975 5.13728
314.0719999999997 4.671232
315.0729999999997 5.268608
316.1009999999997 4.539904
317.1019999999997 5.016896
318.1409999999997 4.813504
319.1429999999997 5.30144
320.1549999999997 4.824448
321.1619999999997 5.476544
322.16299999999967 4.704064
323.1649999999997 4.601024
324.1719999999997 4.58368
