1.009 1.25856
2.019 0.971432
3.029 0.87552
4.04 0.721064
5.0600000000000005 1.488384
6.069000000000001 1.104072
7.080000000000001 1.597824
8.088000000000001 1.171496
9.108 1.064256
10.119 1.554048
11.128 1.42092
12.138 1.231216
13.139 1.03864
14.146999999999998 1.368
15.157999999999998 1.171192
16.166999999999998 1.196
17.186999999999998 1.091776
18.197999999999997 1.444608
19.198999999999998 0.92044
20.206999999999997 1.53216
21.217 1.223
22.317 1.275184
23.318 1.411776
24.327 1.02944
25.337000000000003 1.102576
26.507000000000005 1.21748
27.517000000000007 1.105344
28.518000000000008 1.214784
29.527000000000008 1.098456
30.53700000000001 1.510272
31.54700000000001 1.123488
32.558000000000014 1.357056
33.57700000000001 1.036192
34.66600000000001 1.145424
35.66700000000001 1.455552
36.68700000000001 1.444608
37.71900000000001 0.657984
38.72700000000001 1.324224
39.91700000000001 1.30024
40.92700000000001 1.444608
41.967000000000006 1.15544
42.99700000000001 1.324224
44.11800000000001 1.17412
45.12700000000001 1.20384
46.14600000000001 1.104944
47.147000000000006 1.291392
48.157000000000004 1.146592
49.165000000000006 1.794816
50.17600000000001 0.877944
51.20500000000001 0.689472
52.21500000000001 0.580888
53.21800000000001 1.280448
54.235000000000014 1.057032
55.23600000000001 1.218328
56.24600000000001 1.747864
57.25500000000001 1.333224
58.25600000000001 1.386648
59.26500000000001 1.40988
60.27100000000001 1.761984
61.275000000000006 1.379624
62.276 1.365352
63.278000000000006 1.611544
64.27900000000001 1.505792
65.29500000000002 1.838592
66.29600000000002 1.439224
67.29700000000003 1.718208
68.30500000000002 1.495512
69.31500000000003 1.663488
70.33500000000002 1.410848
71.33600000000003 1.491288
72.34500000000003 1.364008
73.35400000000003 1.893312
74.35500000000003 1.902848
75.36300000000003 2.155584
76.37300000000003 1.94104
77.38300000000004 1.838592
78.38400000000004 1.58824
79.40300000000005 1.948032
80.41200000000005 1.547312
81.43200000000004 1.403
82.43300000000005 1.564992
83.45200000000006 1.20744
84.47300000000006 1.564992
85.48200000000006 1.060168
86.49200000000006 1.455552
87.51200000000006 1.31328
88.51300000000006 0.837616
89.53100000000006 1.488384
90.54100000000007 1.335424
91.55200000000006 1.794816
92.56100000000006 1.29408
93.57100000000007 1.718208
94.58000000000007 1.118224
95.59100000000007 1.389888
96.59200000000007 1.287472
97.60000000000007 1.374048
98.61000000000007 1.6864
99.61900000000007 1.56552
100.62900000000008 1.552792
101.73900000000008 1.62704
102.74900000000008 1.9152
103.75000000000009 1.81512
104.75800000000008 1.566576
105.76800000000009 1.563432
106.76900000000009 1.882368
107.77800000000009 1.297856
108.7820000000001 2.101248
109.7880000000001 1.789144
110.7980000000001 1.9352
111.9280000000001 2.129192
112.9380000000001 2.363904
113.9490000000001 1.94648
114.9580000000001 2.146752
115.9970000000001 1.978032
116.9980000000001 2.24352
118.0070000000001 2.085992
119.00800000000011 1.796144
120.0160000000001 1.648184
121.2060000000001 2.272696
122.22800000000011 2.166912
123.2360000000001 1.78768
124.24600000000011 1.821952
125.27600000000011 2.050248
126.27700000000011 2.046528
127.29600000000012 1.938192
128.30600000000013 2.122688
129.32600000000014 1.88532
130.49600000000012 1.929736
131.51600000000013 1.980864
132.52600000000012 1.523208
133.53600000000012 1.630656
134.55600000000013 1.498432
135.56600000000012 1.871424
136.5760000000001 1.507936
137.5860000000001 1.96992
138.5960000000001 1.69996
139.60600000000008 2.002752
140.61600000000007 1.569944
141.66500000000008 1.93944
142.66600000000008 1.827648
143.67500000000007 1.477952
144.67600000000007 1.707264
145.69400000000007 1.573832
146.87300000000008 1.652712
147.88400000000007 1.718208
148.89400000000006 1.276288
149.90400000000005 1.882368
150.91300000000004 1.78496
151.91400000000004 1.84256
152.92300000000003 1.768656
153.93300000000002 2.012608
154.943 0.93924
155.953 1.525984
156.963 1.889872
158.072 1.92416
159.081 1.280448
160.082 1.236672
161.083 0.721928
162.152 0.777024
163.153 1.729152
164.16299999999998 0.680792
165.20299999999997 1.377128
166.21199999999996 1.455552
167.22399999999996 0.818984
168.26599999999996 0.525312
169.27199999999996 0.580032
170.29199999999997 0.419984
171.30199999999996 0.525312
172.32199999999997 0.667584
173.33199999999997 0.440056
174.34299999999996 0.833384
175.36199999999997 1.0944
176.36299999999997 0.455136
177.37099999999998 0.612864
178.242 0.453336
179.243 1.806984
180.28199999999998 1.590736
181.39299999999997 1.407232
182.40299999999996 1.187632
183.41199999999995 1.471344
184.41299999999995 0.902936
185.42199999999994 1.391
186.42299999999994 1.913104
187.44199999999995 1.184008
188.45199999999994 1.243696
189.49199999999993 1.15136
190.49299999999994 1.681152
191.50199999999992 1.372368
192.55199999999994 1.827216
193.65099999999993 1.407472
194.66199999999992 0.908352
195.7909999999999 1.69496
196.79199999999992 1.908856
198.04999999999993 1.86432
199.09099999999992 0.959088
200.0999999999999 1.937088
201.1519999999999 1.566288
202.1599999999999 1.859768
203.16199999999992 1.961008
204.16999999999993 2.089728
205.17999999999992 1.970384
206.19199999999992 1.962432
207.19999999999993 1.966416
208.34999999999994 2.199496
209.35999999999993 1.9152
210.36899999999991 1.043064
211.36999999999992 1.028736
212.38999999999993 1.072864
213.44999999999993 1.480352
214.45999999999992 1.663488
215.47999999999993 1.276856
216.49999999999994 1.469424
217.50999999999993 2.13408
218.51899999999992 1.473056
219.51999999999992 1.198056
220.8089999999999 1.273912
221.80999999999992 1.171008
222.82999999999993 1.07388
223.8329999999999 1.137632
224.8429999999999 0.864576
225.8529999999999 0.60192
226.8629999999999 0.443296
227.8829999999999 0.777024
228.8899999999999 0.908352
229.8999999999999 0.404928
230.9299999999999 0.333008
231.9499999999999 0.60192
232.9909999999999 0.98928
233.9999999999999 1.13352
235.0009999999999 1.239824
236.1999999999999 1.809808
237.2009999999999 1.361096
238.2099999999999 1.147176
239.21999999999989 1.137376
240.22899999999987 1.081872
241.24999999999986 1.001008
242.25999999999985 1.13016
243.34999999999985 1.382128
244.35999999999984 1.685376
245.36199999999985 1.318408
246.36999999999986 1.180848
247.37999999999985 1.47744
248.38099999999986 1.267216
249.38199999999986 1.315856
250.53999999999985 1.822504
251.54999999999984 1.772928
252.55099999999985 1.432544
253.55999999999983 1.524776
254.70999999999984 1.365672
255.71999999999983 1.663488
256.7309999999998 1.364136
257.73999999999984 1.541632
258.7409999999998 1.545152
259.7469999999998 2.112192
260.7569999999998 1.389912
261.75999999999976 1.305464
262.76699999999977 1.619712
263.76799999999974 1.586352
264.77899999999977 1.750424
265.7859999999998 1.478512
266.79599999999976 1.794816
267.79699999999974 1.48032
268.80599999999976 1.42348
269.81599999999975 1.543104
270.82499999999976 1.254056
271.83499999999975 1.488384
272.84499999999974 1.293864
273.85499999999973 1.521216
274.86399999999975 1.242136
275.87399999999974 1.113456
276.87799999999976 1.400832
277.8819999999998 1.005384
278.88499999999976 1.302336
279.89299999999974 0.895336
280.90199999999976 1.192896
281.9129999999998 0.918208
282.9219999999998 1.20384
283.9319999999998 0.868872
284.93299999999977 1.20384
285.94299999999976 0.948064
287.0429999999998 1.25116
288.0619999999998 1.269504
289.1339999999998 0.554008
290.1409999999998 1.204888
291.3109999999998 1.203184
292.3119999999998 1.127232
293.3209999999998 0.747664
294.3309999999998 1.03968
295.3399999999998 0.846152
296.4909999999998 0.93124
297.5009999999998 1.061568
298.5209999999998 1.116288
299.5299999999998 0.986944
300.5389999999998 1.554048
301.5399999999998 1.103096
302.5489999999998 0.898416
303.5589999999998 1.105344
304.5689999999998 0.974152
305.5779999999998 0.974288
306.5879999999998 1.050624
307.5979999999998 0.75684
308.6079999999998 1.214784
309.60899999999975 0.894896
310.61699999999973 1.247616
311.62799999999976 0.931656
312.6369999999998 1.116288
313.7369999999998 0.592728
314.7569999999998 0.897408
315.7659999999998 0.829432
316.7759999999998 0.995792
317.90699999999975 1.369192
318.91599999999977 1.160064
319.92599999999976 0.969216
320.93599999999975 1.521216
321.94499999999977 1.000952
322.9469999999998 1.072512
324.05599999999976 0.953912
325.0669999999998 1.072512
326.0759999999998 1.192896
327.0959999999998 0.85728
