1.002 1.295936
2.009 1.783872
3.01 1.536704
4.02 1.564992
5.020999999999999 1.624256
6.028999999999999 1.707264
7.029999999999999 1.52576
8.030999999999999 1.630656
9.04 1.657088
10.062999999999999 1.991808
11.068999999999999 1.569536
12.139 1.974464
13.141 2.342016
14.142 2.248064
15.158999999999999 2.729592
16.16 2.532608
17.169 2.528064
18.17 2.062016
19.949 1.941632
20.96 1.904256
21.969 1.372544
22.970000000000002 2.057472
23.980000000000004 1.897856
24.989000000000004 2.101248
25.991000000000003 1.832192
27.000000000000004 2.105792
28.009000000000004 2.166912
29.011000000000003 1.930688
30.019000000000002 2.652992
31.03 2.549952
32.031 1.613312
33.039 2.013696
34.041000000000004 2.226176
35.04900000000001 2.248064
36.05100000000001 1.718208
37.05900000000001 1.503872
38.06000000000001 2.160512
39.06900000000001 2.221632
40.07000000000001 2.259008
41.071000000000005 2.248064
42.07900000000001 2.506176
43.10200000000001 2.642048
44.10900000000001 3.572288
45.11000000000001 3.2768
46.11900000000001 2.40128
47.120000000000005 2.642048
48.121 3.11264
49.129000000000005 2.817152
50.13 2.451456
51.131 2.116736
52.15 3.211136
53.150999999999996 2.78432
54.16 2.34656
55.169 2.62656
56.169999999999995 2.456
57.178999999999995 1.6352
58.17999999999999 2.123136
59.18899999999999 2.379392
60.18999999999999 2.576384
61.19099999999999 2.587328
62.19899999999999 2.221632
63.19999999999999 1.996352
64.20899999999999 2.62016
65.21099999999998 3.134528
66.21999999999998 2.998656
67.22899999999998 1.865024
68.24899999999998 1.85408
69.24999999999999 2.363904
70.25899999999999 2.171456
71.25999999999999 3.243968
72.261 3.178152
73.268 1.93084
74.269 2.648448
75.27900000000001 2.32468
76.28000000000002 2.445056
77.28200000000001 2.871872
78.36900000000001 2.707712
79.37000000000002 3.075264
80.38000000000002 2.762432
81.38100000000003 2.521664
82.38900000000002 2.532608
83.39000000000003 3.16736
84.39900000000003 3.5504
85.40000000000003 2.740544
86.40100000000004 2.707712
87.40900000000003 2.593728
88.41900000000004 2.259008
89.42000000000004 2.915648
90.42100000000005 3.561344
91.42300000000004 2.89376
92.42900000000004 3.200168
93.43000000000005 3.26588
94.43900000000005 3.397184
95.44000000000005 3.98816
96.44200000000005 3.71456
97.44900000000005 3.845888
98.45000000000006 2.8062
99.45100000000006 3.287744
100.45900000000006 3.49568
101.46000000000006 2.806208
102.46900000000007 3.068864
103.47000000000007 3.309632
104.47900000000007 2.335616
105.48900000000008 2.521664
106.51800000000007 2.871872
107.51900000000008 3.261312
108.52000000000008 2.762432
109.52100000000009 2.795264
110.52800000000009 2.94848
111.5290000000001 2.762432
112.5300000000001 3.243968
113.5310000000001 3.506624
114.53800000000011 3.506624
115.5400000000001 3.484736
116.5480000000001 2.806208
117.5580000000001 2.598272
118.55900000000011 2.773376
119.58800000000011 2.871872
120.58900000000011 2.51712
121.59000000000012 2.259008
122.59800000000011 2.62016
123.59900000000012 2.642048
124.64800000000012 3.068864
125.64900000000013 2.867328
126.65000000000013 2.78432
127.65800000000013 2.445056
128.65900000000013 2.663936
129.66000000000014 2.466944
130.66800000000015 2.90016
131.66900000000015 2.970368
132.67800000000014 2.89376
133.68800000000013 2.324672
134.68900000000014 3.320576
135.69000000000014 3.353408
136.69800000000015 3.561344
137.69900000000015 2.860928
138.70800000000014 2.335616
139.70900000000015 2.506176
140.71000000000015 2.817152
141.71800000000016 3.22208
142.71900000000016 2.576384
143.72000000000017 2.423168
144.74800000000016 2.423168
145.82700000000017 3.265856
146.82800000000017 3.506624
147.9380000000002 3.046976
148.94800000000018 2.834496
149.94900000000018 2.89376
150.9500000000002 2.89376
151.9580000000002 2.882816
152.9590000000002 2.849984
153.9600000000002 2.849984
154.9610000000002 2.609216
156.0080000000002 3.123584
157.0960000000002 3.2768
158.1080000000002 3.162816
159.1090000000002 3.233024
160.1180000000002 2.576384
161.1190000000002 2.149568
162.1200000000002 2.07296
163.1280000000002 2.342016
164.12900000000022 2.828096
165.1380000000002 3.22208
166.1480000000002 2.685824
167.15700000000018 2.598272
168.1580000000002 2.374848
169.16800000000018 2.751488
170.17800000000017 2.62016
171.17900000000017 2.26996
172.18700000000018 2.696768
173.1880000000002 2.363904
174.19800000000018 2.543552
175.19900000000018 2.773376
176.2070000000002 1.886912
177.2080000000002 3.06432
178.2200000000002 3.481048
179.2880000000002 3.285032
180.28900000000021 3.151872
181.33900000000023 3.423616
182.34000000000023 4.743296
183.34600000000023 3.889664
184.34700000000024 3.298688
185.34800000000024 3.889664
186.38700000000023 3.817448
187.60600000000022 3.276952
188.60700000000023 2.878272
189.66700000000023 3.675328
190.66800000000023 4.349312
191.67000000000024 3.802112
192.67100000000025 3.430016
193.67700000000025 3.977216
194.75700000000026 4.113088
195.76700000000025 4.174208
196.76800000000026 4.75424
197.81700000000026 4.178752
198.81800000000027 4.228928
199.82700000000025 4.69952
201.22600000000025 4.167808
202.22700000000026 4.447808
203.22800000000026 5.016896
204.23800000000026 4.375744
205.24700000000024 4.951232
206.24900000000025 4.222528
207.25000000000026 4.929344
208.34600000000026 4.82444
209.34700000000026 4.404032
210.35700000000026 4.513472
211.40700000000027 4.20064
212.40800000000027 4.688576
213.41700000000026 4.841792
214.41800000000026 3.992704
215.42000000000027 4.491584
216.42600000000027 4.382144
217.43700000000027 3.937984
218.43800000000027 4.196096
219.44000000000028 3.791168
220.44600000000028 4.185152
221.50600000000028 4.0912
222.5070000000003 4.196096
223.5080000000003 3.977216
224.5150000000003 3.922496
225.5160000000003 3.36436
226.5170000000003 3.780224
227.5260000000003 2.663936
228.5270000000003 2.67488
229.5280000000003 2.521664
230.5370000000003 2.718656
231.5380000000003 2.84544
232.5560000000003 3.0032
233.5570000000003 2.817152
234.5580000000003 2.532608
235.56600000000032 3.123584
236.5760000000003 3.200192
237.5770000000003 3.101696
238.57800000000032 3.397184
239.57900000000032 2.83904
240.58000000000033 3.243968
241.58500000000032 3.583232
242.58600000000033 3.76928
243.58700000000033 4.414976
244.59600000000032 3.806656
245.59700000000032 3.71456
246.59800000000033 3.87872
247.60600000000034 4.491584
248.64600000000033 4.167808
249.67500000000032 3.265856
250.67600000000033 2.779776
251.67700000000033 2.904704
252.67900000000034 3.068864
253.68400000000034 2.696768
254.68500000000034 2.762432
255.68600000000035 2.543552
256.69500000000033 2.451456
257.6960000000003 2.445056
258.6970000000003 2.970368
259.70500000000027 3.211136
260.7160000000003 2.959424
261.71700000000027 3.287744
262.7240000000003 3.178304
263.72500000000025 3.342464
264.73500000000024 3.145472
265.7360000000002 2.981312
266.7370000000002 3.692672
267.73800000000017 4.502528
268.7450000000002 4.031928
269.74600000000015 3.036032
270.7470000000001 3.090752
271.7480000000001 2.7296
272.7540000000001 2.587328
273.75500000000005 2.576384
274.75600000000003 2.817152
275.83500000000004 2.849984
276.84400000000005 2.812608
277.845 2.554496
278.846 3.090752
279.847 3.594176
281.00399999999996 4.331968
282.05799999999994 3.2768
283.0849999999999 4.611968
284.0859999999999 4.601024
285.0889999999999 3.916096
286.10199999999986 4.338368
287.10399999999987 3.430016
288.10499999999985 3.079808
289.11899999999986 3.134536
290.12399999999985 3.2768
291.12599999999986 3.703616
292.1399999999999 4.196096
293.1749999999999 4.31008
294.1769999999999 4.053824
295.1779999999999 3.71456
296.1849999999999 3.506624
297.18599999999986 2.817152
298.19399999999985 3.036032
299.1949999999998 3.342464
300.19699999999983 3.287744
301.1979999999998 3.134528
302.2039999999998 2.78432
303.2539999999998 3.101696
304.25499999999977 3.206592
305.25599999999974 2.40128
306.2569999999997 3.189248
307.2639999999997 3.025088
308.2649999999997 2.390336
309.2739999999997 2.40128
310.2749999999997 2.84544
311.2839999999997 2.642048
312.2849999999997 2.488832
313.2939999999997 2.423168
314.3039999999997 2.576384
315.3739999999997 3.16736
316.3839999999997 3.031488
317.38499999999965 3.025088
318.39499999999964 2.587328
319.4029999999996 2.532608
320.4039999999996 2.62016
321.4139999999996 3.156416
322.41499999999957 3.123584
323.41599999999954 3.265856
324.4239999999995 3.342464
