1.001 4.660288
2.01 4.557248
3.0199999999999996 4.6448
4.020999999999999 3.773824
5.0219999999999985 5.498432
6.0299999999999985 4.857272
7.030999999999999 5.476544
8.031999999999998 4.616512
9.033999999999999 5.421824
10.036 4.824448
11.08 5.327872
12.09 5.235776
13.091 4.627456
14.091999999999999 4.940288
15.139 4.85728
16.14 5.585984
17.141000000000002 5.065216
18.142000000000003 5.202944
19.150000000000002 4.649344
20.151000000000003 5.08256
21.152000000000005 4.266304
22.153000000000006 4.360256
23.230000000000004 5.119936
24.241000000000003 5.181056
25.250000000000004 4.769728
26.260000000000005 4.765184
27.310000000000006 4.944832
28.311000000000007 5.115392
29.319000000000006 4.955776
30.320000000000007 5.312384
31.322000000000006 4.594624
32.32300000000001 4.272704
33.324000000000005 4.633856
34.325 3.791176
35.329 4.835392
36.339 4.185128
37.359 4.419544
38.36 4.97312
39.361 4.524416
40.363 4.539904
41.479 5.371496
42.489 3.320728
43.491 3.71456
44.5 5.279528
45.501 4.835416
46.503 4.327424
47.505 4.655744
48.507000000000005 4.539904
49.508 5.115384
50.52 4.211584
51.521 5.016896
52.59 4.14592
53.591 4.9184
54.659 4.901056
55.66 5.148224
56.678 4.682176
57.708999999999996 5.071616
58.739999999999995 4.3712
59.74099999999999 4.52896
60.74199999999999 4.841792
61.74299999999999 4.441408
62.74599999999999 4.97312
63.746999999999986 4.305536
64.75999999999999 4.879168
65.83999999999999 5.196544
66.841 5.016896
67.842 4.677632
68.843 4.682176
69.858 5.192
70.85900000000001 3.828544
72.04400000000001 4.830848
73.05900000000001 5.393536
74.06000000000002 4.776128
75.07800000000002 4.189696
76.07900000000002 3.889664
77.08000000000003 5.148224
78.09800000000003 4.080256
79.09900000000003 5.082568
80.15700000000004 4.74784
81.15800000000004 2.210688
82.19700000000005 4.331968
83.20800000000004 4.885568
84.26900000000003 4.955776
85.27000000000004 5.388992
86.27100000000004 4.955776
87.27800000000005 5.159168
88.29800000000004 4.736896
89.29900000000005 5.202944
90.30000000000005 4.912
91.30400000000006 4.97312
92.30600000000005 4.627456
93.31600000000006 5.191928
94.31700000000006 4.813576
95.31800000000007 5.312384
96.32600000000006 4.430464
97.32700000000007 5.093504
98.33700000000007 4.616512
99.33800000000008 5.279552
100.34700000000008 4.649344
101.36700000000008 5.388992
102.37700000000008 5.02144
103.37900000000008 4.798016
104.38000000000008 4.605568
105.38100000000009 5.071616
106.38300000000008 4.52896
107.38400000000009 5.170112
108.38600000000008 3.3534
109.38700000000009 4.03648
110.39800000000008 4.940288
111.48700000000008 4.813504
112.48800000000008 5.005952
113.85500000000009 4.813504
114.85700000000008 3.484736
115.85800000000009 5.005952
116.86700000000009 4.6384
117.88700000000009 3.813056
118.88800000000009 5.08256
119.8890000000001 4.342912
120.8960000000001 4.874624
121.8970000000001 4.787072
122.89800000000011 4.03648
123.9060000000001 4.086656
124.90700000000011 4.393088
125.95800000000011 4.47424
126.95900000000012 5.334272
127.96700000000011 4.518016
128.9760000000001 3.692672
129.97700000000012 5.290496
130.97900000000013 4.868224
132.00500000000014 5.196544
133.00600000000014 5.268608
134.00700000000015 4.85728
135.00800000000015 5.126336
136.01500000000016 4.561792
137.01700000000017 5.509376
138.01800000000017 3.703616
139.02000000000018 4.364808
140.03600000000017 5.7392
141.03700000000018 5.108992
142.04600000000016 5.163712
143.04700000000017 5.761088
144.05600000000015 4.890112
145.05700000000016 5.4656
146.05800000000016 4.572736
147.12600000000018 5.284096
148.12700000000018 5.564072
149.13600000000017 4.933912
150.13700000000017 5.312384
151.14600000000016 4.791616
152.15500000000014 5.531256
153.15600000000015 5.152768
154.15700000000015 5.152768
155.16600000000014 5.4656
156.17600000000013 4.715008
157.17700000000013 5.257664
158.18500000000014 3.462848
159.18600000000015 3.839488
160.19500000000014 4.404032
161.19600000000014 3.966272
162.19700000000014 4.119488
163.20500000000015 3.92704
164.20600000000016 4.163264
165.20700000000016 4.185152
166.22500000000016 3.539456
167.23600000000016 4.141376
168.23700000000017 4.244416
169.23800000000017 4.119488
170.26600000000016 4.393088
171.28600000000017 4.85728
172.28700000000018 5.213888
173.2890000000002 4.550848
174.2910000000002 5.290496
175.3160000000002 4.408576
176.3170000000002 5.159168
177.3180000000002 4.715008
178.31900000000022 4.830848
179.3460000000002 4.047424
180.3660000000002 5.202944
181.38600000000022 4.627456
182.38700000000023 5.443712
183.38800000000023 4.485184
184.53000000000023 4.84164
185.53100000000023 2.773528
186.54600000000022 5.13728
187.54700000000022 3.59872
188.54900000000023 5.268608
189.63500000000025 4.485184
190.63600000000025 5.13728
191.63700000000026 4.780672
192.64500000000027 5.367104
193.65700000000027 4.375744
194.65900000000028 5.13728
195.70700000000028 4.704064
196.72600000000028 5.4656
197.7270000000003 4.39764
198.7290000000003 5.13728
199.7350000000003 4.671232
200.7360000000003 5.268608
201.7640000000003 4.539904
202.7650000000003 5.016896
203.8040000000003 4.813504
204.8060000000003 5.30144
205.8180000000003 4.824448
206.8250000000003 5.476544
207.8260000000003 4.704064
208.82800000000032 4.601024
209.83500000000032 4.58368
210.83600000000033 5.24672
211.84400000000034 4.58368
212.84500000000034 4.787072
213.88500000000033 5.054272
214.88600000000034 5.159168
215.88700000000034 4.912
216.89500000000035 5.30144
217.89700000000036 5.119936
218.89800000000037 5.104448
219.89900000000037 4.277248
220.90400000000037 4.776128
222.02400000000037 4.660288
223.02500000000038 5.290496
224.02600000000038 4.141376
225.02700000000038 4.791616
226.0280000000004 4.962168
227.0530000000004 3.751936
228.0640000000004 4.502528
229.0650000000004 4.42592
230.0670000000004 5.032384
231.0710000000004 4.86368
232.0730000000004 4.649344
233.0740000000004 4.929344
234.15300000000042 4.3648
235.15400000000042 5.005952
236.1640000000004 4.130432
237.18400000000042 3.970816
238.18500000000043 5.509376
239.18600000000043 4.74784
240.19400000000044 5.202944
241.20300000000043 4.200648
242.20400000000043 5.421824
243.20500000000044 5.065216
244.20600000000044 4.819904
245.20700000000045 5.065216
246.21300000000045 4.3712
247.29400000000044 4.758784
248.29500000000044 4.787072
249.30300000000045 4.163264
250.30400000000046 4.572736
251.30500000000046 5.08256
252.30600000000047 5.13088
253.30700000000047 5.399936
254.31300000000047 3.572288
255.49300000000048 3.32512
256.5640000000005 3.2768
257.56500000000045 5.454656
258.57300000000043 4.375744
259.5740000000004 4.622912
260.6040000000004 4.48064
261.6140000000004 3.900608
262.61500000000035 4.518016
263.6160000000003 5.257664
264.62300000000033 4.627456
265.6240000000003 4.6448
266.6250000000003 4.0912
267.62600000000026 4.502528
268.71300000000025 5.229376
269.7140000000002 4.819904
270.7220000000002 4.568192
271.73300000000023 3.156408
272.8230000000002 3.839488
273.8240000000002 3.889664
274.8330000000002 4.130432
275.8340000000002 3.87872
276.83500000000015 3.966272
277.83700000000016 4.85728
278.83900000000017 5.367104
279.84400000000016 4.769728
280.84500000000014 4.436864
281.85400000000016 3.802112
282.85500000000013 3.76288
283.85700000000014 3.99908
284.89500000000015 3.26588
285.89600000000013 4.743296
286.9020000000001 3.38624
287.9030000000001 3.5504
288.9220000000001 3.69268
289.92300000000006 3.456448
290.92400000000004 4.633856
291.93300000000005 4.80896
292.934 3.87232
293.935 3.966272
294.943 3.342464
295.94399999999996 4.020992
296.94499999999994 4.185152
297.9529999999999 3.795712
298.9539999999999 5.443712
299.95499999999987 4.988608
300.95599999999985 5.399936
302.0149999999999 3.883264
303.01599999999985 5.279552
304.0169999999998 4.605568
305.0199999999998 5.181056
306.0219999999998 4.627456
307.0229999999998 5.35616
308.0239999999998 4.715008
309.0259999999998 5.334272
310.03199999999975 4.167808
311.03299999999973 5.257664
312.0339999999997 5.108992
313.0349999999997 5.7392
314.0519999999997 5.087104
315.1219999999997 5.02144
316.12299999999965 4.732352
317.21199999999965 5.049728
318.22199999999964 3.839488
319.2229999999996 4.655744
320.2689999999996 4.660288
321.2699999999996 5.432768
322.2719999999996 4.824424
323.2869999999996 4.830872
324.28999999999957 4.901056
