1.008 2.539008
2.009 2.23712
3.018 2.1824
4.028 2.368448
5.029 2.998656
6.039 2.357504
7.039999999999999 1.996352
8.047999999999998 2.331072
9.057999999999998 2.51072
10.058999999999997 2.193344
11.059999999999997 2.456
12.067999999999998 2.94848
13.068999999999997 2.823552
14.077999999999998 2.445056
15.078999999999997 2.959424
16.08 3.648896
17.087 3.955328
18.098 2.83904
19.107 2.94848
20.108 2.67488
21.109 3.254912
22.117 3.079808
23.118000000000002 2.554496
24.128000000000004 2.926592
25.137000000000004 2.746944
26.138000000000005 2.598272
27.151000000000003 2.171456
28.156000000000002 2.685824
29.176000000000002 2.587328
30.177000000000003 2.320128
31.190000000000005 2.62016
32.196000000000005 2.1824
33.197 2.615616
34.207 2.280896
35.217 2.685832
36.226 2.171456
37.227 2.757888
38.236999999999995 2.335616
39.23799999999999 2.259008
40.23899999999999 2.67488
41.24599999999999 2.609216
42.25699999999999 2.834496
43.25799999999999 2.87172
44.28699999999999 1.679128
45.28799999999999 3.670784
46.28899999999999 3.408128
47.295999999999985 3.900608
48.29699999999998 3.583232
49.30699999999998 3.320576
50.30799999999998 3.16736
51.308999999999976 2.849984
52.315999999999974 2.959424
53.31699999999997 3.517568
54.31799999999997 4.414976
55.31899999999997 3.70816
56.325999999999965 3.594176
57.365999999999964 2.926584
58.37599999999996 3.2768
59.37699999999996 3.627008
60.37799999999996 4.086656
61.378999999999955 4.305536
62.37999999999995 4.349312
63.38099999999995 4.156864
64.38599999999995 4.294592
65.38699999999996 3.101696
66.38799999999996 3.955328
67.48599999999996 4.167808
68.49599999999997 4.228928
69.49699999999997 4.469696
70.58599999999997 4.408576
71.58699999999997 4.338368
72.77599999999998 2.215232
73.78599999999999 2.451456
74.78699999999999 2.83904
75.79599999999999 2.543552
76.797 3.616072
77.806 2.226176
78.807 2.1888
79.816 1.777472
80.81700000000001 2.445056
81.82600000000001 3.539456
82.82700000000001 4.239872
83.82800000000002 4.119488
84.87700000000002 4.058368
85.87800000000003 4.185152
86.87900000000003 3.670784
87.88000000000004 4.163264
88.88100000000004 4.196096
89.88600000000004 3.8176
90.88800000000003 4.228928
91.89600000000003 4.677632
92.89700000000003 4.025536
93.89800000000004 4.53536
94.89900000000004 3.813056
95.90000000000005 3.999104
97.50600000000004 3.839488
98.50700000000005 4.42592
99.51600000000005 3.473792
100.52600000000005 2.904704
101.53600000000006 2.313728
102.53700000000006 4.677632
103.54700000000007 4.568192
104.59600000000007 3.861376
105.59700000000008 4.26176
106.59800000000008 3.506624
107.60700000000008 3.637952
108.60800000000009 3.76928
109.6150000000001 2.915648
110.6160000000001 2.379392
111.6250000000001 2.51072
112.6260000000001 2.943936
113.62700000000011 3.44096
114.7270000000001 3.401728
115.7860000000001 3.265848
117.1350000000001 3.2768
118.13600000000011 2.309184
119.1380000000001 2.280896
120.14500000000011 2.56544
121.19600000000011 2.685824
122.20500000000011 2.856384
123.20600000000012 2.499776
124.20700000000012 4.031936
125.20800000000013 3.850432
126.21700000000013 4.951232
127.28500000000012 4.736896
128.28600000000012 4.611968
129.28700000000012 4.557248
130.3260000000001 3.959872
131.3370000000001 4.798016
132.4160000000001 5.02144
133.41700000000012 4.557248
134.41800000000012 4.217984
135.4760000000001 4.331944
136.47700000000012 4.841664
137.47800000000012 2.281048
138.48500000000013 2.981312
139.48600000000013 3.736448
140.48700000000014 3.517568
141.48800000000014 3.594176
142.49000000000015 3.046976
143.50600000000014 3.375296
144.51500000000013 2.576384
145.51600000000013 3.0032
146.52500000000012 3.233024
147.6060000000001 3.134528
148.6120000000001 4.26176
149.6130000000001 2.773376
150.7120000000001 2.78432
151.8330000000001 3.287744
152.87100000000012 3.265856
153.95100000000014 3.2768
154.95200000000014 2.922048
155.96100000000013 1.843136
156.96200000000013 2.718656
157.96300000000014 2.521664
159.07100000000014 3.101696
160.07200000000014 3.239424
161.07300000000015 2.926592
162.08100000000016 2.817152
163.08300000000017 2.762432
164.09100000000018 2.663936
165.0930000000002 2.718656
166.1010000000002 2.642048
167.1020000000002 3.053376
168.18200000000022 3.401728
169.18300000000022 3.977216
170.18400000000022 3.38624
171.19200000000023 3.375296
172.19300000000024 3.802112
173.19400000000024 3.090752
174.20100000000025 3.298688
175.20200000000025 2.7296
176.20300000000026 2.78432
177.20400000000026 2.867328
178.21100000000027 2.817152
179.21200000000027 2.926592
180.21300000000028 2.904712
181.21400000000028 3.462848
182.2210000000003 3.845888
183.2230000000003 3.298688
184.2310000000003 3.156416
185.2320000000003 3.189248
186.23300000000032 3.11264
187.23400000000032 3.999104
188.24100000000033 2.959424
189.35100000000034 3.828544
190.36100000000033 3.703616
191.36200000000034 3.616064
192.41200000000035 2.806208
193.41300000000035 2.889216
194.42300000000034 2.083904
195.42400000000035 2.040128
196.43200000000036 2.210688
197.43300000000036 1.865024
198.44200000000035 2.280896
199.44300000000035 2.834496
200.45200000000034 2.116736
201.45300000000034 2.718656
202.45400000000035 2.554496
203.48200000000034 2.62016
204.48300000000035 2.95488
205.48400000000035 2.554496
206.49200000000036 2.554488
207.51300000000035 2.412224
208.53200000000035 2.631104
209.54200000000034 2.812608
210.54400000000035 2.598272
211.55200000000036 2.040128
212.56200000000035 2.379392
213.56300000000036 2.714112
214.57200000000034 2.488832
215.58200000000033 2.62016
216.59200000000033 2.248064
217.60200000000032 2.145024
218.60300000000032 1.996352
219.6120000000003 2.215232
220.6130000000003 2.670336
221.61400000000032 2.576384
222.62200000000033 2.335616
223.63200000000032 2.313728
224.63300000000032 2.593728
225.6420000000003 2.23712
226.6520000000003 2.204288
227.6530000000003 2.320128
228.6620000000003 2.29184
229.67200000000028 2.718656
230.68200000000027 2.663936
231.68300000000028 2.609064
232.69200000000026 2.593728
233.70200000000025 1.05532
234.71200000000024 2.808928
235.71300000000025 2.503464
236.72100000000026 2.379392
237.72200000000026 2.642048
238.72300000000027 2.554496
239.74200000000027 2.539008
240.74300000000028 2.56544
241.75200000000027 2.56544
242.76100000000025 2.390336
243.76200000000026 2.582784
244.76300000000026 2.7296
245.77100000000027 2.718656
246.77200000000028 2.488832
247.77300000000028 2.642048
248.7920000000003 2.762432
249.80800000000028 2.998656
250.81100000000026 2.445056
251.81200000000027 2.466944
252.82200000000026 2.609216
254.09100000000026 2.576384
255.09200000000027 2.692224
256.11200000000025 2.40128
257.12200000000024 2.67488
258.1230000000002 2.521664
259.13200000000023 2.440512
260.14100000000025 2.226176
261.1420000000002 2.12768
262.2510000000002 2.576376
263.2520000000002 2.4624
264.2610000000002 2.29184
265.26200000000017 2.34656
266.34200000000016 2.740544
267.34300000000013 2.79072
268.3510000000001 2.423168
269.3520000000001 2.149568
270.3610000000001 2.1888
271.3820000000001 1.58048
272.3830000000001 1.455552
273.40100000000007 1.41632
274.41100000000006 1.214784
275.6190000000001 1.153664
276.6210000000001 1.47744
277.7210000000001 1.79936
278.7220000000001 2.101248
279.7310000000001 1.996352
280.7510000000001 2.265408
281.75200000000007 1.996352
282.7610000000001 1.897856
283.7710000000001 2.090304
284.78100000000006 1.777472
285.86100000000005 2.259008
286.862 2.342016
287.863 2.30276
288.875 2.2262
289.881 2.429568
290.883 2.083904
291.90099999999995 2.248064
292.90199999999993 2.495232
293.92099999999994 1.886912
294.9309999999999 2.138624
295.94199999999995 2.692224
296.95099999999996 2.390344
297.96099999999996 2.269952
298.98099999999994 1.996352
299.99099999999993 2.331072
300.9919999999999 2.083904
302.0009999999999 1.86048
303.0209999999999 1.886912
304.0609999999999 1.668032
305.0709999999999 2.528064
306.0809999999999 2.226176
307.0909999999999 2.280896
308.09199999999987 2.440512
309.1009999999999 1.85408
310.1109999999999 2.269952
311.11199999999985 2.418624
312.12099999999987 2.1824
313.12199999999984 2.23712
314.13099999999986 2.331072
315.15099999999984 2.07296
316.16099999999983 2.171456
317.1619999999998 2.385792
318.1699999999998 2.094848
319.17099999999976 2.07296
320.23099999999977 2.466944
321.23199999999974 2.615616
322.24099999999976 2.269952
323.2499999999998 2.193344
324.25099999999975 2.440512
325.2519999999997 2.160512
