1.008 0.481536
2.0389999999999997 0.459648
3.0399999999999996 0.43776
4.048 0.777024
5.068 0.65024
6.079 1.335168
7.098 1.346112
8.118 0.792512
9.128 1.181952
10.218 1.438208
11.228 1.937088
12.358 1.339712
13.360000000000001 1.575936
14.378000000000002 1.652544
15.388000000000002 0.7378
16.408 0.886464
17.468 0.722304
18.508 0.350208
19.518 0.525312
20.538 0.43136
21.548000000000002 1.017792
22.558000000000003 1.31328
23.579000000000004 0.86912
24.608000000000004 0.645696
25.618000000000006 0.38304
26.628000000000007 0.8208
27.62900000000001 0.842688
28.63900000000001 1.055168
29.64800000000001 2.166912
30.658000000000012 1.547648
31.760000000000012 2.12768
32.77800000000001 2.068416
33.78800000000001 1.79936
34.79800000000001 1.980864
35.79900000000001 1.96352
36.80800000000001 2.226176
37.809000000000005 2.1888
38.818000000000005 1.832192
39.87800000000001 2.313728
40.88000000000001 2.155968
41.88800000000001 1.624256
42.89800000000001 2.123136
43.89900000000001 1.58048
44.90800000000001 1.772928
45.918000000000006 1.405376
46.919000000000004 1.389888
47.928000000000004 1.372544
48.938 2.068416
49.939 1.700864
51.098 2.466944
52.099 2.35296
53.117999999999995 1.68992
54.12799999999999 1.991808
55.13799999999999 1.58048
56.14799999999999 1.816704
57.14899999999999 1.58048
58.15699999999999 2.057472
59.15799999999999 1.700792
60.21799999999999 1.624328
61.22799999999999 2.123136
62.228999999999985 1.843136
63.237999999999985 2.374848
64.23899999999999 2.423168
65.24099999999999 2.083904
66.24799999999999 1.75104
67.249 3.036032
68.25 2.652992
69.257 2.094848
70.259 1.9152
71.26 2.01824
72.26100000000001 3.243968
73.26700000000001 2.970368
74.269 2.40128
75.278 3.093464
76.27900000000001 2.536296
77.287 2.01824
78.387 2.007296
79.388 2.736
80.397 1.810304
81.39800000000001 2.149568
82.40700000000001 3.053376
83.47800000000001 3.357952
84.47900000000001 2.84544
85.48700000000001 3.0032
86.48800000000001 2.631104
87.48900000000002 2.94848
88.49700000000001 1.843128
89.49800000000002 1.58688
90.51700000000002 1.52576
91.51900000000002 1.740096
92.52700000000002 1.400832
93.52800000000002 2.1824
94.52900000000002 3.572288
95.53700000000002 3.025088
96.54700000000003 1.646144
97.54800000000003 2.210688
98.55700000000003 2.040128
99.56800000000003 1.85408
100.56900000000003 2.615616
101.57000000000004 3.211136
102.57700000000004 3.966272
103.57900000000004 4.025536
104.58700000000003 3.517568
105.60700000000003 2.313728
106.67700000000002 3.2768
107.68700000000003 3.747392
108.68900000000002 3.65984
109.69000000000003 4.272704
110.69100000000003 4.086656
111.69200000000004 4.113088
112.69800000000004 3.845888
113.70800000000004 3.49568
114.72700000000005 3.079808
115.72800000000005 2.685824
116.80700000000004 3.05792
117.87700000000004 3.2768
118.95700000000004 3.287744
119.95800000000004 3.572288
120.96700000000004 3.539456
121.96800000000005 3.616064
122.96900000000005 3.648896
123.97800000000005 2.937536
124.98700000000005 2.663936
126.04700000000005 2.959424
127.16700000000006 3.265856
128.16800000000006 4.217984
129.17600000000007 4.141376
130.17700000000008 4.053824
131.18700000000007 3.49568
132.19700000000006 3.233024
133.19900000000007 3.101696
134.20600000000007 2.87188
135.20700000000008 2.7296
136.2090000000001 2.795264
137.22600000000008 2.215232
138.4660000000001 3.189248
139.4670000000001 2.823552
140.4750000000001 2.587328
141.4760000000001 3.627008
142.53600000000012 4.069312
143.5460000000001 4.655744
144.5470000000001 3.462848
145.54800000000012 1.674432
146.5570000000001 1.865024
147.5580000000001 2.856384
148.5670000000001 2.302784
149.5680000000001 1.96352
150.57700000000008 2.40768
151.5780000000001 2.477888
152.5970000000001 2.029184
153.5980000000001 2.390336
154.5990000000001 2.396736
155.6070000000001 2.280896
156.60900000000012 2.357504
157.61600000000013 2.488832
158.61700000000013 1.42272
159.62700000000012 2.23712
160.62800000000013 2.746944
161.6370000000001 2.23712
162.6470000000001 1.536704
163.6570000000001 2.29824
164.6580000000001 2.07296
165.6670000000001 2.390336
166.6740000000001 2.221632
167.67700000000008 2.34656
168.67800000000008 2.248064
169.68800000000007 2.587328
170.69700000000006 2.648448
171.70700000000005 2.477888
172.71700000000004 2.029184
173.71800000000005 2.473344
174.72700000000003 2.029184
175.73700000000002 2.051072
176.73800000000003 2.265408
177.75700000000003 2.149544
178.75800000000004 2.44508
179.76700000000002 2.302784
180.77800000000002 2.560896
181.79700000000003 2.434112
182.80700000000002 2.390336
183.80800000000002 2.466944
184.81600000000003 2.495232
185.81700000000004 2.12768
186.82200000000003 2.390336
187.83700000000002 2.604672
188.848 2.34656
189.857 2.609216
190.858 2.07296
191.867 2.342016
192.869 2.609216
193.887 2.609216
194.888 2.324672
195.89600000000002 2.342016
196.89700000000002 1.821248
197.907 2.171456
198.90800000000002 2.40768
199.917 2.1824
200.926 1.96352
201.927 1.926144
202.93699999999998 1.350656
203.94699999999997 1.652544
204.95599999999996 1.58048
205.95699999999997 2.057472
206.95799999999997 1.79936
207.96599999999998 2.342016
208.97699999999998 2.554496
209.98699999999997 2.685824
211.00699999999998 2.631104
212.01699999999997 2.67488
213.02599999999995 2.765152
214.02699999999996 2.35024
215.02799999999996 2.499776
216.03599999999997 2.499776
217.03699999999998 2.499776
218.045 2.539008
219.046 2.248064
220.05499999999998 2.259008
221.05599999999998 2.418624
222.06599999999997 2.357504
223.07499999999996 2.652992
224.07599999999996 2.652992
225.07699999999997 2.554496
226.08599999999996 2.506176
227.09499999999994 2.302784
228.09599999999995 2.335616
229.10499999999993 2.385792
230.10599999999994 2.226176
231.11499999999992 2.171464
232.11599999999993 2.13408
233.12499999999991 2.07296
234.1349999999999 1.68992
235.1449999999999 1.882368
236.1459999999999 1.941632
237.1469999999999 2.090304
238.15499999999992 2.105792
239.1649999999999 2.51072
240.1659999999999 2.456
241.1749999999999 2.484288
242.1849999999999 2.280896
243.19499999999988 1.985408
244.20499999999987 2.265408
245.21499999999986 1.492928
246.21599999999987 2.166912
247.22499999999985 2.083904
248.23499999999984 2.302784
249.23599999999985 2.199744
250.24499999999983 1.985408
251.25499999999982 1.810304
252.25599999999983 2.166912
253.26499999999982 2.23712
254.3159999999998 1.974464
255.3249999999998 2.090304
256.3259999999998 1.9088
257.3349999999998 2.101248
258.3449999999998 1.875968
259.3549999999998 2.062016
260.3649999999998 2.232576
261.3749999999998 1.295936
262.38499999999976 1.225728
263.39499999999975 1.269504
264.40499999999975 0.934784
265.41499999999974 1.740096
266.4249999999997 1.471032
267.43599999999975 2.549952
268.44499999999977 2.062016
269.4469999999998 2.07296
270.45499999999976 2.29824
271.47499999999974 1.985408
272.48499999999973 2.051072
273.4949999999997 2.035584
274.5049999999997 2.083904
275.5059999999997 2.171456
276.51399999999967 2.24352
277.51499999999965 1.85408
278.52499999999964 2.046528
279.5349999999996 1.952576
280.5449999999996 1.952576
281.5549999999996 2.112192
282.5749999999996 1.96352
283.6139999999996 2.040128
284.6249999999996 2.035584
285.6259999999996 1.602368
286.63399999999956 1.6416
287.64399999999955 1.350656
288.6449999999995 1.564992
289.65399999999954 1.657088
290.6549999999995 1.685376
291.6559999999995 1.722752
292.6699999999995 1.893312
293.6749999999995 1.733696
294.6849999999995 2.02464
295.6949999999995 1.79936
296.69599999999946 1.838592
297.7049999999995 1.722752
298.72299999999944 1.904256
299.73399999999947 1.569384
300.7449999999995 1.630656
301.7529999999995 0.858328
302.7739999999995 1.214784
303.7829999999995 1.072768
304.7839999999995 0.682824
305.7929999999995 1.083456
306.8039999999995 0.974016
307.92299999999955 0.781568
308.92599999999953 1.597824
309.9359999999995 1.236672
310.9459999999995 0.912896
311.9559999999995 1.03968
312.9759999999995 1.20384
313.9859999999995 1.066112
315.00599999999946 1.0944
316.01599999999945 0.8208
317.1059999999994 0.858176
318.1159999999994 0.842688
319.1259999999994 1.006848
320.1279999999994 0.941184
321.1359999999994 0.628352
322.1459999999994 0.689472
323.1559999999994 0.722304
324.17599999999936 0.864576
