1.001 3.528512
2.07 3.025088
3.078 3.22848
4.079 2.051072
5.08 2.029184
6.089 2.221632
7.091 2.937536
8.108 1.875968
9.109 1.6416
10.128 1.405376
11.209 2.259008
12.228 2.035584
13.23 1.350656
14.248000000000001 1.58688
15.249 1.543104
16.25 1.602368
17.258 1.74464
18.259 2.429568
19.26 2.040128
20.268 2.576384
21.269000000000002 3.44096
22.278000000000002 2.751336
23.279000000000003 1.816704
24.418000000000003 1.296088
25.44 1.116288
26.449 1.181952
27.450000000000003 1.186496
28.458000000000002 1.58688
29.468000000000004 1.466496
30.469000000000005 1.055168
31.478000000000005 1.006848
32.479000000000006 1.171008
33.50800000000001 1.088
34.51800000000001 1.280448
35.52000000000001 1.164608
36.53300000000001 0.886464
37.54800000000001 0.470592
38.54900000000001 0.733248
39.55800000000001 1.460096
40.568000000000005 1.575936
41.62800000000001 1.241216
42.629000000000005 1.346112
43.638000000000005 1.47744
44.639 1.350656
45.658 1.75104
46.668 1.58048
47.678 1.838592
48.687999999999995 1.558592
49.69799999999999 1.958976
50.69899999999999 1.733696
51.70799999999999 1.674432
52.70899999999999 1.25216
53.71799999999999 1.324224
54.746999999999986 0.891008
55.74899999999999 1.072512
56.75699999999999 1.564992
57.76699999999999 1.722752
58.77699999999999 1.652544
59.777999999999984 0.912896
60.786999999999985 0.853632
61.81599999999999 0.667584
62.816999999999986 0.93024
63.817999999999984 1.438208
64.82699999999998 1.816704
65.82799999999999 1.25216
66.838 1.335168
67.996 1.077056
69.175 0.580032
70.185 0.569088
71.186 1.291392
72.19600000000001 1.777472
73.20600000000002 2.090304
74.21600000000002 2.34656
75.22500000000002 1.974464
76.24500000000002 1.181952
77.24600000000002 0.93024
78.27600000000002 1.241216
79.27700000000003 1.346112
80.36500000000002 1.066112
81.36600000000003 2.746944
82.36700000000003 2.379392
83.37400000000004 3.845888
84.37500000000004 2.215232
85.38500000000005 1.58688
86.40400000000005 0.59552
87.43400000000005 0.361152
88.43700000000005 0.284544
89.44400000000006 0.93024
90.54500000000006 1.438208
91.61400000000006 3.265856
92.64500000000007 3.287744
93.64600000000007 2.965824
94.65500000000007 2.160512
95.65600000000008 2.631104
96.68400000000008 2.062016
97.68500000000009 1.69632
98.69400000000009 1.444608
99.7040000000001 1.263104
100.72100000000009 0.995904
101.82400000000008 1.153664
102.83500000000008 1.072512
103.84400000000008 1.466496
104.86400000000008 0.869128
105.88400000000007 0.908352
106.89500000000007 0.689472
107.90400000000007 1.083456
108.91400000000007 0.97856
109.91500000000008 1.25856
111.06400000000008 1.503872
112.07400000000008 1.291392
113.07700000000008 1.816704
114.09400000000008 1.996352
115.10400000000008 1.843136
116.10500000000009 2.221632
117.11400000000009 2.040128
118.1150000000001 1.816704
119.1240000000001 0.770624
120.1250000000001 1.31328
121.1340000000001 1.843136
122.1360000000001 2.528064
123.1640000000001 1.613312
124.1740000000001 1.564992
125.3140000000001 0.989504
126.31500000000011 1.80576
127.3170000000001 2.029184
128.6360000000001 0.404928
129.64400000000012 1.843136
130.64500000000012 1.816704
131.6540000000001 1.733696
132.65500000000011 2.396736
133.65700000000012 1.96352
134.66400000000013 1.68992
135.67300000000012 1.948032
136.67400000000012 1.9088
137.68200000000013 1.80576
138.69400000000013 1.536704
139.70300000000012 1.652544
140.72100000000012 1.547648
141.72300000000013 1.740096
142.7320000000001 1.613312
143.73300000000012 2.101248
144.73400000000012 1.79936
145.73600000000013 1.948032
146.74300000000014 1.788416
147.75300000000013 1.657088
148.76300000000012 2.02464
149.76400000000012 2.07296
150.77200000000013 2.456
151.77300000000014 2.659392
152.77400000000014 2.609216
153.78300000000013 2.707712
154.79400000000012 2.7296
155.80200000000013 2.970368
156.82300000000012 2.860928
157.82400000000013 2.670336
158.83200000000014 2.40128
159.84200000000013 2.488832
160.84300000000013 2.313728
161.84400000000014 2.79072
162.85300000000012 2.718656
163.8620000000001 2.631104
164.8630000000001 2.817152
165.8720000000001 2.685824
166.9020000000001 2.543552
167.9030000000001 2.834496
168.9040000000001 2.521664
169.91200000000012 2.696768
170.9220000000001 2.773376
171.92300000000012 2.94848
172.9320000000001 2.663936
173.9420000000001 2.987712
174.9430000000001 2.67488
175.95200000000008 2.587304
176.9530000000001 2.204312
177.96200000000007 2.265408
178.98200000000008 1.131776
180.20200000000008 0.569088
181.21200000000007 2.01824
182.21300000000008 2.604672
183.22200000000007 2.576384
184.23200000000006 2.051072
185.24200000000005 2.057472
186.25200000000004 1.175552
187.26200000000003 2.123136
188.26300000000003 1.85408
189.27200000000002 1.930688
190.27300000000002 2.418624
191.28100000000003 2.477888
192.29200000000003 2.62016
193.29300000000003 2.40128
194.29400000000004 2.889216
195.30200000000005 2.412224
196.31200000000004 2.280896
197.31300000000005 2.434112
198.31400000000005 2.604672
199.32200000000006 2.379392
200.32300000000006 2.423168
201.33200000000005 2.269952
202.34200000000004 1.729152
203.35100000000003 1.711808
204.372 1.86048
205.382 1.52576
206.391 1.619712
207.402 1.328768
208.41099999999997 2.155968
209.42199999999997 1.755584
210.42299999999997 2.02464
211.43199999999996 1.777472
212.47199999999995 1.96352
213.47299999999996 2.123136
214.48199999999994 2.007296
215.49199999999993 2.090304
216.50199999999992 1.930688
217.51199999999992 2.193344
218.53199999999993 2.02464
219.54199999999992 1.897856
220.56199999999993 2.138624
221.57199999999992 2.276352
222.57299999999992 1.722752
223.5819999999999 2.07936
224.5909999999999 1.788416
225.6729999999999 1.930688
226.6809999999999 2.155968
227.6819999999999 1.996352
228.7319999999999 2.412224
229.7409999999999 2.528064
230.7419999999999 2.12768
231.7509999999999 2.795264
232.7519999999999 2.390336
233.7599999999999 2.768832
234.7609999999999 2.477888
235.76199999999992 2.499784
236.7709999999999 2.7296
237.7799999999999 2.642048
238.87299999999988 1.740096
239.92099999999988 1.700864
240.9289999999999 1.948032
241.93999999999988 1.79936
242.9409999999999 2.046528
243.95199999999988 2.1824
244.95499999999987 2.34656
246.00899999999987 2.598272
247.00999999999988 1.816704
248.01099999999988 2.466944
249.02099999999987 2.62016
250.02199999999988 2.309184
251.02899999999988 1.941632
252.0299999999999 1.96352
253.03899999999987 2.451456
254.04899999999986 2.488832
255.04999999999987 2.499776
256.0599999999999 2.587328
257.06099999999986 2.812608
258.06199999999984 2.335616
259.06899999999985 2.083904
260.0699999999998 2.13408
261.07899999999984 2.543552
262.0889999999998 2.423168
263.0899999999998 2.434112
264.14899999999983 2.685824
265.1499999999998 2.714112
266.1509999999998 2.31372
267.1599999999998 2.149568
268.2879999999998 2.642048
269.28899999999976 2.812608
270.2999999999998 2.379392
271.3189999999998 2.412224
272.31999999999977 2.40128
273.3289999999998 2.768832
274.32999999999976 2.499776
275.33099999999973 1.996352
276.33999999999975 2.466944
277.3409999999997 2.725056
278.34999999999974 2.631104
279.3509999999997 2.860928
280.35999999999973 3.0032
281.36899999999974 2.828096
282.3699999999997 2.83904
283.37899999999973 2.94848
284.4589999999997 3.036032
285.4599999999997 3.140928
286.4679999999997 2.12768
287.4719999999997 2.01824
288.4789999999997 2.287296
289.4889999999997 1.711808
290.4999999999997 2.018088
291.5009999999997 2.177856
298.9759999999997 0.89116
299.98699999999974 1.508928
300.99599999999975 1.98676
301.99699999999973 2.199744
303.0069999999997 2.051072
304.01599999999974 1.521216
305.02699999999976 1.230272
306.0359999999998 1.0944
307.03699999999975 1.116288
308.04599999999976 1.109888
309.05599999999976 1.575936
310.07599999999974 0.634752
311.08599999999973 0.551744
312.2959999999997 0.744192
313.2969999999997 2.24352
314.29799999999966 2.40128
315.30599999999964 2.40128
316.3069999999996 2.029184
317.31599999999963 2.287296
318.3169999999996 2.171456
319.3259999999996 2.259008
320.3359999999996 2.232576
321.3369999999996 1.875968
322.33799999999957 2.171456
323.34599999999955 1.783872
324.36599999999953 0.76608
325.3759999999995 1.098944
326.3959999999995 2.199744
327.55599999999953 0.628352
328.5609999999995 2.02464
329.5659999999995 1.47104
330.5759999999995 1.6416
331.5769999999995 1.558592
