1.001 5.443712
2.002 4.52896
3.0029999999999997 3.462848
4.0089999999999995 4.55724
5.090999999999999 4.944832
6.091999999999999 5.257664
7.092999999999998 5.02144
8.098999999999998 5.071616
9.099999999999998 4.539904
10.109999999999998 5.104448
11.119999999999997 4.791616
12.120999999999997 5.071616
13.121999999999996 4.550848
14.128999999999996 4.688552
15.138999999999996 4.863704
16.158999999999995 3.565888
17.282999999999994 3.977216
18.338999999999995 5.76564
19.339999999999996 5.213888
20.340999999999998 4.239872
21.348 4.824448
22.349 4.896512
23.35 4.791616
24.351000000000003 4.732352
25.398000000000003 4.058368
26.399000000000004 4.874624
27.400000000000006 4.53536
28.401000000000007 4.222528
29.403000000000006 4.874624
30.404000000000007 4.74784
31.409000000000006 4.524416
32.418000000000006 4.69952
33.42000000000001 3.67532
34.42300000000001 5.859584
35.42400000000001 4.594624
36.42600000000001 4.776128
37.42800000000001 4.397632
38.45000000000001 4.874624
39.45800000000001 5.07616
40.45900000000001 4.9184
41.46800000000001 4.725952
42.46900000000001 5.57504
43.470000000000006 4.813504
44.47200000000001 5.509376
45.47400000000001 4.999552
46.63800000000001 5.305984
47.689000000000014 4.163272
48.71800000000002 5.67808
49.72000000000002 5.126336
50.72200000000002 4.725952
51.72500000000002 4.830848
52.72600000000002 4.958488
53.72800000000002 4.488872
54.72900000000002 4.436864
55.73900000000002 4.671232
56.75300000000002 5.071616
57.76800000000002 4.277096
58.76900000000002 3.331672
59.77800000000002 4.26176
60.77900000000002 5.476544
61.780000000000015 5.07616
62.85800000000002 4.791616
63.868000000000016 5.290496
64.87800000000001 4.539904
65.87900000000002 5.4656
66.88000000000002 4.769728
67.88100000000003 5.049728
68.89800000000002 4.561792
69.90800000000003 5.08256
70.91800000000003 4.912
71.91900000000004 4.787072
72.95800000000004 4.704064
73.95900000000005 5.290496
74.96700000000004 4.491584
75.96800000000005 4.550848
76.97000000000004 5.192
77.97700000000005 4.69312
78.97800000000005 4.984064
79.97900000000006 4.299136
80.98800000000006 5.224832
81.98900000000006 4.441408
82.99000000000007 4.31648
83.99100000000007 4.20704
85.02600000000007 4.003648
86.03700000000006 5.323328
87.03800000000007 4.660288
88.04700000000007 4.557248
89.05700000000007 4.6448
90.05800000000008 3.773824
91.05900000000008 5.498432
92.06700000000008 4.857272
93.06800000000008 5.476544
94.06900000000009 4.616512
95.07100000000008 5.421824
96.07300000000008 4.824448
97.11700000000008 5.327872
98.12700000000008 5.235776
99.12800000000009 4.627456
100.12900000000009 4.940288
101.17600000000009 4.85728
102.17700000000009 5.585984
103.1780000000001 5.065216
104.1790000000001 5.202944
105.1870000000001 4.649344
106.1880000000001 5.08256
107.1890000000001 4.266304
108.19000000000011 4.360256
109.26700000000011 5.119936
110.2780000000001 5.181056
111.2870000000001 4.769728
112.29700000000011 4.765184
113.34700000000011 4.944832
114.34800000000011 5.115392
115.35600000000011 4.955776
116.35700000000011 5.312384
117.35900000000011 4.594624
118.36000000000011 4.272704
119.36100000000012 4.633856
120.36200000000012 3.791176
121.36600000000013 4.835392
122.37600000000013 4.185128
123.39600000000013 4.419544
124.39700000000013 4.97312
125.39800000000014 4.524416
126.40000000000013 4.539904
127.51600000000013 5.371496
128.52600000000012 3.320728
129.52800000000013 3.71456
130.53700000000012 5.279528
131.53800000000012 4.835416
132.54000000000013 4.327424
133.54200000000014 4.655744
134.54400000000015 4.539904
135.54500000000016 5.115384
136.55700000000016 4.211584
137.55800000000016 5.016896
138.62700000000015 4.14592
139.62800000000016 4.9184
140.69600000000017 4.901056
141.69700000000017 5.148224
142.71500000000017 4.682176
143.74600000000018 5.071616
144.77700000000019 4.3712
145.7780000000002 4.52896
146.7790000000002 4.841792
147.7800000000002 4.441408
148.7830000000002 4.97312
149.7840000000002 4.305536
150.7970000000002 4.879168
151.8770000000002 5.196544
152.8780000000002 5.016896
153.87900000000022 4.677632
154.88000000000022 4.682176
155.8950000000002 5.192
156.8960000000002 3.828544
158.08100000000022 4.830848
159.0960000000002 5.393536
160.0970000000002 4.776128
161.1150000000002 4.189696
162.1160000000002 3.889664
163.11700000000022 5.148224
164.13500000000022 4.080256
165.13600000000022 5.082568
166.19400000000022 4.74784
167.19500000000022 2.210688
168.2340000000002 4.331968
169.2450000000002 4.885568
170.3060000000002 4.955776
171.30700000000022 5.388992
172.30800000000022 4.955776
173.31500000000023 5.159168
174.33500000000024 4.736896
175.33600000000024 5.202944
176.33700000000024 4.912
177.34100000000024 4.97312
178.34300000000025 4.627456
179.35300000000024 5.191928
180.35400000000024 4.813576
181.35500000000025 5.312384
182.36300000000026 4.430464
183.36400000000026 5.093504
184.37400000000025 4.616512
185.37500000000026 5.279552
186.38400000000024 4.649344
187.40400000000025 5.388992
188.41400000000024 5.02144
189.41600000000025 4.798016
190.41700000000026 4.605568
191.41800000000026 5.071616
192.42000000000027 4.52896
193.42100000000028 5.170112
194.4230000000003 3.3534
195.4240000000003 4.03648
196.4350000000003 4.940288
197.52400000000029 4.813504
198.5250000000003 5.005952
199.89200000000028 4.813504
200.8940000000003 3.484736
201.8950000000003 5.005952
202.90400000000028 4.6384
203.9240000000003 3.813056
204.9250000000003 5.08256
205.9260000000003 4.342912
206.9330000000003 4.874624
207.9340000000003 4.787072
208.93500000000031 4.03648
209.94300000000032 4.086656
210.94400000000033 4.393088
211.99500000000032 4.47424
212.99600000000032 5.334272
214.00400000000033 4.518016
215.01300000000032 3.692672
216.01400000000032 5.290496
217.01600000000033 4.868224
218.04200000000034 5.196544
219.04300000000035 5.268608
220.04400000000035 4.85728
221.04500000000036 5.126336
222.05200000000036 4.561792
223.05400000000037 5.509376
224.05500000000038 3.703616
225.0570000000004 4.364808
226.07300000000038 5.7392
227.07400000000038 5.108992
228.08300000000037 5.163712
229.08400000000037 5.761088
230.09300000000036 4.890112
231.09400000000036 5.4656
232.09500000000037 4.572736
233.16300000000038 5.284096
234.16400000000039 5.564072
235.17300000000037 4.933912
236.17400000000038 5.312384
237.18300000000036 4.791616
238.19200000000035 5.531256
239.19300000000035 5.152768
240.19400000000036 5.152768
241.20300000000034 5.4656
242.21300000000033 4.715008
243.21400000000034 5.257664
244.22200000000035 3.462848
245.22300000000035 3.839488
246.23200000000034 4.404032
247.23300000000035 3.966272
248.23400000000035 4.119488
249.24200000000036 3.92704
250.24300000000036 4.163264
251.24400000000037 4.185152
252.26200000000037 3.539456
253.27300000000037 4.141376
254.27400000000037 4.244416
255.27500000000038 4.119488
256.3030000000004 4.393088
257.3230000000004 4.85728
258.32400000000035 5.213888
259.32600000000036 4.550848
260.3280000000004 5.290496
261.35300000000035 4.408576
262.3540000000003 5.159168
263.3550000000003 4.715008
264.3560000000003 4.830848
265.38300000000027 4.047424
266.40300000000025 5.202944
267.42300000000023 4.627456
268.4240000000002 5.443712
269.4250000000002 4.485184
270.5670000000002 4.84164
271.56800000000015 2.773528
272.58300000000014 5.13728
273.5840000000001 3.59872
274.5860000000001 5.268608
275.67200000000014 4.485184
276.6730000000001 5.13728
277.6740000000001 4.780672
278.6820000000001 5.367104
279.6940000000001 4.375744
280.6960000000001 5.13728
281.7440000000001 4.704064
282.7630000000001 5.4656
283.76400000000007 4.39764
284.7660000000001 5.13728
285.77200000000005 4.671232
286.773 5.268608
287.80100000000004 4.539904
288.802 5.016896
289.841 4.813504
290.843 5.30144
291.855 4.824448
292.862 5.476544
293.863 4.704064
294.865 4.601024
295.872 4.58368
296.873 5.24672
297.881 4.58368
298.88199999999995 4.787072
299.92199999999997 5.054272
300.92299999999994 5.159168
301.9239999999999 4.912
302.9319999999999 5.30144
303.9339999999999 5.119936
304.9349999999999 5.104448
305.93599999999986 4.277248
306.94099999999986 4.776128
308.06099999999986 4.660288
309.06199999999984 5.290496
310.0629999999998 4.141376
311.0639999999998 4.791616
312.06499999999977 4.962168
313.08999999999975 3.751936
314.1009999999998 4.502528
315.10199999999975 4.42592
316.10399999999976 5.032384
317.1079999999998 4.86368
318.1099999999998 4.649344
319.11099999999976 4.929344
320.18999999999977 4.3648
321.19099999999975 5.005952
322.20099999999974 4.130432
323.2209999999997 3.970816
324.2219999999997 5.509376
