1.103 3.76288
2.1630000000000003 3.2768
3.2030000000000003 3.2768
4.204000000000001 3.129984
5.205 2.423168
6.213 2.007296
7.214 2.707712
8.224 2.937536
9.273 3.178304
10.275 3.572136
11.283000000000001 3.014296
12.354000000000001 3.254912
13.355 4.020992
14.374 4.272704
15.375 4.458752
16.378 3.959872
17.434 3.068872
18.435000000000002 5.093504
19.514000000000003 4.616512
20.515000000000004 4.655744
21.519000000000005 4.601024
22.553000000000004 3.839488
23.554000000000006 3.71456
24.563000000000006 2.860928
25.564000000000007 4.053824
26.56500000000001 5.290496
27.57200000000001 1.810304
28.81300000000001 1.930688
29.82200000000001 2.02464
30.83100000000001 1.492928
31.83200000000001 1.794816
32.84200000000001 1.514792
33.84300000000001 2.506176
34.85200000000001 3.123608
35.86200000000001 2.07296
36.87100000000001 2.138624
37.87200000000001 2.254464
38.873000000000005 1.74464
39.932 2.280896
40.933 2.418624
41.941 2.445048
42.943000000000005 4.787072
43.94500000000001 4.331968
44.95100000000001 4.633856
45.952000000000005 3.900608
46.953 3.451904
47.961000000000006 3.408128
48.962 3.664384
49.963 4.48064
50.972 3.93344
51.981 3.944384
52.982 3.156416
53.99 3.025088
55.001000000000005 3.824
56.002 3.462848
57.003 3.22208
58.011 3.309632
59.021 3.412672
60.031 3.637952
61.041 2.926592
62.041999999999994 2.932992
63.05 2.56544
64.051 2.445056
65.13 1.865024
66.131 2.057472
67.141 1.996352
68.15100000000001 2.740544
69.16000000000001 2.101248
70.162 1.974464
71.18 2.23712
72.18100000000001 2.57184
73.19000000000001 1.788416
74.20000000000002 2.193344
75.20200000000001 2.703168
76.21000000000001 2.368448
77.21100000000001 1.810304
78.21200000000002 2.725056
79.22200000000002 2.488832
80.22300000000003 2.937536
81.23100000000002 2.62016
82.23200000000003 2.762432
83.24100000000003 2.685824
84.24200000000003 2.473344
85.24300000000004 2.12768
86.25000000000004 1.952576
87.26000000000005 1.871424
88.26200000000004 1.85408
89.27000000000004 1.991808
90.28000000000004 1.427264
91.28100000000005 1.6416
92.28600000000004 1.394432
93.29000000000005 1.893312
94.30000000000005 1.668032
95.30100000000006 1.871424
96.31000000000006 1.6352
97.32000000000006 1.729152
98.34100000000007 1.109888
99.35000000000007 0.886464
100.36900000000007 1.017792
101.44000000000007 0.781568
102.44900000000007 0.678528
103.46000000000006 1.072512
104.47000000000007 1.017792
105.48000000000008 1.219328
106.48900000000008 1.466496
107.49000000000008 0.733248
108.50000000000009 0.70496
109.52000000000008 1.31328
110.59000000000007 0.404928
111.62100000000008 0.76608
112.76900000000008 0.453248
113.77900000000008 1.411776
114.78000000000009 0.755136
115.80100000000009 0.645696
116.80900000000008 0.628352
117.81900000000009 0.667584
118.90900000000009 0.251712
119.9100000000001 1.236672
120.9200000000001 2.226176
121.9210000000001 1.999072
122.92200000000011 1.660768
124.06000000000012 1.624256
125.06100000000012 2.374848
126.06800000000013 1.022336
127.07900000000012 1.302336
128.08100000000013 1.444608
129.08800000000014 1.449152
130.08900000000014 1.127232
131.11800000000014 1.028736
132.12800000000013 0.475136
133.14800000000014 0.590976
134.16800000000015 0.503424
135.17800000000014 0.372096
136.19800000000015 0.448704
137.21800000000016 0.470592
138.52800000000016 0.497024
139.52900000000017 0.558144
140.54800000000017 0.2736
141.56800000000018 0.21888
142.57800000000017 0.284544
143.57900000000018 0.798912
144.58000000000018 1.536704
145.5880000000002 2.123136
146.59800000000018 1.14272
147.60800000000017 0.514368
148.6700000000002 0.426816
149.69800000000018 0.306432
150.70800000000017 0.645696
151.72800000000018 0.667584
152.7480000000002 0.661184
153.7600000000002 1.411776
154.7780000000002 1.52848
155.78800000000018 1.09168
156.7900000000002 1.761984
157.8080000000002 1.492936
158.9680000000002 2.226176
159.9880000000002 2.528064
161.0080000000002 1.624256
162.0270000000002 1.028736
163.0480000000002 0.623808
164.1280000000002 0.748736
165.1370000000002 0.864576
166.1470000000002 0.87552
167.24700000000018 1.536704
168.25600000000017 1.411776
169.25800000000018 1.6416
170.2660000000002 1.755584
171.2860000000002 1.31328
172.2960000000002 0.934784
173.2970000000002 1.80576
174.2980000000002 2.324672
175.3060000000002 1.893312
176.30700000000022 1.886912
177.30800000000022 1.897856
178.3170000000002 1.948032
179.3220000000002 1.569536
180.3250000000002 1.772928
181.34600000000017 1.52576
182.35600000000017 1.105344
183.36600000000016 1.20384
184.37500000000014 2.062016
185.38500000000013 1.79936
186.38600000000014 1.729152
187.39500000000012 1.569536
188.39600000000013 2.068416
189.39700000000013 2.379392
190.41100000000014 2.259008
191.44500000000014 2.692224
192.45600000000013 2.412224
193.47500000000014 2.532608
194.47700000000015 1.985408
195.47800000000015 2.659392
196.48600000000016 2.40128
197.48700000000017 2.280896
198.49500000000018 2.259008
199.49600000000018 2.309184
200.49700000000018 2.149568
201.5050000000002 2.062016
202.5250000000002 1.9152
203.5260000000002 2.01824
204.5270000000002 2.495232
205.53500000000022 1.941632
206.54500000000021 1.788416
207.54600000000022 1.652544
208.56500000000023 1.138176
209.56600000000023 1.19744
210.56700000000023 2.29184
211.56800000000024 2.484288
212.57500000000024 2.215232
213.57600000000025 2.335616
214.58500000000024 3.692672
215.59500000000023 2.56544
216.59700000000024 2.943936
217.61500000000024 2.40128
218.62500000000023 1.317824
219.62600000000023 2.057472
220.63600000000022 2.007296
221.63700000000023 3.068864
222.64500000000024 2.926592
223.83500000000024 2.62016
224.84500000000023 2.331072
225.84600000000023 1.766528
226.85500000000022 1.948032
227.87500000000023 1.613312
228.87600000000023 1.69632
229.87700000000024 1.394424
230.88500000000025 1.904256
231.88600000000025 1.897856
232.89500000000024 2.083904
233.89600000000024 1.619712
234.94500000000025 1.405376
235.95500000000024 1.324224
236.96400000000023 0.864576
237.97400000000022 0.623808
239.6040000000002 0.284544
240.6140000000002 0.48608
241.6150000000002 0.569088
242.6240000000002 0.87552
243.67500000000018 0.251712
244.70400000000018 0.306432
245.71300000000016 0.393984
246.72300000000016 0.317376
248.09400000000016 0.256256
249.10400000000016 0.60192
250.12300000000016 0.93088
251.37400000000017 0.480896
252.38300000000015 0.49248
253.38400000000016 0.912896
254.41900000000015 1.061568
255.43300000000016 1.335168
256.44300000000015 0.847232
257.45300000000015 1.006848
258.4540000000001 0.952128
259.46300000000014 2.149568
260.4730000000001 2.105792
261.4740000000001 2.07936
262.4930000000001 2.226176
263.5730000000001 1.810304
264.5830000000001 2.068416
265.58400000000006 1.689768
266.58700000000005 1.904256
267.593 1.263256
268.594 2.090304
269.605 2.094848
270.613 2.193344
271.614 2.4624
272.62399999999997 2.051072
273.64399999999995 2.29184
274.6449999999999 2.385792
275.6459999999999 2.062016
276.6529999999999 2.193344
277.6539999999999 2.177856
278.65499999999986 2.116736
279.66299999999984 2.817152
280.6639999999998 3.0032
281.6709999999998 2.762432
282.6829999999998 2.155968
283.6929999999998 1.460096
284.6939999999998 2.57184
285.69499999999977 2.543552
286.69599999999974 2.94848
287.70099999999974 2.29184
288.72199999999975 2.105792
289.72299999999973 2.539008
290.7239999999997 2.302784
291.7329999999997 2.379392
292.74199999999973 2.609216
293.7429999999997 2.703168
294.7529999999997 2.379392
295.7629999999997 2.171456
296.8019999999997 2.576384
297.80299999999966 1.893312
298.81199999999967 1.613312
299.8229999999997 2.177856
300.82399999999967 2.116736
301.83199999999965 2.160512
302.83299999999963 2.210688
303.84199999999964 1.569536
304.85199999999963 1.674432
305.8529999999996 1.733696
306.8539999999996 1.893312
307.86199999999957 1.700864
308.86299999999954 2.379392
309.87199999999956 1.838592
310.89199999999954 1.74464
311.8929999999995 1.926144
312.8939999999995 1.985408
313.91199999999947 2.149568
314.91299999999944 1.96992
315.9139999999994 1.810296
316.9219999999994 1.926144
317.9239999999994 1.821248
318.9319999999994 2.24352
319.93299999999937 1.9088
320.93399999999934 2.007296
321.94299999999936 2.385792
322.96299999999934 2.280896
323.9639999999993 1.9088
324.9819999999993 1.96992
325.98299999999927 1.624256
