1.07 1.974464
2.072 2.342016
3.073 2.248064
4.09 2.729592
5.090999999999999 2.532608
6.1 2.528064
7.100999999999999 2.062016
8.879999999999999 1.941632
9.890999999999998 1.904256
10.899999999999999 1.372544
11.900999999999998 2.057472
12.910999999999998 1.897856
13.919999999999998 2.101248
14.921999999999999 1.832192
15.931 2.105792
16.939999999999998 2.166912
17.941999999999997 1.930688
18.949999999999996 2.652992
19.960999999999995 2.549952
20.961999999999996 1.613312
21.969999999999995 2.013696
22.971999999999994 2.226176
23.979999999999993 2.248064
24.981999999999992 1.718208
25.98999999999999 1.503872
26.990999999999993 2.160512
27.999999999999993 2.221632
29.000999999999994 2.259008
30.001999999999995 2.248064
31.009999999999994 2.506176
32.032999999999994 2.642048
33.03999999999999 3.572288
34.04099999999999 3.2768
35.04999999999999 2.40128
36.05099999999999 2.642048
37.051999999999985 3.11264
38.05999999999999 2.817152
39.060999999999986 2.451456
40.06199999999998 2.116736
41.08099999999998 3.211136
42.08199999999998 2.78432
43.09099999999998 2.34656
44.09999999999998 2.62656
45.10099999999998 2.456
46.10999999999998 1.6352
47.110999999999976 2.123136
48.119999999999976 2.379392
49.120999999999974 2.576384
50.12199999999997 2.587328
51.129999999999974 2.221632
52.13099999999997 1.996352
53.13999999999997 2.62016
54.141999999999975 3.134528
55.150999999999975 2.998656
56.159999999999975 1.865024
57.17999999999998 1.85408
58.180999999999976 2.363904
59.189999999999976 2.171456
60.190999999999974 3.243968
61.19199999999997 3.178152
62.19899999999997 1.93084
63.19999999999997 2.648448
64.20999999999997 2.32468
65.21099999999997 2.445056
66.21299999999997 2.871872
67.29999999999997 2.707712
68.30099999999997 3.075264
69.31099999999998 2.762432
70.31199999999998 2.521664
71.31999999999998 2.532608
72.32099999999998 3.16736
73.32999999999998 3.5504
74.33099999999999 2.740544
75.332 2.707712
76.33999999999999 2.593728
77.35 2.259008
78.351 2.915648
79.352 3.561344
80.354 2.89376
81.36 3.200168
82.361 3.26588
83.37 3.397184
84.37100000000001 3.98816
85.373 3.71456
86.38000000000001 3.845888
87.38100000000001 2.8062
88.38200000000002 3.287744
89.39000000000001 3.49568
90.39100000000002 2.806208
91.40000000000002 3.068864
92.40100000000002 3.309632
93.41000000000003 2.335616
94.42000000000003 2.521664
95.44900000000003 2.871872
96.45000000000003 3.261312
97.45100000000004 2.762432
98.45200000000004 2.795264
99.45900000000005 2.94848
100.46000000000005 2.762432
101.46100000000006 3.243968
102.46200000000006 3.506624
103.46900000000007 3.506624
104.47100000000006 3.484736
105.47900000000006 2.806208
106.48900000000006 2.598272
107.49000000000007 2.773376
108.51900000000006 2.871872
109.52000000000007 2.51712
110.52100000000007 2.259008
111.52900000000007 2.62016
112.53000000000007 2.642048
113.57900000000008 3.068864
114.58000000000008 2.867328
115.58100000000009 2.78432
116.58900000000008 2.445056
117.59000000000009 2.663936
118.5910000000001 2.466944
119.59900000000009 2.90016
120.6000000000001 2.970368
121.6090000000001 2.89376
122.6190000000001 2.324672
123.6200000000001 3.320576
124.62100000000011 3.353408
125.6290000000001 3.561344
126.63000000000011 2.860928
127.63900000000011 2.335616
128.6400000000001 2.506176
129.6410000000001 2.817152
130.64900000000011 3.22208
131.65000000000012 2.576384
132.65100000000012 2.423168
133.67900000000012 2.423168
134.75800000000012 3.265856
135.75900000000013 3.506624
136.86900000000014 3.046976
137.87900000000013 2.834496
138.88000000000014 2.89376
139.88100000000014 2.89376
140.88900000000015 2.882816
141.89000000000016 2.849984
142.89100000000016 2.849984
143.89200000000017 2.609216
144.93900000000016 3.123584
146.02700000000016 3.2768
147.03900000000016 3.162816
148.04000000000016 3.233024
149.04900000000015 2.576384
150.05000000000015 2.149568
151.05100000000016 2.07296
152.05900000000017 2.342016
153.06000000000017 2.828096
154.06900000000016 3.22208
155.07900000000015 2.685824
156.08800000000014 2.598272
157.08900000000014 2.374848
158.09900000000013 2.751488
159.10900000000012 2.62016
160.11000000000013 2.26996
161.11800000000014 2.696768
162.11900000000014 2.363904
163.12900000000013 2.543552
164.13000000000014 2.773376
165.13800000000015 1.886912
166.13900000000015 3.06432
167.15100000000015 3.481048
168.21900000000016 3.285032
169.22000000000017 3.151872
170.27000000000018 3.423616
171.27100000000019 4.743296
172.27700000000019 3.889664
173.2780000000002 3.298688
174.2790000000002 3.889664
175.31800000000018 3.817448
176.53700000000018 3.276952
177.53800000000018 2.878272
178.59800000000018 3.675328
179.5990000000002 4.349312
180.6010000000002 3.802112
181.6020000000002 3.430016
182.6080000000002 3.977216
183.68800000000022 4.113088
184.6980000000002 4.174208
185.6990000000002 4.75424
186.74800000000022 4.178752
187.74900000000022 4.228928
188.7580000000002 4.69952
190.1570000000002 4.167808
191.15800000000021 4.447808
192.15900000000022 5.016896
193.1690000000002 4.375744
194.1780000000002 4.951232
195.1800000000002 4.222528
196.1810000000002 4.929344
197.2770000000002 4.82444
198.27800000000022 4.404032
199.2880000000002 4.513472
200.33800000000022 4.20064
201.33900000000023 4.688576
202.3480000000002 4.841792
203.34900000000022 3.992704
204.35100000000023 4.491584
205.35700000000023 4.382144
206.36800000000022 3.937984
207.36900000000023 4.196096
208.37100000000024 3.791168
209.37700000000024 4.185152
210.43700000000024 4.0912
211.43800000000024 4.196096
212.43900000000025 3.977216
213.44600000000025 3.922496
214.44700000000026 3.36436
215.44800000000026 3.780224
216.45700000000025 2.663936
217.45800000000025 2.67488
218.45900000000026 2.521664
219.46800000000025 2.718656
220.46900000000025 2.84544
221.48700000000025 3.0032
222.48800000000026 2.817152
223.48900000000026 2.532608
224.49700000000027 3.123584
225.50700000000026 3.200192
226.50800000000027 3.101696
227.50900000000027 3.397184
228.51000000000028 2.83904
229.51100000000028 3.243968
230.51600000000028 3.583232
231.51700000000028 3.76928
232.51800000000028 4.414976
233.52700000000027 3.806656
234.52800000000028 3.71456
235.52900000000028 3.87872
236.5370000000003 4.491584
237.57700000000028 4.167808
238.60600000000028 3.265856
239.60700000000028 2.779776
240.6080000000003 2.904704
241.6100000000003 3.068864
242.6150000000003 2.696768
243.6160000000003 2.762432
244.6170000000003 2.543552
245.6260000000003 2.451456
246.6270000000003 2.445056
247.6280000000003 2.970368
248.6360000000003 3.211136
249.6470000000003 2.959424
250.6480000000003 3.287744
251.6550000000003 3.178304
252.65600000000032 3.342464
253.6660000000003 3.145472
254.66700000000031 2.981312
255.66800000000032 3.692672
256.6690000000003 4.502528
257.67600000000033 4.031928
258.6770000000003 3.036032
259.6780000000003 3.090752
260.67900000000026 2.7296
261.68500000000023 2.587328
262.6860000000002 2.576384
263.6870000000002 2.817152
264.7660000000002 2.849984
265.7750000000002 2.812608
266.7760000000002 2.554496
267.77700000000016 3.090752
268.77800000000013 3.594176
269.9350000000001 4.331968
270.9890000000001 3.2768
272.0160000000001 4.611968
273.01700000000005 4.601024
274.02000000000004 3.916096
275.033 4.338368
276.035 3.430016
277.036 3.079808
278.05 3.134536
279.055 3.2768
280.057 3.703616
281.071 4.196096
282.10600000000005 4.31008
283.10800000000006 4.053824
284.10900000000004 3.71456
285.11600000000004 3.506624
286.117 2.817152
287.125 3.036032
288.126 3.342464
289.128 3.287744
290.12899999999996 3.134528
291.13499999999993 2.78432
292.18499999999995 3.101696
293.1859999999999 3.206592
294.1869999999999 2.40128
295.1879999999999 3.189248
296.1949999999999 3.025088
297.19599999999986 2.390336
298.20499999999987 2.40128
299.20599999999985 2.84544
300.21499999999986 2.642048
301.21599999999984 2.488832
302.22499999999985 2.423168
303.23499999999984 2.576384
304.30499999999984 3.16736
305.3149999999998 3.031488
306.3159999999998 3.025088
307.3259999999998 2.587328
308.3339999999998 2.532608
309.33499999999975 2.62016
310.34499999999974 3.156416
311.3459999999997 3.123584
312.3469999999997 3.265856
313.3549999999997 3.342464
314.35599999999965 3.134528
315.35699999999963 3.473792
316.3749999999996 3.254912
317.3949999999996 2.78432
318.39599999999956 2.90016
319.4049999999996 2.78432
320.40599999999955 2.466944
321.40799999999956 2.642048
322.41499999999957 2.663936
323.5339999999996 2.915648
324.53499999999957 2.714112
