1.009 1.247616
2.01 1.295936
3.0189999999999997 1.389888
4.029 1.20384
5.069 0.726848
6.079 0.569088
7.138999999999999 0.558144
8.158999999999999 0.2736
9.169999999999998 0.689472
10.178999999999998 0.792512
11.179999999999998 1.028736
12.188999999999998 1.411776
13.189999999999998 1.394432
14.378999999999998 1.69632
15.379999999999997 1.591424
16.388999999999996 1.794816
17.399999999999995 1.569536
18.408999999999995 1.980864
19.409999999999997 1.832192
20.458999999999996 1.79936
21.465999999999998 1.488384
22.468999999999998 1.554048
23.479 0.891008
24.482 0.8208
25.509 0.634752
26.529 1.241216
27.554 1.192896
28.558999999999997 1.105344
29.788999999999998 0.448704
30.808999999999997 0.584576
31.822999999999997 1.03968
32.839 1.455552
33.849 1.372544
34.858999999999995 1.740096
35.86899999999999 1.3616
36.87899999999999 1.96992
37.87999999999999 1.843136
38.88899999999999 1.400832
39.90899999999999 1.120832
40.90999999999999 2.02464
41.91899999999999 1.077056
42.96799999999999 0.755136
43.98799999999999 0.60192
44.98899999999999 1.302336
45.99099999999999 1.875968
47.00899999999999 1.875968
48.00999999999999 0.974016
50.22899999999999 0.700416
51.23899999999999 1.985408
52.23999999999999 2.736
53.240999999999985 2.226176
54.24199999999998 2.149568
55.24899999999998 2.904704
56.25899999999998 2.860928
57.25999999999998 2.911104
58.260999999999974 2.871872
59.26199999999997 2.663936
60.26899999999997 2.937536
61.26999999999997 2.434112
62.27799999999997 2.068416
63.28799999999997 1.153664
64.28899999999997 1.433664
65.29799999999997 1.153672
66.29899999999998 1.47744
67.30799999999998 1.280448
68.31799999999998 1.30688
69.35199999999999 0.8208
70.377 0.689472
71.378 0.372096
72.398 0.415872
73.408 0.507968
74.469 0.404928
75.488 0.339264
76.498 0.590976
77.50800000000001 1.444608
78.50900000000001 1.668032
79.52800000000002 1.788416
80.53900000000002 1.96992
81.54800000000002 1.700864
82.54900000000002 2.62656
83.55000000000003 2.324648
84.56000000000003 1.832216
85.59800000000003 0.689472
86.60800000000003 0.590976
87.60900000000004 1.48196
88.61800000000004 2.976768
89.62000000000003 2.138648
90.62800000000003 1.547648
91.63800000000003 1.849536
92.81800000000004 0.415872
93.82800000000005 1.339712
94.87800000000004 2.598272
95.88800000000005 2.473344
96.90800000000004 0.967616
97.91800000000005 1.236672
99.17000000000004 1.875968
100.17700000000005 1.772928
101.17800000000005 1.558592
102.18700000000005 1.729152
103.19700000000006 1.755584
104.19900000000005 1.849536
105.20700000000005 1.274048
106.20800000000006 1.740096
107.22700000000006 1.777472
108.23700000000007 2.123136
109.23800000000007 1.766528
110.24700000000007 1.958976
111.25700000000008 1.41632
112.29700000000008 2.215232
113.29800000000009 2.210688
114.29900000000009 2.368448
115.30700000000009 2.215232
116.30800000000009 2.29824
117.31700000000009 1.996352
118.3570000000001 2.01824
119.3580000000001 2.363904
120.3780000000001 1.74464
121.3870000000001 2.210688
122.3970000000001 1.25216
123.39800000000011 1.718208
124.40700000000011 1.591424
125.41700000000012 1.75104
126.42600000000012 1.74464
127.44700000000012 2.007296
128.4570000000001 1.96992
129.4670000000001 1.547648
130.4690000000001 2.07936
131.4780000000001 1.96352
132.4860000000001 2.34656
133.4870000000001 1.80576
134.4960000000001 1.357056
135.5260000000001 0.836288
136.6560000000001 0.21888
137.6570000000001 1.608768
138.6580000000001 1.74464
139.6660000000001 1.783872
140.66700000000012 1.394432
141.6760000000001 1.608768
142.6780000000001 1.646144
143.68600000000012 1.9152
144.68700000000013 1.6352
145.77600000000012 2.029184
146.78700000000012 1.80576
147.79800000000012 1.503872
148.80600000000013 1.368
149.81600000000012 1.58688
150.81700000000012 1.230272
151.81800000000013 1.6416
152.83600000000013 1.30688
153.84600000000012 1.357056
154.8560000000001 0.864576
155.8660000000001 1.503872
156.9860000000001 2.215232
157.9870000000001 1.181952
159.10800000000012 2.105792
160.14600000000013 3.265856
161.14700000000013 2.418624
162.15600000000012 1.722752
163.16900000000012 2.013696
164.17600000000013 1.930688
165.17700000000013 2.040128
166.18600000000012 2.62656
167.1960000000001 2.007296
168.19800000000012 2.357504
169.20000000000013 2.1888
170.20600000000013 2.248064
171.20700000000014 2.631104
172.21600000000012 2.94848
173.30700000000013 2.368448
174.31600000000012 2.232576
175.32900000000012 1.6352
176.34600000000012 1.411776
177.3560000000001 1.394432
178.3570000000001 2.13408
179.35800000000012 1.74464
180.3670000000001 2.451456
181.3690000000001 1.886912
182.37000000000012 2.67488
183.3850000000001 3.419072
184.3890000000001 4.031936
185.3910000000001 3.780224
186.4030000000001 3.539456
187.4040000000001 2.871872
188.4090000000001 2.992256
189.4220000000001 3.101696
190.42300000000012 3.594176
191.42900000000012 4.185152
192.4390000000001 3.211136
193.4400000000001 3.211136
194.44100000000012 3.484736
195.4560000000001 3.911552
196.4590000000001 3.349728
197.49900000000008 3.285024
198.55900000000008 3.287744
199.5600000000001 3.140928
200.5610000000001 3.353408
201.5620000000001 3.036032
202.5690000000001 2.565416
203.7220000000001 3.068888
204.7290000000001 3.791168
205.7390000000001 3.090752
206.7400000000001 2.992256
207.7410000000001 3.627008
208.7490000000001 3.397184
209.7500000000001 3.320576
210.75100000000012 2.981312
211.75900000000013 3.134528
212.76000000000013 3.583232
213.76900000000012 3.134528
214.7790000000001 3.05792
215.7900000000001 2.860928
216.79800000000012 2.598272
217.8090000000001 2.248064
218.8190000000001 2.768832
219.8200000000001 3.123584
220.8590000000001 3.92704
221.8600000000001 4.130432
222.86900000000009 3.911552
223.8700000000001 3.342464
224.8710000000001 3.473792
225.8780000000001 2.587328
226.8790000000001 3.233024
227.8800000000001 3.60512
228.8890000000001 3.408128
229.89800000000008 3.561344
230.8990000000001 2.970368
231.90800000000007 2.29184
233.07900000000006 0.426816
234.08800000000005 1.783872
235.08900000000006 2.094848
236.09800000000004 1.821248
237.09900000000005 1.827648
238.10800000000003 1.602368
239.10900000000004 1.926144
240.11800000000002 1.383488
241.11900000000003 1.335168
242.12000000000003 1.766528
243.12800000000004 1.554048
244.15800000000004 1.116288
245.25800000000004 0.945728
246.25900000000004 1.575936
247.26800000000003 1.41632
248.26900000000003 1.58688
249.27800000000002 1.53216
250.288 1.30688
251.30800000000002 1.47744
252.30900000000003 0.825352
253.31000000000003 1.072512
254.31900000000002 1.324224
255.328 1.284992
256.338 1.214784
257.377 1.372544
258.378 1.521216
259.388 1.236672
260.397 1.383488
261.408 1.53216
262.41700000000003 1.153664
263.45700000000005 0.645696
264.458 0.787968
265.50800000000004 1.58048
266.509 1.882368
267.51800000000003 1.591424
268.52700000000004 0.777024
269.528 1.31328
270.529 1.974464
271.538 2.123136
272.539 1.624256
273.548 1.865024
274.557 1.80576
275.558 1.711808
276.55899999999997 2.112192
277.568 1.985408
278.59799999999996 2.160512
279.60699999999997 2.199744
280.618 1.700864
281.628 2.287296
282.62899999999996 1.930688
283.64699999999993 2.226176
284.74799999999993 2.773376
285.75699999999995 2.342016
286.7579999999999 1.821248
287.7589999999999 2.13408
288.7679999999999 1.886912
289.77699999999993 1.766528
290.7779999999999 2.287296
291.7869999999999 2.248064
292.8769999999999 1.886904
293.8869999999999 1.937088
294.8889999999999 1.897856
295.8969999999999 1.96992
296.90699999999987 1.624256
297.91699999999986 1.958976
298.9279999999999 1.711808
299.9369999999999 1.674432
300.9379999999999 1.668032
301.9469999999999 1.9152
302.9569999999999 1.547648
304.01799999999986 1.766528
305.03699999999986 1.871424
306.0389999999999 1.536704
307.0479999999999 2.057472
308.0669999999999 1.766528
309.0769999999999 2.145024
310.0819999999999 1.9088
311.1079999999999 1.821248
312.1169999999999 1.948032
313.1179999999999 1.711808
314.1269999999999 1.96992
315.1369999999999 1.886912
316.14999999999986 2.07936
317.15699999999987 1.952576
318.15799999999984 1.930688
319.16699999999986 1.948032
320.17699999999985 1.711808
321.18699999999984 2.035584
322.1879999999998 1.810304
323.2269999999998 1.941632
324.2369999999998 2.090304
325.2379999999998 1.919744
326.2469999999998 2.068416
