1.001 2.013696
2.01 1.777472
3.0109999999999997 2.046528
4.012 2.193344
5.02 2.248064
6.020999999999999 2.652992
7.030999999999999 2.582784
8.031999999999998 2.193344
9.04 2.795264
10.059999999999999 2.762432
11.069999999999999 2.740544
12.078999999999999 3.178304
13.079999999999998 3.025088
14.081999999999999 2.987712
15.084 3.419072
16.09 2.904704
17.091 2.335616
18.1 2.34656
19.110000000000003 2.477888
20.111000000000004 2.29824
21.112000000000005 1.646136
22.130000000000006 2.488832
23.131000000000007 2.473344
24.140000000000008 2.324672
25.142000000000007 3.2768
26.161000000000005 3.561344
27.162000000000006 4.414976
28.169000000000008 3.76288
29.17000000000001 4.393088
30.17100000000001 3.725504
31.19100000000001 4.846336
32.20100000000001 4.951232
33.41000000000001 4.868224
34.41100000000001 5.049728
35.48000000000001 4.780672
36.48100000000001 4.874624
37.48300000000001 4.250816
38.48400000000001 4.047432
39.49100000000001 4.732352
40.50000000000001 4.196096
41.501000000000005 3.71456
42.510000000000005 3.33152
43.52100000000001 3.539456
44.52900000000001 2.915648
45.54000000000001 2.685824
46.549000000000014 2.663936
47.55000000000001 2.543552
48.55100000000001 3.802112
49.55200000000001 4.053824
50.559000000000005 3.462848
51.56 2.981312
52.561 3.911552
53.562 4.189696
54.562999999999995 4.15232
55.56999999999999 3.76928
56.57099999999999 3.561344
57.66899999999999 4.539904
58.67099999999999 4.885568
59.67199999999999 4.557248
60.67999999999999 4.03648
61.68099999999999 4.15232
62.68199999999999 5.126336
63.68999999999999 4.507072
64.692 5.421824
65.69399999999999 4.397632
66.69599999999998 4.962176
67.69799999999998 4.627456
68.69999999999997 5.564096
69.70099999999998 4.463296
70.70999999999998 5.02784
71.71199999999997 5.163712
72.71999999999997 5.196536
73.72099999999998 5.750144
74.72999999999998 4.835392
75.73099999999998 4.75424
76.73999999999998 4.331968
77.74099999999999 4.010048
78.74999999999999 3.703616
79.75099999999999 4.15232
80.77 4.518016
81.771 4.469696
82.773 4.42592
83.78 4.769552
84.781 3.244144
85.783 5.126336
86.789 4.222528
87.79 5.06068
88.79100000000001 4.868224
89.79200000000002 4.951232
90.79900000000002 4.725952
91.80000000000003 5.213888
92.80100000000003 4.933888
93.80200000000004 5.235776
94.80300000000004 4.780672
95.80400000000004 5.312384
96.80900000000004 4.550848
97.81100000000004 5.005952
98.81300000000003 4.41952
99.81900000000003 4.852736
100.84000000000003 4.85728
101.84100000000004 4.688576
102.84300000000003 4.819904
103.85000000000004 4.85728
104.88900000000004 5.284096
105.89100000000003 5.08256
106.89200000000004 4.96672
107.89300000000004 5.126336
108.96900000000004 4.496128
109.97000000000004 3.042432
110.97100000000005 2.67488
111.97300000000004 4.572736
112.97900000000004 5.08256
113.98000000000005 4.463296
114.98300000000005 4.907456
115.98900000000005 4.15232
116.99800000000005 3.861376
117.99900000000005 4.349312
119.00000000000006 4.086656
120.00100000000006 4.338368
121.00900000000006 3.76288
122.01000000000006 4.042856
123.02900000000007 3.254936
124.03000000000007 3.014144
125.03800000000007 3.090752
126.03900000000007 2.959424
127.04800000000007 3.0096
128.04900000000006 2.313728
129.07000000000005 2.849976
130.07800000000006 2.89376
131.07900000000006 2.751488
132.08000000000007 2.685824
133.16900000000007 3.036032
134.17800000000005 2.779776
135.17900000000006 3.014144
136.18000000000006 3.145472
137.19800000000006 3.036032
138.20000000000007 4.196096
139.20800000000008 3.068864
140.21900000000008 2.29184
141.22000000000008 2.94848
142.22900000000007 3.955328
143.23000000000008 4.0976
144.23500000000007 3.353408
145.23800000000006 3.544
146.24800000000005 3.473792
147.28800000000004 2.959424
148.28900000000004 2.02464
149.29800000000003 1.821248
150.29900000000004 3.025088
151.30900000000003 4.23988
152.318 3.397184
153.31900000000002 3.342464
154.32000000000002 3.856832
155.32800000000003 3.616064
156.32900000000004 3.977216
157.33800000000002 3.992704
158.33900000000003 3.824
159.34900000000002 3.725504
160.358 3.758336
161.359 3.616064
162.36 3.93344
163.36800000000002 3.65344
164.37800000000001 3.5504
165.37900000000002 4.414976
166.389 4.688576
167.39000000000001 4.014592
168.39800000000002 3.76928
169.39900000000003 3.7144
170.40800000000002 2.20444
171.41000000000003 3.856832
172.41800000000003 4.688576
173.41900000000004 3.802112
174.42000000000004 3.681728
175.42800000000005 3.686272
176.42900000000006 3.451904
177.43000000000006 3.408128
178.43100000000007 3.506624
179.43200000000007 3.561344
180.43800000000007 3.090752
181.44800000000006 2.576384
182.44900000000007 2.889216
183.51400000000007 3.43456
184.51800000000006 4.469696
185.52000000000007 4.633856
186.52800000000008 3.539456
187.52900000000008 2.981312
188.5300000000001 3.046976
189.5320000000001 3.0032
190.5370000000001 3.561344
191.5380000000001 3.05792
192.5480000000001 2.598272
193.5500000000001 3.22208
194.5510000000001 2.7296
195.5570000000001 3.014144
196.5580000000001 3.068864
197.5590000000001 3.49568
198.56000000000012 3.65984
199.56800000000013 3.76928
200.57000000000014 3.243968
201.57700000000014 3.05792
202.57800000000015 2.652992
203.60800000000015 2.740544
204.60900000000015 3.38624
205.69800000000015 3.16736
206.78700000000015 3.265856
207.78800000000015 3.375296
208.79000000000016 4.163264
209.79700000000017 3.2768
210.79800000000017 2.499784
211.80700000000016 3.031488
212.81700000000015 2.313728
213.82700000000014 2.882816
214.82800000000015 3.594176
215.83700000000013 3.375296
216.83800000000014 3.014144
217.84700000000012 3.834944
218.84800000000013 3.068864
219.84900000000013 3.594176
220.85700000000014 3.594176
221.85800000000015 3.265856
222.85900000000015 3.2768
223.86800000000014 2.751488
224.86900000000014 2.751488
225.87000000000015 3.16736
226.87100000000015 3.824
227.87700000000015 3.156416
228.87800000000016 2.67488
229.87900000000016 2.40128
230.88700000000017 2.488832
231.88800000000018 2.90016
232.89600000000019 3.036032
233.8970000000002 2.7296
234.8980000000002 3.014144
235.9060000000002 3.200192
236.9170000000002 2.882816
237.9260000000002 3.506624
238.9270000000002 3.539456
239.93600000000018 3.156416
240.94600000000017 1.668032
241.95600000000016 1.718208
242.95700000000016 1.952576
243.96600000000015 2.773376
244.96700000000016 3.108096
246.03600000000014 3.412672
247.03700000000015 3.364352
248.04600000000013 3.473792
249.04700000000014 3.243968
250.07700000000014 3.014144
251.08600000000013 3.184704
252.08800000000014 3.189248
253.08900000000014 2.871872
254.09000000000015 3.200192
255.09600000000015 3.014144
256.09700000000015 2.740544
257.0980000000001 3.101688
258.1060000000001 3.561344
259.1070000000001 3.616064
260.1160000000001 4.0976
261.1170000000001 3.59872
262.12500000000006 3.108096
263.12600000000003 2.707712
264.134 2.981312
265.135 3.046976
266.13599999999997 2.663936
267.13699999999994 2.226176
268.1449999999999 2.670336
269.1649999999999 2.477888
270.1659999999999 2.466944
271.1749999999999 2.412224
272.1759999999999 2.652992
273.2839999999999 3.233024
274.28499999999985 2.232576
275.28599999999983 2.302784
276.2869999999998 2.630952
277.4839999999998 2.653144
278.4849999999998 2.801664
279.48599999999976 3.583232
280.48699999999974 2.904704
281.49399999999974 2.685824
282.4949999999997 3.036032
283.4959999999997 2.652992
284.5039999999997 3.145472
285.5109999999997 3.036032
286.5149999999997 3.0032
287.5159999999997 4.086656
288.51699999999965 5.02784
289.51899999999966 3.145472
290.51999999999964 4.167808
291.5209999999996 3.845888
292.5239999999996 3.845888
293.5259999999996 3.254912
294.5339999999996 3.65984
295.5439999999996 3.287744
296.54499999999956 2.740544
297.54599999999954 3.046976
298.5469999999995 4.721408
299.5539999999995 3.178304
300.5549999999995 3.233024
301.5559999999995 3.11264
302.5649999999995 3.681728
303.56599999999946 3.2768
304.57399999999944 3.046976
305.58399999999943 2.937536
306.58599999999944 2.751488
307.5869999999994 3.156416
308.5879999999994 3.036032
309.59399999999937 2.78432
310.59499999999935 2.937536
312.13299999999936 2.013696
313.13399999999933 0.59552
314.1349999999993 1.794816
315.1449999999993 1.346112
316.1459999999993 1.613312
317.1529999999993 2.335616
318.15399999999926 2.363904
319.15499999999923 2.368448
320.16399999999925 2.62016
321.1649999999992 2.981312
322.1729999999992 3.670784
323.1739999999992 2.083904
