1.002 1.346112
2.011 1.368
3.0300000000000002 0.934784
4.04 1.03968
5.05 0.569088
6.07 0.623808
7.08 0.901952
8.082 1.619712
9.091000000000001 1.875968
10.092 1.455552
11.100000000000001 1.284992
12.101 2.79072
13.111 2.12768
14.120000000000001 1.85408
15.14 1.14912
16.141000000000002 1.85408
17.161 1.893312
18.17 1.569536
19.171000000000003 2.02464
20.172000000000004 1.700864
21.180000000000003 2.484288
22.181000000000004 2.094848
23.191000000000006 2.280896
24.200000000000006 1.740096
25.201000000000008 1.460096
26.21100000000001 2.145024
27.21200000000001 2.642048
28.22000000000001 2.062016
29.22100000000001 2.302784
30.23000000000001 2.506176
31.231000000000012 2.313728
32.23200000000001 1.810304
33.234000000000016 2.484288
34.240000000000016 2.335616
35.241000000000014 1.96352
36.24200000000001 2.166912
37.25100000000001 1.919744
38.460000000000015 1.96352
39.46100000000001 2.232576
40.47000000000001 2.248064
41.472000000000016 1.160064
42.47300000000001 1.241216
43.48000000000001 2.473344
44.48100000000001 1.930688
45.49000000000001 2.062016
46.50000000000001 2.539008
47.501000000000005 2.740544
48.502 2.56544
49.52 2.368448
50.540000000000006 2.663936
51.541000000000004 2.287296
52.550000000000004 1.897856
53.580000000000005 2.368448
54.581 2.549952
55.582 2.215232
56.59 2.23712
57.6 2.68128
58.61 2.215232
59.62 1.821248
60.620999999999995 1.9152
61.62199999999999 1.843136
62.629999999999995 2.145024
63.632 2.259008
64.64 2.259008
65.68 2.062016
66.69000000000001 2.396736
67.69100000000002 2.412224
68.70000000000002 2.390336
69.70100000000002 2.67488
70.70200000000003 3.11904
71.70400000000002 2.7296
72.70900000000002 2.335616
73.71000000000002 2.335616
74.72000000000003 2.320128
75.72100000000003 2.51072
76.73000000000003 2.78432
77.74000000000004 2.992256
78.74100000000004 3.156416
79.74900000000004 2.7296
80.75000000000004 2.674888
81.75900000000004 2.549952
82.76100000000004 1.832192
83.77000000000004 2.215232
84.78000000000004 2.812608
85.78100000000005 2.871872
86.78200000000005 3.451904
87.79900000000005 3.65984
88.80000000000005 3.576832
89.80100000000006 3.87872
90.80200000000006 3.583232
91.81100000000006 2.434112
92.90100000000007 2.959424
93.91000000000007 3.60512
94.91900000000007 2.878272
95.93000000000006 1.930688
96.93900000000006 1.843136
97.94100000000006 1.543104
98.94900000000005 1.930688
99.97900000000006 2.631104
101.01000000000006 3.298688
102.01100000000007 3.977216
103.01900000000006 3.200192
104.09900000000006 2.630952
105.10000000000007 2.692224
106.10900000000007 1.263256
107.12000000000006 2.35296
108.12900000000006 1.952576
109.13000000000007 1.79936
110.13900000000007 2.145024
111.14000000000007 1.9088
112.14900000000007 2.232576
113.16900000000007 2.051072
114.17900000000007 1.85408
115.18000000000008 2.013696
116.18900000000008 1.777472
117.19000000000008 2.046528
118.19100000000009 2.193344
119.19900000000008 2.248064
120.20000000000009 2.652992
121.2100000000001 2.582784
122.2110000000001 2.193344
123.2190000000001 2.795264
124.23900000000009 2.762432
125.2490000000001 2.740544
126.2580000000001 3.178304
127.2590000000001 3.025088
128.2610000000001 2.987712
129.26300000000012 3.419072
130.26900000000012 2.904704
131.27000000000012 2.335616
132.2790000000001 2.34656
133.2890000000001 2.477888
134.2900000000001 2.29824
135.2910000000001 1.646136
136.3090000000001 2.488832
137.31000000000012 2.473344
138.3190000000001 2.324672
139.3210000000001 3.2768
140.34000000000012 3.561344
141.34100000000012 4.414976
142.34800000000013 3.76288
143.34900000000013 4.393088
144.35000000000014 3.725504
145.37000000000015 4.846336
146.38000000000014 4.951232
147.58900000000014 4.868224
148.59000000000015 5.049728
149.65900000000013 4.780672
150.66000000000014 4.874624
151.66200000000015 4.250816
152.66300000000015 4.047432
153.67000000000016 4.732352
154.67900000000014 4.196096
155.68000000000015 3.71456
156.68900000000014 3.33152
157.70000000000013 3.539456
158.70800000000014 2.915648
159.71900000000014 2.685824
160.72800000000012 2.663936
161.72900000000013 2.543552
162.73000000000013 3.802112
163.73100000000014 4.053824
164.73800000000014 3.462848
165.73900000000015 2.981312
166.74000000000015 3.911552
167.74100000000016 4.189696
168.74200000000016 4.15232
169.74900000000017 3.76928
170.75000000000017 3.561344
171.84800000000018 4.539904
172.8500000000002 4.885568
173.8510000000002 4.557248
174.8590000000002 4.03648
175.8600000000002 4.15232
176.86100000000022 5.126336
177.86900000000023 4.507072
178.87100000000024 5.421824
179.87300000000025 4.397632
180.87500000000026 4.962176
181.87700000000027 4.627456
182.87900000000027 5.564096
183.88000000000028 4.463296
184.88900000000027 5.02784
185.89100000000028 5.163712
186.89900000000029 5.196536
187.9000000000003 5.750144
188.90900000000028 4.835392
189.91000000000028 4.75424
190.91900000000027 4.331968
191.92000000000027 4.010048
192.92900000000026 3.703616
193.93000000000026 4.15232
194.94900000000027 4.518016
195.95000000000027 4.469696
196.95200000000028 4.42592
197.9590000000003 4.769552
198.9600000000003 3.244144
199.9620000000003 5.126336
200.9680000000003 4.222528
201.9690000000003 5.06068
202.9700000000003 4.868224
203.97100000000032 4.951232
204.97800000000032 4.725952
205.97900000000033 5.213888
206.98000000000033 4.933888
207.98100000000034 5.235776
208.98200000000034 4.780672
209.98300000000035 5.312384
210.98800000000034 4.550848
211.99000000000035 5.005952
212.99200000000036 4.41952
213.99800000000036 4.852736
215.01900000000035 4.85728
216.02000000000035 4.688576
217.02200000000036 4.819904
218.02900000000037 4.85728
219.06800000000035 5.284096
220.07000000000036 5.08256
221.07100000000037 4.96672
222.07200000000037 5.126336
223.14800000000037 4.496128
224.14900000000037 3.042432
225.15000000000038 2.67488
226.15200000000038 4.572736
227.15800000000038 5.08256
228.1590000000004 4.463296
229.16200000000038 4.907456
230.16800000000038 4.15232
231.17700000000036 3.861376
232.17800000000037 4.349312
233.17900000000037 4.086656
234.18000000000038 4.338368
235.1880000000004 3.76288
236.1890000000004 4.042856
237.2080000000004 3.254936
238.2090000000004 3.014144
239.2170000000004 3.090752
240.21800000000042 2.959424
241.2270000000004 3.0096
242.2280000000004 2.313728
243.2490000000004 2.849976
244.2570000000004 2.89376
245.2580000000004 2.751488
246.2590000000004 2.685824
247.3480000000004 3.036032
248.3570000000004 2.779776
249.3580000000004 3.014144
250.3590000000004 3.145472
251.3770000000004 3.036032
252.37900000000042 4.196096
253.38700000000043 3.068864
254.39800000000042 2.29184
255.39900000000043 2.94848
256.4080000000004 3.955328
257.4090000000004 4.0976
258.4140000000004 3.353408
259.41700000000037 3.544
260.42700000000036 3.473792
261.4670000000004 2.959424
262.46800000000036 2.02464
263.4770000000004 1.821248
264.47800000000035 3.025088
265.48800000000034 4.23988
266.49700000000036 3.397184
267.49800000000033 3.342464
268.4990000000003 3.856832
269.5070000000003 3.616064
270.50800000000027 3.977216
271.5170000000003 3.992704
272.51800000000026 3.824
273.52800000000025 3.725504
274.53700000000026 3.758336
275.53800000000024 3.616064
276.5390000000002 3.93344
277.5470000000002 3.65344
278.5570000000002 3.5504
279.55800000000016 4.414976
280.56800000000015 4.688576
281.56900000000013 4.014592
282.5770000000001 3.76928
283.5780000000001 3.7144
284.5870000000001 2.20444
285.5890000000001 3.856832
286.5970000000001 4.688576
287.59800000000007 3.802112
288.59900000000005 3.681728
289.607 3.686272
290.608 3.451904
291.609 3.408128
292.60999999999996 3.506624
293.61099999999993 3.561344
294.6169999999999 3.090752
295.6269999999999 2.576384
296.6279999999999 2.889216
297.69299999999987 3.43456
298.6969999999999 4.469696
299.6989999999999 4.633856
300.7069999999999 3.539456
301.70799999999986 2.981312
302.70899999999983 3.046976
303.71099999999984 3.0032
304.71599999999984 3.561344
305.7169999999998 3.05792
306.7269999999998 2.598272
307.7289999999998 3.22208
308.7299999999998 2.7296
309.73599999999976 3.014144
310.73699999999974 3.068864
311.7379999999997 3.49568
312.7389999999997 3.65984
313.7469999999997 3.76928
314.7489999999997 3.243968
315.7559999999997 3.05792
316.75699999999966 2.652992
317.78699999999964 2.740544
318.7879999999996 3.38624
319.8769999999996 3.16736
320.9659999999996 3.265856
321.9669999999996 3.375296
322.9689999999996 4.163264
