1.001 1.53308
2.011 1.677768
3.091 1.643056
4.1 1.429728
5.119999999999999 1.188176
6.280999999999999 1.555384
7.290999999999999 1.621848
8.299999999999999 1.48684
9.460999999999999 1.107656
10.489999999999998 1.546352
11.511 1.364576
12.671 1.239704
13.671999999999999 1.007568
14.78 1.083256
15.79 1.002072
16.8 1.303328
17.82 1.069152
18.89 1.633152
19.901 1.70496
20.902 1.321232
21.932000000000002 0.921416
22.933000000000003 1.569952
24.120000000000005 1.739376
25.121000000000006 1.635928
26.122000000000007 1.671488
27.130000000000006 1.672992
28.141000000000005 1.85644
29.310000000000006 2.181944
30.320000000000007 1.770904
31.46900000000001 2.105992
32.479000000000006 2.1438
33.480000000000004 1.883688
34.489000000000004 2.33412
35.659000000000006 2.00008
36.699000000000005 1.957552
37.70100000000001 2.305024
38.70900000000001 2.338272
39.77000000000001 1.801496
40.91100000000001 1.975328
42.071000000000005 2.45228
43.18900000000001 2.113552
44.34000000000001 2.327008
45.35100000000001 2.093384
46.45900000000001 2.37612
47.46900000000001 2.186704
48.61900000000001 2.07584
49.720000000000006 2.49432
50.75900000000001 2.150056
51.839000000000006 1.92336
52.86900000000001 1.775752
53.88000000000001 1.072192
54.90000000000001 1.253368
56.09900000000001 1.34564
57.14800000000001 1.26312
58.15800000000001 1.538056
59.30700000000001 1.506
60.30800000000001 1.765392
61.31000000000001 1.977832
62.31100000000001 2.48152
63.43900000000001 2.243856
64.537 2.049968
65.679 1.884448
66.68 2.144232
67.68100000000001 2.153056
68.79800000000002 1.88644
69.80800000000002 2.258688
70.95900000000002 1.86592
72.04800000000002 1.65704
73.11800000000001 1.598584
74.26800000000001 1.945104
75.39800000000001 1.786352
76.56700000000001 1.84332
77.578 1.934056
78.73700000000001 1.659808
79.73800000000001 1.739456
80.84800000000001 1.452472
81.88700000000001 1.599232
82.92900000000002 1.797968
83.93000000000002 2.266832
84.93600000000002 1.57692
85.93700000000003 0.986112
86.93800000000003 1.058048
88.07700000000003 1.529784
89.18500000000003 1.552256
90.36700000000003 1.888352
91.37700000000004 1.84584
92.47500000000004 1.823456
93.47600000000004 2.365592
94.47700000000005 1.863384
95.60600000000005 2.281496
96.61600000000006 2.090976
97.79500000000006 2.277296
98.96400000000006 1.959808
100.05400000000006 2.450808
101.06400000000006 2.173176
102.06600000000006 1.941024
103.17500000000005 2.077608
104.34400000000005 2.305576
105.49200000000005 1.994728
106.49400000000004 1.963944
107.62400000000004 1.741344
108.62500000000004 2.053616
109.71900000000004 1.5
110.72300000000004 1.838752
111.72500000000004 1.442424
112.72600000000004 1.588208
113.84500000000004 1.625656
114.85300000000004 1.58564
115.93300000000004 1.633216
117.04300000000003 1.729728
118.10200000000003 1.765416
119.14300000000003 1.294352
120.30300000000003 1.612168
121.46300000000002 1.734936
122.66300000000003 1.638696
123.76300000000002 1.594416
124.76400000000002 1.703184
125.94300000000003 1.996344
126.96300000000002 1.764936
128.01300000000003 1.781152
129.02300000000002 1.3874
130.02500000000003 1.289528
131.06200000000004 1.199616
132.06300000000005 1.027736
133.08200000000005 0.953912
134.24200000000005 1.277984
135.24300000000005 1.372144
136.31300000000005 0.768824
137.32200000000003 0.74004
138.32300000000004 0.499288
139.57200000000003 0.570936
140.60300000000004 0.694384
141.62200000000004 0.570312
142.63200000000003 0.776672
143.68200000000004 0.657016
144.68300000000005 0.31844
145.69200000000004 0.696112
146.77200000000005 0.946104
147.78200000000004 0.845544
148.79200000000003 0.285576
149.84200000000004 0.382976
151.07200000000003 0.54376
152.07300000000004 0.815872
153.19200000000004 1.301912
154.20200000000003 1.34208
155.21200000000002 1.061712
156.27200000000002 1.072184
157.27300000000002 1.181304
158.312 1.001264
159.322 1.254232
160.342 1.034264
161.34300000000002 1.167664
162.352 1.174176
163.372 0.693512
164.52200000000002 1.004928
165.532 1.067864
166.732 0.677392
167.752 0.778512
168.792 0.73424
169.812 0.653936
170.99200000000002 0.750664
172.122 1.133952
173.12300000000002 0.79788
174.132 1.098536
175.172 0.83232
176.233 0.96472
177.412 0.987408
178.532 1.073104
179.542 1.097896
180.622 1.08404
181.812 1.150016
182.81300000000002 1.037544
183.83200000000002 0.881376
184.86200000000002 1.259512
185.88200000000003 0.771872
186.89100000000002 0.872848
187.89200000000002 0.571528
188.90200000000002 0.896408
189.92200000000003 1.13944
191.11200000000002 0.667072
192.13100000000003 0.597776
193.15200000000002 0.595968
194.17200000000003 0.470976
195.20200000000003 0.30088
196.27200000000002 0.588496
197.281 0.481536
198.291 0.386616
199.31199999999998 0.470152
200.35199999999998 0.520664
201.47099999999998 0.539008
202.47199999999998 0.573312
203.50199999999998 0.457712
204.51099999999997 0.31192
205.53099999999998 0.286048
206.54099999999997 0.525312
207.58099999999996 0.366664
208.76099999999997 0.30016
209.79099999999997 0.372096
210.81099999999998 0.237136
211.831 0.520472
212.87199999999999 0.740696
214.082 1.142928
215.09099999999998 1.183408
216.12099999999998 1.117248
217.12199999999999 1.251392
218.123 1.191544
219.202 1.06908
220.21099999999998 1.261504
221.213 1.294984
222.221 1.377368
223.291 1.357128
224.292 1.227384
225.302 1.039576
226.402 1.058256
227.41099999999997 1.140672
228.41199999999998 0.9986
229.42099999999996 0.947512
230.55099999999996 1.028784
231.56099999999995 1.04144
232.57099999999994 1.229432
233.57199999999995 1.147544
234.73099999999994 1.13608
235.73199999999994 1.068952
236.74099999999993 0.977912
237.74199999999993 1.081944
238.75099999999992 1.115528
239.75199999999992 1.038256
240.7609999999999 1.093576
241.9509999999999 0.992304
243.1109999999999 0.984424
244.2459999999999 1.053512
245.4009999999999 1.175568
246.4109999999999 1.128528
247.42099999999988 0.770584
248.4409999999999 0.879048
249.4599999999999 0.892888
250.4609999999999 1.02096
251.4709999999999 0.86788
252.48099999999988 0.931536
253.64099999999988 0.851936
254.65099999999987 0.773888
255.84099999999987 1.018776
256.84199999999987 0.955136
257.88799999999986 0.613672
258.89099999999985 0.67656
259.90099999999984 0.85276
260.9209999999998 0.833024
261.9219999999998 0.481088
262.9309999999998 0.418704
263.9409999999998 0.610968
264.9899999999998 0.684184
266.0009999999998 1.037848
267.0709999999998 0.829928
268.0809999999998 0.78968
269.0999999999998 0.810104
270.2799999999998 0.876104
271.2909999999998 1.00708
272.29999999999984 1.107544
273.31099999999986 0.886672
274.31199999999984 0.959384
275.3199999999998 0.883728
276.40099999999984 0.73236
277.60999999999984 0.571528
278.6109999999998 0.653408
279.61999999999983 0.76608
280.6209999999998 0.42336
281.6399999999998 0.5288
282.6499999999998 0.652824
283.66099999999983 0.51024
284.6709999999998 0.839744
285.67999999999984 0.636288
286.8199999999998 0.705464
287.8399999999998 1.12248
288.9609999999998 1.059
289.9699999999998 1.224824
290.9799999999998 0.966056
291.98099999999977 1.170032
293.06999999999977 0.998512
294.07099999999974 1.020712
295.07999999999976 1.056776
296.08099999999973 1.021312
297.0819999999997 0.887016
298.1199999999997 0.663504
299.1299999999997 0.715968
300.1309999999997 0.904808
301.3199999999997 1.300392
302.3299999999997 1.115192
303.4599999999997 1.149512
304.4699999999997 1.257568
305.47099999999966 0.98212
306.48999999999967 1.117744
307.49999999999966 1.1138
308.5109999999997 1.237248
309.5299999999997 1.217112
310.6299999999997 0.702928
311.70099999999974 1.098112
312.70999999999975 1.325976
313.71899999999977 1.140864
314.72899999999976 0.842968
315.75899999999973 0.603392
316.80899999999974 0.722304
317.86899999999974 0.567136
318.87799999999976 0.708264
319.8889999999998 0.726432
320.8989999999998 0.906096
321.89999999999975 0.954112
322.90899999999976 0.8928
323.91899999999976 0.912512
325.06899999999973 0.904704
326.17899999999975 0.908632
327.19799999999975 0.735272
328.55799999999977 0.601624
329.74799999999976 0.73256
330.75799999999975 0.715144
331.93799999999976 1.047424
333.01799999999974 1.143072
334.11899999999974 0.8686
335.31799999999976 0.985416
336.32699999999977 0.842552
337.32799999999975 1.0354
