1.001 3.11904
2.003 2.7296
3.008 2.335616
4.009 2.335616
5.019 2.320128
6.02 2.51072
7.029 2.78432
8.039 2.992256
9.04 3.156416
10.047999999999998 2.7296
11.048999999999998 2.674888
12.057999999999998 2.549952
13.059999999999999 1.832192
14.068999999999999 2.215232
15.078999999999999 2.812608
16.08 2.871872
17.081 3.451904
18.098 3.65984
19.099 3.576832
20.1 3.87872
21.101000000000003 3.583232
22.110000000000003 2.434112
23.200000000000003 2.959424
24.209000000000003 3.60512
25.218000000000004 2.878272
26.229000000000003 1.930688
27.238000000000003 1.843136
28.240000000000002 1.543104
29.248 1.930688
30.278000000000002 2.631104
31.309 3.298688
32.31 3.977216
33.318000000000005 3.200192
34.398 2.630952
35.399 2.692224
36.408 1.263256
37.419000000000004 2.35296
38.428000000000004 1.952576
39.429 1.79936
40.438 2.145024
41.439 1.9088
42.448 2.232576
43.468 2.051072
44.478 1.85408
45.479 2.013696
46.488 1.777472
47.489 2.046528
48.489999999999995 2.193344
49.498 2.248064
50.498999999999995 2.652992
51.50899999999999 2.582784
52.50999999999999 2.193344
53.517999999999994 2.795264
54.538 2.762432
55.547999999999995 2.740544
56.556999999999995 3.178304
57.55799999999999 3.025088
58.559999999999995 2.987712
59.562 3.419072
60.568 2.904704
61.568999999999996 2.335616
62.577999999999996 2.34656
63.587999999999994 2.477888
64.589 2.29824
65.59 1.646136
66.608 2.488832
67.60900000000001 2.473344
68.61800000000001 2.324672
69.62 3.2768
70.63900000000001 3.561344
71.64000000000001 4.414976
72.64700000000002 3.76288
73.64800000000002 4.393088
74.64900000000003 3.725504
75.66900000000003 4.846336
76.67900000000003 4.951232
77.88800000000003 4.868224
78.88900000000004 5.049728
79.95800000000004 4.780672
80.95900000000005 4.874624
81.96100000000004 4.250816
82.96200000000005 4.047432
83.96900000000005 4.732352
84.97800000000005 4.196096
85.97900000000006 3.71456
86.98800000000006 3.33152
87.99900000000005 3.539456
89.00700000000005 2.915648
90.01800000000004 2.685824
91.02700000000004 2.663936
92.02800000000005 2.543552
93.02900000000005 3.802112
94.03000000000006 4.053824
95.03700000000006 3.462848
96.03800000000007 2.981312
97.03900000000007 3.911552
98.04000000000008 4.189696
99.04100000000008 4.15232
100.04800000000009 3.76928
101.04900000000009 3.561344
102.14700000000009 4.539904
103.14900000000009 4.885568
104.15000000000009 4.557248
105.15800000000009 4.03648
106.15900000000009 4.15232
107.1600000000001 5.126336
108.16800000000009 4.507072
109.17000000000009 5.421824
110.17200000000008 4.397632
111.17400000000008 4.962176
112.17600000000007 4.627456
113.17800000000007 5.564096
114.17900000000007 4.463296
115.18800000000007 5.02784
116.19000000000007 5.163712
117.19800000000006 5.196536
118.19900000000007 5.750144
119.20800000000007 4.835392
120.20900000000007 4.75424
121.21800000000007 4.331968
122.21900000000008 4.010048
123.22800000000008 3.703616
124.22900000000008 4.15232
125.24800000000009 4.518016
126.2490000000001 4.469696
127.25100000000009 4.42592
128.2580000000001 4.769552
129.2590000000001 3.244144
130.2610000000001 5.126336
131.2670000000001 4.222528
132.26800000000011 5.06068
133.26900000000012 4.868224
134.27000000000012 4.951232
135.27700000000013 4.725952
136.27800000000013 5.213888
137.27900000000014 4.933888
138.28000000000014 5.235776
139.28100000000015 4.780672
140.28200000000015 5.312384
141.28700000000015 4.550848
142.28900000000016 5.005952
143.29100000000017 4.41952
144.29700000000017 4.852736
145.31800000000015 4.85728
146.31900000000016 4.688576
147.32100000000017 4.819904
148.32800000000017 4.85728
149.36700000000016 5.284096
150.36900000000017 5.08256
151.37000000000018 4.96672
152.37100000000018 5.126336
153.44700000000017 4.496128
154.44800000000018 3.042432
155.44900000000018 2.67488
156.4510000000002 4.572736
157.4570000000002 5.08256
158.4580000000002 4.463296
159.46100000000018 4.907456
160.46700000000018 4.15232
161.47600000000017 3.861376
162.47700000000017 4.349312
163.47800000000018 4.086656
164.47900000000018 4.338368
165.4870000000002 3.76288
166.4880000000002 4.042856
167.5070000000002 3.254936
168.5080000000002 3.014144
169.51600000000022 3.090752
170.51700000000022 2.959424
171.5260000000002 3.0096
172.5270000000002 2.313728
173.5480000000002 2.849976
174.5560000000002 2.89376
175.55700000000022 2.751488
176.55800000000022 2.685824
177.64700000000022 3.036032
178.6560000000002 2.779776
179.6570000000002 3.014144
180.65800000000021 3.145472
181.67600000000022 3.036032
182.67800000000022 4.196096
183.68600000000023 3.068864
184.69700000000023 2.29184
185.69800000000023 2.94848
186.70700000000022 3.955328
187.70800000000023 4.0976
188.71300000000022 3.353408
189.7160000000002 3.544
190.7260000000002 3.473792
191.7660000000002 2.959424
192.7670000000002 2.02464
193.77600000000018 1.821248
194.77700000000019 3.025088
195.78700000000018 4.23988
196.79600000000016 3.397184
197.79700000000017 3.342464
198.79800000000017 3.856832
199.80600000000018 3.616064
200.8070000000002 3.977216
201.81600000000017 3.992704
202.81700000000018 3.824
203.82700000000017 3.725504
204.83600000000015 3.758336
205.83700000000016 3.616064
206.83800000000016 3.93344
207.84600000000017 3.65344
208.85600000000017 3.5504
209.85700000000017 4.414976
210.86700000000016 4.688576
211.86800000000017 4.014592
212.87600000000018 3.76928
213.87700000000018 3.7144
214.88600000000017 2.20444
215.88800000000018 3.856832
216.89600000000019 4.688576
217.8970000000002 3.802112
218.8980000000002 3.681728
219.9060000000002 3.686272
220.9070000000002 3.451904
221.90800000000021 3.408128
222.90900000000022 3.506624
223.91000000000022 3.561344
224.91600000000022 3.090752
225.92600000000022 2.576384
226.92700000000022 2.889216
227.99200000000022 3.43456
228.9960000000002 4.469696
229.99800000000022 4.633856
231.00600000000023 3.539456
232.00700000000023 2.981312
233.00800000000024 3.046976
234.01000000000025 3.0032
235.01500000000024 3.561344
236.01600000000025 3.05792
237.02600000000024 2.598272
238.02800000000025 3.22208
239.02900000000025 2.7296
240.03500000000025 3.014144
241.03600000000026 3.068864
242.03700000000026 3.49568
243.03800000000027 3.65984
244.04600000000028 3.76928
245.0480000000003 3.243968
246.0550000000003 3.05792
247.0560000000003 2.652992
248.0860000000003 2.740544
249.0870000000003 3.38624
250.1760000000003 3.16736
251.2650000000003 3.265856
252.2660000000003 3.375296
253.2680000000003 4.163264
254.27500000000032 3.2768
255.27600000000032 2.499784
256.2850000000003 3.031488
257.2950000000003 2.313728
258.3050000000003 2.882816
259.30600000000027 3.594176
260.3150000000003 3.375296
261.31600000000026 3.014144
262.3250000000003 3.834944
263.32600000000025 3.068864
264.3270000000002 3.594176
265.3350000000002 3.594176
266.3360000000002 3.265856
267.33700000000016 3.2768
268.3460000000002 2.751488
269.34700000000015 2.751488
270.3480000000001 3.16736
271.3490000000001 3.824
272.3550000000001 3.156416
273.35600000000005 2.67488
274.357 2.40128
275.365 2.488832
276.366 2.90016
277.37399999999997 3.036032
278.37499999999994 2.7296
279.3759999999999 3.014144
280.3839999999999 3.200192
281.3949999999999 2.882816
282.40399999999994 3.506624
283.4049999999999 3.539456
284.41399999999993 3.156416
285.4239999999999 1.668032
286.4339999999999 1.718208
287.4349999999999 1.952576
288.4439999999999 2.773376
289.4449999999999 3.108096
290.5139999999999 3.412672
291.5149999999999 3.364352
292.5239999999999 3.473792
293.52499999999986 3.243968
294.55499999999984 3.014144
295.56399999999985 3.184704
296.56599999999986 3.189248
297.56699999999984 2.871872
298.5679999999998 3.200192
299.5739999999998 3.014144
300.57499999999976 2.740544
301.57599999999974 3.101688
302.5839999999997 3.561344
303.5849999999997 3.616064
304.5939999999997 4.0976
305.5949999999997 3.59872
306.60299999999967 3.108096
307.60399999999964 2.707712
308.6119999999996 2.981312
309.6129999999996 3.046976
310.6139999999996 2.663936
311.61499999999955 2.226176
312.62299999999954 2.670336
313.6429999999995 2.477888
314.6439999999995 2.466944
315.6529999999995 2.412224
316.6539999999995 2.652992
317.7619999999995 3.233024
318.76299999999947 2.232576
319.76399999999944 2.302784
320.7649999999994 2.630952
321.9619999999994 2.653144
322.9629999999994 2.801664
