1.009 5.4656
2.019 4.715008
3.02 5.257664
4.0280000000000005 3.462848
5.029 3.839488
6.038 4.404032
7.039 3.966272
8.04 4.119488
9.047999999999998 3.92704
10.048999999999998 4.163264
11.049999999999997 4.185152
12.067999999999998 3.539456
13.078999999999997 4.141376
14.079999999999997 4.244416
15.080999999999996 4.119488
16.108999999999995 4.393088
17.128999999999994 4.85728
18.129999999999995 5.213888
19.131999999999994 4.550848
20.133999999999993 5.290496
21.158999999999992 4.408576
22.159999999999993 5.159168
23.160999999999994 4.715008
24.161999999999995 4.830848
25.188999999999997 4.047424
26.208999999999996 5.202944
27.228999999999996 4.627456
28.229999999999997 5.443712
29.230999999999998 4.485184
30.372999999999998 4.84164
31.374 2.773528
32.388999999999996 5.13728
33.38999999999999 3.59872
34.391999999999996 5.268608
35.477999999999994 4.485184
36.47899999999999 5.13728
37.47999999999999 4.780672
38.48799999999999 5.367104
39.49999999999999 4.375744
40.501999999999995 5.13728
41.55 4.704064
42.568999999999996 5.4656
43.56999999999999 4.39764
44.571999999999996 5.13728
45.577999999999996 4.671232
46.57899999999999 5.268608
47.60699999999999 4.539904
48.60799999999999 5.016896
49.64699999999999 4.813504
50.648999999999994 5.30144
51.660999999999994 4.824448
52.66799999999999 5.476544
53.66899999999999 4.704064
54.67099999999999 4.601024
55.67799999999999 4.58368
56.67899999999999 5.24672
57.68699999999999 4.58368
58.68799999999999 4.787072
59.72799999999999 5.054272
60.728999999999985 5.159168
61.72999999999998 4.912
62.737999999999985 5.30144
63.73999999999999 5.119936
64.74099999999999 5.104448
65.74199999999999 4.277248
66.74699999999999 4.776128
67.86699999999999 4.660288
68.868 5.290496
69.869 4.141376
70.87 4.791616
71.87100000000001 4.962168
72.89600000000002 3.751936
73.90700000000001 4.502528
74.90800000000002 4.42592
75.91000000000001 5.032384
76.91400000000002 4.86368
77.91600000000001 4.649344
78.91700000000002 4.929344
79.99600000000001 4.3648
80.99700000000001 5.005952
82.00700000000002 4.130432
83.02700000000002 3.970816
84.02800000000002 5.509376
85.02900000000002 4.74784
86.03700000000002 5.202944
87.04600000000002 4.200648
88.04700000000003 5.421824
89.04800000000003 5.065216
90.04900000000004 4.819904
91.05000000000004 5.065216
92.05600000000004 4.3712
93.13700000000004 4.758784
94.13800000000005 4.787072
95.14600000000004 4.163264
96.14700000000005 4.572736
97.14800000000005 5.08256
98.14900000000006 5.13088
99.15000000000006 5.399936
100.15600000000006 3.572288
101.33600000000007 3.32512
102.40700000000007 3.2768
103.40800000000007 5.454656
104.41600000000007 4.375744
105.41700000000007 4.622912
106.44700000000007 4.48064
107.45700000000008 3.900608
108.45800000000008 4.518016
109.45900000000009 5.257664
110.4660000000001 4.627456
111.4670000000001 4.6448
112.4680000000001 4.0912
113.46900000000011 4.502528
114.55600000000011 5.229376
115.55700000000012 4.819904
116.56500000000011 4.568192
117.5760000000001 3.156408
118.66600000000011 3.839488
119.66700000000012 3.889664
120.67600000000012 4.130432
121.67700000000012 3.87872
122.67800000000013 3.966272
123.68000000000012 4.85728
124.68200000000012 5.367104
125.68700000000011 4.769728
126.68800000000012 4.436864
127.69700000000012 3.802112
128.69800000000012 3.76288
129.70000000000013 3.99908
130.73800000000014 3.26588
131.73900000000015 4.743296
132.74500000000015 3.38624
133.74600000000015 3.5504
134.76500000000016 3.69268
135.76600000000016 3.456448
136.76700000000017 4.633856
137.77600000000015 4.80896
138.77700000000016 3.87232
139.77800000000016 3.966272
140.78600000000017 3.342464
141.78700000000018 4.020992
142.78800000000018 4.185152
143.7960000000002 3.795712
144.7970000000002 5.443712
145.7980000000002 4.988608
146.7990000000002 5.399936
147.8580000000002 3.883264
148.8590000000002 5.279552
149.8600000000002 4.605568
150.8630000000002 5.181056
151.8650000000002 4.627456
152.8660000000002 5.35616
153.86700000000022 4.715008
154.86900000000023 5.334272
155.87500000000023 4.167808
156.87600000000023 5.257664
157.87700000000024 5.108992
158.87800000000024 5.7392
159.89500000000024 5.087104
160.96500000000023 5.02144
161.96600000000024 4.732352
163.05500000000023 5.049728
164.06500000000023 3.839488
165.06600000000023 4.655744
166.11200000000022 4.660288
167.11300000000023 5.432768
168.11500000000024 4.824424
169.13000000000022 4.830872
170.1330000000002 4.901056
171.1460000000002 5.367104
172.1490000000002 4.715
173.1550000000002 5.542208
174.1560000000002 4.922944
175.1670000000002 5.202792
176.1680000000002 2.521816
177.1690000000002 4.550848
178.18900000000022 5.060672
179.27500000000023 4.441408
180.27600000000024 4.436864
181.28500000000022 5.268608
182.28600000000023 3.948928
183.29500000000021 5.443712
184.29600000000022 4.069312
185.29700000000022 4.513472
186.29900000000023 4.031936
187.30100000000024 4.649352
188.30500000000023 4.984064
189.31500000000023 4.485184
190.31600000000023 5.115392
191.31800000000024 4.911976
192.32000000000025 5.575064
193.32200000000026 4.85728
194.33500000000026 4.940288
195.33600000000027 4.846336
196.33700000000027 4.830848
197.36300000000028 4.233472
198.3640000000003 4.940288
199.3660000000003 3.419072
200.3670000000003 5.065216
201.3680000000003 4.655744
202.3830000000003 4.868216
203.3840000000003 4.524416
204.3920000000003 5.159168
205.4010000000003 4.704064
206.41100000000029 5.24672
207.4130000000003 4.715008
208.4140000000003 4.995008
209.4150000000003 4.41952
210.4160000000003 5.202944
211.41800000000032 4.660288
212.49200000000033 5.51392
213.49300000000034 5.388992
214.49400000000034 4.780672
215.49500000000035 5.651648
216.49600000000035 4.74784
217.49800000000036 5.312384
218.49900000000036 5.065216
219.51200000000037 5.108992
220.51300000000037 5.345216
221.53200000000038 4.507072
222.54200000000037 5.454656
223.54300000000038 4.890112
224.54400000000038 5.542208
225.5520000000004 4.96672
226.6130000000004 5.338816
227.6140000000004 5.202944
228.6220000000004 4.999552
229.62300000000042 5.651656
230.62400000000042 5.098048
231.66200000000043 5.262208
232.66300000000044 5.4656
233.66500000000045 4.80256
234.66600000000045 5.35616
235.67200000000045 4.933888
236.67400000000046 5.104448
237.68200000000047 4.616512
238.68300000000048 4.743296
239.68400000000048 4.649344
240.68500000000049 5.334272
241.70100000000048 4.134976
242.7030000000005 5.159168
243.7110000000005 4.480488
244.7130000000005 2.75164
245.71500000000052 5.119936
246.71700000000052 5.378048
247.72200000000052 4.999552
248.7320000000005 4.890112
249.73300000000052 5.62976
250.73400000000052 4.999552
251.73500000000053 5.585984
252.73600000000053 4.58368
253.73700000000053 5.367104
254.74100000000053 5.108992
255.74200000000053 5.163712
256.7430000000005 5.454656
257.7440000000005 4.901048
258.74500000000046 5.432768
259.75100000000043 4.999552
260.7710000000004 5.02144
261.7720000000004 5.290496
262.7820000000004 5.218432
263.78300000000036 5.487488
264.78500000000037 4.85728
265.78800000000035 5.115392
266.79000000000036 4.715008
267.8400000000004 5.360704
268.84100000000035 4.97312
269.8420000000003 4.830848
270.8430000000003 3.87232
271.8440000000003 4.6448
272.8920000000003 4.627456
273.8940000000003 4.688576
274.9010000000003 2.204288
275.90200000000027 4.929344
276.93100000000027 4.561792
277.9330000000003 5.093504
279.01100000000025 4.736896
280.0120000000002 5.290496
281.0130000000002 4.561792
282.0210000000002 5.367104
283.02200000000016 4.52896
284.0310000000002 5.093504
285.0500000000002 4.6384
286.0520000000002 4.819904
287.1110000000002 5.02144
288.1120000000002 5.30144
289.1500000000002 4.518016
290.1510000000002 5.181056
291.1530000000002 4.382144
292.15400000000017 4.616512
293.1610000000002 4.732352
294.16200000000015 4.441408
295.1630000000001 5.279552
296.1710000000001 4.353856
297.1720000000001 5.41088
298.21100000000007 4.20064
299.21200000000005 5.257664
300.213 4.605576
301.21500000000003 5.235776
302.22 4.605568
303.23100000000005 4.896512
304.232 4.677632
305.23400000000004 4.452352
306.235 4.404032
307.29 4.561792
308.291 4.655744
309.292 4.42592
310.294 4.397632
311.29499999999996 5.060672
312.29999999999995 4.39748
313.34 3.211288
314.34099999999995 3.813056
315.35099999999994 5.224832
316.36099999999993 4.561792
317.3619999999999 5.049728
318.3629999999999 4.824448
319.36399999999986 5.060672
320.3659999999999 4.758784
321.3699999999999 5.487488
322.37099999999987 4.835392
323.38099999999986 4.053824
