1.001 4.922944
2.0119999999999996 5.202792
3.0129999999999995 2.521816
4.013999999999999 4.550848
5.033999999999999 5.060672
6.119999999999999 4.441408
7.120999999999999 4.436864
8.129999999999999 5.268608
9.130999999999998 3.948928
10.139999999999999 5.443712
11.140999999999998 4.069312
12.141999999999998 4.513472
13.143999999999998 4.031936
14.145999999999999 4.649352
15.149999999999999 4.984064
16.16 4.485184
17.161 5.115392
18.163 4.911976
19.165 5.575064
20.166999999999998 4.85728
21.18 4.940288
22.181 4.846336
23.182000000000002 4.830848
24.208000000000002 4.233472
25.209000000000003 4.940288
26.211000000000002 3.419072
27.212000000000003 5.065216
28.213000000000005 4.655744
29.228000000000005 4.868216
30.229000000000006 4.524416
31.237000000000005 5.159168
32.246 4.704064
33.256 5.24672
34.258 4.715008
35.259 4.995008
36.26 4.41952
37.260999999999996 5.202944
38.263 4.660288
39.336999999999996 5.51392
40.337999999999994 5.388992
41.33899999999999 4.780672
42.33999999999999 5.651648
43.34099999999999 4.74784
44.34299999999999 5.312384
45.34399999999999 5.065216
46.356999999999985 5.108992
47.35799999999998 5.345216
48.37699999999998 4.507072
49.38699999999998 5.454656
50.38799999999998 4.890112
51.388999999999974 5.542208
52.39699999999998 4.96672
53.45799999999998 5.338816
54.458999999999975 5.202944
55.46699999999998 4.999552
56.467999999999975 5.651656
57.46899999999997 5.098048
58.50699999999997 5.262208
59.50799999999997 5.4656
60.50999999999997 4.80256
61.51099999999997 5.35616
62.51699999999997 4.933888
63.51899999999997 5.104448
64.52699999999997 4.616512
65.52799999999998 4.743296
66.52899999999998 4.649344
67.52999999999999 5.334272
68.54599999999999 4.134976
69.54799999999999 5.159168
70.55599999999998 4.480488
71.55799999999998 2.75164
72.55999999999997 5.119936
73.56199999999997 5.378048
74.56699999999996 4.999552
75.57699999999997 4.890112
76.57799999999997 5.62976
77.57899999999998 4.999552
78.57999999999998 5.585984
79.58099999999999 4.58368
80.582 5.367104
81.586 5.108992
82.587 5.163712
83.58800000000001 5.454656
84.58900000000001 4.901048
85.59000000000002 5.432768
86.59600000000002 4.999552
87.61600000000001 5.02144
88.61700000000002 5.290496
89.62700000000002 5.218432
90.62800000000003 5.487488
91.63000000000002 4.85728
92.63300000000002 5.115392
93.63500000000002 4.715008
94.68500000000002 5.360704
95.68600000000002 4.97312
96.68700000000003 4.830848
97.68800000000003 3.87232
98.68900000000004 4.6448
99.73700000000004 4.627456
100.73900000000003 4.688576
101.74600000000004 2.204288
102.74700000000004 4.929344
103.77600000000004 4.561792
104.77800000000003 5.093504
105.85600000000004 4.736896
106.85700000000004 5.290496
107.85800000000005 4.561792
108.86600000000004 5.367104
109.86700000000005 4.52896
110.87600000000005 5.093504
111.89500000000005 4.6384
112.89700000000005 4.819904
113.95600000000005 5.02144
114.95700000000005 5.30144
115.99500000000005 4.518016
116.99600000000005 5.181056
117.99800000000005 4.382144
118.99900000000005 4.616512
120.00600000000006 4.732352
121.00700000000006 4.441408
122.00800000000007 5.279552
123.01600000000006 4.353856
124.01700000000007 5.41088
125.05600000000007 4.20064
126.05700000000007 5.257664
127.05800000000008 4.605576
128.0600000000001 5.235776
129.06500000000008 4.605568
130.07600000000008 4.896512
131.07700000000008 4.677632
132.0790000000001 4.452352
133.0800000000001 4.404032
134.1350000000001 4.561792
135.1360000000001 4.655744
136.1370000000001 4.42592
137.13900000000012 4.397632
138.14000000000013 5.060672
139.14500000000012 4.39748
140.18500000000012 3.211288
141.18600000000012 3.813056
142.1960000000001 5.224832
143.2060000000001 4.561792
144.2070000000001 5.049728
145.2080000000001 4.824448
146.20900000000012 5.060672
147.21100000000013 4.758784
148.21500000000012 5.487488
149.21600000000012 4.835392
150.2260000000001 4.053824
151.30500000000012 4.736896
152.30600000000013 4.819904
153.33600000000013 5.010496
154.33700000000013 4.841792
155.33900000000014 4.327424
156.48500000000013 4.134976
157.48600000000013 4.59008
158.48700000000014 5.13088
159.49600000000012 4.995008
160.54400000000012 4.736896
161.54500000000013 4.984064
162.57500000000013 4.846336
163.57600000000014 4.666688
164.64500000000012 5.163712
165.64600000000013 5.235776
166.69600000000014 4.605568
167.69700000000014 4.04288
168.69800000000015 5.202944
169.70400000000015 4.6384
170.70500000000015 4.655744
171.70600000000016 5.349752
172.70800000000017 5.388992
173.71500000000017 4.901056
174.76300000000018 5.13088
175.76400000000018 4.688576
176.76500000000019 4.819904
177.7950000000002 3.609664
178.7960000000002 5.22476
179.85400000000018 4.594696
180.89600000000019 4.185152
181.9340000000002 5.656192
182.9350000000002 5.08256
183.9930000000002 4.736896
184.9950000000002 4.896512
186.0040000000002 4.655744
187.0050000000002 4.780672
188.0060000000002 5.159168
189.0140000000002 4.014592
190.0150000000002 5.24672
191.03500000000022 4.233472
192.06400000000022 4.940288
193.0730000000002 4.671232
194.0740000000002 5.126336
195.07500000000022 4.272704
196.07600000000022 4.988608
197.07700000000023 5.049728
198.0800000000002 4.660288
199.08100000000022 5.224832
200.08300000000023 4.463296
201.08400000000023 4.995008
202.09400000000022 4.813504
203.1150000000002 4.984064
204.12300000000022 4.638408
205.12400000000022 4.787072
206.1630000000002 4.594624
207.1740000000002 5.181056
208.2740000000002 4.321024
209.2750000000002 5.564072
210.3830000000002 4.266328
211.4240000000002 3.265856
212.4250000000002 5.312384
213.42700000000022 4.988608
214.4430000000002 4.80896
215.44500000000022 4.922944
216.44600000000023 5.4656
217.44700000000023 4.879168
218.44800000000023 5.08256
219.44900000000024 4.605568
220.45100000000025 4.020992
221.45200000000025 4.776128
222.45400000000026 4.156864
223.45500000000027 5.115392
224.46400000000025 4.660288
225.46500000000026 5.279552
226.47400000000025 4.452352
227.47500000000025 5.038784
228.47700000000026 3.900608
229.47800000000026 4.868224
230.48000000000027 4.951232
231.71300000000028 3.725504
232.71400000000028 3.98176
233.7150000000003 4.732352
234.7160000000003 4.52896
235.7240000000003 4.984064
236.7250000000003 4.922944
237.7260000000003 5.02784
238.7730000000003 4.605568
239.7840000000003 4.250816
240.8420000000003 5.579584
241.8430000000003 4.962176
242.8840000000003 4.879168
243.8940000000003 4.798016
244.96300000000028 5.032376
245.96400000000028 5.071616
246.9650000000003 4.579136
247.9670000000003 4.660288
248.9680000000003 5.268608
249.9690000000003 4.80256
251.0030000000003 5.098048
252.0040000000003 5.421824
253.0060000000003 5.207488
254.00700000000032 5.181056
255.01300000000032 4.288192
256.0140000000003 4.732352
257.0650000000003 4.660288
258.06800000000027 4.611968
259.1630000000003 5.229376
260.16400000000027 4.633856
261.16500000000025 5.038784
262.1660000000002 4.507072
263.17300000000023 4.513472
264.21300000000025 4.244416
265.2140000000002 4.228928
266.2150000000002 4.885568
267.2160000000002 4.025536
268.21700000000016 5.115392
269.2230000000001 4.846336
270.2530000000001 4.283648
271.2920000000001 5.371648
272.29300000000006 5.35616
273.3430000000001 4.485184
274.35300000000007 5.345224
275.35400000000004 4.813504
276.355 5.049728
277.356 4.901056
278.383 5.224832
279.38399999999996 5.108992
280.38499999999993 5.16996
281.3859999999999 2.762584
282.3869999999999 4.550848
283.3899999999999 5.432768
284.39599999999984 4.977664
285.40299999999985 5.202944
286.4039999999998 4.518016
287.4049999999998 5.181056
288.4059999999998 4.321016
289.54599999999976 5.202944
290.54899999999975 5.1856
291.55299999999977 5.060672
292.5549999999998 4.846336
293.56099999999975 5.224832
294.5619999999997 4.189696
295.5649999999997 5.159168
296.5669999999997 4.58368
297.56899999999973 3.813056
298.5719999999997 4.9184
299.58099999999973 4.561792
300.5909999999997 4.338368
301.6009999999997 4.31648
302.61199999999974 4.41952
303.6129999999997 4.73236
304.6149999999997 4.397632
305.6159999999997 4.622912
306.6309999999997 5.071616
307.63199999999966 4.178752
308.63299999999964 4.787072
309.6409999999996 4.485184
310.6419999999996 4.6448
311.6429999999996 4.305536
312.6449999999996 3.419072
313.6519999999996 4.408576
314.65299999999957 5.005952
315.65999999999957 4.156864
316.66099999999955 4.852736
317.74099999999953 4.977664
318.7419999999995 3.977216
319.7429999999995 3.966272
320.7449999999995 4.721408
321.75099999999946 4.03648
322.76099999999946 4.743296
323.76199999999943 3.44096
