0 1.311675
5 1.096648
10 0.955981
15 0.915908
20 0.916406
25 0.915807
30 1.323116
35 1.064376
40 1.342908
45 1.279942
50 1.60043
55 1.107808
60 1.70296
65 1.753656
70 1.724022
75 1.786204
80 1.715844
85 1.6515
90 1.733988
95 1.639287
100 1.652152
105 1.704898
110 1.166519
115 1.178365
120 1.244959
125 1.200473
130 1.006791
135 1.441398
140 1.006934
145 1.585744
150 1.360459
155 1.475427
160 1.636968
165 1.479505
170 1.351689
175 1.366271
180 1.369816
185 1.243524
190 1.087116
195 1.118977
200 1.13332
205 1.292582
210 1.503026
215 1.516346
220 1.395111
225 0.897771
230 1.517603
235 1.523522
240 1.165994
245 1.433484
250 1.610527
255 1.559244
260 1.252235
265 0.811552
270 0.990038
275 1.074682
280 1.122128
285 1.025121
290 0.973034
295 1.01114
300 1.301053
305 1.100679
310 0.752978
315 0.978889
