1.001 4.382144
2.002 4.791616
3.01 5.060672
4.058999999999999 3.620608
5.069999999999999 3.670792
6.079999999999999 5.52032
7.081999999999999 4.671232
8.082999999999998 5.060672
9.117999999999999 3.98176
10.118999999999998 4.86368
11.119999999999997 4.977664
12.120999999999997 4.42592
13.121999999999996 4.42592
14.128999999999996 4.539904
15.129999999999995 5.159168
16.198999999999995 4.375744
17.199999999999996 5.443712
18.200999999999997 4.52896
19.201999999999998 3.462848
20.208 4.55724
21.29 4.944832
22.291 5.257664
23.292 5.02144
24.298000000000002 5.071616
25.299000000000003 4.539904
26.309000000000005 5.104448
27.319000000000006 4.791616
28.320000000000007 5.071616
29.32100000000001 4.550848
30.32800000000001 4.688552
31.33800000000001 4.863704
32.35800000000001 3.565888
33.48200000000001 3.977216
34.53800000000001 5.76564
35.53900000000001 5.213888
36.540000000000006 4.239872
37.547000000000004 4.824448
38.548 4.896512
39.549 4.791616
40.55 4.732352
41.596999999999994 4.058368
42.59799999999999 4.874624
43.59899999999999 4.53536
44.59999999999999 4.222528
45.60199999999999 4.874624
46.60299999999999 4.74784
47.60799999999999 4.524416
48.61699999999999 4.69952
49.61899999999999 3.67532
50.62199999999999 5.859584
51.62299999999999 4.594624
52.62499999999999 4.776128
53.626999999999995 4.397632
54.648999999999994 4.874624
55.657 5.07616
56.657999999999994 4.9184
57.666999999999994 4.725952
58.66799999999999 5.57504
59.66899999999999 4.813504
60.67099999999999 5.509376
61.672999999999995 4.999552
62.836999999999996 5.305984
63.888 4.163272
64.917 5.67808
65.919 5.126336
66.92099999999999 4.725952
67.92399999999999 4.830848
68.925 4.958488
69.92699999999999 4.488872
70.928 4.436864
71.938 4.671232
72.952 5.071616
73.967 4.277096
74.968 3.331672
75.977 4.26176
76.97800000000001 5.476544
77.97900000000001 5.07616
79.05700000000002 4.791616
80.06700000000002 5.290496
81.07700000000003 4.539904
82.07800000000003 5.4656
83.07900000000004 4.769728
84.08000000000004 5.049728
85.09700000000004 4.561792
86.10700000000004 5.08256
87.11700000000005 4.912
88.11800000000005 4.787072
89.15700000000005 4.704064
90.15800000000006 5.290496
91.16600000000005 4.491584
92.16700000000006 4.550848
93.16900000000005 5.192
94.17600000000006 4.69312
95.17700000000006 4.984064
96.17800000000007 4.299136
97.18700000000007 5.224832
98.18800000000007 4.441408
99.18900000000008 4.31648
100.19000000000008 4.20704
101.22500000000008 4.003648
102.23600000000008 5.323328
103.23700000000008 4.660288
104.24600000000008 4.557248
105.25600000000009 4.6448
106.25700000000009 3.773824
107.2580000000001 5.498432
108.26600000000009 4.857272
109.2670000000001 5.476544
110.2680000000001 4.616512
111.2700000000001 5.421824
112.27200000000009 4.824448
113.31600000000009 5.327872
114.32600000000009 5.235776
115.3270000000001 4.627456
116.3280000000001 4.940288
117.3750000000001 4.85728
118.3760000000001 5.585984
119.37700000000011 5.065216
120.37800000000011 5.202944
121.38600000000011 4.649344
122.38700000000011 5.08256
123.38800000000012 4.266304
124.38900000000012 4.360256
125.46600000000012 5.119936
126.47700000000012 5.181056
127.48600000000012 4.769728
128.49600000000012 4.765184
129.54600000000013 4.944832
130.54700000000014 5.115392
131.55500000000015 4.955776
132.55600000000015 5.312384
133.55800000000016 4.594624
134.55900000000017 4.272704
135.56000000000017 4.633856
136.56100000000018 3.791176
137.56500000000017 4.835392
138.57500000000016 4.185128
139.59500000000017 4.419544
140.59600000000017 4.97312
141.59700000000018 4.524416
142.5990000000002 4.539904
143.7150000000002 5.371496
144.7250000000002 3.320728
145.7270000000002 3.71456
146.7360000000002 5.279528
147.7370000000002 4.835416
148.7390000000002 4.327424
149.7410000000002 4.655744
150.74300000000022 4.539904
151.74400000000023 5.115384
152.75600000000023 4.211584
153.75700000000023 5.016896
154.82600000000022 4.14592
155.82700000000023 4.9184
156.89500000000024 4.901056
157.89600000000024 5.148224
158.91400000000024 4.682176
159.94500000000025 5.071616
160.97600000000025 4.3712
161.97700000000026 4.52896
162.97800000000026 4.841792
163.97900000000027 4.441408
164.98200000000026 4.97312
165.98300000000026 4.305536
166.99600000000027 4.879168
168.07600000000028 5.196544
169.07700000000028 5.016896
170.0780000000003 4.677632
171.0790000000003 4.682176
172.09400000000028 5.192
173.09500000000028 3.828544
174.28000000000029 4.830848
175.29500000000027 5.393536
176.29600000000028 4.776128
177.31400000000028 4.189696
178.31500000000028 3.889664
179.3160000000003 5.148224
180.3340000000003 4.080256
181.3350000000003 5.082568
182.39300000000028 4.74784
183.3940000000003 2.210688
184.43300000000028 4.331968
185.44400000000027 4.885568
186.50500000000028 4.955776
187.50600000000028 5.388992
188.5070000000003 4.955776
189.5140000000003 5.159168
190.5340000000003 4.736896
191.5350000000003 5.202944
192.5360000000003 4.912
193.5400000000003 4.97312
194.54200000000031 4.627456
195.5520000000003 5.191928
196.5530000000003 4.813576
197.55400000000031 5.312384
198.56200000000032 4.430464
199.56300000000033 5.093504
200.57300000000032 4.616512
201.57400000000032 5.279552
202.5830000000003 4.649344
203.60300000000032 5.388992
204.6130000000003 5.02144
205.61500000000032 4.798016
206.61600000000033 4.605568
207.61700000000033 5.071616
208.61900000000034 4.52896
209.62000000000035 5.170112
210.62200000000036 3.3534
211.62300000000036 4.03648
212.63400000000036 4.940288
213.72300000000035 4.813504
214.72400000000036 5.005952
216.09100000000035 4.813504
217.09300000000036 3.484736
218.09400000000036 5.005952
219.10300000000035 4.6384
220.12300000000036 3.813056
221.12400000000036 5.08256
222.12500000000037 4.342912
223.13200000000037 4.874624
224.13300000000038 4.787072
225.13400000000038 4.03648
226.1420000000004 4.086656
227.1430000000004 4.393088
228.1940000000004 4.47424
229.1950000000004 5.334272
230.2030000000004 4.518016
231.2120000000004 3.692672
232.2130000000004 5.290496
233.2150000000004 4.868224
234.2410000000004 5.196544
235.24200000000042 5.268608
236.24300000000042 4.85728
237.24400000000043 5.126336
238.25100000000043 4.561792
239.25300000000044 5.509376
240.25400000000045 3.703616
241.25600000000045 4.364808
242.27200000000045 5.7392
243.27300000000045 5.108992
244.28200000000044 5.163712
245.28300000000044 5.761088
246.29200000000043 4.890112
247.29300000000043 5.4656
248.29400000000044 4.572736
249.36200000000045 5.284096
250.36300000000045 5.564072
251.37200000000044 4.933912
252.37300000000045 5.312384
253.38200000000043 4.791616
254.39100000000042 5.531256
255.39200000000042 5.152768
256.3930000000004 5.152768
257.40200000000044 5.4656
258.41200000000043 4.715008
259.4130000000004 5.257664
260.4210000000004 3.462848
261.42200000000037 3.839488
262.4310000000004 4.404032
263.43200000000036 3.966272
264.43300000000033 4.119488
265.4410000000003 3.92704
266.4420000000003 4.163264
267.44300000000027 4.185152
268.46100000000024 3.539456
269.47200000000026 4.141376
270.47300000000024 4.244416
271.4740000000002 4.119488
272.50200000000024 4.393088
273.5220000000002 4.85728
274.5230000000002 5.213888
275.5250000000002 4.550848
276.5270000000002 5.290496
277.5520000000002 4.408576
278.55300000000017 5.159168
279.55400000000014 4.715008
280.5550000000001 4.830848
281.5820000000001 4.047424
282.6020000000001 5.202944
283.62200000000007 4.627456
284.62300000000005 5.443712
285.624 4.485184
286.766 4.84164
287.767 2.773528
288.782 5.13728
289.78299999999996 3.59872
290.78499999999997 5.268608
291.871 4.485184
292.87199999999996 5.13728
293.87299999999993 4.780672
294.8809999999999 5.367104
295.8929999999999 4.375744
296.8949999999999 5.13728
297.9429999999999 4.704064
298.96199999999993 5.4656
299.9629999999999 4.39764
300.9649999999999 5.13728
301.9709999999999 4.671232
302.97199999999987 5.268608
303.9999999999999 4.539904
305.00099999999986 5.016896
306.03999999999985 4.813504
307.04199999999986 5.30144
308.05399999999986 4.824448
309.06099999999986 5.476544
310.06199999999984 4.704064
311.06399999999985 4.601024
312.07099999999986 4.58368
313.07199999999983 5.24672
314.0799999999998 4.58368
315.0809999999998 4.787072
316.1209999999998 5.054272
317.1219999999998 5.159168
318.12299999999976 4.912
319.13099999999974 5.30144
320.13299999999975 5.119936
321.13399999999973 5.104448
322.1349999999997 4.277248
323.1399999999997 4.776128
324.2599999999997 4.660288
