1.001 2.057472
2.011 1.897856
3.02 2.101248
4.022 1.832192
5.031000000000001 2.105792
6.040000000000001 2.166912
7.042000000000001 1.930688
8.05 2.652992
9.061 2.549952
10.062 1.613312
11.07 2.013696
12.072000000000001 2.226176
13.080000000000002 2.248064
14.082000000000003 1.718208
15.090000000000003 1.503872
16.091000000000005 2.160512
17.100000000000005 2.221632
18.101000000000006 2.259008
19.102000000000007 2.248064
20.110000000000007 2.506176
21.133000000000006 2.642048
22.140000000000008 3.572288
23.14100000000001 3.2768
24.15000000000001 2.40128
25.15100000000001 2.642048
26.15200000000001 3.11264
27.16000000000001 2.817152
28.161000000000012 2.451456
29.162000000000013 2.116736
30.18100000000001 3.211136
31.182000000000013 2.78432
32.19100000000001 2.34656
33.20000000000001 2.62656
34.20100000000001 2.456
35.21000000000001 1.6352
36.211000000000006 2.123136
37.220000000000006 2.379392
38.221000000000004 2.576384
39.222 2.587328
40.230000000000004 2.221632
41.231 1.996352
42.24 2.62016
43.242000000000004 3.134528
44.251000000000005 2.998656
45.260000000000005 1.865024
46.28000000000001 1.85408
47.281000000000006 2.363904
48.290000000000006 2.171456
49.291000000000004 3.243968
50.292 3.178152
51.299 1.93084
52.3 2.648448
53.309999999999995 2.32468
54.31099999999999 2.445056
55.312999999999995 2.871872
56.4 2.707712
57.400999999999996 3.075264
58.410999999999994 2.762432
59.41199999999999 2.521664
60.419999999999995 2.532608
61.42099999999999 3.16736
62.42999999999999 3.5504
63.43099999999999 2.740544
64.43199999999999 2.707712
65.43999999999998 2.593728
66.44999999999999 2.259008
67.451 2.915648
68.452 3.561344
69.454 2.89376
70.46 3.200168
71.461 3.26588
72.47 3.397184
73.471 3.98816
74.473 3.71456
75.48 3.845888
76.48100000000001 2.8062
77.48200000000001 3.287744
78.49000000000001 3.49568
79.49100000000001 2.806208
80.50000000000001 3.068864
81.50100000000002 3.309632
82.51000000000002 2.335616
83.52000000000002 2.521664
84.54900000000002 2.871872
85.55000000000003 3.261312
86.55100000000003 2.762432
87.55200000000004 2.795264
88.55900000000004 2.94848
89.56000000000004 2.762432
90.56100000000005 3.243968
91.56200000000005 3.506624
92.56900000000006 3.506624
93.57100000000005 3.484736
94.57900000000005 2.806208
95.58900000000006 2.598272
96.59000000000006 2.773376
97.61900000000006 2.871872
98.62000000000006 2.51712
99.62100000000007 2.259008
100.62900000000006 2.62016
101.63000000000007 2.642048
102.67900000000007 3.068864
103.68000000000008 2.867328
104.68100000000008 2.78432
105.68900000000008 2.445056
106.69000000000008 2.663936
107.69100000000009 2.466944
108.69900000000008 2.90016
109.70000000000009 2.970368
110.70900000000009 2.89376
111.7190000000001 2.324672
112.7200000000001 3.320576
113.7210000000001 3.353408
114.7290000000001 3.561344
115.7300000000001 2.860928
116.7390000000001 2.335616
117.74000000000011 2.506176
118.74100000000011 2.817152
119.74900000000011 3.22208
120.75000000000011 2.576384
121.75100000000012 2.423168
122.77900000000012 2.423168
123.85800000000012 3.265856
124.85900000000012 3.506624
125.96900000000012 3.046976
126.97900000000013 2.834496
127.98000000000013 2.89376
128.98100000000014 2.89376
129.98900000000015 2.882816
130.99000000000015 2.849984
131.99100000000016 2.849984
132.99200000000016 2.609216
134.03900000000016 3.123584
135.12700000000015 3.2768
136.13900000000015 3.162816
137.14000000000016 3.233024
138.14900000000014 2.576384
139.15000000000015 2.149568
140.15100000000015 2.07296
141.15900000000016 2.342016
142.16000000000017 2.828096
143.16900000000015 3.22208
144.17900000000014 2.685824
145.18800000000013 2.598272
146.18900000000014 2.374848
147.19900000000013 2.751488
148.20900000000012 2.62016
149.21000000000012 2.26996
150.21800000000013 2.696768
151.21900000000014 2.363904
152.22900000000013 2.543552
153.23000000000013 2.773376
154.23800000000014 1.886912
155.23900000000015 3.06432
156.25100000000015 3.481048
157.31900000000016 3.285032
158.32000000000016 3.151872
159.37000000000018 3.423616
160.37100000000018 4.743296
161.37700000000018 3.889664
162.37800000000018 3.298688
163.3790000000002 3.889664
164.41800000000018 3.817448
165.63700000000017 3.276952
166.63800000000018 2.878272
167.69800000000018 3.675328
168.69900000000018 4.349312
169.7010000000002 3.802112
170.7020000000002 3.430016
171.7080000000002 3.977216
172.7880000000002 4.113088
173.7980000000002 4.174208
174.7990000000002 4.75424
175.8480000000002 4.178752
176.84900000000022 4.228928
177.8580000000002 4.69952
179.2570000000002 4.167808
180.2580000000002 4.447808
181.2590000000002 5.016896
182.2690000000002 4.375744
183.2780000000002 4.951232
184.2800000000002 4.222528
185.2810000000002 4.929344
186.3770000000002 4.82444
187.3780000000002 4.404032
188.3880000000002 4.513472
189.43800000000022 4.20064
190.43900000000022 4.688576
191.4480000000002 4.841792
192.4490000000002 3.992704
193.45100000000022 4.491584
194.45700000000022 4.382144
195.46800000000022 3.937984
196.46900000000022 4.196096
197.47100000000023 3.791168
198.47700000000023 4.185152
199.53700000000023 4.0912
200.53800000000024 4.196096
201.53900000000024 3.977216
202.54600000000025 3.922496
203.54700000000025 3.36436
204.54800000000026 3.780224
205.55700000000024 2.663936
206.55800000000025 2.67488
207.55900000000025 2.521664
208.56800000000024 2.718656
209.56900000000024 2.84544
210.58700000000024 3.0032
211.58800000000025 2.817152
212.58900000000025 2.532608
213.59700000000026 3.123584
214.60700000000026 3.200192
215.60800000000026 3.101696
216.60900000000026 3.397184
217.61000000000027 2.83904
218.61100000000027 3.243968
219.61600000000027 3.583232
220.61700000000027 3.76928
221.61800000000028 4.414976
222.62700000000027 3.806656
223.62800000000027 3.71456
224.62900000000027 3.87872
225.63700000000028 4.491584
226.67700000000028 4.167808
227.70600000000027 3.265856
228.70700000000028 2.779776
229.70800000000028 2.904704
230.7100000000003 3.068864
231.7150000000003 2.696768
232.7160000000003 2.762432
233.7170000000003 2.543552
234.72600000000028 2.451456
235.7270000000003 2.445056
236.7280000000003 2.970368
237.7360000000003 3.211136
238.7470000000003 2.959424
239.7480000000003 3.287744
240.7550000000003 3.178304
241.7560000000003 3.342464
242.7660000000003 3.145472
243.7670000000003 2.981312
244.7680000000003 3.692672
245.76900000000032 4.502528
246.77600000000032 4.031928
247.77700000000033 3.036032
248.77800000000033 3.090752
249.77900000000034 2.7296
250.78500000000034 2.587328
251.78600000000034 2.576384
252.78700000000035 2.817152
253.86600000000035 2.849984
254.87500000000034 2.812608
255.87600000000035 2.554496
256.87700000000035 3.090752
257.8780000000003 3.594176
259.0350000000003 4.331968
260.0890000000003 3.2768
261.11600000000027 4.611968
262.11700000000025 4.601024
263.12000000000023 3.916096
264.1330000000002 4.338368
265.1350000000002 3.430016
266.1360000000002 3.079808
267.1500000000002 3.134536
268.1550000000002 3.2768
269.1570000000002 3.703616
270.1710000000002 4.196096
271.20600000000024 4.31008
272.20800000000025 4.053824
273.20900000000023 3.71456
274.21600000000024 3.506624
275.2170000000002 2.817152
276.2250000000002 3.036032
277.22600000000017 3.342464
278.2280000000002 3.287744
279.22900000000016 3.134528
280.2350000000001 2.78432
281.28500000000014 3.101696
282.2860000000001 3.206592
283.2870000000001 2.40128
284.28800000000007 3.189248
285.2950000000001 3.025088
286.29600000000005 2.390336
287.30500000000006 2.40128
288.30600000000004 2.84544
289.31500000000005 2.642048
290.31600000000003 2.488832
291.32500000000005 2.423168
292.33500000000004 2.576384
293.40500000000003 3.16736
294.415 3.031488
295.416 3.025088
296.426 2.587328
297.43399999999997 2.532608
298.43499999999995 2.62016
299.44499999999994 3.156416
300.4459999999999 3.123584
301.4469999999999 3.265856
302.45499999999987 3.342464
303.45599999999985 3.134528
304.4569999999998 3.473792
305.4749999999998 3.254912
306.4949999999998 2.78432
307.49599999999975 2.90016
308.50499999999977 2.78432
309.50599999999974 2.466944
310.50799999999975 2.642048
311.51499999999976 2.663936
312.6339999999998 2.915648
313.63499999999976 2.714112
314.64499999999975 2.313728
315.64599999999973 3.134528
316.6539999999997 3.71456
317.6549999999997 3.834944
318.65599999999966 3.375296
319.7149999999997 3.861376
320.7239999999997 3.265856
321.7249999999997 3.250368
322.72599999999966 3.014144
323.72799999999967 2.685824
