0 1.019266
5 1.011119
10 0.818813
15 1.651448
20 1.630269
25 1.621853
30 1.537131
35 1.003354
40 0.958393
45 0.928586
50 0.856808
55 1.086541
60 3.731148
65 3.552131
70 4.108861
75 3.488469
80 3.839908
85 4.048344
90 4.092923
95 3.606703
100 3.434572
105 3.354237
110 3.563281
115 3.627802
120 2.74186
125 4.042446
130 3.253885
135 3.564325
140 3.762942
145 0.938468
150 0.972329
155 0.981552
160 0.945254
165 0.981923
170 1.419041
175 1.319309
180 0.892111
185 0.993752
190 1.211141
195 1.257863
200 1.313554
205 1.625645
210 1.215351
215 1.535725
220 1.252667
225 1.231977
230 1.489413
235 2.08587
240 1.523361
245 1.597031
250 2.024748
255 1.937728
260 1.576567
265 1.52763
270 1.961294
275 1.522263
280 1.523959
285 3.464488
290 3.342412
295 3.769643
300 3.440405
305 3.525286
310 3.497234
315 3.629894
