1.018 0.700416
2.028 0.847232
3.029 1.926144
4.038 1.777472
5.048 1.192896
6.089 1.460024
7.09 2.199744
8.097999999999999 1.558664
9.127999999999998 1.20384
10.137999999999998 0.689472
11.227999999999998 0.891008
12.237999999999998 1.455552
13.247999999999998 1.740096
14.249999999999998 1.514816
15.258 1.75104
16.259 1.897856
17.268 1.711808
18.278000000000002 2.331072
19.288000000000004 1.208384
20.298000000000005 1.389888
21.398000000000007 1.383488
22.40800000000001 1.794816
23.410000000000007 1.31328
24.419000000000008 1.241216
25.428000000000008 1.597824
26.43800000000001 1.591424
27.44800000000001 2.652992
28.60800000000001 2.915648
29.83800000000001 3.2768
30.84100000000001 3.250368
31.848000000000013 2.434112
32.84900000000001 2.466944
33.85800000000001 2.226176
34.86800000000001 2.440512
35.86900000000001 1.985408
36.87800000000001 2.12768
37.879000000000005 2.374848
38.888000000000005 2.105792
39.898 2.598272
40.900000000000006 1.871424
41.90800000000001 2.40128
42.909000000000006 2.335616
43.910000000000004 2.620152
44.928000000000004 1.772928
45.929 1.230272
46.937000000000005 2.057472
47.95700000000001 1.503872
48.967000000000006 0.963072
49.97800000000001 1.028736
50.98700000000001 0.803456
51.98800000000001 1.444608
52.989000000000004 2.029184
53.998000000000005 2.68128
54.999 2.368448
56.0 1.941632
57.048 2.642048
58.049 2.1888
59.05 2.598272
60.058 2.259008
61.108 2.78432
62.119 1.718208
63.137 1.25856
64.158 0.442304
65.16 1.411776
66.163 1.722752
67.167 2.123136
68.168 2.29184
69.177 2.412224
70.17800000000001 2.13408
71.17900000000002 2.105792
72.20000000000002 2.002752
73.20200000000001 3.079808
74.20700000000001 1.9088
75.209 2.083904
76.217 2.07936
77.22 2.532608
78.222 3.243968
79.22699999999999 1.492928
80.228 4.31648
81.22999999999999 4.447808
82.234 3.856832
83.33699999999999 3.76288
84.39699999999999 3.2768
85.437 3.2768
86.438 3.129984
87.43900000000001 2.423168
88.447 2.007296
89.44800000000001 2.707712
90.45800000000001 2.937536
91.50700000000002 3.178304
92.50900000000001 3.572136
93.51700000000001 3.014296
94.58800000000001 3.254912
95.58900000000001 4.020992
96.60800000000002 4.272704
97.60900000000002 4.458752
98.61200000000002 3.959872
99.66800000000002 3.068872
100.66900000000003 5.093504
101.74800000000002 4.616512
102.74900000000002 4.655744
103.75300000000003 4.601024
104.78700000000003 3.839488
105.78800000000004 3.71456
106.79700000000004 2.860928
107.79800000000004 4.053824
108.79900000000005 5.290496
109.80600000000005 1.810304
111.04700000000005 1.930688
112.05600000000005 2.02464
113.06500000000005 1.492928
114.06600000000006 1.794816
115.07600000000006 1.514792
116.07700000000007 2.506176
117.08600000000007 3.123608
118.09600000000007 2.07296
119.10500000000008 2.138624
120.10600000000008 2.254464
121.10700000000008 1.74464
122.16600000000008 2.280896
123.16700000000009 2.418624
124.17500000000008 2.445048
125.17700000000008 4.787072
126.17900000000007 4.331968
127.18500000000007 4.633856
128.18600000000006 3.900608
129.18700000000007 3.451904
130.19500000000008 3.408128
131.19600000000008 3.664384
132.1970000000001 4.48064
133.20600000000007 3.93344
134.21500000000006 3.944384
135.21600000000007 3.156416
136.22400000000007 3.025088
137.23500000000007 3.824
138.23600000000008 3.462848
139.23700000000008 3.22208
140.2450000000001 3.309632
141.25500000000008 3.412672
142.26500000000007 3.637952
143.27500000000006 2.926592
144.27600000000007 2.932992
145.28400000000008 2.56544
146.28500000000008 2.445056
147.3640000000001 1.865024
148.3650000000001 2.057472
149.37500000000009 1.996352
150.38500000000008 2.740544
151.39400000000006 2.101248
152.39600000000007 1.974464
153.41400000000007 2.23712
154.41500000000008 2.57184
155.42400000000006 1.788416
156.43400000000005 2.193344
157.43600000000006 2.703168
158.44400000000007 2.368448
159.44500000000008 1.810304
160.44600000000008 2.725056
161.45600000000007 2.488832
162.45700000000008 2.937536
163.4650000000001 2.62016
164.4660000000001 2.762432
165.47500000000008 2.685824
166.47600000000008 2.473344
167.4770000000001 2.12768
168.4840000000001 1.952576
169.49400000000009 1.871424
170.4960000000001 1.85408
171.5040000000001 1.991808
172.5140000000001 1.427264
173.5150000000001 1.6416
174.5200000000001 1.394432
175.5240000000001 1.893312
176.53400000000008 1.668032
177.53500000000008 1.871424
178.54400000000007 1.6352
179.55400000000006 1.729152
180.57500000000005 1.109888
181.58400000000003 0.886464
182.60300000000004 1.017792
183.67400000000004 0.781568
184.68300000000002 0.678528
185.69400000000002 1.072512
186.704 1.017792
187.714 1.219328
188.72299999999998 1.466496
189.724 0.733248
190.73399999999998 0.70496
191.754 1.31328
192.82399999999998 0.404928
193.855 0.76608
195.003 0.453248
196.01299999999998 1.411776
197.01399999999998 0.755136
198.03499999999997 0.645696
199.04299999999998 0.628352
200.05299999999997 0.667584
201.14299999999997 0.251712
202.14399999999998 1.236672
203.15399999999997 2.226176
204.15499999999997 1.999072
205.15599999999998 1.660768
206.29399999999998 1.624256
207.295 2.374848
208.302 1.022336
209.313 1.302336
210.315 1.444608
211.322 1.449152
212.323 1.127232
213.352 1.028736
214.362 0.475136
215.382 0.590976
216.40200000000002 0.503424
217.412 0.372096
218.43200000000002 0.448704
219.45200000000003 0.470592
220.76200000000003 0.497024
221.76300000000003 0.558144
222.78200000000004 0.2736
223.80200000000005 0.21888
224.81200000000004 0.284544
225.81300000000005 0.798912
226.81400000000005 1.536704
227.82200000000006 2.123136
228.83200000000005 1.14272
229.84200000000004 0.514368
230.90400000000005 0.426816
231.93200000000004 0.306432
232.94200000000004 0.645696
233.96200000000005 0.667584
234.98200000000006 0.661184
235.99400000000006 1.411776
237.01200000000006 1.52848
238.02200000000005 1.09168
239.02400000000006 1.761984
240.04200000000006 1.492936
241.20200000000006 2.226176
242.22200000000007 2.528064
243.24200000000008 1.624256
244.26100000000008 1.028736
245.28200000000007 0.623808
246.36200000000008 0.748736
247.37100000000007 0.864576
248.38100000000006 0.87552
249.48100000000005 1.536704
250.49000000000004 1.411776
251.49200000000005 1.6416
252.50000000000006 1.755584
253.52000000000007 1.31328
254.53000000000006 0.934784
255.53100000000006 1.80576
256.53200000000004 2.324672
257.54 1.893312
258.541 1.886912
259.542 1.897856
260.551 1.948032
261.556 1.569536
262.55899999999997 1.772928
263.58 1.52576
264.59 1.105344
265.59999999999997 1.20384
266.609 2.062016
267.61899999999997 1.79936
268.61999999999995 1.729152
269.62899999999996 1.569536
270.62999999999994 2.068416
271.6309999999999 2.379392
272.6449999999999 2.259008
273.6789999999999 2.692224
274.68999999999994 2.412224
275.70899999999995 2.532608
276.71099999999996 1.985408
277.71199999999993 2.659392
278.7199999999999 2.40128
279.7209999999999 2.280896
280.72899999999987 2.259008
281.72999999999985 2.309184
282.7309999999998 2.149568
283.7389999999998 2.062016
284.7589999999998 1.9152
285.75999999999976 2.01824
286.76099999999974 2.495232
287.7689999999997 1.941632
288.7789999999997 1.788416
289.7799999999997 1.652544
290.7989999999997 1.138176
291.79999999999967 1.19744
292.80099999999965 2.29184
293.8019999999996 2.484288
294.8089999999996 2.215232
295.8099999999996 2.335616
296.8189999999996 3.692672
297.8289999999996 2.56544
298.8309999999996 2.943936
299.8489999999996 2.40128
300.8589999999996 1.317824
301.85999999999956 2.057472
302.86999999999955 2.007296
303.8709999999995 3.068864
304.8789999999995 2.926592
306.0689999999995 2.62016
307.0789999999995 2.331072
308.0799999999995 1.766528
309.0889999999995 1.948032
310.10899999999947 1.613312
311.10999999999945 1.69632
312.1109999999994 1.394424
313.1189999999994 1.904256
314.1199999999994 1.897856
315.1289999999994 2.083904
316.12999999999937 1.619712
317.17899999999935 1.405376
318.18899999999934 1.324224
319.19799999999935 0.864576
320.20799999999934 0.623808
321.83799999999934 0.284544
322.84799999999933 0.48608
323.8489999999993 0.569088
324.8579999999993 0.87552
325.9089999999993 0.251712
