1.01 0.941184
2.019 1.072512
3.0300000000000002 0.71136
4.051 0.481536
5.79 0.300008
6.8 1.072512
7.801 1.53216
8.819 1.886936
9.82 1.783872
10.83 1.700864
11.85 1.886912
12.86 1.652544
14.051 1.372544
15.07 2.013696
16.072 1.558568
17.08 2.155968
18.09 1.18652
19.099 0.71136
20.1 0.667584
21.109 0.76608
22.130000000000003 0.612864
23.150000000000002 0.27788
24.159000000000002 1.313536
25.17 1.554048
26.189 1.164608
27.199 1.061568
28.21 1.328768
29.219 1.269504
30.339000000000002 2.007296
31.340000000000003 2.374848
32.341 1.492928
33.569 2.685824
34.929 3.2768
36.059000000000005 1.433664
37.071000000000005 1.843136
38.080000000000005 3.572288
39.09 2.692224
40.1 1.30688
41.101 2.740544
42.109 2.970368
43.119 1.80576
44.12 1.919744
45.129 2.652992
46.129999999999995 2.199744
47.132 2.12768
48.138999999999996 2.456
49.13999999999999 3.408128
50.14999999999999 3.287744
51.15099999999999 4.031936
52.15899999999999 3.791168
53.169999999999995 2.521664
54.23 2.40128
55.239 2.29824
56.239999999999995 1.919744
57.248 2.324672
58.248999999999995 2.35296
59.24999999999999 2.959424
60.25899999999999 3.22208
61.26899999999999 2.269952
62.26999999999999 2.221632
63.27799999999999 2.029184
64.279 2.313728
65.288 2.34656
66.318 3.22208
67.329 3.419072
68.33 3.075264
69.338 2.390336
70.348 2.412224
71.349 2.23712
72.35000000000001 2.593728
73.358 1.96352
74.35900000000001 1.821248
75.36800000000001 2.932992
76.36900000000001 2.390336
77.37000000000002 2.445056
78.37100000000002 2.423168
79.37900000000002 2.67488
80.38800000000002 2.560896
81.38900000000002 2.860928
82.39800000000002 2.970376
83.40800000000003 2.521664
84.40900000000003 2.685824
85.41800000000003 2.882816
86.42800000000004 2.725056
87.43800000000005 1.821248
88.44800000000005 2.357504
89.44900000000005 2.199744
90.45700000000005 1.832192
91.45800000000006 2.89376
92.47800000000005 2.445056
93.49000000000005 3.49568
94.49100000000006 4.327424
95.49800000000006 3.320576
96.49900000000007 3.090752
97.50300000000007 3.233024
98.50400000000008 3.375296
99.50800000000008 3.900608
100.50900000000009 3.681728
101.51000000000009 2.871872
102.52800000000009 3.014144
103.53100000000009 2.609216
104.5380000000001 3.320504
105.5390000000001 4.06484
106.5400000000001 3.824
107.5490000000001 3.2768
108.5580000000001 2.707712
109.55900000000011 3.955328
110.56000000000012 3.856832
111.64800000000011 3.609664
112.64900000000011 3.594176
113.65800000000011 3.561344
114.66000000000011 3.528512
115.6680000000001 3.49568
116.66900000000011 4.15232
117.67000000000012 4.53536
118.68700000000011 3.347008
119.71800000000012 3.2768
120.72800000000012 3.791168
121.72900000000013 4.305536
122.73000000000013 4.185152
123.73200000000013 2.7296
124.73700000000012 2.849976
125.73800000000013 3.33152
126.73900000000013 3.134528
127.75800000000014 3.49568
128.75900000000013 2.860928
129.76800000000011 2.215232
130.76900000000012 2.549952
131.77000000000012 1.711656
132.81800000000013 2.25916
134.01700000000014 3.178304
135.01800000000014 3.140928
136.02800000000013 3.423616
137.03000000000014 3.813056
138.03700000000015 3.71456
139.04700000000014 2.806208
140.04800000000014 2.495232
141.05600000000015 2.138624
142.05700000000016 2.01824
143.07600000000016 2.663936
144.07700000000017 2.746944
145.08600000000015 2.543552
146.08700000000016 2.23712
147.08800000000016 2.707712
148.09600000000017 2.429568
149.10600000000017 2.105792
150.10700000000017 2.718656
151.11700000000016 3.254912
152.12700000000015 2.959424
153.12800000000016 2.532608
154.13500000000016 2.495232
155.13600000000017 2.269952
156.13700000000017 2.598272
157.14600000000016 2.707712
158.14700000000016 2.07936
159.15600000000015 1.897856
160.15700000000015 2.751488
161.22600000000014 2.849984
162.23500000000013 2.320128
163.24500000000012 2.062016
164.2550000000001 2.696768
165.2650000000001 2.78432
166.2660000000001 3.129984
167.2670000000001 3.309632
168.3240000000001 3.347008
169.3250000000001 2.495232
170.3330000000001 2.29184
171.3440000000001 3.397184
172.3450000000001 4.250816
173.34600000000012 2.817152
174.35400000000013 3.71456
175.38400000000013 3.981768
176.38500000000013 3.922496
177.39400000000012 3.156416
178.41400000000013 2.751488
179.42200000000014 2.779776
180.43300000000013 1.788416
181.45300000000015 1.985408
182.45400000000015 3.287744
183.49300000000014 3.265856
184.50200000000012 2.79072
185.52200000000013 2.094848
186.52300000000014 1.9088
187.59100000000015 3.025088
188.67200000000014 3.287744
189.67400000000015 3.250368
190.69300000000015 2.390336
191.69400000000016 2.828096
192.70200000000017 3.222056
193.71200000000016 2.7734
194.71300000000016 2.970368
195.72300000000016 2.795264
196.73100000000017 2.981312
197.74100000000016 2.506176
198.74300000000017 2.313728
199.74500000000018 2.543544
200.79100000000017 2.1824
201.79200000000017 2.593728
202.80100000000016 1.974464
203.81100000000015 1.510272
204.82100000000014 1.514816
205.82300000000015 1.58688
206.83100000000016 2.1824
207.83300000000017 2.609216
208.85100000000017 2.83904
209.86100000000016 1.838592
210.86200000000017 1.131776
211.86300000000017 1.871424
212.87100000000018 1.875968
213.88300000000018 1.9152
214.8910000000002 2.07296
215.9710000000002 1.985408
216.9810000000002 1.761984
218.0410000000002 1.503872
219.0430000000002 2.451456
220.0440000000002 2.280896
221.04500000000021 2.812608
222.0540000000002 2.56544
223.0640000000002 2.434112
224.0650000000002 2.543552
225.1440000000002 2.762432
226.1450000000002 2.834496
227.1540000000002 2.477888
228.1550000000002 2.56544
229.1560000000002 2.543552
230.2440000000002 2.67488
231.2450000000002 2.736
232.2460000000002 2.29184
233.2550000000002 2.379392
234.2930000000002 2.423168
235.2940000000002 2.62656
236.29500000000021 2.587328
237.3040000000002 2.652992
238.3060000000002 2.827944
239.3830000000002 2.412376
240.3840000000002 2.659392
241.38500000000022 2.970368
242.39300000000023 2.89376
243.39500000000024 2.40128
244.40400000000022 2.83904
245.40500000000023 2.89376
246.46400000000023 3.014144
247.46500000000023 3.250368
248.46600000000024 2.882816
249.47400000000025 2.89376
250.47500000000025 2.926592
251.48300000000026 2.915648
252.48400000000026 2.78432
253.48500000000027 2.871872
254.49300000000028 2.576384
255.58300000000028 3.101696
256.5840000000003 3.217536
257.58500000000026 2.882816
258.59300000000025 2.882816
259.5940000000002 2.663936
260.59600000000023 2.62016
261.60300000000024 2.696768
262.6830000000002 2.696768
263.6840000000002 2.922048
264.6850000000002 2.116736
265.68600000000015 2.259008
266.69300000000015 2.78432
267.69400000000013 3.016856
268.6950000000001 2.65668
269.7040000000001 2.609216
270.7050000000001 2.554496
271.7130000000001 2.412224
272.72300000000007 2.670336
273.73300000000006 2.324672
274.73400000000004 2.335616
275.74300000000005 2.302784
276.86500000000007 2.002752
277.87200000000007 1.722752
278.88200000000006 2.615616
279.88300000000004 2.335616
280.90200000000004 2.324672
281.903 2.248064
282.91200000000003 2.287296
283.91400000000004 2.149568
284.922 2.313728
285.923 2.342016
286.932 1.460096
287.942 1.499328
288.95300000000003 1.30688
289.987 1.14912
290.992 1.127232
291.994 1.383488
293.002 1.740096
294.003 1.68992
295.012 1.958976
296.022 1.865024
297.02299999999997 1.919744
298.032 2.046528
299.03299999999996 1.449152
300.05199999999996 1.80576
301.06199999999995 1.427264
302.07199999999995 1.80576
303.08099999999996 1.14272
304.102 1.75104
305.10299999999995 1.657088
306.11199999999997 1.685376
307.121 1.733688
308.12199999999996 2.166912
309.12299999999993 1.558592
310.13199999999995 2.101248
311.1329999999999 1.821248
312.1339999999999 1.996352
313.1419999999999 2.155968
314.1519999999999 1.668032
315.1609999999999 1.663488
316.1709999999999 1.372544
318.7309999999999 0.8096
319.9519999999999 1.909056
320.9609999999999 1.280448
321.9619999999999 1.685376
322.96299999999985 1.678976
323.97199999999987 1.827648
324.98199999999986 1.3616
325.98299999999983 1.510272
326.98999999999984 1.646144
