1.01 0.667584
2.011 1.772928
3.012 2.521664
4.021 2.357504
5.091 2.368448
6.0920000000000005 2.648448
7.101000000000001 2.83904
8.102 3.222088
9.111 2.685824
10.120000000000001 2.652992
11.131 2.773352
12.171 2.82812
13.173 2.943936
14.174 2.477888
15.181 2.532608
16.191 2.576384
17.192 2.549952
18.201 2.324672
19.211000000000002 3.408128
20.221000000000004 3.451904
21.231000000000005 3.583232
22.241000000000007 2.89376
23.242000000000008 2.40128
24.250000000000007 2.280872
25.290000000000006 2.620184
26.291000000000007 2.57184
27.299000000000007 2.313728
28.300000000000008 2.215232
29.309000000000008 2.440512
30.31000000000001 2.51072
31.31200000000001 2.24804
32.31900000000001 2.817176
33.32000000000001 3.627
34.34000000000001 2.915648
35.34200000000001 3.265856
36.34300000000001 4.250816
37.35000000000001 4.69952
38.351000000000006 3.620608
39.352000000000004 3.254912
40.354000000000006 3.462848
41.35900000000001 3.430016
42.37100000000001 3.375296
43.409000000000006 2.685824
44.410000000000004 3.758336
45.412000000000006 3.637952
46.413000000000004 2.871872
47.419000000000004 3.090752
48.42 3.016864
49.421 2.372128
50.422 2.992256
51.43 4.185152
52.469 3.565888
53.499 3.287744
54.529 3.265856
55.53 3.616064
56.531 4.04288
57.539 5.049728
58.54 3.419072
59.548 3.243968
60.549 3.576832
61.55 4.086656
62.568 3.824
63.577999999999996 2.970368
64.58 3.090752
65.588 3.189248
66.589 2.828096
67.59 3.419072
68.592 3.867776
69.598 3.71456
70.599 4.48064
71.608 3.036032
72.61 2.412224
73.617 2.477896
74.61800000000001 2.221632
75.61900000000001 2.992256
76.62900000000002 3.189248
77.63000000000002 3.189248
78.63200000000002 3.430016
79.63800000000002 3.38624
80.69800000000002 3.719104
81.69900000000003 2.276352
82.71800000000003 1.897856
83.71900000000004 1.980864
84.72700000000003 1.569536
85.73700000000004 1.904256
86.74800000000003 1.985408
87.75800000000004 1.996352
88.76700000000004 1.783872
89.77700000000004 1.821248
90.77800000000005 1.740096
91.78800000000005 1.52576
92.78900000000006 2.24352
93.79000000000006 2.368448
94.79200000000006 3.309632
95.79800000000006 3.189248
96.79900000000006 2.83904
97.81000000000006 2.740544
98.81700000000006 3.200192
99.81800000000007 2.893688
100.82700000000007 2.64212
101.83100000000007 3.375296
102.87800000000007 3.156416
103.95700000000006 3.265856
105.01700000000007 3.2768
106.01800000000007 3.206592
107.01900000000008 2.685824
108.02700000000007 2.576384
109.04700000000007 2.248064
110.08700000000007 2.390336
111.08800000000008 2.670336
112.08900000000008 2.795264
113.09700000000008 2.21508
114.14700000000008 2.14972
115.15700000000008 2.232576
116.15800000000009 2.587328
117.15900000000009 2.466944
118.16700000000009 2.473344
119.16800000000009 2.390336
120.17700000000009 2.116736
121.1780000000001 2.707712
122.1790000000001 2.7296
123.1800000000001 2.812608
124.18700000000011 2.576384
125.18800000000012 3.627008
126.19700000000012 4.020992
127.20700000000012 3.295
128.2080000000001 2.306464
129.2170000000001 2.29184
130.2270000000001 1.974464
131.2290000000001 3.250368
132.2360000000001 1.974464
133.2370000000001 2.806208
134.2460000000001 3.189248
135.2480000000001 4.69952
136.2490000000001 4.20064
137.2500000000001 5.148224
138.25700000000012 4.922944
139.2660000000001 4.765184
140.3660000000001 4.3648
141.3670000000001 4.874624
142.3680000000001 4.0976
143.4150000000001 4.124032
144.41700000000012 3.320576
145.41900000000012 4.185152
146.42500000000013 4.524416
147.42600000000013 3.93344
148.42700000000013 3.583232
149.42900000000014 3.8176
150.43100000000015 4.108544
151.43400000000014 4.108544
152.44500000000014 4.239872
153.44600000000014 3.353408
154.45500000000013 3.046976
155.4640000000001 2.915648
156.46500000000012 2.390336
157.46600000000012 2.302784
158.48400000000012 1.543104
159.4940000000001 0.853632
160.49500000000012 1.284992
161.5040000000001 2.412224
162.5060000000001 2.757888
163.52500000000012 2.302784
164.52600000000012 2.642048
165.53400000000013 2.313728
166.53500000000014 2.101248
167.54500000000013 1.657088
168.57400000000013 1.411776
169.59400000000014 0.897408
170.60500000000013 1.088
171.61400000000012 1.389888
172.6240000000001 2.43412
173.64400000000012 1.96352
174.64500000000012 2.090304
175.6540000000001 2.083904
176.65500000000011 2.488832
177.73400000000012 2.926592
178.73500000000013 3.086208
179.7440000000001 2.576384
180.7540000000001 2.193344
181.7550000000001 2.806208
182.8250000000001 2.466944
183.8330000000001 2.385792
184.8430000000001 1.9088
185.8440000000001 2.412224
186.8450000000001 3.342464
187.92300000000012 3.046976
188.95500000000013 2.998656
189.96300000000014 3.33152
190.99300000000014 3.489256
191.99400000000014 3.81308
193.00300000000013 2.817152
194.01300000000012 2.35296
195.01400000000012 3.353408
196.02400000000011 3.65984
197.0330000000001 3.664376
198.0340000000001 3.648896
199.0350000000001 3.76928
200.0530000000001 4.579136
201.05400000000012 2.707712
202.05600000000013 3.200192
203.06300000000013 2.051072
204.06400000000014 2.692224
205.07200000000014 1.952576
206.09300000000013 1.624256
207.14200000000014 3.265856
208.18200000000013 3.287744
209.23200000000014 3.2768
210.24200000000013 3.2768
211.24300000000014 3.528512
212.31200000000013 3.025088
213.32000000000014 3.22848
214.32100000000014 2.051072
215.32200000000014 2.029184
216.33100000000013 2.221632
217.33300000000014 2.937536
218.35000000000014 1.875968
219.35100000000014 1.6416
220.37000000000015 1.405376
221.45100000000014 2.259008
222.47000000000014 2.035584
223.47200000000015 1.350656
224.49000000000015 1.58688
225.49100000000016 1.543104
226.49200000000016 1.602368
227.50000000000017 1.74464
228.50100000000018 2.429568
229.50200000000018 2.040128
230.5100000000002 2.576384
231.5110000000002 3.44096
232.52000000000018 2.751336
233.52100000000019 1.816704
234.6600000000002 1.296088
235.6820000000002 1.116288
236.69100000000017 1.181952
237.69200000000018 1.186496
238.7000000000002 1.58688
239.71000000000018 1.466496
240.71100000000018 1.055168
241.72000000000017 1.006848
242.72100000000017 1.171008
243.75000000000017 1.088
244.76000000000016 1.280448
245.76200000000017 1.164608
246.77500000000018 0.886464
247.79000000000016 0.470592
248.79100000000017 0.733248
249.80000000000015 1.460096
250.81000000000014 1.575936
251.87000000000015 1.241216
252.87100000000015 1.346112
253.88000000000014 1.47744
254.88100000000014 1.350656
255.90000000000015 1.75104
256.91000000000014 1.58048
257.92000000000013 1.838592
258.9300000000001 1.558592
259.9400000000001 1.958976
260.9410000000001 1.733696
261.9500000000001 1.674432
262.9510000000001 1.25216
263.9600000000001 1.324224
264.9890000000001 0.891008
265.9910000000001 1.072512
266.9990000000001 1.564992
268.00900000000007 1.722752
269.01900000000006 1.652544
270.02000000000004 0.912896
271.02900000000005 0.853632
272.05800000000005 0.667584
273.059 0.93024
274.06 1.438208
275.069 1.816704
276.07 1.25216
277.08 1.335168
278.238 1.077056
279.417 0.580032
280.42699999999996 0.569088
281.42799999999994 1.291392
282.43799999999993 1.777472
283.4479999999999 2.090304
284.4579999999999 2.34656
285.4669999999999 1.974464
286.4869999999999 1.181952
287.4879999999999 0.93024
288.51799999999986 1.241216
289.51899999999983 1.346112
290.60699999999986 1.066112
291.60799999999983 2.746944
292.6089999999998 2.379392
293.6159999999998 3.845888
294.6169999999998 2.215232
295.6269999999998 1.58688
296.6459999999998 0.59552
297.67599999999976 0.361152
298.67899999999975 0.284544
299.68599999999975 0.93024
300.78699999999975 1.438208
301.85599999999977 3.265856
302.8869999999998 3.287744
303.88799999999975 2.965824
304.89699999999976 2.160512
305.89799999999974 2.631104
306.92599999999976 2.062016
307.92699999999974 1.69632
308.93599999999975 1.444608
309.94599999999974 1.263104
310.96299999999974 0.995904
312.06599999999975 1.153664
313.07699999999977 1.072512
314.0859999999998 1.466496
315.10599999999977 0.869128
316.12599999999975 0.908352
317.1369999999998 0.689472
318.1459999999998 1.083456
319.1559999999998 0.97856
320.15699999999975 1.25856
321.30599999999976 1.503872
322.31599999999975 1.291392
323.31899999999973 1.816704
324.33599999999973 1.996352
