1.001 4.163264
2.002 4.185152
3.0199999999999996 3.539456
4.031 4.141376
5.032 4.244416
6.0329999999999995 4.119488
7.061 4.393088
8.081 4.85728
9.081999999999999 5.213888
10.084 4.550848
11.086 5.290496
12.111 4.408576
13.112 5.159168
14.113 4.715008
15.113999999999999 4.830848
16.141 4.047424
17.160999999999998 5.202944
18.180999999999997 4.627456
19.182 5.443712
20.183 4.485184
21.325 4.84164
22.326 2.773528
23.341 5.13728
24.342000000000002 3.59872
25.344 5.268608
26.43 4.485184
27.431 5.13728
28.432000000000002 4.780672
29.44 5.367104
30.452 4.375744
31.454 5.13728
32.502 4.704064
33.521 5.4656
34.522 4.39764
35.524 5.13728
36.53 4.671232
37.531 5.268608
38.559 4.539904
39.559999999999995 5.016896
40.599 4.813504
41.601 5.30144
42.613 4.824448
43.62 5.476544
44.620999999999995 4.704064
45.623 4.601024
46.629999999999995 4.58368
47.63099999999999 5.24672
48.638999999999996 4.58368
49.63999999999999 4.787072
50.67999999999999 5.054272
51.68099999999999 5.159168
52.68199999999999 4.912
53.68999999999999 5.30144
54.69199999999999 5.119936
55.69299999999999 5.104448
56.69399999999999 4.277248
57.69899999999999 4.776128
58.81899999999999 4.660288
59.819999999999986 5.290496
60.820999999999984 4.141376
61.82199999999998 4.791616
62.82299999999998 4.962168
63.84799999999998 3.751936
64.85899999999998 4.502528
65.85999999999999 4.42592
66.86199999999998 5.032384
67.86599999999999 4.86368
68.86799999999998 4.649344
69.86899999999999 4.929344
70.94799999999998 4.3648
71.94899999999998 5.005952
72.95899999999999 4.130432
73.97899999999998 3.970816
74.97999999999999 5.509376
75.981 4.74784
76.98899999999999 5.202944
77.99799999999999 4.200648
78.999 5.421824
80.0 5.065216
81.001 4.819904
82.00200000000001 5.065216
83.00800000000001 4.3712
84.08900000000001 4.758784
85.09000000000002 4.787072
86.09800000000001 4.163264
87.09900000000002 4.572736
88.10000000000002 5.08256
89.10100000000003 5.13088
90.10200000000003 5.399936
91.10800000000003 3.572288
92.28800000000004 3.32512
93.35900000000004 3.2768
94.36000000000004 5.454656
95.36800000000004 4.375744
96.36900000000004 4.622912
97.39900000000004 4.48064
98.40900000000005 3.900608
99.41000000000005 4.518016
100.41100000000006 5.257664
101.41800000000006 4.627456
102.41900000000007 4.6448
103.42000000000007 4.0912
104.42100000000008 4.502528
105.50800000000008 5.229376
106.50900000000009 4.819904
107.51700000000008 4.568192
108.52800000000008 3.156408
109.61800000000008 3.839488
110.61900000000009 3.889664
111.62800000000009 4.130432
112.62900000000009 3.87872
113.6300000000001 3.966272
114.63200000000009 4.85728
115.63400000000009 5.367104
116.63900000000008 4.769728
117.64000000000009 4.436864
118.64900000000009 3.802112
119.65000000000009 3.76288
120.65200000000009 3.99908
121.69000000000008 3.26588
122.69100000000009 4.743296
123.69700000000009 3.38624
124.69800000000009 3.5504
125.7170000000001 3.69268
126.7180000000001 3.456448
127.71900000000011 4.633856
128.7280000000001 4.80896
129.7290000000001 3.87232
130.7300000000001 3.966272
131.7380000000001 3.342464
132.73900000000012 4.020992
133.74000000000012 4.185152
134.74800000000013 3.795712
135.74900000000014 5.443712
136.75000000000014 4.988608
137.75100000000015 5.399936
138.81000000000014 3.883264
139.81100000000015 5.279552
140.81200000000015 4.605568
141.81500000000014 5.181056
142.81700000000015 4.627456
143.81800000000015 5.35616
144.81900000000016 4.715008
145.82100000000017 5.334272
146.82700000000017 4.167808
147.82800000000017 5.257664
148.82900000000018 5.108992
149.83000000000018 5.7392
150.84700000000018 5.087104
151.91700000000017 5.02144
152.91800000000018 4.732352
154.00700000000018 5.049728
155.01700000000017 3.839488
156.01800000000017 4.655744
157.06400000000016 4.660288
158.06500000000017 5.432768
159.06700000000018 4.824424
160.08200000000016 4.830872
161.08500000000015 4.901056
162.09800000000016 5.367104
163.10100000000014 4.715
164.10700000000014 5.542208
165.10800000000015 4.922944
166.11900000000014 5.202792
167.12000000000015 2.521816
168.12100000000015 4.550848
169.14100000000016 5.060672
170.22700000000017 4.441408
171.22800000000018 4.436864
172.23700000000017 5.268608
173.23800000000017 3.948928
174.24700000000016 5.443712
175.24800000000016 4.069312
176.24900000000017 4.513472
177.25100000000018 4.031936
178.25300000000018 4.649352
179.25700000000018 4.984064
180.26700000000017 4.485184
181.26800000000017 5.115392
182.27000000000018 4.911976
183.2720000000002 5.575064
184.2740000000002 4.85728
185.2870000000002 4.940288
186.2880000000002 4.846336
187.28900000000021 4.830848
188.31500000000023 4.233472
189.31600000000023 4.940288
190.31800000000024 3.419072
191.31900000000024 5.065216
192.32000000000025 4.655744
193.33500000000024 4.868216
194.33600000000024 4.524416
195.34400000000025 5.159168
196.35300000000024 4.704064
197.36300000000023 5.24672
198.36500000000024 4.715008
199.36600000000024 4.995008
200.36700000000025 4.41952
201.36800000000025 5.202944
202.37000000000026 4.660288
203.44400000000027 5.51392
204.44500000000028 5.388992
205.44600000000028 4.780672
206.4470000000003 5.651648
207.4480000000003 4.74784
208.4500000000003 5.312384
209.4510000000003 5.065216
210.4640000000003 5.108992
211.46500000000032 5.345216
212.48400000000032 4.507072
213.4940000000003 5.454656
214.49500000000032 4.890112
215.49600000000032 5.542208
216.50400000000033 4.96672
217.56500000000034 5.338816
218.56600000000034 5.202944
219.57400000000035 4.999552
220.57500000000036 5.651656
221.57600000000036 5.098048
222.61400000000037 5.262208
223.61500000000038 5.4656
224.6170000000004 4.80256
225.6180000000004 5.35616
226.6240000000004 4.933888
227.6260000000004 5.104448
228.6340000000004 4.616512
229.63500000000042 4.743296
230.63600000000042 4.649344
231.63700000000043 5.334272
232.65300000000042 4.134976
233.65500000000043 5.159168
234.66300000000044 4.480488
235.66500000000045 2.75164
236.66700000000046 5.119936
237.66900000000047 5.378048
238.67400000000046 4.999552
239.68400000000045 4.890112
240.68500000000046 5.62976
241.68600000000046 4.999552
242.68700000000047 5.585984
243.68800000000047 4.58368
244.68900000000048 5.367104
245.69300000000047 5.108992
246.69400000000047 5.163712
247.69500000000048 5.454656
248.69600000000048 4.901048
249.6970000000005 5.432768
250.7030000000005 4.999552
251.7230000000005 5.02144
252.7240000000005 5.290496
253.7340000000005 5.218432
254.7350000000005 5.487488
255.7370000000005 4.85728
256.7400000000005 5.115392
257.74200000000053 4.715008
258.79200000000054 5.360704
259.7930000000005 4.97312
260.7940000000005 4.830848
261.79500000000047 3.87232
262.79600000000045 4.6448
263.84400000000045 4.627456
264.84600000000046 4.688576
265.85300000000046 2.204288
266.85400000000044 4.929344
267.88300000000044 4.561792
268.88500000000045 5.093504
269.9630000000004 4.736896
270.9640000000004 5.290496
271.9650000000004 4.561792
272.97300000000035 5.367104
273.97400000000033 4.52896
274.98300000000035 5.093504
276.00200000000035 4.6384
277.00400000000036 4.819904
278.0630000000004 5.02144
279.06400000000036 5.30144
280.1020000000004 4.518016
281.10300000000035 5.181056
282.10500000000036 4.382144
283.10600000000034 4.616512
284.11300000000034 4.732352
285.1140000000003 4.441408
286.1150000000003 5.279552
287.1230000000003 4.353856
288.12400000000025 5.41088
289.16300000000024 4.20064
290.1640000000002 5.257664
291.1650000000002 4.605576
292.1670000000002 5.235776
293.1720000000002 4.605568
294.1830000000002 4.896512
295.1840000000002 4.677632
296.1860000000002 4.452352
297.1870000000002 4.404032
298.2420000000002 4.561792
299.24300000000017 4.655744
300.24400000000014 4.42592
301.24600000000015 4.397632
302.2470000000001 5.060672
303.2520000000001 4.39748
304.29200000000014 3.211288
305.2930000000001 3.813056
306.3030000000001 5.224832
307.3130000000001 4.561792
308.3140000000001 5.049728
309.31500000000005 4.824448
310.31600000000003 5.060672
311.31800000000004 4.758784
312.32200000000006 5.487488
313.32300000000004 4.835392
314.333 4.053824
315.41200000000003 4.736896
316.413 4.819904
317.443 5.010496
318.44399999999996 4.841792
319.44599999999997 4.327424
320.592 4.134976
321.59299999999996 4.59008
322.59399999999994 5.13088
323.60299999999995 4.995008
