1.007 0.807976
2.017 0.82216
3.207 1.010632
4.208 1.101832
5.237 0.661848
6.468 0.692624
7.678 1.313728
8.679 1.068696
9.687000000000001 1.269992
10.688 1.38848
11.857000000000001 1.182152
12.867 1.238048
13.918000000000001 1.108648
15.027000000000001 1.190168
16.047 0.996968
17.066 0.472456
18.877 0.21888
19.907 0.356712
20.908 0.69356
21.917 1.024928
22.997 1.267784
24.087 1.135544
25.187 0.965368
26.206 0.723728
27.317 0.407608
28.522 1.240048
29.523999999999997 0.741584
30.686999999999998 1.345488
31.688 1.424768
32.696999999999996 1.255488
33.706999999999994 0.966776
34.70799999999999 1.050712
35.71699999999999 1.272824
36.89699999999999 1.23892
37.898999999999994 1.25748
38.907 1.313984
39.977 1.2318
40.988 1.407344
42.546 1.139928
43.547 0.485904
44.555 0.731
45.586 0.715208
46.596 0.302944
47.605999999999995 0.796928
48.684 0.659584
49.785999999999994 0.974944
50.79599999999999 1.092952
51.80599999999999 0.56528
52.81599999999999 0.845808
53.82499999999999 0.609168
54.82699999999999 0.684304
55.85499999999999 0.682488
56.85599999999999 0.907464
57.89599999999999 0.754576
58.92599999999999 0.60732
59.984999999999985 0.538816
60.99499999999998 0.582808
62.14599999999999 0.52404
63.15499999999999 0.393984
64.16499999999999 0.35356
65.21499999999999 0.747448
66.335 0.816616
67.365 0.816224
68.375 0.778376
69.565 0.716488
70.585 0.612512
71.595 0.583992
72.605 0.696976
73.625 0.766088
74.845 1.014488
75.846 1.118664
76.855 0.790472
78.065 1.01912
79.085 0.799168
80.095 0.416552
81.105 0.492472
82.11500000000001 0.967584
83.12500000000001 1.108208
84.13500000000002 0.65028
85.15600000000002 0.68616
86.25500000000002 0.62888
87.26500000000003 0.659416
88.32500000000003 0.73932
89.33500000000004 0.566744
90.52200000000003 1.170888
91.52400000000003 1.236224
92.56400000000004 0.724568
93.57600000000004 1.1282
94.58400000000003 0.9368
95.66400000000003 0.93544
96.67400000000004 0.960688
97.89300000000003 0.90692
99.11300000000003 1.03744
100.12900000000003 0.650704
101.13200000000003 0.59772
102.13300000000004 0.679736
103.22300000000004 0.657872
104.23200000000004 0.623224
105.25100000000005 0.70428
106.26200000000004 0.625672
107.27100000000004 0.942232
108.28200000000004 0.563896
109.47200000000004 0.739424
110.48000000000003 0.960392
111.54200000000003 0.603064
112.65200000000003 1.090808
113.66100000000003 1.018
114.66200000000003 0.834368
115.67200000000004 0.8528
116.68100000000004 0.901128
117.69400000000005 0.745632
118.73100000000005 0.536776
119.74200000000005 0.884136
120.96100000000004 1.095776
121.97100000000005 1.036312
122.99000000000005 1.222112
123.99200000000005 1.120352
125.00000000000004 0.940856
126.01000000000005 0.581744
127.01100000000005 0.773096
128.11000000000004 0.915016
129.11100000000005 1.043496
130.30000000000004 1.009528
131.31000000000003 0.795888
132.36000000000004 0.62744
133.37000000000003 0.653656
134.38000000000002 0.65664
135.41000000000003 0.38604
136.46000000000004 0.207936
137.55000000000004 0.590512
138.55100000000004 1.017904
139.57000000000005 0.829128
140.65100000000004 1.038048
141.85000000000005 0.979368
143.03100000000006 0.957616
144.17100000000005 0.964352
145.18000000000004 0.894752
146.28900000000004 0.495416
147.50900000000004 0.42544
148.51900000000003 0.45724
149.52900000000002 0.47456
150.53900000000002 0.610992
151.62900000000002 0.42624
152.639 0.582624
153.64600000000002 0.893744
154.669 0.685272
155.679 0.686632
156.689 0.570176
157.69899999999998 0.56632
158.72899999999998 0.452072
159.73899999999998 0.717736
160.74899999999997 0.941368
161.75899999999996 0.539808
162.76899999999995 1.113264
163.77899999999994 0.982104
164.77999999999994 1.088368
165.78899999999993 0.877208
166.79899999999992 0.910864
167.8089999999999 1.11372
168.80999999999992 1.17756
169.9689999999999 1.056648
170.9789999999999 1.047496
171.9889999999999 0.839232
172.99899999999988 0.909528
174.05899999999988 0.937984
175.1489999999999 0.911672
176.30899999999988 0.995664
177.3099999999999 1.26512
178.40899999999988 0.647976
179.41899999999987 0.393984
180.42799999999986 0.45652
181.54799999999986 0.71684
182.55699999999985 0.541656
183.59699999999984 0.339264
184.59799999999984 0.494944
185.60699999999983 0.58352
186.64799999999983 0.549688
187.64999999999984 0.745928
188.76799999999983 0.783608
189.77799999999982 0.708576
190.85699999999983 0.772136
191.85799999999983 1.1076
192.87799999999984 0.933144
193.88799999999983 0.280144
194.89699999999982 0.782984
195.90899999999982 0.85096
196.92799999999983 0.90816
197.9369999999998 0.674256
198.9479999999998 0.597312
199.9569999999998 0.534048
201.0479999999998 0.735
202.0489999999998 1.040528
203.1379999999998 1.177184
204.1779999999998 1.23536
205.1879999999998 1.378024
206.2079999999998 0.863952
207.2379999999998 1.035528
208.4169999999998 1.162264
209.4259999999998 1.004008
210.4269999999998 0.92616
211.43699999999978 0.772232
212.4379999999998 1.105928
213.46599999999978 0.627792
214.47599999999977 1.031256
215.47699999999978 1.116112
216.5449999999998 1.327344
217.5459999999998 1.492168
218.5469999999998 1.087808
219.5639999999998 1.161256
220.6549999999998 0.839696
221.6559999999998 1.168664
222.7739999999998 1.640824
223.9639999999998 1.695192
224.9749999999998 0.994
225.0709999999998 0.2736
226.0809999999998 1.662816
227.0819999999998 1.952656
228.1409999999998 0.258648
229.1419999999998 0.2736
230.21099999999979 0.241144
231.47099999999978 0.485616
232.49299999999977 0.496016
233.51099999999977 0.740264
234.67099999999976 1.207056
235.67999999999975 1.235
236.68099999999976 1.051296
237.68999999999974 1.230688
238.89999999999975 1.050512
239.90999999999974 1.356696
240.91899999999973 1.286656
241.91999999999973 1.34504
242.92099999999974 0.96076
243.92199999999974 1.30328
245.17099999999974 1.248424
246.37099999999973 1.494536
247.37199999999973 1.235616
248.37299999999973 1.332664
249.37999999999974 1.348384
250.55999999999975 1.248416
251.56199999999976 1.357368
252.75999999999976 1.34808
253.89999999999975 1.327224
254.90099999999975 1.015048
256.0499999999997 1.264512
257.05899999999974 1.031144
258.11899999999974 0.910512
259.1199999999997 1.02468
260.31899999999973 1.580152
261.33099999999973 1.301664
262.51999999999975 1.346344
263.54099999999977 1.374544
264.56099999999975 1.511616
265.93999999999977 1.244608
267.03899999999976 1.558712
268.21999999999974 1.434072
269.2399999999997 1.25892
270.29899999999975 1.289008
271.53999999999974 1.38408
272.66999999999973 1.194616
273.6899999999997 1.1334
274.8299999999997 1.249424
275.9199999999997 0.84064
276.92099999999965 0.851696
277.9989999999996 1.046504
279.0499999999996 1.345832
280.1999999999996 1.406528
281.2089999999996 0.960136
282.2459999999996 0.562344
283.3299999999996 1.298584
284.33099999999956 1.37172
285.3399999999996 1.226424
286.34099999999955 1.316744
287.53999999999957 1.2252
288.67999999999955 1.647808
289.68099999999953 1.86752
290.68999999999954 0.905688
291.7099999999995 1.184328
292.7109999999995 0.944488
293.7889999999995 0.952952
294.79899999999947 0.70584
295.79999999999944 0.788312
296.8199999999994 0.94344
297.8209999999994 0.853032
298.8299999999994 1.072248
299.83899999999943 1.083624
300.8489999999994 1.101688
301.90799999999945 1.347224
302.9089999999994 1.334456
303.91799999999944 0.747768
304.98799999999943 0.898096
306.08899999999943 1.045712
307.09799999999944 0.82952
308.10799999999944 0.786888
309.1179999999994 0.809808
310.11999999999944 0.818608
311.1279999999994 0.602288
312.1289999999994 0.947
313.1379999999994 0.775608
314.1479999999994 0.565504
315.2079999999994 0.722664
316.3079999999994 1.127112
317.44899999999944 1.160824
318.45799999999946 1.110168
319.45899999999943 0.99608
320.4689999999994 0.952464
321.47799999999944 0.913408
322.50699999999944 0.966256
323.5289999999994 0.855576
324.5369999999994 1.275704
325.5469999999994 0.93008
326.5569999999994 1.115
327.6169999999994 0.743816
328.6569999999994 1.19168
329.6659999999994 1.401552
330.8569999999994 1.014408
331.9159999999994 0.905176
332.9259999999994 0.931792
334.0159999999994 0.99768
335.1459999999994 0.997728
336.1559999999994 1.037104
