0 1.504601
5 1.457124
10 1.603222
15 1.611674
20 1.545173
25 1.551926
30 1.409654
35 1.586211
40 1.503053
45 1.569353
50 1.602065
55 1.496022
60 1.509719
65 1.579014
70 1.474232
75 1.504646
80 1.62243
85 1.539358
90 1.395356
95 1.562461
100 1.246286
105 1.648852
110 1.809555
115 1.532943
120 1.548388
125 1.541473
130 1.455261
135 2.003913
140 1.475419
145 1.473505
150 1.885663
155 1.381279
160 1.290405
165 2.2561
170 2.261468
175 2.188601
180 2.177894
185 2.13485
190 2.513815
195 2.251509
200 2.561036
205 1.237898
210 1.223057
215 0.619245
220 1.265567
225 0.957982
230 0.692678
235 0.918878
240 1.232477
245 1.931727
250 1.295212
255 1.619586
260 1.464608
265 1.651212
270 1.712325
275 1.654736
280 1.792983
285 1.802248
290 1.598798
295 1.677018
300 1.747757
305 1.729921
310 1.684725
315 0.945296
