0 0.947125
5 0.938325
10 0.970445
15 0.946359
20 0.747062
25 0.983686
30 0.987402
35 0.666088
40 1.062212
45 1.023473
50 0.981827
55 1.233537
60 1.010178
65 1.191127
70 1.279793
75 0.988369
80 0.628376
85 1.722617
90 1.70327
95 1.674941
100 1.818126
105 1.795992
110 1.784646
115 1.579339
120 2.293407
125 2.030776
130 1.532158
135 1.805566
140 1.373619
145 0.80733
150 0.944276
155 0.981187
160 0.78662
165 0.831203
170 0.777436
175 0.855557
180 0.798976
185 0.797871
190 0.852932
195 2.151382
200 3.347023
205 2.204499
210 2.250407
215 3.389355
220 2.217375
225 1.744101
230 3.308302
235 3.281082
240 3.449157
245 3.562859
250 2.116854
255 1.383034
260 1.469111
265 1.657868
270 1.535003
275 1.514687
280 1.562415
285 1.682962
290 1.240266
295 1.202616
300 1.463968
305 1.023664
310 1.443149
315 0.816348
