0 1.018093
5 1.218577
10 1.016905
15 1.178477
20 0.719109
25 1.060496
30 0.992269
35 0.652682
40 0.752076
45 0.850071
50 0.655537
55 0.849953
60 0.899786
65 0.81808
70 1.042147
75 1.035197
80 0.787983
85 0.993614
90 0.850899
95 1.803176
100 1.472733
105 1.39753
110 1.726566
115 1.183857
120 1.454682
125 1.885067
130 1.635544
135 1.795337
140 1.857109
145 1.635848
150 0.761208
155 0.766078
160 0.721184
165 0.763928
170 0.80522
175 1.751732
180 1.995872
185 1.973569
190 1.865505
195 1.928493
200 1.82297
205 1.772991
210 1.28875
215 1.085103
220 1.54598
225 1.483021
230 1.296645
235 1.256729
240 1.374379
245 1.432547
250 1.901727
255 1.403027
260 1.991039
265 1.590113
270 1.672012
275 1.608109
280 1.598714
285 1.559053
290 1.338388
295 1.606173
300 1.393599
305 1.039709
310 0.978961
315 1.255111
