0 0.969688
5 1.017956
10 1.121672
15 1.251586
20 1.0103
25 1.376837
30 1.415641
35 0.985298
40 1.66854
45 1.64874
50 1.532629
55 0.861889
60 1.637621
65 1.978004
70 2.147608
75 1.974568
80 2.236237
85 1.969253
90 2.11356
95 2.092144
100 1.991906
105 1.829427
110 1.99082
115 3.957178
120 3.504132
125 3.295875
130 3.145171
135 3.000823
140 3.547673
145 3.363721
150 3.397834
155 3.23793
160 3.743525
165 3.195559
170 3.294431
175 1.366941
180 0.996112
185 1.258002
190 1.401153
195 0.721148
200 1.190349
205 1.247458
210 1.06563
215 1.067313
220 1.173367
225 1.307513
230 1.316654
235 1.058858
240 1.631308
245 1.585879
250 1.294282
255 1.423841
260 1.689308
265 1.630754
270 1.13654
275 0.928804
280 1.303427
285 1.291424
290 1.426157
295 1.308939
300 1.534521
305 1.380951
310 1.724292
315 1.606148
