0 0.695696
5 0.775708
10 0.764603
15 0.774716
20 0.694053
25 0.698686
30 0.774962
35 0.680845
40 0.76579
45 0.768946
50 1.367607
55 1.374869
60 1.183641
65 1.181572
70 1.183395
75 1.386631
80 1.390964
85 1.182058
90 1.191614
95 1.165673
100 1.873377
105 2.57543
110 2.625435
115 2.631629
120 2.534984
125 2.608575
130 2.614224
135 2.439402
140 2.429978
145 2.604549
150 1.105635
155 0.999384
160 1.033835
165 1.426922
170 1.452939
175 1.087369
180 1.12467
185 1.428616
190 0.983771
195 1.450162
200 0.999003
205 0.918626
210 1.638155
215 1.242953
220 1.801184
225 1.735303
230 1.62925
235 1.741748
240 1.946768
245 1.562108
250 1.67473
255 1.478787
260 1.859602
265 1.751415
270 3.067961
275 3.598953
280 2.610824
285 2.151538
290 2.726286
295 2.440742
300 3.608488
305 2.178059
310 1.932003
315 2.408542
