0 1.811358
5 1.618444
10 1.907317
15 1.592052
20 1.888329
25 1.787265
30 1.473412
35 1.62283
40 1.506206
45 1.357629
50 1.890414
55 1.985908
60 2.247814
65 1.81807
70 2.275045
75 1.845913
80 1.802242
85 1.821631
90 1.943867
95 1.784514
100 1.674384
105 1.300284
110 1.927905
115 1.670763
120 1.522874
125 1.847822
130 1.676734
135 1.613351
140 2.181197
145 1.828768
150 2.255689
155 1.696955
160 0.92202
165 0.721779
170 0.724763
175 0.609384
180 0.784643
185 0.883841
190 0.936134
195 0.724417
200 0.780172
205 0.92546
210 1.776938
215 1.31771
220 1.768132
225 1.88048
230 1.645876
235 1.838269
240 1.831977
245 1.605288
250 1.504762
255 1.505905
260 1.453666
265 1.984808
270 1.907859
275 1.996987
280 1.674754
285 1.968898
290 1.971534
295 1.925103
300 2.03093
305 1.978004
310 2.147608
315 1.974568
