1.03 0.60732
2.089 0.538816
3.099 0.582808
4.25 0.52404
5.259 0.393984
6.269 0.35356
7.319 0.747448
8.439 0.816616
9.469 0.816224
10.479 0.778376
11.668999999999999 0.716488
12.688999999999998 0.612512
13.698999999999998 0.583992
14.708999999999998 0.696976
15.728999999999997 0.766088
16.948999999999998 1.014488
17.95 1.118664
18.959 0.790472
20.169 1.01912
21.189 0.799168
22.199 0.416552
23.209000000000003 0.492472
24.219000000000005 0.967584
25.229000000000006 1.108208
26.239000000000008 0.65028
27.26000000000001 0.68616
28.35900000000001 0.62888
29.36900000000001 0.659416
30.42900000000001 0.73932
31.43900000000001 0.566744
32.62600000000001 1.170888
33.628000000000014 1.236224
34.66800000000001 0.724568
35.680000000000014 1.1282
36.68800000000002 0.9368
37.768000000000015 0.93544
38.77800000000001 0.960688
39.997000000000014 0.90692
41.21700000000001 1.03744
42.23300000000001 0.650704
43.23600000000001 0.59772
44.23700000000001 0.679736
45.32700000000001 0.657872
46.33600000000001 0.623224
47.35500000000001 0.70428
48.366000000000014 0.625672
49.375000000000014 0.942232
50.38600000000002 0.563896
51.576000000000015 0.739424
52.58400000000002 0.960392
53.646000000000015 0.603064
54.756000000000014 1.090808
55.765000000000015 1.018
56.76600000000001 0.834368
57.77600000000001 0.8528
58.78500000000001 0.901128
59.79800000000001 0.745632
60.83500000000001 0.536776
61.84600000000001 0.884136
63.06500000000001 1.095776
64.07500000000002 1.036312
65.09400000000002 1.222112
66.09600000000002 1.120352
67.10400000000001 0.940856
68.11400000000002 0.581744
69.11500000000002 0.773096
70.21400000000003 0.915016
71.21500000000003 1.043496
72.40400000000002 1.009528
73.41400000000003 0.795888
74.46400000000003 0.62744
75.47400000000003 0.653656
76.48400000000004 0.65664
77.51400000000004 0.38604
78.56400000000004 0.207936
79.65400000000004 0.590512
80.65500000000004 1.017904
81.67400000000005 0.829128
82.75500000000005 1.038048
83.95400000000005 0.979368
85.13500000000005 0.957616
86.27500000000005 0.964352
87.28400000000005 0.894752
88.39300000000004 0.495416
89.61300000000004 0.42544
90.62300000000005 0.45724
91.63300000000005 0.47456
92.64300000000006 0.610992
93.73300000000006 0.42624
94.74300000000007 0.582624
95.75000000000007 0.893744
96.77300000000007 0.685272
97.78300000000007 0.686632
98.79300000000008 0.570176
99.80300000000008 0.56632
100.83300000000008 0.452072
101.84300000000009 0.717736
102.8530000000001 0.941368
103.8630000000001 0.539808
104.8730000000001 1.113264
105.88300000000011 0.982104
106.88400000000011 1.088368
107.89300000000011 0.877208
108.90300000000012 0.910864
109.91300000000012 1.11372
110.91400000000013 1.17756
112.07300000000014 1.056648
113.08300000000014 1.047496
114.09300000000015 0.839232
115.10300000000015 0.909528
116.16300000000015 0.937984
117.25300000000016 0.911672
118.41300000000015 0.995664
119.41400000000016 1.26512
120.51300000000016 0.647976
121.52300000000017 0.393984
122.53200000000017 0.45652
123.65200000000017 0.71684
124.66100000000017 0.541656
125.70100000000018 0.339264
126.70200000000018 0.494944
127.71100000000018 0.58352
128.75200000000018 0.549688
129.7540000000002 0.745928
130.87200000000018 0.783608
131.88200000000018 0.708576
132.96100000000018 0.772136
133.9620000000002 1.1076
134.9820000000002 0.933144
135.9920000000002 0.280144
137.00100000000018 0.782984
138.01300000000018 0.85096
139.03200000000018 0.90816
140.04100000000017 0.674256
141.05200000000016 0.597312
142.06100000000015 0.534048
143.15200000000016 0.735
144.15300000000016 1.040528
145.24200000000016 1.177184
146.28200000000015 1.23536
147.29200000000014 1.378024
148.31200000000015 0.863952
149.34200000000016 1.035528
150.52100000000016 1.162264
151.53000000000014 1.004008
152.53100000000015 0.92616
153.54100000000014 0.772232
154.54200000000014 1.105928
155.57000000000014 0.627792
156.58000000000013 1.031256
157.58100000000013 1.116112
158.64900000000014 1.327344
159.65000000000015 1.492168
160.65100000000015 1.087808
161.66800000000015 1.161256
162.75900000000016 0.839696
163.76000000000016 1.168664
164.87800000000016 1.640824
166.06800000000015 1.695192
167.07900000000015 0.994
167.17500000000015 0.2736
168.18500000000014 1.662816
169.18600000000015 1.952656
170.24500000000015 0.258648
171.24600000000015 0.2736
172.31500000000014 0.241144
173.57500000000013 0.485616
174.59700000000012 0.496016
175.61500000000012 0.740264
176.77500000000012 1.207056
177.7840000000001 1.235
178.7850000000001 1.051296
179.7940000000001 1.230688
181.0040000000001 1.050512
182.0140000000001 1.356696
183.02300000000008 1.286656
184.0240000000001 1.34504
185.0250000000001 0.96076
186.0260000000001 1.30328
187.2750000000001 1.248424
188.47500000000008 1.494536
189.47600000000008 1.235616
190.4770000000001 1.332664
191.4840000000001 1.348384
192.6640000000001 1.248416
193.6660000000001 1.357368
194.86400000000012 1.34808
196.0040000000001 1.327224
197.0050000000001 1.015048
198.1540000000001 1.264512
199.1630000000001 1.031144
200.2230000000001 0.910512
201.2240000000001 1.02468
202.42300000000012 1.580152
203.43500000000012 1.301664
204.6240000000001 1.346344
205.6450000000001 1.374544
206.6650000000001 1.511616
208.0440000000001 1.244608
209.1430000000001 1.558712
210.3240000000001 1.434072
211.3440000000001 1.25892
212.4030000000001 1.289008
213.64400000000012 1.38408
214.77400000000011 1.194616
215.79400000000012 1.1334
216.9340000000001 1.249424
218.02400000000011 0.84064
219.02500000000012 0.851696
220.10300000000012 1.046504
221.1540000000001 1.345832
222.30400000000012 1.406528
223.3130000000001 0.960136
224.3500000000001 0.562344
225.4340000000001 1.298584
226.43500000000012 1.37172
227.4440000000001 1.226424
228.4450000000001 1.316744
229.64400000000012 1.2252
230.7840000000001 1.647808
231.7850000000001 1.86752
232.7940000000001 0.905688
233.8140000000001 1.184328
234.8150000000001 0.944488
235.89300000000011 0.952952
236.9030000000001 0.70584
237.9040000000001 0.788312
238.92400000000012 0.94344
239.92500000000013 0.853032
240.9340000000001 1.072248
241.9430000000001 1.083624
242.9530000000001 1.101688
244.01200000000009 1.347224
245.0130000000001 1.334456
246.02200000000008 0.747768
247.09200000000007 0.898096
248.19300000000007 1.045712
249.20200000000006 0.82952
250.21200000000005 0.786888
251.22200000000004 0.809808
252.22400000000005 0.818608
253.23200000000006 0.602288
254.23300000000006 0.947
255.24200000000005 0.775608
256.25200000000007 0.565504
257.31200000000007 0.722664
258.4120000000001 1.127112
259.5530000000001 1.160824
260.5620000000001 1.110168
261.5630000000001 0.99608
262.5730000000001 0.952464
263.5820000000001 0.913408
264.6110000000001 0.966256
265.6330000000001 0.855576
266.6410000000001 1.275704
267.65100000000007 0.93008
268.66100000000006 1.115
269.72100000000006 0.743816
270.7610000000001 1.19168
271.7700000000001 1.401552
272.96100000000007 1.014408
274.0200000000001 0.905176
275.0300000000001 0.931792
276.12000000000006 0.99768
277.25000000000006 0.997728
278.26000000000005 1.037104
279.27000000000004 1.071512
280.28000000000003 1.060352
281.52000000000004 0.867096
282.521 1.00008
283.53000000000003 1.24428
284.73900000000003 1.353112
285.76000000000005 1.437488
286.9200000000001 1.52048
287.9310000000001 1.3098
288.9400000000001 1.149312
289.98000000000013 0.804976
290.9900000000001 1.07284
291.9910000000001 1.094952
293.2400000000001 1.103888
294.3480000000001 1.307408
295.3600000000001 1.157992
296.3610000000001 1.063096
297.3700000000001 1.09172
298.38100000000014 0.982296
299.5500000000001 1.255856
300.7000000000001 1.229096
301.7010000000001 0.916864
302.7200000000001 0.967376
303.72100000000006 0.919288
304.7300000000001 0.861792
305.75000000000006 0.854952
306.82900000000006 0.910824
307.9200000000001 0.973832
308.93000000000006 1.114488
310.13000000000005 0.83028
311.15000000000003 0.939288
312.26900000000006 0.766896
313.39000000000004 1.016952
314.62100000000004 1.231
315.821 1.042288
316.84000000000003 1.132656
317.86 0.740704
319.01 1.00364
320.07 0.887464
321.07099999999997 0.8868
322.08 1.025488
323.09 0.854896
324.14 0.953816
325.169 0.866776
326.25 0.97296
327.369 1.04404
328.379 1.28484
329.389 0.870256
330.399 0.90904
331.408 1.051816
332.528 1.07224
333.608 0.99872
334.617 1.315328
335.62800000000004 0.742944
