1.009 4.0976
2.01 3.59872
3.018 3.108096
4.019 2.707712
5.027 2.981312
6.0280000000000005 3.046976
7.029 2.663936
8.03 2.226176
9.038 2.670336
10.058 2.477888
11.059 2.466944
12.068 2.412224
13.068999999999999 2.652992
14.177 3.233024
15.177999999999999 2.232576
16.179 2.302784
17.18 2.630952
18.377 2.653144
19.378 2.801664
20.379 3.583232
21.380000000000003 2.904704
22.387000000000004 2.685824
23.388000000000005 3.036032
24.389000000000006 2.652992
25.397000000000006 3.145472
26.404000000000007 3.036032
27.40800000000001 3.0032
28.40900000000001 4.086656
29.41000000000001 5.02784
30.41200000000001 3.145472
31.41300000000001 4.167808
32.41400000000001 3.845888
33.41700000000001 3.845888
34.41900000000001 3.254912
35.427000000000014 3.65984
36.43700000000001 3.287744
37.43800000000001 2.740544
38.43900000000001 3.046976
39.440000000000005 4.721408
40.447 3.178304
41.448 3.233024
42.449 3.11264
43.458 3.681728
44.458999999999996 3.2768
45.467 3.046976
46.477 2.937536
47.479 2.751488
48.48 3.156416
49.480999999999995 3.036032
50.486999999999995 2.78432
51.48799999999999 2.937536
53.02599999999999 2.013696
54.02699999999999 0.59552
55.027999999999984 1.794816
56.03799999999998 1.346112
57.03899999999998 1.613312
58.04599999999998 2.335616
59.046999999999976 2.363904
60.04799999999997 2.368448
61.056999999999974 2.62016
62.05799999999997 2.981312
63.065999999999974 3.670784
64.06699999999998 2.083904
65.06799999999998 3.5504
66.06899999999999 3.681728
67.07 4.020992
68.077 3.025096
69.078 3.38624
70.07900000000001 2.609216
71.08000000000001 3.05792
72.08100000000002 3.101696
73.08600000000001 3.911552
74.08700000000002 3.101696
75.09700000000002 3.900608
76.09800000000003 4.458752
77.09900000000003 4.211584
78.10600000000004 3.561344
79.10700000000004 4.185152
80.10800000000005 4.59008
81.10900000000005 4.780672
82.11000000000006 4.108544
83.11100000000006 4.349312
84.11300000000006 4.539904
85.11700000000006 4.491584
86.11800000000007 2.937536
87.11900000000007 3.922496
88.12700000000007 4.058368
89.12800000000007 4.469696
90.13800000000008 3.462848
91.14600000000007 3.397184
92.14700000000008 4.907456
93.14800000000008 4.080256
94.14900000000009 4.414976
95.15000000000009 4.3712
96.16700000000009 3.5504
97.16800000000009 2.981312
98.17100000000009 3.561344
99.25600000000009 3.357952
100.31700000000009 3.287744
101.32600000000009 3.06432
102.3270000000001 2.740544
103.3280000000001 3.594176
104.4060000000001 3.697216
105.40700000000011 3.484736
106.40800000000011 3.156416
107.41600000000011 3.108096
108.44600000000011 3.357952
109.4480000000001 4.108544
110.4560000000001 3.528512
111.45700000000011 3.44096
112.45800000000011 4.611968
113.45900000000012 4.20064
114.46000000000012 4.568192
115.46600000000012 3.944384
116.46700000000013 3.024936
117.46800000000013 2.007448
118.47700000000013 2.849984
119.55600000000013 3.036032
120.55700000000013 3.151872
121.55800000000013 2.313728
122.56500000000014 2.280896
123.56600000000014 3.200192
124.57500000000014 2.937536
125.68600000000015 2.499768
126.68700000000015 2.112192
127.68900000000015 1.58048
128.69600000000014 2.560896
129.70600000000013 2.598272
130.70700000000014 1.919744
131.71500000000015 1.882368
132.71700000000016 1.821248
133.71800000000016 2.269952
134.72500000000016 2.29824
135.73600000000016 2.215232
136.74600000000015 1.79936
137.74700000000016 2.746944
138.75500000000017 2.248064
139.75600000000017 2.248064
140.75700000000018 1.96992
141.76600000000016 1.908728
142.77500000000015 1.963592
143.77600000000015 1.9152
144.78600000000014 1.427264
145.78700000000015 1.663488
146.79500000000016 1.646144
147.80600000000015 1.58688
148.81600000000014 1.668032
149.85600000000014 1.0944
150.86500000000012 1.466496
151.86600000000013 1.066112
152.87600000000012 1.116288
153.8850000000001 1.061568
154.8950000000001 1.25216
155.8970000000001 1.050624
156.9150000000001 1.181952
157.9250000000001 0.836288
158.9560000000001 0.897408
159.9650000000001 1.247616
160.9660000000001 1.295936
161.97500000000008 1.389888
162.98500000000007 1.20384
164.02500000000006 0.726848
165.03500000000005 0.569088
166.09500000000006 0.558144
167.11500000000007 0.2736
168.12600000000006 0.689472
169.13500000000005 0.792512
170.13600000000005 1.028736
171.14500000000004 1.411776
172.14600000000004 1.394432
173.33500000000004 1.69632
174.33600000000004 1.591424
175.34500000000003 1.794816
176.35600000000002 1.569536
177.365 1.980864
178.366 1.832192
179.41500000000002 1.79936
180.42200000000003 1.488384
181.425 1.554048
182.435 0.891008
183.438 0.8208
184.46499999999997 0.634752
185.48499999999999 1.241216
186.51 1.192896
187.515 1.105344
188.74499999999998 0.448704
189.765 0.584576
190.779 1.03968
191.795 1.455552
192.80499999999998 1.372544
193.81499999999997 1.740096
194.82499999999996 1.3616
195.83499999999995 1.96992
196.83599999999996 1.843136
197.84499999999994 1.400832
198.86499999999995 1.120832
199.86599999999996 2.02464
200.87499999999994 1.077056
201.92399999999995 0.755136
202.94399999999996 0.60192
203.94499999999996 1.302336
204.94699999999997 1.875968
205.96499999999997 1.875968
206.96599999999998 0.974016
209.18499999999997 0.700416
210.19499999999996 1.985408
211.19599999999997 2.736
212.19699999999997 2.226176
213.19799999999998 2.149568
214.20499999999998 2.904704
215.21499999999997 2.860928
216.21599999999998 2.911104
217.21699999999998 2.871872
218.218 2.663936
219.225 2.937536
220.226 2.434112
221.234 2.068416
222.244 1.153664
223.245 1.433664
224.254 1.153672
225.255 1.47744
226.26399999999998 1.280448
227.27399999999997 1.30688
228.30799999999996 0.8208
229.33299999999997 0.689472
230.33399999999997 0.372096
231.35399999999998 0.415872
232.36399999999998 0.507968
233.42499999999998 0.404928
234.444 0.339264
235.45399999999998 0.590976
236.46399999999997 1.444608
237.46499999999997 1.668032
238.48399999999998 1.788416
239.49499999999998 1.96992
240.50399999999996 1.700864
241.50499999999997 2.62656
242.50599999999997 2.324648
243.51599999999996 1.832216
244.55399999999997 0.689472
245.56399999999996 0.590976
246.56499999999997 1.48196
247.57399999999996 2.976768
248.57599999999996 2.138648
249.58399999999997 1.547648
250.59399999999997 1.849536
251.77399999999997 0.415872
252.78399999999996 1.339712
253.83399999999997 2.598272
254.84399999999997 2.473344
255.86399999999998 0.967616
256.87399999999997 1.236672
258.126 1.875968
259.133 1.772928
260.13399999999996 1.558592
261.143 1.729152
262.15299999999996 1.755584
263.155 1.849536
264.16299999999995 1.274048
265.16399999999993 1.740096
266.18299999999994 1.777472
267.1929999999999 2.123136
268.1939999999999 1.766528
269.2029999999999 1.958976
270.2129999999999 1.41632
271.25299999999993 2.215232
272.2539999999999 2.210688
273.2549999999999 2.368448
274.26299999999986 2.215232
275.26399999999984 2.29824
276.27299999999985 1.996352
277.3129999999999 2.01824
278.31399999999985 2.363904
279.33399999999983 1.74464
280.34299999999985 2.210688
281.35299999999984 1.25216
282.3539999999998 1.718208
283.36299999999983 1.591424
284.3729999999998 1.75104
285.38199999999983 1.74464
286.40299999999985 2.007296
287.41299999999984 1.96992
288.42299999999983 1.547648
289.42499999999984 2.07936
290.43399999999986 1.96352
291.44199999999984 2.34656
292.4429999999998 1.80576
293.4519999999998 1.357056
294.4819999999998 0.836288
295.6119999999998 0.21888
296.6129999999998 1.608768
297.61399999999975 1.74464
298.62199999999973 1.783872
299.6229999999997 1.394432
300.6319999999997 1.608768
301.63399999999973 1.646144
302.6419999999997 1.9152
303.6429999999997 1.6352
304.7319999999997 2.029184
305.7429999999997 1.80576
306.75399999999973 1.503872
307.7619999999997 1.368
308.7719999999997 1.58688
309.7729999999997 1.230272
310.77399999999966 1.6416
311.79199999999963 1.30688
312.8019999999996 1.357056
313.8119999999996 0.864576
314.8219999999996 1.503872
315.9419999999996 2.215232
316.9429999999996 1.181952
318.06399999999957 2.105792
319.1019999999996 3.265856
320.10299999999955 2.418624
321.11199999999957 1.722752
322.12499999999955 2.013696
323.13199999999955 1.930688
324.1329999999995 2.040128
325.14199999999954 2.62656
326.15199999999953 2.007296
