1.001 3.5504
2.002 3.079808
3.006 3.692672
4.0169999999999995 4.196096
5.017999999999999 3.648896
6.019999999999999 3.211136
7.025999999999999 3.134528
8.027 3.123584
9.027999999999999 4.082968
10.028999999999998 3.328808
11.030999999999999 4.0976
12.034999999999998 4.0976
13.036999999999999 4.622912
14.037999999999998 3.806656
15.038999999999998 4.86368
16.04 3.791168
17.046 3.156416
18.056 2.247992
19.057000000000002 2.390408
20.066000000000003 2.528064
21.078000000000003 2.062016
22.086000000000002 2.094848
23.097 2.806208
24.106 2.440512
25.116000000000003 1.153664
26.117000000000004 2.002752
27.126000000000005 1.952576
28.137000000000004 1.53216
29.138000000000005 1.30688
30.146000000000004 1.575936
31.147000000000006 1.68992
32.156000000000006 1.740096
33.166000000000004 1.492928
34.167 2.166912
35.176 2.116736
36.177 1.919744
37.178 1.827648
38.186 1.657088
39.197 2.02464
40.198 1.96352
41.206 2.13408
42.207 2.051072
43.218 2.094848
44.285000000000004 2.466944
45.286 2.604672
46.305 2.072808
47.315 1.87612
48.315999999999995 2.560896
49.31699999999999 2.34656
50.324999999999996 2.795264
51.32599999999999 2.94848
52.34499999999999 3.528504
53.35499999999999 2.849984
54.35599999999999 3.517568
55.36499999999999 3.287744
56.365999999999985 3.014144
57.39499999999998 2.652992
58.40399999999998 2.736
59.40499999999998 2.89376
60.41399999999998 2.379392
61.42399999999998 2.193344
62.48399999999998 2.904704
63.48499999999998 2.84544
64.49399999999997 2.795264
65.49499999999998 1.843136
66.49599999999998 2.327392
67.50299999999999 2.448736
68.50399999999999 2.138624
69.505 2.40128
70.506 2.396736
71.513 2.259008
72.51400000000001 2.23712
73.71400000000001 2.521664
74.72300000000001 2.539008
75.72400000000002 2.12768
76.73400000000002 2.313728
77.74300000000002 2.692224
78.74400000000003 2.193344
79.75300000000003 2.12768
80.75400000000003 2.915648
81.75500000000004 3.287744
82.79500000000004 2.751488
83.98300000000005 3.254912
84.98400000000005 4.185152
85.98500000000006 4.20704
86.98600000000006 3.911552
87.98700000000007 4.124032
88.99200000000006 4.458752
89.99500000000006 4.04288
90.99700000000006 3.265856
92.00300000000006 3.309632
93.01300000000006 3.320576
94.01400000000007 3.353408
95.02200000000006 3.572288
96.02300000000007 3.539456
97.05200000000006 3.861376
98.05400000000006 3.93344
99.06300000000006 3.342472
100.06400000000006 3.681728
101.07300000000006 3.430016
102.07400000000007 3.692672
103.07500000000007 3.856832
104.08200000000008 3.484736
105.09300000000007 2.718656
106.09400000000008 3.233024
107.09500000000008 3.05792
108.10200000000009 2.94848
109.1120000000001 3.014144
110.1130000000001 2.532608
111.1220000000001 2.823552
112.1230000000001 2.773376
113.12400000000011 3.89692
114.12500000000011 3.350672
115.18200000000012 3.222104
116.25300000000011 3.2768
117.27200000000012 3.265856
118.31400000000012 3.287744
119.31500000000013 4.119488
120.32200000000013 4.33836
121.32400000000013 3.583232
122.33200000000012 3.38624
123.33300000000013 3.408128
124.34300000000013 3.506624
125.35200000000013 3.364352
126.37200000000013 3.784768
127.37300000000013 3.572288
128.37400000000014 4.360256
129.39300000000014 5.174656
130.40300000000013 4.765184
131.41200000000012 5.054272
132.41300000000012 4.874624
133.42100000000013 4.955776
134.42200000000014 4.907456
135.42300000000014 3.966272
136.42400000000015 2.89376
137.43200000000016 2.642048
138.43300000000016 2.29184
139.44200000000015 2.703168
140.45100000000014 2.423168
141.45200000000014 2.51072
142.45300000000015 2.806208
143.48200000000014 2.357504
144.49100000000013 2.801664
145.50200000000012 3.648896
146.50300000000013 2.915648
147.51100000000014 2.609216
148.52200000000013 2.62016
149.54200000000014 2.434112
150.63200000000015 2.642048
151.70100000000014 3.265704
152.70200000000014 2.68128
153.71100000000013 1.580632
154.71200000000013 3.145472
155.71300000000014 2.718656
156.72100000000015 2.823552
157.73000000000013 2.051072
158.73100000000014 2.23712
159.74000000000012 2.35296
160.7500000000001 2.083904
161.7600000000001 2.083904
162.7690000000001 2.35296
163.7700000000001 2.23712
164.77900000000008 2.051072
165.7870000000001 2.823552
166.7880000000001 2.718656
167.7890000000001 3.145472
168.7980000000001 1.580632
169.7990000000001 2.68128
170.86800000000008 3.265704
171.95800000000008 2.642048
172.9780000000001 2.434112
173.9890000000001 2.62016
174.9970000000001 2.609216
175.9980000000001 2.915648
177.0090000000001 3.648896
178.0180000000001 2.801664
179.04700000000008 2.357504
180.0480000000001 2.806208
181.0490000000001 2.51072
182.05800000000008 2.423168
183.06700000000006 2.703168
184.06800000000007 2.29184
185.07600000000008 2.642048
186.07700000000008 2.89376
187.0780000000001 3.966272
188.0790000000001 4.907456
189.0870000000001 4.955776
190.0880000000001 4.874624
191.0970000000001 5.054272
192.10700000000008 4.765184
193.1260000000001 5.174656
194.1270000000001 4.360256
195.1280000000001 3.572288
196.1480000000001 3.784768
197.1570000000001 3.364352
198.1670000000001 3.506624
199.1680000000001 3.408128
200.1760000000001 3.38624
201.1780000000001 3.583232
202.18500000000012 4.33836
203.18600000000012 4.119488
204.22800000000012 3.287744
205.24700000000013 3.265856
206.31800000000013 3.2768
207.3750000000001 3.222104
208.37600000000012 3.350672
209.37700000000012 3.89692
210.37800000000013 2.773376
211.3870000000001 2.823552
212.38800000000012 2.532608
213.3980000000001 3.014144
214.40500000000011 2.94848
215.40600000000012 3.05792
216.40700000000012 3.233024
217.41800000000012 2.718656
218.42500000000013 3.484736
219.42600000000013 3.856832
220.42700000000013 3.692672
221.43600000000012 3.430016
222.43700000000013 3.681728
223.4460000000001 3.342472
224.44800000000012 3.93344
225.47700000000012 3.861376
226.47800000000012 3.539456
227.48600000000013 3.572288
228.48700000000014 3.353408
229.49700000000013 3.320576
230.50300000000013 3.309632
231.50500000000014 3.265856
232.50800000000012 4.04288
233.51300000000012 4.458752
234.51400000000012 4.124032
235.51500000000013 3.911552
236.51600000000013 4.20704
237.51700000000014 4.185152
238.70500000000013 3.254912
239.74500000000012 2.751488
240.74600000000012 3.287744
241.74700000000013 2.915648
242.7560000000001 2.12768
243.75700000000012 2.193344
244.7660000000001 2.692224
245.7760000000001 2.313728
246.7770000000001 2.12768
247.7860000000001 2.539008
248.98600000000008 2.521664
249.98700000000008 2.23712
250.99400000000009 2.259008
251.9950000000001 2.396736
252.9960000000001 2.40128
253.9970000000001 2.138624
255.0040000000001 2.448736
256.0050000000001 2.327392
257.0060000000001 1.843136
258.0150000000001 2.795264
259.0160000000001 2.84544
260.0760000000001 2.904704
261.08600000000007 2.193344
262.0950000000001 2.379392
263.09600000000006 2.89376
264.1050000000001 2.736
265.13400000000007 2.652992
266.13500000000005 3.014144
267.14400000000006 3.287744
268.14500000000004 3.517568
269.15500000000003 2.849984
270.17400000000004 3.528504
271.175 2.94848
272.183 2.795264
273.18399999999997 2.34656
274.18499999999995 2.560896
275.19499999999994 1.87612
276.21399999999994 2.072808
277.2149999999999 2.604672
278.2819999999999 2.466944
279.29299999999995 2.094848
280.2939999999999 2.051072
281.3019999999999 2.13408
282.3029999999999 1.96352
283.3139999999999 2.02464
284.3219999999999 1.657088
285.32299999999987 1.827648
286.32399999999984 1.919744
287.33299999999986 2.116736
288.33399999999983 2.166912
289.3439999999998 1.492928
290.35299999999984 1.740096
291.3539999999998 1.68992
292.3619999999998 1.575936
293.3629999999998 1.30688
294.3739999999998 1.53216
295.3829999999998 1.952576
296.3839999999998 2.002752
297.3939999999998 1.153664
298.4029999999998 2.440512
299.4139999999998 2.806208
300.4219999999998 2.094848
301.4339999999998 2.062016
302.4429999999998 2.528064
303.4439999999998 2.390408
304.4539999999998 2.247992
305.45999999999975 3.156416
306.46099999999973 3.791168
307.4619999999997 4.86368
308.4629999999997 3.806656
309.4649999999997 4.622912
310.4689999999997 4.0976
311.4709999999997 4.0976
312.4719999999997 3.328808
313.4729999999997 4.082968
314.47399999999965 3.123584
315.4799999999996 3.134528
316.48199999999963 3.211136
317.4829999999996 3.648896
318.49399999999963 4.196096
319.49799999999965 3.692672
320.4989999999996 3.079808
321.4999999999996 3.5504
322.5009999999996 3.659848
323.50199999999955 3.922496
