1.001 2.89376
2.002 2.89376
3.01 2.882816
4.010999999999999 2.849984
5.011999999999999 2.849984
6.012999999999998 2.609216
7.059999999999998 3.123584
8.147999999999998 3.2768
9.159999999999998 3.162816
10.160999999999998 3.233024
11.169999999999998 2.576384
12.170999999999998 2.149568
13.171999999999997 2.07296
14.179999999999996 2.342016
15.180999999999996 2.828096
16.189999999999994 3.22208
17.199999999999996 2.685824
18.208999999999996 2.598272
19.209999999999997 2.374848
20.22 2.751488
21.23 2.62016
22.231 2.26996
23.239 2.696768
24.240000000000002 2.363904
25.250000000000004 2.543552
26.251000000000005 2.773376
27.259000000000004 1.886912
28.260000000000005 3.06432
29.272000000000006 3.481048
30.340000000000007 3.285032
31.341000000000008 3.151872
32.391000000000005 3.423616
33.392 4.743296
34.398 3.889664
35.399 3.298688
36.4 3.889664
37.439 3.817448
38.658 3.276952
39.659 2.878272
40.719 3.675328
41.72 4.349312
42.722 3.802112
43.723 3.430016
44.729 3.977216
45.809 4.113088
46.818999999999996 4.174208
47.81999999999999 4.75424
48.86899999999999 4.178752
49.86999999999999 4.228928
50.87899999999999 4.69952
52.27799999999999 4.167808
53.27899999999999 4.447808
54.27999999999999 5.016896
55.289999999999985 4.375744
56.298999999999985 4.951232
57.30099999999999 4.222528
58.301999999999985 4.929344
59.39799999999998 4.82444
60.39899999999998 4.404032
61.40899999999998 4.513472
62.458999999999975 4.20064
63.45999999999997 4.688576
64.46899999999997 4.841792
65.46999999999997 3.992704
66.47199999999997 4.491584
67.47799999999997 4.382144
68.48899999999996 3.937984
69.48999999999997 4.196096
70.49199999999996 3.791168
71.49799999999996 4.185152
72.55799999999996 4.0912
73.55899999999997 4.196096
74.55999999999997 3.977216
75.56699999999998 3.922496
76.56799999999998 3.36436
77.56899999999999 3.780224
78.57799999999999 2.663936
79.579 2.67488
80.58 2.521664
81.589 2.718656
82.59 2.84544
83.608 3.0032
84.60900000000001 2.817152
85.61000000000001 2.532608
86.61800000000001 3.123584
87.62800000000001 3.200192
88.62900000000002 3.101696
89.63000000000002 3.397184
90.63100000000003 2.83904
91.63200000000003 3.243968
92.63700000000003 3.583232
93.63800000000003 3.76928
94.63900000000004 4.414976
95.64800000000004 3.806656
96.64900000000004 3.71456
97.65000000000005 3.87872
98.65800000000004 4.491584
99.69800000000005 4.167808
100.72700000000005 3.265856
101.72800000000005 2.779776
102.72900000000006 2.904704
103.73100000000005 3.068864
104.73600000000005 2.696768
105.73700000000005 2.762432
106.73800000000006 2.543552
107.74700000000006 2.451456
108.74800000000006 2.445056
109.74900000000007 2.970368
110.75700000000006 3.211136
111.76800000000006 2.959424
112.76900000000006 3.287744
113.77600000000007 3.178304
114.77700000000007 3.342464
115.78700000000008 3.145472
116.78800000000008 2.981312
117.78900000000009 3.692672
118.79000000000009 4.502528
119.7970000000001 4.031928
120.7980000000001 3.036032
121.7990000000001 3.090752
122.80000000000011 2.7296
123.80600000000011 2.587328
124.80700000000012 2.576384
125.80800000000012 2.817152
126.88700000000011 2.849984
127.89600000000011 2.812608
128.8970000000001 2.554496
129.8980000000001 3.090752
130.89900000000011 3.594176
132.05600000000013 4.331968
133.11000000000013 3.2768
134.1370000000001 4.611968
135.13800000000012 4.601024
136.1410000000001 3.916096
137.1540000000001 4.338368
138.15600000000012 3.430016
139.15700000000012 3.079808
140.17100000000013 3.134536
141.17600000000013 3.2768
142.17800000000014 3.703616
143.19200000000015 4.196096
144.22700000000015 4.31008
145.22900000000016 4.053824
146.23000000000016 3.71456
147.23700000000017 3.506624
148.23800000000017 2.817152
149.24600000000018 3.036032
150.24700000000018 3.342464
151.2490000000002 3.287744
152.2500000000002 3.134528
153.2560000000002 2.78432
154.3060000000002 3.101696
155.30700000000022 3.206592
156.30800000000022 2.40128
157.30900000000022 3.189248
158.31600000000023 3.025088
159.31700000000023 2.390336
160.32600000000022 2.40128
161.32700000000023 2.84544
162.3360000000002 2.642048
163.33700000000022 2.488832
164.3460000000002 2.423168
165.3560000000002 2.576384
166.4260000000002 3.16736
167.43600000000018 3.031488
168.43700000000018 3.025088
169.44700000000017 2.587328
170.45500000000018 2.532608
171.4560000000002 2.62016
172.46600000000018 3.156416
173.46700000000018 3.123584
174.4680000000002 3.265856
175.4760000000002 3.342464
176.4770000000002 3.134528
177.4780000000002 3.473792
178.4960000000002 3.254912
179.51600000000022 2.78432
180.51700000000022 2.90016
181.5260000000002 2.78432
182.5270000000002 2.466944
183.52900000000022 2.642048
184.53600000000023 2.663936
185.65500000000023 2.915648
186.65600000000023 2.714112
187.66600000000022 2.313728
188.66700000000023 3.134528
189.67500000000024 3.71456
190.67600000000024 3.834944
191.67700000000025 3.375296
192.73600000000025 3.861376
193.74500000000023 3.265856
194.74600000000024 3.250368
195.74700000000024 3.014144
196.74900000000025 2.685824
197.75500000000025 2.94848
198.75700000000026 2.773368
199.76500000000027 2.379392
200.85600000000028 2.62016
201.85700000000028 2.746944
202.8650000000003 2.652992
203.8760000000003 3.036032
204.8770000000003 2.806208
205.8780000000003 2.663936
206.8850000000003 2.499776
207.8860000000003 2.725056
208.8950000000003 2.34656
209.8960000000003 2.34656
210.9250000000003 2.379392
211.9270000000003 2.714112
212.9280000000003 2.423168
213.93500000000031 2.488832
214.93600000000032 2.56544
215.93700000000032 2.856384
216.9460000000003 2.7296
217.94700000000032 2.434112
218.9560000000003 1.69632
219.9570000000003 1.68992
220.9580000000003 2.965824
221.9670000000003 2.685824
222.9680000000003 2.56544
223.9760000000003 2.762432
224.9860000000003 2.62016
225.9870000000003 2.685824
226.9970000000003 2.95488
227.9980000000003 2.817152
229.0070000000003 2.532608
230.0260000000003 1.930688
231.0270000000003 1.937088
232.03600000000029 1.9088
233.0660000000003 2.29184
234.0670000000003 2.24352
235.07600000000028 2.412224
236.07700000000028 2.368448
237.08700000000027 2.177856
238.09700000000026 1.897856
239.10600000000025 2.215232
240.10700000000026 2.659392
241.11600000000024 2.313728
242.11700000000025 1.919744
243.12600000000023 2.232576
244.13600000000022 1.79936
245.1460000000002 1.488384
246.14700000000022 1.678976
247.1570000000002 2.587328
248.15800000000021 2.849984
249.17600000000022 2.998656
250.17800000000022 2.652968
251.19600000000023 2.55452
252.2170000000002 2.543552
253.2260000000002 2.412224
254.2270000000002 2.867328
255.2360000000002 2.773376
256.2460000000002 2.609216
257.2470000000002 2.740544
258.2560000000002 2.631104
259.3060000000002 2.631104
260.3070000000002 2.834496
261.30800000000016 2.149568
262.31600000000014 2.149568
263.3170000000001 2.549952
264.3180000000001 2.554496
265.3260000000001 2.62016
266.32700000000006 2.554496
267.33600000000007 2.313728
268.34600000000006 2.582784
269.35600000000005 2.40128
270.357 2.532608
271.37600000000003 2.248064
272.386 2.528064
273.387 2.368448
274.396 2.051072
275.397 2.287296
276.406 2.083904
277.407 2.215232
278.416 2.473344
279.417 2.226176
280.41799999999995 2.226176
281.42599999999993 2.488832
282.4359999999999 2.40768
283.4369999999999 1.941632
284.4459999999999 2.002752
285.4469999999999 1.843136
286.45499999999987 2.040128
287.45599999999985 2.396736
288.46599999999984 2.302784
289.4669999999998 2.423168
290.47599999999983 2.477888
291.4769999999998 2.604672
292.4859999999998 2.34656
293.4869999999998 2.456
294.4959999999998 2.860928
295.5059999999998 2.94848
296.5559999999998 2.992256
297.6059999999998 3.2768
298.6759999999998 3.265856
299.6859999999998 3.22848
300.6869999999998 2.674888
301.6959999999998 2.718656
302.7079999999998 2.499776
303.7749999999998 1.996352
304.7759999999998 2.768832
305.77699999999976 2.7296
306.79499999999973 2.67488
307.7959999999997 2.795264
308.8059999999997 2.860928
309.8159999999997 2.937536
310.8959999999997 2.89376
311.89699999999965 2.812608
312.90499999999963 2.532608
313.9059999999996 2.576384
314.9069999999996 2.521664
315.9959999999996 2.663936
316.99699999999956 2.451456
318.00499999999954 2.259008
319.0059999999995 2.34656
320.01499999999953 2.714112
321.0159999999995 2.609216
322.0249999999995 2.806208
323.0259999999995 2.795264
324.0269999999995 2.806208
