1.019 2.652992
2.0199999999999996 2.390336
3.0399999999999996 2.757888
4.0409999999999995 2.663936
5.047999999999999 3.451904
6.049999999999999 3.408128
7.059999999999999 3.681728
8.060999999999998 2.718656
9.070999999999998 2.78432
10.078999999999997 3.200192
11.079999999999997 2.849984
12.080999999999996 2.795264
13.090999999999996 2.123136
14.150999999999996 0.21248
15.188999999999997 1.75104
16.190999999999995 2.521664
17.195999999999994 2.718656
18.198999999999995 2.828096
19.199999999999996 3.195648
20.287999999999997 3.178304
21.288999999999998 3.730048
22.29 3.462848
23.291 3.2768
24.298000000000002 3.451904
25.299000000000003 3.2768
26.300000000000004 2.560896
27.319000000000003 2.280896
28.320000000000004 2.171456
29.321000000000005 2.112192
30.348000000000006 2.29184
31.349000000000007 2.445064
32.35000000000001 2.631104
33.351000000000006 2.4624
34.400000000000006 2.116736
35.40800000000001 2.051072
36.409000000000006 2.40128
37.410000000000004 2.670336
38.411 2.215232
39.419000000000004 2.040128
40.42 2.560896
41.43 2.116736
42.441 1.488384
43.54 0.792512
44.55 1.028736
45.550999999999995 0.995904
46.559999999999995 0.573632
47.56099999999999 0.995904
48.568999999999996 1.006848
49.840999999999994 0.514368
50.849999999999994 0.694016
51.85099999999999 2.232576
52.85199999999999 3.583232
53.86999999999999 3.60512
54.87799999999999 3.751936
55.879999999999995 4.743296
56.949 5.02144
57.949999999999996 4.710464
58.95099999999999 5.111712
59.95199999999999 4.379424
60.95299999999999 5.038784
61.95899999999999 3.697216
62.95999999999999 4.633856
63.960999999999984 4.655744
64.97999999999999 4.605568
65.981 4.798016
67.0 4.25536
68.001 4.65572
69.00200000000001 5.005976
70.004 3.916096
71.007 4.031936
72.009 5.08256
73.01 4.496128
74.01100000000001 5.268608
75.01200000000001 4.375744
76.01300000000002 5.52032
77.01400000000002 4.463296
78.01700000000002 5.378048
79.02000000000002 3.751936
80.03200000000002 5.607872
81.03400000000002 4.944832
82.03500000000003 5.476544
83.03900000000003 5.065216
84.07800000000003 4.868224
85.07900000000004 5.071616
86.08100000000003 5.02144
87.08200000000004 5.202944
88.08300000000004 4.507072
89.08400000000005 4.48064
90.08700000000005 4.80896
91.08900000000004 5.141824
92.09000000000005 5.163712
93.09200000000004 5.35616
94.09300000000005 4.389408
95.09900000000005 4.56548
96.10000000000005 4.951232
97.10100000000006 3.970816
98.10300000000005 4.633856
99.10900000000005 4.824448
100.11000000000006 5.257664
101.11200000000005 5.437312
102.11300000000006 5.443712
103.11400000000006 4.485184
104.11500000000007 4.622912
105.12000000000006 3.93344
106.12900000000006 4.25536
107.13000000000007 4.776128
108.14900000000007 4.38668
109.15000000000008 4.9184
110.15100000000008 4.933888
111.15200000000009 5.202944
112.19800000000009 4.605568
113.1990000000001 5.170112
114.2000000000001 3.014144
115.2010000000001 5.07616
116.20200000000011 5.08256
117.22900000000011 4.594624
118.23000000000012 5.115392
119.23100000000012 4.382144
120.23200000000013 4.791616
121.24000000000012 5.060672
122.28900000000013 3.620608
123.30000000000013 3.670792
124.31000000000013 5.52032
125.31200000000013 4.671232
126.31300000000013 5.060672
127.34800000000013 3.98176
128.34900000000013 4.86368
129.35000000000014 4.977664
130.35100000000014 4.42592
131.35200000000015 4.42592
132.35900000000015 4.539904
133.36000000000016 5.159168
134.42900000000014 4.375744
135.43000000000015 5.443712
136.43100000000015 4.52896
137.43200000000016 3.462848
138.43800000000016 4.55724
139.52000000000015 4.944832
140.52100000000016 5.257664
141.52200000000016 5.02144
142.52800000000016 5.071616
143.52900000000017 4.539904
144.53900000000016 5.104448
145.54900000000015 4.791616
146.55000000000015 5.071616
147.55100000000016 4.550848
148.55800000000016 4.688552
149.56800000000015 4.863704
150.58800000000016 3.565888
151.71200000000016 3.977216
152.76800000000017 5.76564
153.76900000000018 5.213888
154.77000000000018 4.239872
155.77700000000019 4.824448
156.7780000000002 4.896512
157.7790000000002 4.791616
158.7800000000002 4.732352
159.8270000000002 4.058368
160.8280000000002 4.874624
161.8290000000002 4.53536
162.8300000000002 4.222528
163.83200000000022 4.874624
164.83300000000023 4.74784
165.83800000000022 4.524416
166.8470000000002 4.69952
167.84900000000022 3.67532
168.8520000000002 5.859584
169.8530000000002 4.594624
170.85500000000022 4.776128
171.85700000000023 4.397632
172.87900000000022 4.874624
173.88700000000023 5.07616
174.88800000000023 4.9184
175.89700000000022 4.725952
176.89800000000022 5.57504
177.89900000000023 4.813504
178.90100000000024 5.509376
179.90300000000025 4.999552
181.06700000000023 5.305984
182.11800000000022 4.163272
183.14700000000022 5.67808
184.14900000000023 5.126336
185.15100000000024 4.725952
186.15400000000022 4.830848
187.15500000000023 4.958488
188.15700000000024 4.488872
189.15800000000024 4.436864
190.16800000000023 4.671232
191.18200000000024 5.071616
192.19700000000023 4.277096
193.19800000000023 3.331672
194.20700000000022 4.26176
195.20800000000023 5.476544
196.20900000000023 5.07616
197.28700000000023 4.791616
198.29700000000022 5.290496
199.30700000000022 4.539904
200.30800000000022 5.4656
201.30900000000022 4.769728
202.31000000000023 5.049728
203.32700000000023 4.561792
204.33700000000022 5.08256
205.3470000000002 4.912
206.3480000000002 4.787072
207.3870000000002 4.704064
208.3880000000002 5.290496
209.3960000000002 4.491584
210.39700000000022 4.550848
211.39900000000023 5.192
212.40600000000023 4.69312
213.40700000000024 4.984064
214.40800000000024 4.299136
215.41700000000023 5.224832
216.41800000000023 4.441408
217.41900000000024 4.31648
218.42000000000024 4.20704
219.45500000000024 4.003648
220.46600000000024 5.323328
221.46700000000024 4.660288
222.47600000000023 4.557248
223.48600000000022 4.6448
224.48700000000022 3.773824
225.48800000000023 5.498432
226.49600000000024 4.857272
227.49700000000024 5.476544
228.49800000000025 4.616512
229.50000000000026 5.421824
230.50200000000027 4.824448
231.54600000000028 5.327872
232.55600000000027 5.235776
233.55700000000027 4.627456
234.55800000000028 4.940288
235.60500000000027 4.85728
236.60600000000028 5.585984
237.60700000000028 5.065216
238.6080000000003 5.202944
239.6160000000003 4.649344
240.6170000000003 5.08256
241.6180000000003 4.266304
242.6190000000003 4.360256
243.6960000000003 5.119936
244.7070000000003 5.181056
245.7160000000003 4.769728
246.72600000000028 4.765184
247.7760000000003 4.944832
248.7770000000003 5.115392
249.7850000000003 4.955776
250.7860000000003 5.312384
251.78800000000032 4.594624
252.78900000000033 4.272704
253.79000000000033 4.633856
254.79100000000034 3.791176
255.79500000000033 4.835392
256.80500000000035 4.185128
257.82500000000033 4.419544
258.8260000000003 4.97312
259.8270000000003 4.524416
260.8290000000003 4.539904
261.9450000000003 5.371496
262.95500000000027 3.320728
263.9570000000003 3.71456
264.9660000000003 5.279528
265.96700000000027 4.835416
266.9690000000003 4.327424
267.9710000000003 4.655744
268.9730000000003 4.539904
269.9740000000003 5.115384
270.9860000000003 4.211584
271.98700000000025 5.016896
273.05600000000027 4.14592
274.05700000000024 4.9184
275.1250000000002 4.901056
276.1260000000002 5.148224
277.1440000000002 4.682176
278.1750000000002 5.071616
279.2060000000002 4.3712
280.20700000000016 4.52896
281.20800000000014 4.841792
282.2090000000001 4.441408
283.2120000000001 4.97312
284.2130000000001 4.305536
285.22600000000006 4.879168
286.30600000000004 5.196544
287.307 5.016896
288.308 4.677632
289.30899999999997 4.682176
290.32399999999996 5.192
291.32499999999993 3.828544
292.50999999999993 4.830848
293.5249999999999 5.393536
294.5259999999999 4.776128
295.54399999999987 4.189696
296.54499999999985 3.889664
297.5459999999998 5.148224
298.5639999999998 4.080256
299.56499999999977 5.082568
300.62299999999976 4.74784
301.62399999999974 2.210688
302.6629999999997 4.331968
303.67399999999975 4.885568
304.73499999999973 4.955776
305.7359999999997 5.388992
306.7369999999997 4.955776
307.7439999999997 5.159168
308.76399999999967 4.736896
309.76499999999965 5.202944
310.7659999999996 4.912
311.76999999999964 4.97312
312.77199999999965 4.627456
313.78199999999964 5.191928
314.7829999999996 4.813576
315.7839999999996 5.312384
316.7919999999996 4.430464
317.79299999999955 5.093504
318.80299999999954 4.616512
319.8039999999995 5.279552
320.81299999999953 4.649344
321.8329999999995 5.388992
322.8429999999995 5.02144
323.8449999999995 4.798016
