1.001 2.718656
2.011 2.78432
3.019 3.200192
4.02 2.849984
5.020999999999999 2.795264
6.030999999999999 2.123136
7.090999999999999 0.21248
8.129 1.75104
9.131 2.521664
10.136 2.718656
11.139 2.828096
12.139999999999999 3.195648
13.227999999999998 3.178304
14.228999999999997 3.730048
15.229999999999997 3.462848
16.230999999999998 3.2768
17.238 3.451904
18.239 3.2768
19.240000000000002 2.560896
20.259 2.280896
21.26 2.171456
22.261000000000003 2.112192
23.288000000000004 2.29184
24.289000000000005 2.445064
25.290000000000006 2.631104
26.291000000000007 2.4624
27.340000000000007 2.116736
28.348000000000006 2.051072
29.349000000000007 2.40128
30.35000000000001 2.670336
31.35100000000001 2.215232
32.35900000000001 2.040128
33.36000000000001 2.560896
34.370000000000005 2.116736
35.38100000000001 1.488384
36.480000000000004 0.792512
37.49 1.028736
38.491 0.995904
39.5 0.573632
40.501 0.995904
41.509 1.006848
42.781 0.514368
43.79 0.694016
44.791 2.232576
45.791999999999994 3.583232
46.809999999999995 3.60512
47.818 3.751936
48.82 4.743296
49.889 5.02144
50.89 4.710464
51.891 5.111712
52.891999999999996 4.379424
53.892999999999994 5.038784
54.898999999999994 3.697216
55.89999999999999 4.633856
56.90099999999999 4.655744
57.91999999999999 4.605568
58.920999999999985 4.798016
59.93999999999998 4.25536
60.94099999999998 4.65572
61.94199999999998 5.005976
62.94399999999998 3.916096
63.94699999999998 4.031936
64.94899999999998 5.08256
65.94999999999999 4.496128
66.951 5.268608
67.952 4.375744
68.953 5.52032
69.95400000000001 4.463296
70.95700000000001 5.378048
71.96000000000001 3.751936
72.97200000000001 5.607872
73.974 4.944832
74.97500000000001 5.476544
75.97900000000001 5.065216
77.01800000000001 4.868224
78.01900000000002 5.071616
79.02100000000002 5.02144
80.02200000000002 5.202944
81.02300000000002 4.507072
82.02400000000003 4.48064
83.02700000000003 4.80896
84.02900000000002 5.141824
85.03000000000003 5.163712
86.03200000000002 5.35616
87.03300000000003 4.389408
88.03900000000003 4.56548
89.04000000000003 4.951232
90.04100000000004 3.970816
91.04300000000003 4.633856
92.04900000000004 4.824448
93.05000000000004 5.257664
94.05200000000004 5.437312
95.05300000000004 5.443712
96.05400000000004 4.485184
97.05500000000005 4.622912
98.06000000000004 3.93344
99.06900000000005 4.25536
100.07000000000005 4.776128
101.08900000000006 4.38668
102.09000000000006 4.9184
103.09100000000007 4.933888
104.09200000000007 5.202944
105.13800000000008 4.605568
106.13900000000008 5.170112
107.14000000000009 3.014144
108.14100000000009 5.07616
109.1420000000001 5.08256
110.1690000000001 4.594624
111.1700000000001 5.115392
112.1710000000001 4.382144
113.17200000000011 4.791616
114.1800000000001 5.060672
115.22900000000011 3.620608
116.24000000000011 3.670792
117.25000000000011 5.52032
118.25200000000011 4.671232
119.25300000000011 5.060672
120.28800000000011 3.98176
121.28900000000012 4.86368
122.29000000000012 4.977664
123.29100000000012 4.42592
124.29200000000013 4.42592
125.29900000000013 4.539904
126.30000000000014 5.159168
127.36900000000014 4.375744
128.37000000000015 5.443712
129.37100000000015 4.52896
130.37200000000016 3.462848
131.37800000000016 4.55724
132.46000000000015 4.944832
133.46100000000015 5.257664
134.46200000000016 5.02144
135.46800000000016 5.071616
136.46900000000016 4.539904
137.47900000000016 5.104448
138.48900000000015 4.791616
139.49000000000015 5.071616
140.49100000000016 4.550848
141.49800000000016 4.688552
142.50800000000015 4.863704
143.52800000000016 3.565888
144.65200000000016 3.977216
145.70800000000017 5.76564
146.70900000000017 5.213888
147.71000000000018 4.239872
148.71700000000018 4.824448
149.7180000000002 4.896512
150.7190000000002 4.791616
151.7200000000002 4.732352
152.7670000000002 4.058368
153.7680000000002 4.874624
154.7690000000002 4.53536
155.7700000000002 4.222528
156.77200000000022 4.874624
157.77300000000022 4.74784
158.77800000000022 4.524416
159.7870000000002 4.69952
160.78900000000021 3.67532
161.7920000000002 5.859584
162.7930000000002 4.594624
163.79500000000021 4.776128
164.79700000000022 4.397632
165.81900000000022 4.874624
166.82700000000023 5.07616
167.82800000000023 4.9184
168.83700000000022 4.725952
169.83800000000022 5.57504
170.83900000000023 4.813504
171.84100000000024 5.509376
172.84300000000025 4.999552
174.00700000000023 5.305984
175.05800000000022 4.163272
176.08700000000022 5.67808
177.08900000000023 5.126336
178.09100000000024 4.725952
179.09400000000022 4.830848
180.09500000000023 4.958488
181.09700000000024 4.488872
182.09800000000024 4.436864
183.10800000000023 4.671232
184.12200000000024 5.071616
185.13700000000023 4.277096
186.13800000000023 3.331672
187.14700000000022 4.26176
188.14800000000022 5.476544
189.14900000000023 5.07616
190.22700000000023 4.791616
191.23700000000022 5.290496
192.2470000000002 4.539904
193.24800000000022 5.4656
194.24900000000022 4.769728
195.25000000000023 5.049728
196.26700000000022 4.561792
197.2770000000002 5.08256
198.2870000000002 4.912
199.2880000000002 4.787072
200.3270000000002 4.704064
201.3280000000002 5.290496
202.3360000000002 4.491584
203.33700000000022 4.550848
204.33900000000023 5.192
205.34600000000023 4.69312
206.34700000000024 4.984064
207.34800000000024 4.299136
208.35700000000023 5.224832
209.35800000000023 4.441408
210.35900000000024 4.31648
211.36000000000024 4.20704
212.39500000000024 4.003648
213.40600000000023 5.323328
214.40700000000024 4.660288
215.41600000000022 4.557248
216.42600000000022 4.6448
217.42700000000022 3.773824
218.42800000000022 5.498432
219.43600000000023 4.857272
220.43700000000024 5.476544
221.43800000000024 4.616512
222.44000000000025 5.421824
223.44200000000026 4.824448
224.48600000000027 5.327872
225.49600000000027 5.235776
226.49700000000027 4.627456
227.49800000000027 4.940288
228.54500000000027 4.85728
229.54600000000028 5.585984
230.54700000000028 5.065216
231.5480000000003 5.202944
232.5560000000003 4.649344
233.5570000000003 5.08256
234.5580000000003 4.266304
235.5590000000003 4.360256
236.6360000000003 5.119936
237.6470000000003 5.181056
238.6560000000003 4.769728
239.66600000000028 4.765184
240.7160000000003 4.944832
241.7170000000003 5.115392
242.7250000000003 4.955776
243.7260000000003 5.312384
244.72800000000032 4.594624
245.72900000000033 4.272704
246.73000000000033 4.633856
247.73100000000034 3.791176
248.73500000000033 4.835392
249.74500000000032 4.185128
250.76500000000033 4.419544
251.76600000000033 4.97312
252.76700000000034 4.524416
253.76900000000035 4.539904
254.88500000000036 5.371496
255.89500000000035 3.320728
256.89700000000033 3.71456
257.90600000000035 5.279528
258.9070000000003 4.835416
259.90900000000033 4.327424
260.91100000000034 4.655744
261.91300000000035 4.539904
262.9140000000003 5.115384
263.92600000000033 4.211584
264.9270000000003 5.016896
265.9960000000003 4.14592
266.9970000000003 4.9184
268.0650000000003 4.901056
269.06600000000026 5.148224
270.08400000000023 4.682176
271.11500000000024 5.071616
272.14600000000024 4.3712
273.1470000000002 4.52896
274.1480000000002 4.841792
275.14900000000017 4.441408
276.15200000000016 4.97312
277.15300000000013 4.305536
278.1660000000001 4.879168
279.2460000000001 5.196544
280.24700000000007 5.016896
281.24800000000005 4.677632
282.249 4.682176
283.264 5.192
284.265 3.828544
285.45 4.830848
286.465 5.393536
287.46599999999995 4.776128
288.4839999999999 4.189696
289.4849999999999 3.889664
290.4859999999999 5.148224
291.50399999999985 4.080256
292.5049999999998 5.082568
293.5629999999998 4.74784
294.5639999999998 2.210688
295.6029999999998 4.331968
296.6139999999998 4.885568
297.6749999999998 4.955776
298.67599999999976 5.388992
299.67699999999974 4.955776
300.68399999999974 5.159168
301.7039999999997 4.736896
302.7049999999997 5.202944
303.7059999999997 4.912
304.7099999999997 4.97312
305.7119999999997 4.627456
306.7219999999997 5.191928
307.7229999999997 4.813576
308.72399999999965 5.312384
309.73199999999963 4.430464
310.7329999999996 5.093504
311.7429999999996 4.616512
312.7439999999996 5.279552
313.7529999999996 4.649344
314.77299999999957 5.388992
315.78299999999956 5.02144
316.78499999999957 4.798016
317.78599999999955 4.605568
318.7869999999995 5.071616
319.78899999999953 4.52896
320.7899999999995 5.170112
321.7919999999995 3.3534
322.7929999999995 4.03648
323.8039999999995 4.940288
