1.039 3.817448
2.258 3.276952
3.259 2.878272
4.319 3.675328
5.32 4.349312
6.322 3.802112
7.323 3.430016
8.329 3.977216
9.409 4.113088
10.419 4.174208
11.42 4.75424
12.469 4.178752
13.469999999999999 4.228928
14.479 4.69952
15.878 4.167808
16.879 4.447808
17.880000000000003 5.016896
18.890000000000004 4.375744
19.899000000000004 4.951232
20.901000000000003 4.222528
21.902000000000005 4.929344
22.998000000000005 4.82444
23.999000000000006 4.404032
25.009000000000007 4.513472
26.059000000000008 4.20064
27.06000000000001 4.688576
28.06900000000001 4.841792
29.07000000000001 3.992704
30.07200000000001 4.491584
31.07800000000001 4.382144
32.08900000000001 3.937984
33.09000000000001 4.196096
34.09200000000001 3.791168
35.09800000000001 4.185152
36.158000000000015 4.0912
37.15900000000001 4.196096
38.16000000000001 3.977216
39.16700000000001 3.922496
40.168000000000006 3.36436
41.169000000000004 3.780224
42.178000000000004 2.663936
43.179 2.67488
44.18 2.521664
45.189 2.718656
46.19 2.84544
47.208 3.0032
48.208999999999996 2.817152
49.209999999999994 2.532608
50.217999999999996 3.123584
51.227999999999994 3.200192
52.22899999999999 3.101696
53.22999999999999 3.397184
54.23099999999999 2.83904
55.231999999999985 3.243968
56.23699999999999 3.583232
57.237999999999985 3.76928
58.23899999999998 4.414976
59.24799999999998 3.806656
60.24899999999998 3.71456
61.24999999999998 3.87872
62.25799999999998 4.491584
63.29799999999998 4.167808
64.32699999999998 3.265856
65.32799999999999 2.779776
66.329 2.904704
67.33099999999999 3.068864
68.33599999999998 2.696768
69.33699999999999 2.762432
70.338 2.543552
71.347 2.451456
72.348 2.445056
73.349 2.970368
74.357 3.211136
75.368 2.959424
76.369 3.287744
77.376 3.178304
78.37700000000001 3.342464
79.38700000000001 3.145472
80.38800000000002 2.981312
81.38900000000002 3.692672
82.39000000000003 4.502528
83.39700000000003 4.031928
84.39800000000004 3.036032
85.39900000000004 3.090752
86.40000000000005 2.7296
87.40600000000005 2.587328
88.40700000000005 2.576384
89.40800000000006 2.817152
90.48700000000005 2.849984
91.49600000000005 2.812608
92.49700000000006 2.554496
93.49800000000006 3.090752
94.49900000000007 3.594176
95.65600000000006 4.331968
96.71000000000006 3.2768
97.73700000000007 4.611968
98.73800000000007 4.601024
99.74100000000007 3.916096
100.75400000000008 4.338368
101.75600000000007 3.430016
102.75700000000008 3.079808
103.77100000000007 3.134536
104.77600000000007 3.2768
105.77800000000006 3.703616
106.79200000000006 4.196096
107.82700000000006 4.31008
108.82900000000005 4.053824
109.83000000000006 3.71456
110.83700000000006 3.506624
111.83800000000006 2.817152
112.84600000000006 3.036032
113.84700000000007 3.342464
114.84900000000006 3.287744
115.85000000000007 3.134528
116.85600000000007 2.78432
117.90600000000006 3.101696
118.90700000000007 3.206592
119.90800000000007 2.40128
120.90900000000008 3.189248
121.91600000000008 3.025088
122.91700000000009 2.390336
123.92600000000009 2.40128
124.92700000000009 2.84544
125.93600000000009 2.642048
126.9370000000001 2.488832
127.9460000000001 2.423168
128.9560000000001 2.576384
130.0260000000001 3.16736
131.0360000000001 3.031488
132.0370000000001 3.025088
133.04700000000008 2.587328
134.0550000000001 2.532608
135.0560000000001 2.62016
136.0660000000001 3.156416
137.0670000000001 3.123584
138.0680000000001 3.265856
139.0760000000001 3.342464
140.0770000000001 3.134528
141.07800000000012 3.473792
142.09600000000012 3.254912
143.11600000000013 2.78432
144.11700000000013 2.90016
145.12600000000012 2.78432
146.12700000000012 2.466944
147.12900000000013 2.642048
148.13600000000014 2.663936
149.25500000000014 2.915648
150.25600000000014 2.714112
151.26600000000013 2.313728
152.26700000000014 3.134528
153.27500000000015 3.71456
154.27600000000015 3.834944
155.27700000000016 3.375296
156.33600000000015 3.861376
157.34500000000014 3.265856
158.34600000000015 3.250368
159.34700000000015 3.014144
160.34900000000016 2.685824
161.35500000000016 2.94848
162.35700000000017 2.773368
163.36500000000018 2.379392
164.4560000000002 2.62016
165.4570000000002 2.746944
166.4650000000002 2.652992
167.4760000000002 3.036032
168.4770000000002 2.806208
169.4780000000002 2.663936
170.4850000000002 2.499776
171.48600000000022 2.725056
172.4950000000002 2.34656
173.4960000000002 2.34656
174.5250000000002 2.379392
175.5270000000002 2.714112
176.52800000000022 2.423168
177.53500000000022 2.488832
178.53600000000023 2.56544
179.53700000000023 2.856384
180.54600000000022 2.7296
181.54700000000022 2.434112
182.5560000000002 1.69632
183.55700000000022 1.68992
184.55800000000022 2.965824
185.5670000000002 2.685824
186.5680000000002 2.56544
187.57600000000022 2.762432
188.5860000000002 2.62016
189.58700000000022 2.685824
190.5970000000002 2.95488
191.5980000000002 2.817152
192.6070000000002 2.532608
193.6260000000002 1.930688
194.6270000000002 1.937088
195.6360000000002 1.9088
196.6660000000002 2.29184
197.6670000000002 2.24352
198.6760000000002 2.412224
199.6770000000002 2.368448
200.68700000000018 2.177856
201.69700000000017 1.897856
202.70600000000016 2.215232
203.70700000000016 2.659392
204.71600000000015 2.313728
205.71700000000016 1.919744
206.72600000000014 2.232576
207.73600000000013 1.79936
208.74600000000012 1.488384
209.74700000000013 1.678976
210.75700000000012 2.587328
211.75800000000012 2.849984
212.77600000000012 2.998656
213.77800000000013 2.652968
214.79600000000013 2.55452
215.81700000000012 2.543552
216.8260000000001 2.412224
217.8270000000001 2.867328
218.8360000000001 2.773376
219.8460000000001 2.609216
220.8470000000001 2.740544
221.85600000000008 2.631104
222.9060000000001 2.631104
223.9070000000001 2.834496
224.9080000000001 2.149568
225.9160000000001 2.149568
226.91700000000012 2.549952
227.91800000000012 2.554496
228.92600000000013 2.62016
229.92700000000013 2.554496
230.93600000000012 2.313728
231.9460000000001 2.582784
232.9560000000001 2.40128
233.9570000000001 2.532608
234.9760000000001 2.248064
235.9860000000001 2.528064
236.9870000000001 2.368448
237.9960000000001 2.051072
238.9970000000001 2.287296
240.00600000000009 2.083904
241.0070000000001 2.215232
242.01600000000008 2.473344
243.01700000000008 2.226176
244.0180000000001 2.226176
245.0260000000001 2.488832
246.0360000000001 2.40768
247.0370000000001 1.941632
248.04600000000008 2.002752
249.04700000000008 1.843136
250.0550000000001 2.040128
251.0560000000001 2.396736
252.0660000000001 2.302784
253.0670000000001 2.423168
254.07600000000008 2.477888
255.07700000000008 2.604672
256.08600000000007 2.34656
257.08700000000005 2.456
258.09600000000006 2.860928
259.10600000000005 2.94848
260.15600000000006 2.992256
261.2060000000001 3.2768
262.27600000000007 3.265856
263.28600000000006 3.22848
264.28700000000003 2.674888
265.29600000000005 2.718656
266.30800000000005 2.499776
267.37500000000006 1.996352
268.37600000000003 2.768832
269.377 2.7296
270.395 2.67488
271.39599999999996 2.795264
272.40599999999995 2.860928
273.41599999999994 2.937536
274.4959999999999 2.89376
275.4969999999999 2.812608
276.5049999999999 2.532608
277.50599999999986 2.576384
278.50699999999983 2.521664
279.59599999999983 2.663936
280.5969999999998 2.451456
281.6049999999998 2.259008
282.60599999999977 2.34656
283.6149999999998 2.714112
284.61599999999976 2.609216
285.6249999999998 2.806208
286.62599999999975 2.795264
287.6269999999997 2.806208
288.6349999999997 2.335616
289.6369999999997 2.779776
290.6449999999997 2.510712
291.6459999999997 2.445056
292.6549999999997 1.919744
293.65599999999966 2.440512
294.6649999999997 2.116736
295.67499999999967 2.313728
296.67599999999965 2.549952
297.69499999999965 2.390336
298.70499999999964 2.379392
299.71499999999963 2.302784
300.7159999999996 2.451456
301.7249999999996 2.1824
302.7349999999996 2.445056
303.7359999999996 2.718656
304.8459999999996 3.200192
305.8469999999996 3.06432
306.85499999999956 2.806208
307.85599999999954 2.587328
308.86499999999955 2.51072
309.87499999999955 2.456
310.8759999999995 2.746944
311.88499999999954 2.324672
312.8859999999995 2.488832
313.8949999999995 2.477888
314.8959999999995 2.396736
315.9049999999995 2.21508
316.9149999999995 1.60252
317.9159999999995 2.374848
318.9349999999995 2.248072
319.93599999999947 2.094848
320.9449999999995 1.838592
321.9539999999995 1.208384
322.9549999999995 1.740096
323.95599999999945 2.1824
