1.01 0.847232
2.011 1.926144
3.02 1.777472
4.03 1.192896
5.071 1.460024
6.071999999999999 2.199744
7.079999999999999 1.558664
8.11 1.20384
9.12 0.689472
10.209999999999999 0.891008
11.219999999999999 1.455552
12.229999999999999 1.740096
13.232 1.514816
14.239999999999998 1.75104
15.240999999999998 1.897856
16.249999999999996 1.711808
17.259999999999998 2.331072
18.27 1.208384
19.28 1.389888
20.380000000000003 1.383488
21.390000000000004 1.794816
22.392000000000003 1.31328
23.401000000000003 1.241216
24.410000000000004 1.597824
25.420000000000005 1.591424
26.430000000000007 2.652992
27.590000000000007 2.915648
28.820000000000007 3.2768
29.823000000000008 3.250368
30.83000000000001 2.434112
31.83100000000001 2.466944
32.84000000000001 2.226176
33.85000000000001 2.440512
34.851000000000006 1.985408
35.86000000000001 2.12768
36.861000000000004 2.374848
37.870000000000005 2.105792
38.88 2.598272
39.882000000000005 1.871424
40.89000000000001 2.40128
41.891000000000005 2.335616
42.892 2.620152
43.910000000000004 1.772928
44.911 1.230272
45.919000000000004 2.057472
46.93900000000001 1.503872
47.949000000000005 0.963072
48.96000000000001 1.028736
49.96900000000001 0.803456
50.970000000000006 1.444608
51.971000000000004 2.029184
52.980000000000004 2.68128
53.981 2.368448
54.982 1.941632
56.03 2.642048
57.031 2.1888
58.032 2.598272
59.04 2.259008
60.089999999999996 2.78432
61.101 1.718208
62.119 1.25856
63.14 0.442304
64.142 1.411776
65.145 1.722752
66.149 2.123136
67.15 2.29184
68.159 2.412224
69.16000000000001 2.13408
70.16100000000002 2.105792
71.18200000000002 2.002752
72.18400000000001 3.079808
73.18900000000001 1.9088
74.191 2.083904
75.199 2.07936
76.202 2.532608
77.204 3.243968
78.20899999999999 1.492928
79.21 4.31648
80.21199999999999 4.447808
81.216 3.856832
82.31899999999999 3.76288
83.37899999999999 3.2768
84.419 3.2768
85.42 3.129984
86.421 2.423168
87.429 2.007296
88.43 2.707712
89.44000000000001 2.937536
90.48900000000002 3.178304
91.49100000000001 3.572136
92.49900000000001 3.014296
93.57000000000001 3.254912
94.57100000000001 4.020992
95.59000000000002 4.272704
96.59100000000002 4.458752
97.59400000000002 3.959872
98.65000000000002 3.068872
99.65100000000002 5.093504
100.73000000000002 4.616512
101.73100000000002 4.655744
102.73500000000003 4.601024
103.76900000000003 3.839488
104.77000000000004 3.71456
105.77900000000004 2.860928
106.78000000000004 4.053824
107.78100000000005 5.290496
108.78800000000005 1.810304
110.02900000000005 1.930688
111.03800000000005 2.02464
112.04700000000005 1.492928
113.04800000000006 1.794816
114.05800000000006 1.514792
115.05900000000007 2.506176
116.06800000000007 3.123608
117.07800000000007 2.07296
118.08700000000007 2.138624
119.08800000000008 2.254464
120.08900000000008 1.74464
121.14800000000008 2.280896
122.14900000000009 2.418624
123.15700000000008 2.445048
124.15900000000008 4.787072
125.16100000000007 4.331968
126.16700000000007 4.633856
127.16800000000008 3.900608
128.16900000000007 3.451904
129.17700000000008 3.408128
130.17800000000008 3.664384
131.1790000000001 4.48064
132.18800000000007 3.93344
133.19700000000006 3.944384
134.19800000000006 3.156416
135.20600000000007 3.025088
136.21700000000007 3.824
137.21800000000007 3.462848
138.21900000000008 3.22208
139.2270000000001 3.309632
140.23700000000008 3.412672
141.24700000000007 3.637952
142.25700000000006 2.926592
143.25800000000007 2.932992
144.26600000000008 2.56544
145.26700000000008 2.445056
146.3460000000001 1.865024
147.3470000000001 2.057472
148.35700000000008 1.996352
149.36700000000008 2.740544
150.37600000000006 2.101248
151.37800000000007 1.974464
152.39600000000007 2.23712
153.39700000000008 2.57184
154.40600000000006 1.788416
155.41600000000005 2.193344
156.41800000000006 2.703168
157.42600000000007 2.368448
158.42700000000008 1.810304
159.42800000000008 2.725056
160.43800000000007 2.488832
161.43900000000008 2.937536
162.4470000000001 2.62016
163.4480000000001 2.762432
164.45700000000008 2.685824
165.45800000000008 2.473344
166.4590000000001 2.12768
167.4660000000001 1.952576
168.47600000000008 1.871424
169.4780000000001 1.85408
170.4860000000001 1.991808
171.4960000000001 1.427264
172.4970000000001 1.6416
173.5020000000001 1.394432
174.50600000000009 1.893312
175.51600000000008 1.668032
176.51700000000008 1.871424
177.52600000000007 1.6352
178.53600000000006 1.729152
179.55700000000004 1.109888
180.56600000000003 0.886464
181.58500000000004 1.017792
182.65600000000003 0.781568
183.66500000000002 0.678528
184.67600000000002 1.072512
185.686 1.017792
186.696 1.219328
187.70499999999998 1.466496
188.706 0.733248
189.71599999999998 0.70496
190.736 1.31328
191.80599999999998 0.404928
192.837 0.76608
193.98499999999999 0.453248
194.99499999999998 1.411776
195.99599999999998 0.755136
197.01699999999997 0.645696
198.02499999999998 0.628352
199.03499999999997 0.667584
200.12499999999997 0.251712
201.12599999999998 1.236672
202.13599999999997 2.226176
203.13699999999997 1.999072
204.13799999999998 1.660768
205.27599999999998 1.624256
206.277 2.374848
207.284 1.022336
208.295 1.302336
209.297 1.444608
210.304 1.449152
211.305 1.127232
212.334 1.028736
213.344 0.475136
214.364 0.590976
215.38400000000001 0.503424
216.394 0.372096
217.41400000000002 0.448704
218.43400000000003 0.470592
219.74400000000003 0.497024
220.74500000000003 0.558144
221.76400000000004 0.2736
222.78400000000005 0.21888
223.79400000000004 0.284544
224.79500000000004 0.798912
225.79600000000005 1.536704
226.80400000000006 2.123136
227.81400000000005 1.14272
228.82400000000004 0.514368
229.88600000000005 0.426816
230.91400000000004 0.306432
231.92400000000004 0.645696
232.94400000000005 0.667584
233.96400000000006 0.661184
234.97600000000006 1.411776
235.99400000000006 1.52848
237.00400000000005 1.09168
238.00600000000006 1.761984
239.02400000000006 1.492936
240.18400000000005 2.226176
241.20400000000006 2.528064
242.22400000000007 1.624256
243.24300000000008 1.028736
244.26400000000007 0.623808
245.34400000000008 0.748736
246.35300000000007 0.864576
247.36300000000006 0.87552
248.46300000000005 1.536704
249.47200000000004 1.411776
250.47400000000005 1.6416
251.48200000000006 1.755584
252.50200000000007 1.31328
253.51200000000006 0.934784
254.51300000000006 1.80576
255.51400000000007 2.324672
256.52200000000005 1.893312
257.523 1.886912
258.524 1.897856
259.533 1.948032
260.538 1.569536
261.541 1.772928
262.562 1.52576
263.572 1.105344
264.582 1.20384
265.591 2.062016
266.601 1.79936
267.602 1.729152
268.611 1.569536
269.61199999999997 2.068416
270.61299999999994 2.379392
271.62699999999995 2.259008
272.66099999999994 2.692224
273.67199999999997 2.412224
274.691 2.532608
275.693 1.985408
276.69399999999996 2.659392
277.70199999999994 2.40128
278.7029999999999 2.280896
279.7109999999999 2.259008
280.7119999999999 2.309184
281.71299999999985 2.149568
282.72099999999983 2.062016
283.7409999999998 1.9152
284.7419999999998 2.01824
285.7819999999998 2.51712
286.80499999999984 3.156416
287.81199999999984 2.456
288.82299999999987 4.283648
289.8319999999999 3.60512
290.83299999999986 3.76288
291.83399999999983 3.867776
292.8349999999998 3.845888
293.8429999999998 4.294592
294.89199999999977 4.25536
295.8939999999998 4.655744
296.90199999999976 4.0976
297.90299999999974 4.196096
298.9039999999997 4.03648
299.9049999999997 4.163264
300.90599999999966 4.217984
301.96199999999965 4.124032
302.97199999999964 4.04288
303.9729999999996 4.283624
304.9739999999996 4.513496
305.9819999999996 4.03648
306.99199999999956 4.185152
308.05699999999956 3.079808
309.06199999999956 2.828096
310.06299999999953 3.93344
311.06999999999954 3.725504
312.0709999999995 3.637952
313.0809999999995 3.33152
314.0819999999995 3.528512
315.1509999999995 4.03648
316.1609999999995 3.93344
317.16199999999947 4.075712
318.16299999999944 3.134528
319.1809999999994 3.233024
320.1819999999994 3.648896
321.1899999999994 3.802112
322.19099999999935 3.11264
323.1919999999993 3.025088
324.1929999999993 2.817152
325.1939999999993 3.211136
