1.001 1.551792
2.01 1.1004
3.1609999999999996 1.352592
4.2219999999999995 1.406688
5.302 1.426168
6.31 1.27976
7.319999999999999 1.015816
8.321 1.266624
9.33 1.32764
10.331 1.248072
11.34 1.483968
12.35 1.538992
13.439 1.549224
14.579 1.637272
15.739 1.402512
16.909 1.517424
18.099999999999998 1.551304
19.188 1.281352
20.357999999999997 1.53024
21.366999999999997 1.551408
22.386999999999997 1.128496
23.406999999999996 1.34984
24.407999999999998 1.1242
25.517999999999997 1.085704
26.697999999999997 1.498384
27.706999999999997 0.956648
28.846999999999998 1.043
29.857999999999997 1.323072
30.866999999999997 0.828056
31.877 0.95404
33.126999999999995 0.761984
34.138 0.566504
35.146 0.59132
36.165 0.600288
37.167 0.99368
38.177 1.186936
39.178 1.125592
40.186 0.858936
41.217 0.950416
42.226 0.634224
43.91 0.481536
44.925999999999995 0.475752
45.93599999999999 0.724416
46.94599999999999 0.578016
47.965999999999994 0.663336
48.974999999999994 0.688696
50.00599999999999 0.650056
51.02499999999999 0.373488
52.06599999999999 0.354152
53.075999999999986 0.49248
54.11099999999998 0.475312
55.134999999999984 0.428288
56.14599999999999 0.379744
57.155999999999985 0.816584
58.31599999999998 1.143984
59.35599999999998 1.359728
60.35699999999998 1.323336
61.54599999999998 1.220408
62.55499999999998 1.250048
63.564999999999976 0.997632
64.57499999999997 1.160344
65.74999999999997 1.385888
66.75499999999997 1.590032
67.80499999999996 1.356008
68.97499999999997 1.574104
70.14399999999996 1.691584
71.15399999999997 1.62324
72.16299999999997 1.308096
73.16399999999997 1.689976
74.21499999999997 1.296856
75.39399999999998 1.646056
76.40399999999998 1.376536
77.40499999999999 1.411272
78.50399999999999 1.436848
79.514 1.761816
80.515 1.2636
81.516 1.65192
82.57400000000001 1.750016
83.57500000000002 1.57964
84.74500000000002 1.50492
85.74700000000001 1.273944
86.75100000000002 1.221352
87.75800000000002 1.42164
88.77100000000003 1.02944
89.84000000000003 1.023864
90.84100000000004 1.002416
91.86000000000004 0.712944
92.88000000000004 0.417856
94.14100000000003 0.414056
95.15900000000003 0.295488
96.17500000000004 0.671952
97.17900000000004 0.98656
98.18000000000005 0.9576
99.19000000000005 0.955072
100.19100000000006 0.821728
101.25000000000006 1.111584
102.39000000000006 1.173576
103.39900000000006 1.068816
104.40800000000006 0.897432
105.41100000000006 0.731128
106.42900000000006 0.825312
107.43000000000006 0.57496
108.47000000000007 0.894424
109.48000000000008 1.064344
110.57000000000008 0.604
111.58000000000008 0.94444
112.58100000000009 1.465608
113.75900000000009 0.92372
114.77900000000008 0.459456
115.79000000000008 0.311752
116.89000000000007 0.791576
118.03000000000007 1.126624
119.11900000000007 1.152432
120.12000000000008 1.260064
121.13100000000007 1.064336
122.14000000000007 0.986936
123.16000000000007 1.09612
124.17100000000006 1.06224
125.17900000000006 1.164576
126.25900000000006 1.003352
127.29100000000005 1.133024
128.29900000000006 1.0822
129.48000000000008 1.360784
130.57000000000008 1.170888
131.57100000000008 1.301888
132.5780000000001 0.92156
133.67800000000008 0.945112
134.7880000000001 1.194336
135.8490000000001 1.143152
136.8500000000001 1.151536
137.85800000000012 0.878248
138.85900000000012 1.024928
140.06900000000013 1.34628
141.07900000000012 1.080944
142.0890000000001 1.213496
143.09000000000012 1.124352
144.09800000000013 1.128928
145.10900000000012 0.970624
146.1180000000001 1.106488
147.1190000000001 1.06892
148.1280000000001 0.97116
149.1290000000001 1.065064
150.1300000000001 1.112424
151.1390000000001 1.028176
152.1520000000001 0.996032
153.3480000000001 1.36744
154.3490000000001 1.364632
155.4500000000001 1.280896
156.6090000000001 1.2762
157.61900000000009 0.870208
158.62900000000008 0.926312
159.63000000000008 1.002568
160.6380000000001 1.2186
161.6390000000001 1.020472
162.6590000000001 1.12784
163.6780000000001 0.697432
164.7780000000001 0.681528
165.7880000000001 0.797664
166.8480000000001 0.931136
167.8490000000001 1.223112
168.8890000000001 1.038048
169.89800000000008 1.06692
170.94900000000007 0.85912
171.95000000000007 1.194176
172.95900000000006 1.02244
174.17900000000006 1.00964
175.19900000000007 1.194992
176.20000000000007 1.304352
177.20800000000008 1.195976
178.2150000000001 1.048872
179.21800000000007 1.127832
180.21900000000008 0.914728
181.35900000000007 1.229464
182.46800000000007 1.482856
183.47800000000007 1.153832
184.47900000000007 0.885856
185.49000000000007 1.175024
186.49800000000008 1.21388
187.67800000000008 1.07804
188.6790000000001 1.231584
189.8290000000001 1.168048
190.8300000000001 1.233216
191.8480000000001 1.096248
192.8490000000001 1.206352
193.8500000000001 1.021008
194.8570000000001 1.03972
195.8680000000001 1.052904
196.8770000000001 0.741064
197.8970000000001 0.7806
198.9370000000001 0.576392
199.9470000000001 0.670048
200.95700000000008 0.506912
201.96800000000007 0.462968
202.98700000000008 0.644864
203.99700000000007 0.537992
205.00800000000007 0.423528
206.01700000000005 0.535184
207.02700000000004 0.621024
208.02800000000005 0.5144
209.03700000000003 0.586056
210.04800000000003 0.5604
211.06700000000004 0.736152
212.09700000000004 0.367696
213.13700000000003 0.306432
214.15700000000004 0.300296
215.18800000000005 0.417024
216.19700000000003 0.55532
217.20700000000002 0.7334
218.217 0.882
219.21800000000002 0.706752
220.32800000000003 0.884616
221.33700000000002 0.998144
222.33800000000002 1.151464
223.35700000000003 1.01768
224.36900000000003 1.00948
225.37700000000004 1.049704
226.38700000000003 0.83112
227.39700000000002 1.082144
228.407 1.003968
229.40800000000002 1.279848
230.417 1.20148
231.418 1.176024
232.419 1.131216
233.497 1.120232
234.61700000000002 1.179224
235.61800000000002 1.054872
236.62800000000001 1.273288
237.637 1.087808
238.638 1.161256
239.647 1.102352
240.65699999999998 1.135832
241.658 1.05256
242.768 1.134872
243.777 1.059488
244.78699999999998 0.678168
245.81699999999998 1.0972
246.81799999999998 1.210616
247.82699999999997 0.835512
249.02699999999996 1.20452
250.18699999999995 1.193856
251.32699999999994 1.26368
252.50599999999994 1.335936
253.51599999999993 1.127904
254.53599999999994 1.102648
255.69599999999994 1.24916
256.70599999999996 1.072952
257.70699999999994 1.031328
258.71599999999995 1.258408
259.78599999999994 1.086264
260.79599999999994 1.102056
261.8159999999999 0.994528
262.8359999999999 1.099776
263.8459999999999 0.999832
264.84699999999987 1.397544
265.8659999999999 1.147368
266.86699999999985 1.300824
267.9159999999998 0.934608
268.97599999999983 1.080296
269.9859999999998 0.968624
271.00699999999983 1.152104
272.02599999999984 1.00472
273.0269999999998 1.350192
274.08599999999984 1.384824
275.21599999999984 1.446904
276.2169999999998 1.266008
277.22599999999983 1.161968
278.27099999999984 0.995048
279.40599999999984 1.472856
280.5459999999998 1.484792
281.6259999999998 1.20152
282.7549999999998 1.403568
283.8349999999998 1.546944
284.9549999999998 1.47964
286.0949999999998 1.675792
287.2649999999998 1.645904
288.4049999999998 1.605344
289.5349999999998 1.411736
290.5359999999998 1.490944
291.7249999999998 1.576008
292.7259999999998 1.79892
293.8339999999998 1.51252
294.84399999999977 1.516688
295.84499999999974 1.335192
296.9349999999997 1.463792
297.9359999999997 1.523488
298.9439999999997 1.378088
299.94499999999965 1.576448
300.97399999999965 1.324816
301.98399999999964 1.770656
303.03399999999965 1.410912
304.0349999999996 1.479664
305.1839999999996 1.465136
306.1849999999996 1.393256
307.1939999999996 1.33356
308.1949999999996 1.216856
309.3839999999996 1.341992
310.3939999999996 1.61976
318.0919999999996 0.914656
319.09299999999956 0.881192
320.10299999999955 1.146752
321.13399999999956 1.3074
322.21299999999957 1.722288
323.38199999999955 1.697272
324.3829999999995 1.61892
325.42299999999955 1.2334
326.43199999999956 1.574
327.45199999999954 1.267688
328.51099999999957 1.308848
329.6809999999996 1.76084
330.8419999999996 1.383792
331.86199999999957 1.237232
332.8809999999996 1.244336
334.0009999999996 1.490592
335.1109999999996 1.336928
336.1209999999996 1.1796
337.1309999999996 1.373328
338.3109999999996 0.8218
339.7509999999996 0.596192
340.97999999999956 0.575464
341.98099999999954 0.782704
