1.001 2.663936
2.008 3.451904
3.01 3.408128
4.02 3.681728
5.020999999999999 2.718656
6.030999999999999 2.78432
7.038999999999999 3.200192
8.04 2.849984
9.040999999999999 2.795264
10.050999999999998 2.123136
11.110999999999999 0.21248
12.149 1.75104
13.151 2.521664
14.155999999999999 2.718656
15.158999999999999 2.828096
16.16 3.195648
17.248 3.178304
18.249000000000002 3.730048
19.250000000000004 3.462848
20.251000000000005 3.2768
21.258000000000006 3.451904
22.259000000000007 3.2768
23.26000000000001 2.560896
24.279000000000007 2.280896
25.28000000000001 2.171456
26.28100000000001 2.112192
27.30800000000001 2.29184
28.30900000000001 2.445064
29.310000000000013 2.631104
30.311000000000014 2.4624
31.360000000000014 2.116736
32.368000000000016 2.051072
33.369000000000014 2.40128
34.37000000000001 2.670336
35.37100000000001 2.215232
36.37900000000001 2.040128
37.38000000000001 2.560896
38.39000000000001 2.116736
39.40100000000001 1.488384
40.50000000000001 0.792512
41.510000000000005 1.028736
42.511 0.995904
43.52 0.573632
44.521 0.995904
45.529 1.006848
46.801 0.514368
47.81 0.694016
48.811 2.232576
49.812 3.583232
50.83 3.60512
51.838 3.751936
52.84 4.743296
53.909000000000006 5.02144
54.910000000000004 4.710464
55.911 5.111712
56.912 4.379424
57.913 5.038784
58.919 3.697216
59.919999999999995 4.633856
60.92099999999999 4.655744
61.93999999999999 4.605568
62.94099999999999 4.798016
63.95999999999999 4.25536
64.96099999999998 4.65572
65.96199999999999 5.005976
66.96399999999998 3.916096
67.96699999999998 4.031936
68.96899999999998 5.08256
69.96999999999998 4.496128
70.97099999999999 5.268608
71.972 4.375744
72.973 5.52032
73.974 4.463296
74.977 5.378048
75.98 3.751936
76.992 5.607872
77.994 4.944832
78.995 5.476544
79.99900000000001 5.065216
81.03800000000001 4.868224
82.03900000000002 5.071616
83.04100000000001 5.02144
84.04200000000002 5.202944
85.04300000000002 4.507072
86.04400000000003 4.48064
87.04700000000003 4.80896
88.04900000000002 5.141824
89.05000000000003 5.163712
90.05200000000002 5.35616
91.05300000000003 4.389408
92.05900000000003 4.56548
93.06000000000003 4.951232
94.06100000000004 3.970816
95.06300000000003 4.633856
96.06900000000003 4.824448
97.07000000000004 5.257664
98.07200000000003 5.437312
99.07300000000004 5.443712
100.07400000000004 4.485184
101.07500000000005 4.622912
102.08000000000004 3.93344
103.08900000000004 4.25536
104.09000000000005 4.776128
105.10900000000005 4.38668
106.11000000000006 4.9184
107.11100000000006 4.933888
108.11200000000007 5.202944
109.15800000000007 4.605568
110.15900000000008 5.170112
111.16000000000008 3.014144
112.16100000000009 5.07616
113.16200000000009 5.08256
114.18900000000009 4.594624
115.1900000000001 5.115392
116.1910000000001 4.382144
117.1920000000001 4.791616
118.2000000000001 5.060672
119.24900000000011 3.620608
120.2600000000001 3.670792
121.27000000000011 5.52032
122.2720000000001 4.671232
123.27300000000011 5.060672
124.3080000000001 3.98176
125.30900000000011 4.86368
126.31000000000012 4.977664
127.31100000000012 4.42592
128.31200000000013 4.42592
129.31900000000013 4.539904
130.32000000000014 5.159168
131.38900000000012 4.375744
132.39000000000013 5.443712
133.39100000000013 4.52896
134.39200000000014 3.462848
135.39800000000014 4.55724
136.48000000000013 4.944832
137.48100000000014 5.257664
138.48200000000014 5.02144
139.48800000000014 5.071616
140.48900000000015 4.539904
141.49900000000014 5.104448
142.50900000000013 4.791616
143.51000000000013 5.071616
144.51100000000014 4.550848
145.51800000000014 4.688552
146.52800000000013 4.863704
147.54800000000014 3.565888
148.67200000000014 3.977216
149.72800000000015 5.76564
150.72900000000016 5.213888
151.73000000000016 4.239872
152.73700000000017 4.824448
153.73800000000017 4.896512
154.73900000000017 4.791616
155.74000000000018 4.732352
156.78700000000018 4.058368
157.78800000000018 4.874624
158.7890000000002 4.53536
159.7900000000002 4.222528
160.7920000000002 4.874624
161.7930000000002 4.74784
162.7980000000002 4.524416
163.8070000000002 4.69952
164.8090000000002 3.67532
165.81200000000018 5.859584
166.8130000000002 4.594624
167.8150000000002 4.776128
168.8170000000002 4.397632
169.8390000000002 4.874624
170.8470000000002 5.07616
171.8480000000002 4.9184
172.8570000000002 4.725952
173.8580000000002 5.57504
174.8590000000002 4.813504
175.86100000000022 5.509376
176.86300000000023 4.999552
178.0270000000002 5.305984
179.0780000000002 4.163272
180.1070000000002 5.67808
181.1090000000002 5.126336
182.11100000000022 4.725952
183.1140000000002 4.830848
184.1150000000002 4.958488
185.11700000000022 4.488872
186.11800000000022 4.436864
187.1280000000002 4.671232
188.14200000000022 5.071616
189.1570000000002 4.277096
190.15800000000021 3.331672
191.1670000000002 4.26176
192.1680000000002 5.476544
193.1690000000002 5.07616
194.2470000000002 4.791616
195.2570000000002 5.290496
196.2670000000002 4.539904
197.2680000000002 5.4656
198.2690000000002 4.769728
199.2700000000002 5.049728
200.2870000000002 4.561792
201.2970000000002 5.08256
202.3070000000002 4.912
203.3080000000002 4.787072
204.34700000000018 4.704064
205.34800000000018 5.290496
206.3560000000002 4.491584
207.3570000000002 4.550848
208.3590000000002 5.192
209.3660000000002 4.69312
210.36700000000022 4.984064
211.36800000000022 4.299136
212.3770000000002 5.224832
213.3780000000002 4.441408
214.37900000000022 4.31648
215.38000000000022 4.20704
216.41500000000022 4.003648
217.42600000000022 5.323328
218.42700000000022 4.660288
219.4360000000002 4.557248
220.4460000000002 4.6448
221.4470000000002 3.773824
222.4480000000002 5.498432
223.45600000000022 4.857272
224.45700000000022 5.476544
225.45800000000023 4.616512
226.46000000000024 5.421824
227.46200000000024 4.824448
228.50600000000026 5.327872
229.51600000000025 5.235776
230.51700000000025 4.627456
231.51800000000026 4.940288
232.56500000000025 4.85728
233.56600000000026 5.585984
234.56700000000026 5.065216
235.56800000000027 5.202944
236.57600000000028 4.649344
237.57700000000028 5.08256
238.5780000000003 4.266304
239.5790000000003 4.360256
240.6560000000003 5.119936
241.6670000000003 5.181056
242.67600000000027 4.769728
243.68600000000026 4.765184
244.73600000000027 4.944832
245.73700000000028 5.115392
246.7450000000003 4.955776
247.7460000000003 5.312384
248.7480000000003 4.594624
249.7490000000003 4.272704
250.7500000000003 4.633856
251.75100000000032 3.791176
252.7550000000003 4.835392
253.7650000000003 4.185128
254.7850000000003 4.419544
255.7860000000003 4.97312
256.7870000000003 4.524416
257.7890000000003 4.539904
258.9050000000003 5.371496
259.9150000000003 3.320728
260.9170000000003 3.71456
261.92600000000033 5.279528
262.9270000000003 4.835416
263.9290000000003 4.327424
264.9310000000003 4.655744
265.93300000000033 4.539904
266.9340000000003 5.115384
267.9460000000003 4.211584
268.9470000000003 5.016896
270.0160000000003 4.14592
271.0170000000003 4.9184
272.08500000000026 4.901056
273.08600000000024 5.148224
274.1040000000002 4.682176
275.1350000000002 5.071616
276.1660000000002 4.3712
277.1670000000002 4.52896
278.1680000000002 4.841792
279.16900000000015 4.441408
280.17200000000014 4.97312
281.1730000000001 4.305536
282.1860000000001 4.879168
283.2660000000001 5.196544
284.26700000000005 5.016896
285.26800000000003 4.677632
286.269 4.682176
287.284 5.192
288.28499999999997 3.828544
289.46999999999997 4.830848
290.48499999999996 5.393536
291.48599999999993 4.776128
292.5039999999999 4.189696
293.5049999999999 3.889664
294.50599999999986 5.148224
295.52399999999983 4.080256
296.5249999999998 5.082568
297.5829999999998 4.74784
298.5839999999998 2.210688
299.62299999999976 4.331968
300.6339999999998 4.885568
301.69499999999977 4.955776
302.69599999999974 5.388992
303.6969999999997 4.955776
304.7039999999997 5.159168
305.7239999999997 4.736896
306.7249999999997 5.202944
307.72599999999966 4.912
308.7299999999997 4.97312
309.7319999999997 4.627456
310.7419999999997 5.191928
311.74299999999965 4.813576
312.74399999999963 5.312384
313.7519999999996 4.430464
314.7529999999996 5.093504
315.7629999999996 4.616512
316.76399999999956 5.279552
317.77299999999957 4.649344
318.79299999999955 5.388992
319.80299999999954 5.02144
320.80499999999955 4.798016
321.80599999999953 4.605568
322.8069999999995 5.071616
323.8089999999995 4.52896
