1.001 3.156416
2.009 3.108096
3.0389999999999997 3.357952
4.0409999999999995 4.108544
5.0489999999999995 3.528512
6.049999999999999 3.44096
7.050999999999998 4.611968
8.051999999999998 4.20064
9.052999999999997 4.568192
10.058999999999997 3.944384
11.059999999999997 3.024936
12.060999999999996 2.007448
13.069999999999997 2.849984
14.148999999999997 3.036032
15.149999999999997 3.151872
16.150999999999996 2.313728
17.157999999999998 2.280896
18.159 3.200192
19.168 2.937536
20.279 2.499768
21.28 2.112192
22.282 1.58048
23.289 2.560896
24.299000000000003 2.598272
25.300000000000004 1.919744
26.308000000000003 1.882368
27.310000000000002 1.821248
28.311000000000003 2.269952
29.318000000000005 2.29824
30.329000000000004 2.215232
31.339000000000006 1.79936
32.34 2.746944
33.348000000000006 2.248064
34.349000000000004 2.248064
35.35 1.96992
36.359 1.908728
37.368 1.963592
38.369 1.9152
39.379 1.427264
40.379999999999995 1.663488
41.388 1.646144
42.399 1.58688
43.409 1.668032
44.449 1.0944
45.458 1.466496
46.458999999999996 1.066112
47.468999999999994 1.116288
48.477999999999994 1.061568
49.48799999999999 1.25216
50.489999999999995 1.050624
51.507999999999996 1.181952
52.517999999999994 0.836288
53.54899999999999 0.897408
54.55799999999999 1.247616
55.55899999999999 1.295936
56.56799999999999 1.389888
57.57799999999999 1.20384
58.61799999999999 0.726848
59.627999999999986 0.569088
60.68799999999999 0.558144
61.70799999999999 0.2736
62.718999999999994 0.689472
63.727999999999994 0.792512
64.729 1.028736
65.738 1.411776
66.739 1.394432
67.928 1.69632
68.929 1.591424
69.938 1.794816
70.949 1.569536
71.958 1.980864
72.959 1.832192
74.00800000000001 1.79936
75.01500000000001 1.488384
76.01800000000001 1.554048
77.02800000000002 0.891008
78.03100000000002 0.8208
79.05800000000002 0.634752
80.07800000000002 1.241216
81.10300000000002 1.192896
82.10800000000002 1.105344
83.33800000000002 0.448704
84.35800000000002 0.584576
85.37200000000001 1.03968
86.38800000000002 1.455552
87.39800000000002 1.372544
88.40800000000003 1.740096
89.41800000000003 1.3616
90.42800000000004 1.96992
91.42900000000004 1.843136
92.43800000000005 1.400832
93.45800000000004 1.120832
94.45900000000005 2.02464
95.46800000000005 1.077056
96.51700000000005 0.755136
97.53700000000005 0.60192
98.53800000000005 1.302336
99.54000000000005 1.875968
100.55800000000005 1.875968
101.55900000000005 0.974016
103.77800000000005 0.700416
104.78800000000005 1.985408
105.78900000000006 2.736
106.79000000000006 2.226176
107.79100000000007 2.149568
108.79800000000007 2.904704
109.80800000000008 2.860928
110.80900000000008 2.911104
111.81000000000009 2.871872
112.81100000000009 2.663936
113.8180000000001 2.937536
114.8190000000001 2.434112
115.8270000000001 2.068416
116.8370000000001 1.153664
117.83800000000011 1.433664
118.84700000000011 1.153672
119.84800000000011 1.47744
120.85700000000011 1.280448
121.86700000000012 1.30688
122.90100000000012 0.8208
123.92600000000013 0.689472
124.92700000000013 0.372096
125.94700000000013 0.415872
126.95700000000014 0.507968
128.01800000000014 0.404928
129.03700000000015 0.339264
130.04700000000014 0.590976
131.05700000000013 1.444608
132.05800000000013 1.668032
133.07700000000014 1.788416
134.08800000000014 1.96992
135.09700000000012 1.700864
136.09800000000013 2.62656
137.09900000000013 2.324648
138.10900000000012 1.832216
139.14700000000013 0.689472
140.15700000000012 0.590976
141.15800000000013 1.48196
142.16700000000012 2.976768
143.16900000000012 2.138648
144.17700000000013 1.547648
145.18700000000013 1.849536
146.36700000000013 0.415872
147.37700000000012 1.339712
148.42700000000013 2.598272
149.43700000000013 2.473344
150.45700000000014 0.967616
151.46700000000013 1.236672
152.71900000000014 1.875968
153.72600000000014 1.772928
154.72700000000015 1.558592
155.73600000000013 1.729152
156.74600000000012 1.755584
157.74800000000013 1.849536
158.75600000000014 1.274048
159.75700000000015 1.740096
160.77600000000015 1.777472
161.78600000000014 2.123136
162.78700000000015 1.766528
163.79600000000013 1.958976
164.80600000000013 1.41632
165.84600000000012 2.215232
166.84700000000012 2.210688
167.84800000000013 2.368448
168.85600000000014 2.215232
169.85700000000014 2.29824
170.86600000000013 1.996352
171.90600000000012 2.01824
172.90700000000012 2.363904
173.92700000000013 1.74464
174.93600000000012 2.210688
175.9460000000001 1.25216
176.94700000000012 1.718208
177.9560000000001 1.591424
178.9660000000001 1.75104
179.97500000000008 1.74464
180.99600000000007 2.007296
182.00600000000006 1.96992
183.01600000000005 1.547648
184.01800000000006 2.07936
185.02700000000004 1.96352
186.03500000000005 2.34656
187.03600000000006 1.80576
188.04500000000004 1.357056
189.07500000000005 0.836288
190.20500000000004 0.21888
191.20600000000005 1.608768
192.20700000000005 1.74464
193.21500000000006 1.783872
194.21600000000007 1.394432
195.22500000000005 1.608768
196.22700000000006 1.646144
197.23500000000007 1.9152
198.23600000000008 1.6352
199.32500000000007 2.029184
200.33600000000007 1.80576
201.34700000000007 1.503872
202.35500000000008 1.368
203.36500000000007 1.58688
204.36600000000007 1.230272
205.36700000000008 1.6416
206.38500000000008 1.30688
207.39500000000007 1.357056
208.40500000000006 0.864576
209.41500000000005 1.503872
210.53500000000005 2.215232
211.53600000000006 1.181952
212.65700000000007 2.105792
213.69500000000008 3.265856
214.69600000000008 2.418624
215.70500000000007 1.722752
216.71800000000007 2.013696
217.72500000000008 1.930688
218.72600000000008 2.040128
219.73500000000007 2.62656
220.74500000000006 2.007296
221.74700000000007 2.357504
222.74900000000008 2.1888
223.75500000000008 2.248064
224.75600000000009 2.631104
225.76500000000007 2.94848
226.85600000000008 2.368448
227.86500000000007 2.232576
228.87800000000007 1.6352
229.89500000000007 1.411776
230.90500000000006 1.394432
231.90600000000006 2.13408
232.90700000000007 1.74464
233.91600000000005 2.451456
234.91800000000006 1.886912
235.91900000000007 2.67488
236.93400000000005 3.419072
237.93800000000005 4.031936
238.94000000000005 3.780224
239.95200000000006 3.539456
240.95300000000006 2.871872
241.95800000000006 2.992256
242.97100000000006 3.101696
243.97200000000007 3.594176
244.97800000000007 4.185152
245.98800000000006 3.211136
246.98900000000006 3.211136
247.99000000000007 3.484736
249.00500000000005 3.911552
250.00800000000004 3.349728
251.04800000000003 3.285024
252.10800000000003 3.287744
253.10900000000004 3.140928
254.11000000000004 3.353408
255.11100000000005 3.036032
256.11800000000005 2.565416
257.2710000000001 3.068888
258.2780000000001 3.791168
259.28800000000007 3.090752
260.28900000000004 2.992256
261.29 3.627008
262.298 3.397184
263.299 3.320576
264.29999999999995 2.981312
265.30799999999994 3.134528
266.3089999999999 3.583232
267.3179999999999 3.134528
268.3279999999999 3.05792
269.33899999999994 2.860928
270.3469999999999 2.598272
271.35799999999995 2.248064
272.36799999999994 2.768832
273.3689999999999 3.123584
274.4079999999999 3.92704
275.4089999999999 4.130432
276.4179999999999 3.911552
277.41899999999987 3.342464
278.41999999999985 3.473792
279.42699999999985 2.587328
280.4279999999998 3.233024
281.4289999999998 3.60512
282.4379999999998 3.408128
283.44699999999983 3.561344
284.4479999999998 2.970368
285.4569999999998 2.29184
286.6279999999998 0.426816
287.63699999999983 1.783872
288.6379999999998 2.094848
289.6469999999998 1.821248
290.6479999999998 1.827648
291.6569999999998 1.602368
292.6579999999998 1.926144
293.6669999999998 1.383488
294.6679999999998 1.335168
295.66899999999976 1.766528
296.67699999999974 1.554048
297.7069999999997 1.116288
298.80699999999973 0.945728
299.8079999999997 1.575936
300.8169999999997 1.41632
301.8179999999997 1.58688
302.8269999999997 1.53216
303.8369999999997 1.30688
304.8569999999997 1.47744
305.85799999999966 0.825352
306.85899999999964 1.072512
307.86799999999965 1.324224
308.87699999999967 1.284992
309.88699999999966 1.214784
310.92599999999965 1.372544
311.9269999999996 1.521216
312.9369999999996 1.236672
313.94599999999963 1.383488
314.95699999999965 1.53216
315.96599999999967 1.153664
317.0059999999997 0.645696
318.00699999999966 0.787968
319.0569999999997 1.58048
320.05799999999965 1.882368
321.06699999999967 1.591424
322.0759999999997 0.777024
323.07699999999966 1.31328
324.07799999999963 1.974464
325.08699999999965 2.123136
326.0879999999996 1.624256
