1.001 3.419072
2.01 4.141376
3.0109999999999997 4.294592
4.039 4.058368
5.039999999999999 4.48064
6.040999999999999 4.272704
7.0699999999999985 4.3648
8.070999999999998 3.922496
9.071999999999997 3.659848
10.072999999999997 3.5504
11.073999999999996 3.079808
12.077999999999996 3.692672
13.088999999999995 4.196096
14.089999999999995 3.648896
15.091999999999995 3.211136
16.097999999999995 3.134528
17.098999999999997 3.123584
18.099999999999998 4.082968
19.101 3.328808
20.102999999999998 4.0976
21.107 4.0976
22.108999999999998 4.622912
23.11 3.806656
24.111 4.86368
25.112000000000002 3.791168
26.118000000000002 3.156416
27.128000000000004 2.247992
28.129000000000005 2.390408
29.138000000000005 2.528064
30.150000000000006 2.062016
31.158000000000005 2.094848
32.169000000000004 2.806208
33.178000000000004 2.440512
34.188 1.153664
35.189 2.002752
36.198 1.952576
37.209 1.53216
38.21 1.30688
39.218 1.575936
40.219 1.68992
41.228 1.740096
42.238 1.492928
43.239 2.166912
44.248 2.116736
45.248999999999995 1.919744
46.24999999999999 1.827648
47.257999999999996 1.657088
48.269 2.02464
49.269999999999996 1.96352
50.278 2.13408
51.278999999999996 2.051072
52.29 2.094848
53.357 2.466944
54.358 2.604672
55.376999999999995 2.072808
56.38699999999999 1.87612
57.38799999999999 2.560896
58.38899999999999 2.34656
59.39699999999999 2.795264
60.39799999999999 2.94848
61.41699999999999 3.528504
62.426999999999985 2.849984
63.42799999999998 3.517568
64.43699999999998 3.287744
65.43799999999999 3.014144
66.46699999999998 2.652992
67.47599999999998 2.736
68.47699999999999 2.89376
69.48599999999999 2.379392
70.496 2.193344
71.556 2.904704
72.557 2.84544
73.566 2.795264
74.56700000000001 1.843136
75.56800000000001 2.327392
76.57500000000002 2.448736
77.57600000000002 2.138624
78.57700000000003 2.40128
79.57800000000003 2.396736
80.58500000000004 2.259008
81.58600000000004 2.23712
82.78600000000004 2.521664
83.79500000000004 2.539008
84.79600000000005 2.12768
85.80600000000005 2.313728
86.81500000000005 2.692224
87.81600000000006 2.193344
88.82500000000006 2.12768
89.82600000000006 2.915648
90.82700000000007 3.287744
91.86700000000008 2.751488
93.05500000000008 3.254912
94.05600000000008 4.185152
95.05700000000009 4.20704
96.05800000000009 3.911552
97.0590000000001 4.124032
98.06400000000009 4.458752
99.06700000000009 4.04288
100.06900000000009 3.265856
101.07500000000009 3.309632
102.0850000000001 3.320576
103.0860000000001 3.353408
104.0940000000001 3.572288
105.0950000000001 3.539456
106.1240000000001 3.861376
107.12600000000009 3.93344
108.13500000000009 3.342472
109.1360000000001 3.681728
110.1450000000001 3.430016
111.1460000000001 3.692672
112.1470000000001 3.856832
113.15400000000011 3.484736
114.1650000000001 2.718656
115.16600000000011 3.233024
116.16700000000012 3.05792
117.17400000000012 2.94848
118.18400000000013 3.014144
119.18500000000013 2.532608
120.19400000000013 2.823552
121.19500000000014 2.773376
122.19600000000014 3.89692
123.19700000000014 3.350672
124.25400000000015 3.222104
125.32500000000014 3.2768
126.34400000000015 3.265856
127.38600000000015 3.287744
128.38700000000014 4.119488
129.39400000000015 4.33836
130.39600000000016 3.583232
131.40400000000017 3.38624
132.40500000000017 3.408128
133.41500000000016 3.506624
134.42400000000015 3.364352
135.44400000000016 3.784768
136.44500000000016 3.572288
137.44600000000017 4.360256
138.46500000000017 5.174656
139.47500000000016 4.765184
140.48400000000015 5.054272
141.48500000000016 4.874624
142.49300000000017 4.955776
143.49400000000017 4.907456
144.49500000000018 3.966272
145.49600000000018 2.89376
146.5040000000002 2.642048
147.5050000000002 2.29184
148.51400000000018 2.703168
149.52300000000017 2.423168
150.52400000000017 2.51072
151.52500000000018 2.806208
152.55400000000017 2.357504
153.56300000000016 2.801664
154.57400000000015 3.648896
155.57500000000016 2.915648
156.58300000000017 2.609216
157.59400000000016 2.62016
158.61400000000017 2.434112
159.70400000000018 2.642048
160.77300000000017 3.265704
161.77400000000017 2.68128
162.78300000000016 1.580632
163.78400000000016 3.145472
164.78500000000017 2.718656
165.79300000000018 2.823552
166.80200000000016 2.051072
167.80300000000017 2.23712
168.81200000000015 2.35296
169.82200000000014 2.083904
170.83200000000014 2.083904
171.84100000000012 2.35296
172.84200000000013 2.23712
173.8510000000001 2.051072
174.85900000000012 2.823552
175.86000000000013 2.718656
176.86100000000013 3.145472
177.87000000000012 1.580632
178.87100000000012 2.68128
179.9400000000001 3.265704
181.03000000000011 2.642048
182.05000000000013 2.434112
183.06100000000012 2.62016
184.06900000000013 2.609216
185.07000000000014 2.915648
186.08100000000013 3.648896
187.09000000000012 2.801664
188.1190000000001 2.357504
189.12000000000012 2.806208
190.12100000000012 2.51072
191.1300000000001 2.423168
192.1390000000001 2.703168
193.1400000000001 2.29184
194.1480000000001 2.642048
195.14900000000011 2.89376
196.15000000000012 3.966272
197.15100000000012 4.907456
198.15900000000013 4.955776
199.16000000000014 4.874624
200.16900000000012 5.054272
201.17900000000012 4.765184
202.19800000000012 5.174656
203.19900000000013 4.360256
204.20000000000013 3.572288
205.22000000000014 3.784768
206.22900000000013 3.364352
207.23900000000012 3.506624
208.24000000000012 3.408128
209.24800000000013 3.38624
210.25000000000014 3.583232
211.25700000000015 4.33836
212.25800000000015 4.119488
213.30000000000015 3.287744
214.31900000000016 3.265856
215.39000000000016 3.2768
216.44700000000014 3.222104
217.44800000000015 3.350672
218.44900000000015 3.89692
219.45000000000016 2.773376
220.45900000000015 2.823552
221.46000000000015 2.532608
222.47000000000014 3.014144
223.47700000000015 2.94848
224.47800000000015 3.05792
225.47900000000016 3.233024
226.49000000000015 2.718656
227.49700000000016 3.484736
228.49800000000016 3.856832
229.49900000000017 3.692672
230.50800000000015 3.430016
231.50900000000016 3.681728
232.51800000000014 3.342472
233.52000000000015 3.93344
234.54900000000015 3.861376
235.55000000000015 3.539456
236.55800000000016 3.572288
237.55900000000017 3.353408
238.56900000000016 3.320576
239.57500000000016 3.309632
240.57700000000017 3.265856
241.58000000000015 4.04288
242.58500000000015 4.458752
243.58600000000015 4.124032
244.58700000000016 3.911552
245.58800000000016 4.20704
246.58900000000017 4.185152
247.77700000000016 3.254912
248.81700000000015 2.751488
249.81800000000015 3.287744
250.81900000000016 2.915648
251.82800000000015 2.12768
252.82900000000015 2.193344
253.83800000000014 2.692224
254.84800000000013 2.313728
255.84900000000013 2.12768
256.8580000000001 2.539008
258.0580000000001 2.521664
259.0590000000001 2.23712
260.0660000000001 2.259008
261.06700000000006 2.396736
262.06800000000004 2.40128
263.069 2.138624
264.076 2.448736
265.077 2.327392
266.078 1.843136
267.087 2.795264
268.08799999999997 2.84544
269.14799999999997 2.904704
270.15799999999996 2.193344
271.167 2.379392
272.16799999999995 2.89376
273.17699999999996 2.736
274.20599999999996 2.652992
275.20699999999994 3.014144
276.21599999999995 3.287744
277.2169999999999 3.517568
278.2269999999999 2.849984
279.2459999999999 3.528504
280.2469999999999 2.94848
281.2549999999999 2.795264
282.25599999999986 2.34656
283.25699999999983 2.560896
284.2669999999998 1.87612
285.28599999999983 2.072808
286.2869999999998 2.604672
287.3539999999998 2.466944
288.36499999999984 2.094848
289.3659999999998 2.051072
290.3739999999998 2.13408
291.3749999999998 1.96352
292.3859999999998 2.02464
293.3939999999998 1.657088
294.39499999999975 1.827648
295.39599999999973 1.919744
296.40499999999975 2.116736
297.4059999999997 2.166912
298.4159999999997 1.492928
299.4249999999997 1.740096
300.4259999999997 1.68992
301.4339999999997 1.575936
302.43499999999966 1.30688
303.4459999999997 1.53216
304.4549999999997 1.952576
305.4559999999997 2.002752
306.46599999999967 1.153664
307.4749999999997 2.440512
308.4859999999997 2.806208
309.4939999999997 2.094848
310.5059999999997 2.062016
311.5149999999997 2.528064
312.5159999999997 2.390408
313.52599999999967 2.247992
314.53199999999964 3.156416
315.5329999999996 3.791168
316.5339999999996 4.86368
317.53499999999957 3.806656
318.5369999999996 4.622912
319.5409999999996 4.0976
320.5429999999996 4.0976
321.5439999999996 3.328808
322.54499999999956 4.082968
323.54599999999954 3.123584
