1.001 0.788312
2.01 1.07088
3.03 0.851408
4.16 0.944464
5.341 1.493752
6.349 0.849072
7.35 0.954976
8.359 1.077144
9.361 1.2696
10.370000000000001 1.20976
11.379000000000001 1.209592
12.38 1.212504
13.541 1.186856
14.55 1.255928
15.659 1.02612
16.669 1.381728
17.69 0.940296
18.919 0.92492
19.922 0.838168
20.929000000000002 0.807976
21.939000000000004 0.82216
23.129000000000005 1.010632
24.130000000000006 1.101832
25.159000000000006 0.661848
26.390000000000008 0.692624
27.60000000000001 1.313728
28.60100000000001 1.068696
29.60900000000001 1.269992
30.61000000000001 1.38848
31.77900000000001 1.182152
32.78900000000001 1.238048
33.84000000000001 1.108648
34.94900000000001 1.190168
35.969000000000015 0.996968
36.988000000000014 0.472456
38.799000000000014 0.21888
39.829000000000015 0.356712
40.83000000000001 0.69356
41.83900000000001 1.024928
42.91900000000001 1.267784
44.009000000000015 1.135544
45.109000000000016 0.965368
46.128000000000014 0.723728
47.23900000000001 0.407608
48.44400000000001 1.240048
49.44600000000001 0.741584
50.60900000000001 1.345488
51.61000000000001 1.424768
52.61900000000001 1.255488
53.629000000000005 0.966776
54.63 1.050712
55.639 1.272824
56.819 1.23892
57.821000000000005 1.25748
58.82900000000001 1.313984
59.89900000000001 1.2318
60.91000000000001 1.407344
62.46800000000001 1.139928
63.46900000000001 0.485904
64.477 0.731
65.50800000000001 0.715208
66.51800000000001 0.302944
67.52800000000002 0.796928
68.60600000000002 0.659584
69.70800000000003 0.974944
70.71800000000003 1.092952
71.72800000000004 0.56528
72.73800000000004 0.845808
73.74700000000004 0.609168
74.74900000000004 0.684304
75.77700000000004 0.682488
76.77800000000005 0.907464
77.81800000000005 0.754576
78.84800000000006 0.60732
79.90700000000005 0.538816
80.91700000000006 0.582808
82.06800000000005 0.52404
83.07700000000006 0.393984
84.08700000000006 0.35356
85.13700000000006 0.747448
86.25700000000006 0.816616
87.28700000000006 0.816224
88.29700000000007 0.778376
89.48700000000007 0.716488
90.50700000000006 0.612512
91.51700000000007 0.583992
92.52700000000007 0.696976
93.54700000000007 0.766088
94.76700000000007 1.014488
95.76800000000007 1.118664
96.77700000000007 0.790472
97.98700000000007 1.01912
99.00700000000006 0.799168
100.01700000000007 0.416552
101.02700000000007 0.492472
102.03700000000008 0.967584
103.04700000000008 1.108208
104.05700000000009 0.65028
105.07800000000009 0.68616
106.17700000000009 0.62888
107.1870000000001 0.659416
108.2470000000001 0.73932
109.2570000000001 0.566744
110.4440000000001 1.170888
111.4460000000001 1.236224
112.4860000000001 0.724568
113.4980000000001 1.1282
114.5060000000001 0.9368
115.5860000000001 0.93544
116.5960000000001 0.960688
117.8150000000001 0.90692
119.0350000000001 1.03744
120.0510000000001 0.650704
121.0540000000001 0.59772
122.0550000000001 0.679736
123.14500000000011 0.657872
124.15400000000011 0.623224
125.17300000000012 0.70428
126.18400000000011 0.625672
127.19300000000011 0.942232
128.20400000000012 0.563896
129.39400000000012 0.739424
130.40200000000013 0.960392
131.46400000000014 0.603064
132.57400000000015 1.090808
133.58300000000014 1.018
134.58400000000015 0.834368
135.59400000000014 0.8528
136.60300000000012 0.901128
137.61600000000013 0.745632
138.65300000000013 0.536776
139.66400000000013 0.884136
140.88300000000012 1.095776
141.89300000000011 1.036312
142.91200000000012 1.222112
143.91400000000013 1.120352
144.92200000000014 0.940856
145.93200000000013 0.581744
146.93300000000013 0.773096
148.03200000000012 0.915016
149.03300000000013 1.043496
150.22200000000012 1.009528
151.2320000000001 0.795888
152.28200000000012 0.62744
153.29200000000012 0.653656
154.3020000000001 0.65664
155.3320000000001 0.38604
156.38200000000012 0.207936
157.47200000000012 0.590512
158.47300000000013 1.017904
159.49200000000013 0.829128
160.57300000000012 1.038048
161.77200000000013 0.979368
162.95300000000015 0.957616
164.09300000000013 0.964352
165.10200000000012 0.894752
166.21100000000013 0.495416
167.43100000000013 0.42544
168.44100000000012 0.45724
169.4510000000001 0.47456
170.4610000000001 0.610992
171.5510000000001 0.42624
172.5610000000001 0.582624
173.5680000000001 0.893744
174.5910000000001 0.685272
175.60100000000008 0.686632
176.61100000000008 0.570176
177.62100000000007 0.56632
178.65100000000007 0.452072
179.66100000000006 0.717736
180.67100000000005 0.941368
181.68100000000004 0.539808
182.69100000000003 1.113264
183.70100000000002 0.982104
184.70200000000003 1.088368
185.711 0.877208
186.721 0.910864
187.731 1.11372
188.732 1.17756
189.891 1.056648
190.90099999999998 1.047496
191.91099999999997 0.839232
192.92099999999996 0.909528
193.98099999999997 0.937984
195.07099999999997 0.911672
196.23099999999997 0.995664
197.23199999999997 1.26512
198.33099999999996 0.647976
199.34099999999995 0.393984
200.34999999999994 0.45652
201.46999999999994 0.71684
202.47899999999993 0.541656
203.51899999999992 0.339264
204.51999999999992 0.494944
205.5289999999999 0.58352
206.5699999999999 0.549688
207.57199999999992 0.745928
208.6899999999999 0.783608
209.6999999999999 0.708576
210.7789999999999 0.772136
211.77999999999992 1.1076
212.79999999999993 0.933144
213.80999999999992 0.280144
214.8189999999999 0.782984
215.8309999999999 0.85096
216.8499999999999 0.90816
217.8589999999999 0.674256
218.8699999999999 0.597312
219.87899999999988 0.534048
220.96999999999989 0.735
221.9709999999999 1.040528
223.0599999999999 1.177184
224.09999999999988 1.23536
225.10999999999987 1.378024
226.12999999999988 0.863952
227.15999999999988 1.035528
228.33899999999988 1.162264
229.34799999999987 1.004008
230.34899999999988 0.92616
231.35899999999987 0.772232
232.35999999999987 1.105928
233.38799999999986 0.627792
234.39799999999985 1.031256
235.39899999999986 1.116112
236.46699999999987 1.327344
237.46799999999988 1.492168
238.46899999999988 1.087808
239.48599999999988 1.161256
240.57699999999988 0.839696
241.5779999999999 1.168664
242.69599999999988 1.640824
243.88599999999988 1.695192
244.89699999999988 0.994
244.99299999999988 0.2736
246.00299999999987 1.662816
247.00399999999988 1.952656
248.06299999999987 0.258648
249.06399999999988 0.2736
250.13299999999987 0.241144
251.39299999999986 0.485616
252.41499999999985 0.496016
253.43299999999985 0.740264
254.59299999999985 1.207056
255.60199999999983 1.235
256.60299999999984 1.051296
257.61199999999985 1.230688
258.82199999999983 1.050512
259.8319999999998 1.356696
260.84099999999984 1.286656
261.8419999999998 1.34504
262.8429999999998 0.96076
263.84399999999977 1.30328
265.0929999999998 1.248424
266.2929999999998 1.494536
267.29399999999976 1.235616
268.29499999999973 1.332664
269.30199999999974 1.348384
270.48199999999974 1.248416
271.48399999999975 1.357368
272.68199999999973 1.34808
273.8219999999997 1.327224
274.8229999999997 1.015048
275.9719999999997 1.264512
276.9809999999997 1.031144
278.0409999999997 0.910512
279.0419999999997 1.02468
280.2409999999997 1.580152
281.2529999999997 1.301664
282.4419999999997 1.346344
283.46299999999974 1.374544
284.4829999999997 1.511616
285.86199999999974 1.244608
286.96099999999973 1.558712
288.1419999999997 1.434072
289.1619999999997 1.25892
290.2209999999997 1.289008
291.4619999999997 1.38408
292.5919999999997 1.194616
293.6119999999997 1.1334
294.75199999999967 1.249424
295.84199999999964 0.84064
296.8429999999996 0.851696
297.9209999999996 1.046504
298.9719999999996 1.345832
300.12199999999956 1.406528
301.1309999999996 0.960136
302.16799999999955 0.562344
303.25199999999955 1.298584
304.25299999999953 1.37172
305.26199999999955 1.226424
306.2629999999995 1.316744
307.46199999999953 1.2252
308.6019999999995 1.647808
309.6029999999995 1.86752
310.6119999999995 0.905688
311.6319999999995 1.184328
312.63299999999947 0.944488
313.71099999999944 0.952952
314.72099999999944 0.70584
315.7219999999994 0.788312
316.7419999999994 0.94344
317.74299999999937 0.853032
318.7519999999994 1.072248
319.7609999999994 1.083624
320.7709999999994 1.101688
321.8299999999994 1.347224
322.8309999999994 1.334456
323.8399999999994 0.747768
324.9099999999994 0.898096
326.0109999999994 1.045712
327.0199999999994 0.82952
328.0299999999994 0.786888
329.0399999999994 0.809808
330.0419999999994 0.818608
331.0499999999994 0.602288
332.05099999999936 0.947
333.0599999999994 0.775608
334.06999999999937 0.565504
335.12999999999937 0.722664
336.2299999999994 1.127112
