1.001 5.07616
2.002 5.08256
3.029 4.594624
4.029999999999999 5.115392
5.030999999999999 4.382144
6.031999999999998 4.791616
7.039999999999998 5.060672
8.088999999999999 3.620608
9.099999999999998 3.670792
10.109999999999998 5.52032
11.111999999999998 4.671232
12.112999999999998 5.060672
13.147999999999998 3.98176
14.148999999999997 4.86368
15.149999999999997 4.977664
16.150999999999996 4.42592
17.151999999999997 4.42592
18.159 4.539904
19.16 5.159168
20.229 4.375744
21.23 5.443712
22.231 4.52896
23.232000000000003 3.462848
24.238000000000003 4.55724
25.320000000000004 4.944832
26.321000000000005 5.257664
27.322000000000006 5.02144
28.328000000000007 5.071616
29.329000000000008 4.539904
30.33900000000001 5.104448
31.34900000000001 4.791616
32.35000000000001 5.071616
33.351000000000006 4.550848
34.358000000000004 4.688552
35.368 4.863704
36.388000000000005 3.565888
37.51200000000001 3.977216
38.568000000000005 5.76564
39.569 5.213888
40.57 4.239872
41.577 4.824448
42.577999999999996 4.896512
43.57899999999999 4.791616
44.57999999999999 4.732352
45.62699999999999 4.058368
46.627999999999986 4.874624
47.628999999999984 4.53536
48.62999999999998 4.222528
49.631999999999984 4.874624
50.63299999999998 4.74784
51.637999999999984 4.524416
52.646999999999984 4.69952
53.64899999999999 3.67532
54.65199999999999 5.859584
55.652999999999984 4.594624
56.65499999999999 4.776128
57.65699999999999 4.397632
58.67899999999999 4.874624
59.68699999999999 5.07616
60.68799999999999 4.9184
61.69699999999999 4.725952
62.697999999999986 5.57504
63.698999999999984 4.813504
64.70099999999998 5.509376
65.70299999999997 4.999552
66.86699999999998 5.305984
67.91799999999998 4.163272
68.94699999999997 5.67808
69.94899999999997 5.126336
70.95099999999996 4.725952
71.95399999999997 4.830848
72.95499999999997 4.958488
73.95699999999997 4.488872
74.95799999999997 4.436864
75.96799999999998 4.671232
76.98199999999997 5.071616
77.99699999999997 4.277096
78.99799999999998 3.331672
80.00699999999998 4.26176
81.00799999999998 5.476544
82.00899999999999 5.07616
83.08699999999999 4.791616
84.097 5.290496
85.107 4.539904
86.108 5.4656
87.10900000000001 4.769728
88.11000000000001 5.049728
89.12700000000001 4.561792
90.13700000000001 5.08256
91.14700000000002 4.912
92.14800000000002 4.787072
93.18700000000003 4.704064
94.18800000000003 5.290496
95.19600000000003 4.491584
96.19700000000003 4.550848
97.19900000000003 5.192
98.20600000000003 4.69312
99.20700000000004 4.984064
100.20800000000004 4.299136
101.21700000000004 5.224832
102.21800000000005 4.441408
103.21900000000005 4.31648
104.22000000000006 4.20704
105.25500000000005 4.003648
106.26600000000005 5.323328
107.26700000000005 4.660288
108.27600000000005 4.557248
109.28600000000006 4.6448
110.28700000000006 3.773824
111.28800000000007 5.498432
112.29600000000006 4.857272
113.29700000000007 5.476544
114.29800000000007 4.616512
115.30000000000007 5.421824
116.30200000000006 4.824448
117.34600000000006 5.327872
118.35600000000007 5.235776
119.35700000000007 4.627456
120.35800000000008 4.940288
121.40500000000007 4.85728
122.40600000000008 5.585984
123.40700000000008 5.065216
124.40800000000009 5.202944
125.41600000000008 4.649344
126.41700000000009 5.08256
127.41800000000009 4.266304
128.4190000000001 4.360256
129.4960000000001 5.119936
130.5070000000001 5.181056
131.51600000000008 4.769728
132.52600000000007 4.765184
133.57600000000008 4.944832
134.57700000000008 5.115392
135.5850000000001 4.955776
136.5860000000001 5.312384
137.5880000000001 4.594624
138.5890000000001 4.272704
139.59000000000012 4.633856
140.59100000000012 3.791176
141.5950000000001 4.835392
142.6050000000001 4.185128
143.6250000000001 4.419544
144.62600000000012 4.97312
145.62700000000012 4.524416
146.62900000000013 4.539904
147.74500000000015 5.371496
148.75500000000014 3.320728
149.75700000000015 3.71456
150.76600000000013 5.279528
151.76700000000014 4.835416
152.76900000000015 4.327424
153.77100000000016 4.655744
154.77300000000017 4.539904
155.77400000000017 5.115384
156.78600000000017 4.211584
157.78700000000018 5.016896
158.85600000000017 4.14592
159.85700000000017 4.9184
160.92500000000018 4.901056
161.9260000000002 5.148224
162.9440000000002 4.682176
163.9750000000002 5.071616
165.0060000000002 4.3712
166.0070000000002 4.52896
167.0080000000002 4.841792
168.0090000000002 4.441408
169.0120000000002 4.97312
170.0130000000002 4.305536
171.0260000000002 4.879168
172.10600000000022 5.196544
173.10700000000023 5.016896
174.10800000000023 4.677632
175.10900000000024 4.682176
176.12400000000022 5.192
177.12500000000023 3.828544
178.31000000000023 4.830848
179.32500000000022 5.393536
180.32600000000022 4.776128
181.34400000000022 4.189696
182.34500000000023 3.889664
183.34600000000023 5.148224
184.36400000000023 4.080256
185.36500000000024 5.082568
186.42300000000023 4.74784
187.42400000000023 2.210688
188.46300000000022 4.331968
189.47400000000022 4.885568
190.53500000000022 4.955776
191.53600000000023 5.388992
192.53700000000023 4.955776
193.54400000000024 5.159168
194.56400000000025 4.736896
195.56500000000025 5.202944
196.56600000000026 4.912
197.57000000000025 4.97312
198.57200000000026 4.627456
199.58200000000025 5.191928
200.58300000000025 4.813576
201.58400000000026 5.312384
202.59200000000027 4.430464
203.59300000000027 5.093504
204.60300000000026 4.616512
205.60400000000027 5.279552
206.61300000000026 4.649344
207.63300000000027 5.388992
208.64300000000026 5.02144
209.64500000000027 4.798016
210.64600000000027 4.605568
211.64700000000028 5.071616
212.64900000000029 4.52896
213.6500000000003 5.170112
214.6520000000003 3.3534
215.6530000000003 4.03648
216.6640000000003 4.940288
217.7530000000003 4.813504
218.7540000000003 5.005952
220.1210000000003 4.813504
221.1230000000003 3.484736
222.1240000000003 5.005952
223.1330000000003 4.6384
224.1530000000003 3.813056
225.1540000000003 5.08256
226.1550000000003 4.342912
227.16200000000032 4.874624
228.16300000000032 4.787072
229.16400000000033 4.03648
230.17200000000034 4.086656
231.17300000000034 4.393088
232.22400000000033 4.47424
233.22500000000034 5.334272
234.23300000000035 4.518016
235.24200000000033 3.692672
236.24300000000034 5.290496
237.24500000000035 4.868224
238.27100000000036 5.196544
239.27200000000036 5.268608
240.27300000000037 4.85728
241.27400000000037 5.126336
242.28100000000038 4.561792
243.28300000000038 5.509376
244.2840000000004 3.703616
245.2860000000004 4.364808
246.3020000000004 5.7392
247.3030000000004 5.108992
248.31200000000038 5.163712
249.3130000000004 5.761088
250.32200000000037 4.890112
251.32300000000038 5.4656
252.32400000000038 4.572736
253.3920000000004 5.284096
254.3930000000004 5.564072
255.40200000000038 4.933912
256.40300000000036 5.312384
257.4120000000004 4.791616
258.4210000000004 5.531256
259.42200000000037 5.152768
260.42300000000034 5.152768
261.43200000000036 5.4656
262.44200000000035 4.715008
263.4430000000003 5.257664
264.4510000000003 3.462848
265.4520000000003 3.839488
266.4610000000003 4.404032
267.4620000000003 3.966272
268.46300000000025 4.119488
269.47100000000023 3.92704
270.4720000000002 4.163264
271.4730000000002 4.185152
272.49100000000016 3.539456
273.5020000000002 4.141376
274.50300000000016 4.244416
275.50400000000013 4.119488
276.53200000000015 4.393088
277.55200000000013 4.85728
278.5530000000001 5.213888
279.5550000000001 4.550848
280.55700000000013 5.290496
281.5820000000001 4.408576
282.5830000000001 5.159168
283.58400000000006 4.715008
284.58500000000004 4.830848
285.612 4.047424
286.632 5.202944
287.652 4.627456
288.65299999999996 5.443712
289.65399999999994 4.485184
290.79599999999994 4.84164
291.7969999999999 2.773528
292.8119999999999 5.13728
293.8129999999999 3.59872
294.8149999999999 5.268608
295.9009999999999 4.485184
296.9019999999999 5.13728
297.90299999999985 4.780672
298.91099999999983 5.367104
299.92299999999983 4.375744
300.92499999999984 5.13728
301.97299999999984 4.704064
302.99199999999985 5.4656
303.9929999999998 4.39764
304.99499999999983 5.13728
306.0009999999998 4.671232
307.0019999999998 5.268608
308.0299999999998 4.539904
309.0309999999998 5.016896
310.06999999999977 4.813504
311.0719999999998 5.30144
312.0839999999998 4.824448
313.0909999999998 5.476544
314.09199999999976 4.704064
315.09399999999977 4.601024
316.1009999999998 4.58368
317.10199999999975 5.24672
318.10999999999973 4.58368
319.1109999999997 4.787072
320.1509999999997 5.054272
321.1519999999997 5.159168
322.1529999999997 4.912
323.16099999999966 5.30144
324.16299999999967 5.119936
