1.001 2.342016
2.01 2.160512
3.0109999999999997 2.488832
4.17 2.83904
5.170999999999999 2.95488
6.18 1.427264
7.180999999999999 2.269952
8.183 2.582784
9.190999999999999 2.532608
10.2 2.740544
11.209999999999999 3.11264
12.210999999999999 3.0032
13.229999999999999 3.025088
14.230999999999998 3.068864
15.239999999999998 3.44096
16.25 3.233024
17.251 3.430016
18.26 2.642048
19.262 2.90016
20.27 3.025096
21.271 2.7296
22.272000000000002 2.456
23.279000000000003 1.875968
24.290000000000003 2.539008
25.291000000000004 2.23712
26.300000000000004 1.996352
27.309000000000005 1.455552
28.319000000000006 1.400832
29.320000000000007 1.52576
30.322000000000006 2.29184
31.360000000000007 2.915648
32.38000000000001 3.287744
33.39000000000001 3.955328
34.39200000000001 2.871872
35.40000000000001 2.922048
36.41000000000001 2.576384
37.41100000000001 2.806208
38.43000000000001 2.981312
39.440000000000005 2.806208
40.449000000000005 2.007296
41.459 1.794816
42.489000000000004 1.481984
43.49 1.017792
44.501000000000005 0.919296
45.519000000000005 0.700416
46.529 0.847232
47.53 1.926144
48.539 1.777472
49.549 1.192896
50.589999999999996 1.460024
51.590999999999994 2.199744
52.599 1.558664
53.629 1.20384
54.638999999999996 0.689472
55.729 0.891008
56.739 1.455552
57.748999999999995 1.740096
58.751 1.514816
59.759 1.75104
60.76 1.897856
61.769 1.711808
62.778999999999996 2.331072
63.788999999999994 1.208384
64.79899999999999 1.389888
65.89899999999999 1.383488
66.90899999999999 1.794816
67.91099999999999 1.31328
68.91999999999999 1.241216
69.92899999999999 1.597824
70.939 1.591424
71.949 2.652992
73.109 2.915648
74.339 3.2768
75.342 3.250368
76.349 2.434112
77.35000000000001 2.466944
78.35900000000001 2.226176
79.36900000000001 2.440512
80.37000000000002 1.985408
81.37900000000002 2.12768
82.38000000000002 2.374848
83.38900000000002 2.105792
84.39900000000003 2.598272
85.40100000000002 1.871424
86.40900000000002 2.40128
87.41000000000003 2.335616
88.41100000000003 2.620152
89.42900000000003 1.772928
90.43000000000004 1.230272
91.43800000000003 2.057472
92.45800000000003 1.503872
93.46800000000003 0.963072
94.47900000000003 1.028736
95.48800000000003 0.803456
96.48900000000003 1.444608
97.49000000000004 2.029184
98.49900000000004 2.68128
99.50000000000004 2.368448
100.50100000000005 1.941632
101.54900000000005 2.642048
102.55000000000005 2.1888
103.55100000000006 2.598272
104.55900000000005 2.259008
105.60900000000005 2.78432
106.62000000000005 1.718208
107.63800000000005 1.25856
108.65900000000005 0.442304
109.66100000000004 1.411776
110.66400000000004 1.722752
111.66800000000005 2.123136
112.66900000000005 2.29184
113.67800000000005 2.412224
114.67900000000006 2.13408
115.68000000000006 2.105792
116.70100000000006 2.002752
117.70300000000006 3.079808
118.70800000000006 1.9088
119.71000000000005 2.083904
120.71800000000005 2.07936
121.72100000000005 2.532608
122.72300000000004 3.243968
123.72800000000004 1.492928
124.72900000000004 4.31648
125.73100000000004 4.447808
126.73500000000004 3.856832
127.83800000000004 3.76288
128.89800000000002 3.2768
129.93800000000002 3.2768
130.93900000000002 3.129984
131.94000000000003 2.423168
132.94800000000004 2.007296
133.94900000000004 2.707712
134.95900000000003 2.937536
136.00800000000004 3.178304
137.01000000000005 3.572136
138.01800000000006 3.014296
139.08900000000006 3.254912
140.09000000000006 4.020992
141.10900000000007 4.272704
142.11000000000007 4.458752
143.11300000000006 3.959872
144.16900000000007 3.068872
145.17000000000007 5.093504
146.24900000000008 4.616512
147.25000000000009 4.655744
148.25400000000008 4.601024
149.28800000000007 3.839488
150.28900000000007 3.71456
151.29800000000006 2.860928
152.29900000000006 4.053824
153.30000000000007 5.290496
154.30700000000007 1.810304
155.5480000000001 1.930688
156.55700000000007 2.02464
157.56600000000006 1.492928
158.56700000000006 1.794816
159.57700000000006 1.514792
160.57800000000006 2.506176
161.58700000000005 3.123608
162.59700000000004 2.07296
163.60600000000002 2.138624
164.60700000000003 2.254464
165.60800000000003 1.74464
166.66700000000003 2.280896
167.66800000000003 2.418624
168.67600000000004 2.445048
169.67800000000005 4.787072
170.68000000000006 4.331968
171.68600000000006 4.633856
172.68700000000007 3.900608
173.68800000000007 3.451904
174.69600000000008 3.408128
175.6970000000001 3.664384
176.6980000000001 4.48064
177.70700000000008 3.93344
178.71600000000007 3.944384
179.71700000000007 3.156416
180.72500000000008 3.025088
181.73600000000008 3.824
182.73700000000008 3.462848
183.73800000000008 3.22208
184.7460000000001 3.309632
185.75600000000009 3.412672
186.76600000000008 3.637952
187.77600000000007 2.926592
188.77700000000007 2.932992
189.78500000000008 2.56544
190.7860000000001 2.445056
191.8650000000001 1.865024
192.8660000000001 2.057472
193.8760000000001 1.996352
194.88600000000008 2.740544
195.89500000000007 2.101248
196.89700000000008 1.974464
197.91500000000008 2.23712
198.91600000000008 2.57184
199.92500000000007 1.788416
200.93500000000006 2.193344
201.93700000000007 2.703168
202.94500000000008 2.368448
203.94600000000008 1.810304
204.9470000000001 2.725056
205.95700000000008 2.488832
206.95800000000008 2.937536
207.9660000000001 2.62016
208.9670000000001 2.762432
209.97600000000008 2.685824
210.9770000000001 2.473344
211.9780000000001 2.12768
212.9850000000001 1.952576
213.9950000000001 1.871424
214.9970000000001 1.85408
216.0050000000001 1.991808
217.0150000000001 1.427264
218.0160000000001 1.6416
219.0210000000001 1.394432
220.0250000000001 1.893312
221.03500000000008 1.668032
222.0360000000001 1.871424
223.04500000000007 1.6352
224.05500000000006 1.729152
225.07600000000005 1.109888
226.08500000000004 0.886464
227.10400000000004 1.017792
228.17500000000004 0.781568
229.18400000000003 0.678528
230.19500000000002 1.072512
231.205 1.017792
232.215 1.219328
233.224 1.466496
234.225 0.733248
235.23499999999999 0.70496
236.255 1.31328
237.325 0.404928
238.356 0.76608
239.504 0.453248
240.51399999999998 1.411776
241.515 0.755136
242.53599999999997 0.645696
243.54399999999998 0.628352
244.55399999999997 0.667584
245.64399999999998 0.251712
246.64499999999998 1.236672
247.65499999999997 2.226176
248.65599999999998 1.999072
249.65699999999998 1.660768
250.795 1.624256
251.796 2.374848
252.803 1.022336
253.814 1.302336
254.816 1.444608
255.823 1.449152
256.824 1.127232
257.853 1.028736
258.863 0.475136
259.883 0.590976
260.90299999999996 0.503424
261.91299999999995 0.372096
262.93299999999994 0.448704
263.9529999999999 0.470592
265.2629999999999 0.497024
266.2639999999999 0.558144
267.2829999999999 0.2736
268.3029999999999 0.21888
269.3129999999999 0.284544
270.31399999999985 0.798912
271.3149999999998 1.536704
272.3229999999998 2.123136
273.3329999999998 1.14272
274.3429999999998 0.514368
275.4049999999998 0.426816
276.4329999999998 0.306432
277.4429999999998 0.645696
278.4629999999998 0.667584
279.4829999999998 0.661184
280.4949999999998 1.411776
281.51299999999975 1.52848
282.52299999999974 1.09168
283.52499999999975 1.761984
284.5429999999997 1.492936
285.70299999999975 2.226176
286.72299999999973 2.528064
287.7429999999997 1.624256
288.7619999999997 1.028736
289.78299999999973 0.623808
290.8629999999997 0.748736
291.87199999999973 0.864576
292.8819999999997 0.87552
293.98199999999974 1.536704
294.99099999999976 1.411776
295.99299999999977 1.6416
297.00099999999975 1.755584
298.02099999999973 1.31328
299.0309999999997 0.934784
300.0319999999997 1.80576
301.0329999999997 2.324672
302.04099999999966 1.893312
303.04199999999963 1.886912
304.0429999999996 1.897856
305.0519999999996 1.948032
306.0569999999996 1.569536
307.0599999999996 1.772928
308.0809999999996 1.52576
309.0909999999996 1.105344
310.1009999999996 1.20384
311.1099999999996 2.062016
312.1199999999996 1.79936
313.1209999999996 1.729152
314.1299999999996 1.569536
315.1309999999996 2.068416
316.13199999999955 2.379392
317.14599999999956 2.259008
318.17999999999955 2.692224
319.1909999999996 2.412224
320.2099999999996 2.532608
321.2119999999996 1.985408
322.21299999999957 2.659392
323.22099999999955 2.40128
324.2219999999995 2.280896
325.2299999999995 2.259008
