1.008 1.75104
2.009 1.897856
3.018 1.711808
4.028 2.331072
5.037999999999999 1.208384
6.047999999999999 1.389888
7.148 1.383488
8.158 1.794816
9.16 1.31328
10.169 1.241216
11.178 1.597824
12.188 1.591424
13.198 2.652992
14.358 2.915648
15.588000000000001 3.2768
16.591 3.250368
17.598000000000003 2.434112
18.599000000000004 2.466944
19.608000000000004 2.226176
20.618000000000006 2.440512
21.619000000000007 1.985408
22.628000000000007 2.12768
23.62900000000001 2.374848
24.63800000000001 2.105792
25.64800000000001 2.598272
26.65000000000001 1.871424
27.65800000000001 2.40128
28.65900000000001 2.335616
29.66000000000001 2.620152
30.67800000000001 1.772928
31.679000000000013 1.230272
32.68700000000001 2.057472
33.707000000000015 1.503872
34.71700000000001 0.963072
35.728000000000016 1.028736
36.737000000000016 0.803456
37.738000000000014 1.444608
38.73900000000001 2.029184
39.74800000000001 2.68128
40.74900000000001 2.368448
41.75000000000001 1.941632
42.79800000000001 2.642048
43.79900000000001 2.1888
44.800000000000004 2.598272
45.80800000000001 2.259008
46.858000000000004 2.78432
47.86900000000001 1.718208
48.88700000000001 1.25856
49.90800000000001 0.442304
50.91000000000001 1.411776
51.91300000000001 1.722752
52.91700000000001 2.123136
53.918000000000006 2.29184
54.92700000000001 2.412224
55.928000000000004 2.13408
56.929 2.105792
57.95 2.002752
58.952000000000005 3.079808
59.95700000000001 1.9088
60.95900000000001 2.083904
61.96700000000001 2.07936
62.97000000000001 2.532608
63.972000000000016 3.243968
64.97700000000002 1.492928
65.97800000000002 4.31648
66.98000000000002 4.447808
67.98400000000002 3.856832
69.08700000000002 3.76288
70.14700000000002 3.2768
71.18700000000003 3.2768
72.18800000000003 3.129984
73.18900000000004 2.423168
74.19700000000003 2.007296
75.19800000000004 2.707712
76.20800000000004 2.937536
77.25700000000005 3.178304
78.25900000000004 3.572136
79.26700000000004 3.014296
80.33800000000004 3.254912
81.33900000000004 4.020992
82.35800000000005 4.272704
83.35900000000005 4.458752
84.36200000000005 3.959872
85.41800000000005 3.068872
86.41900000000005 5.093504
87.49800000000005 4.616512
88.49900000000005 4.655744
89.50300000000006 4.601024
90.53700000000006 3.839488
91.53800000000007 3.71456
92.54700000000007 2.860928
93.54800000000007 4.053824
94.54900000000008 5.290496
95.55600000000008 1.810304
96.79700000000008 1.930688
97.80600000000008 2.02464
98.81500000000008 1.492928
99.81600000000009 1.794816
100.82600000000009 1.514792
101.8270000000001 2.506176
102.8360000000001 3.123608
103.8460000000001 2.07296
104.8550000000001 2.138624
105.85600000000011 2.254464
106.85700000000011 1.74464
107.91600000000011 2.280896
108.91700000000012 2.418624
109.92500000000011 2.445048
110.9270000000001 4.787072
111.9290000000001 4.331968
112.9350000000001 4.633856
113.9360000000001 3.900608
114.93700000000011 3.451904
115.9450000000001 3.408128
116.94600000000011 3.664384
117.94700000000012 4.48064
118.95600000000012 3.93344
119.96500000000012 3.944384
120.96600000000012 3.156416
121.97400000000012 3.025088
122.98500000000011 3.824
123.98600000000012 3.462848
124.98700000000012 3.22208
125.99500000000012 3.309632
127.00500000000012 3.412672
128.01500000000013 3.637952
129.02500000000012 2.926592
130.02600000000012 2.932992
131.03400000000013 2.56544
132.03500000000014 2.445056
133.11400000000015 1.865024
134.11500000000015 2.057472
135.12500000000014 1.996352
136.13500000000013 2.740544
137.14400000000012 2.101248
138.14600000000013 1.974464
139.16400000000013 2.23712
140.16500000000013 2.57184
141.17400000000012 1.788416
142.1840000000001 2.193344
143.18600000000012 2.703168
144.19400000000013 2.368448
145.19500000000014 1.810304
146.19600000000014 2.725056
147.20600000000013 2.488832
148.20700000000014 2.937536
149.21500000000015 2.62016
150.21600000000015 2.762432
151.22500000000014 2.685824
152.22600000000014 2.473344
153.22700000000015 2.12768
154.23400000000015 1.952576
155.24400000000014 1.871424
156.24600000000015 1.85408
157.25400000000016 1.991808
158.26400000000015 1.427264
159.26500000000016 1.6416
160.27000000000015 1.394432
161.27400000000014 1.893312
162.28400000000013 1.668032
163.28500000000014 1.871424
164.29400000000012 1.6352
165.30400000000012 1.729152
166.3250000000001 1.109888
167.3340000000001 0.886464
168.3530000000001 1.017792
169.4240000000001 0.781568
170.43300000000008 0.678528
171.44400000000007 1.072512
172.45400000000006 1.017792
173.46400000000006 1.219328
174.47300000000004 1.466496
175.47400000000005 0.733248
176.48400000000004 0.70496
177.50400000000005 1.31328
178.57400000000004 0.404928
179.60500000000005 0.76608
180.75300000000004 0.453248
181.76300000000003 1.411776
182.76400000000004 0.755136
183.78500000000003 0.645696
184.79300000000003 0.628352
185.80300000000003 0.667584
186.89300000000003 0.251712
187.89400000000003 1.236672
188.90400000000002 2.226176
189.90500000000003 1.999072
190.90600000000003 1.660768
192.04400000000004 1.624256
193.04500000000004 2.374848
194.05200000000005 1.022336
195.06300000000005 1.302336
196.06500000000005 1.444608
197.07200000000006 1.449152
198.07300000000006 1.127232
199.10200000000006 1.028736
200.11200000000005 0.475136
201.13200000000006 0.590976
202.15200000000007 0.503424
203.16200000000006 0.372096
204.18200000000007 0.448704
205.20200000000008 0.470592
206.51200000000009 0.497024
207.5130000000001 0.558144
208.5320000000001 0.2736
209.5520000000001 0.21888
210.5620000000001 0.284544
211.5630000000001 0.798912
212.5640000000001 1.536704
213.57200000000012 2.123136
214.5820000000001 1.14272
215.5920000000001 0.514368
216.6540000000001 0.426816
217.6820000000001 0.306432
218.6920000000001 0.645696
219.7120000000001 0.667584
220.7320000000001 0.661184
221.7440000000001 1.411776
222.7620000000001 1.52848
223.7720000000001 1.09168
224.77400000000011 1.761984
225.79200000000012 1.492936
226.9520000000001 2.226176
227.97200000000012 2.528064
228.99200000000013 1.624256
230.01100000000014 1.028736
231.03200000000012 0.623808
232.11200000000014 0.748736
233.12100000000012 0.864576
234.1310000000001 0.87552
235.2310000000001 1.536704
236.2400000000001 1.411776
237.2420000000001 1.6416
238.2500000000001 1.755584
239.27000000000012 1.31328
240.28000000000011 0.934784
241.28100000000012 1.80576
242.28200000000012 2.324672
243.29000000000013 1.893312
244.29100000000014 1.886912
245.29200000000014 1.897856
246.30100000000013 1.948032
247.30600000000013 1.569536
248.3090000000001 1.772928
249.3300000000001 1.52576
250.3400000000001 1.105344
251.35000000000008 1.20384
252.35900000000007 2.062016
253.36900000000006 1.79936
254.37000000000006 1.729152
255.37900000000005 1.569536
256.38000000000005 2.068416
257.38100000000003 2.379392
258.39500000000004 2.259008
259.42900000000003 2.692224
260.44000000000005 2.412224
261.45900000000006 2.532608
262.46100000000007 1.985408
263.46200000000005 2.659392
264.47 2.40128
265.471 2.280896
266.479 2.259008
267.47999999999996 2.309184
268.48099999999994 2.149568
269.4889999999999 2.062016
270.5089999999999 1.9152
271.5099999999999 2.01824
272.5499999999999 2.51712
273.5729999999999 3.156416
274.5799999999999 2.456
275.59099999999995 4.283648
276.59999999999997 3.60512
277.60099999999994 3.76288
278.6019999999999 3.867776
279.6029999999999 3.845888
280.6109999999999 4.294592
281.65999999999985 4.25536
282.66199999999986 4.655744
283.66999999999985 4.0976
284.6709999999998 4.196096
285.6719999999998 4.03648
286.6729999999998 4.163264
287.67399999999975 4.217984
288.72999999999973 4.124032
289.7399999999997 4.04288
290.7409999999997 4.283624
291.7419999999997 4.513496
292.74999999999966 4.03648
293.75999999999965 4.185152
294.82499999999965 3.079808
295.82999999999964 2.828096
296.8309999999996 3.93344
297.8379999999996 3.725504
298.8389999999996 3.637952
299.8489999999996 3.33152
300.84999999999957 3.528512
301.9189999999996 4.03648
302.9289999999996 3.93344
303.92999999999955 4.075712
304.93099999999953 3.134528
305.9489999999995 3.233024
306.9499999999995 3.648896
307.95799999999946 3.802112
308.95899999999943 3.11264
309.9599999999994 3.025088
310.9609999999994 2.817152
311.96199999999936 3.211136
312.96799999999934 3.430016
313.9689999999993 3.38624
314.9699999999993 3.397184
315.98799999999926 2.204288
316.98899999999924 2.751488
317.9899999999992 2.922048
318.9989999999992 2.40128
319.9999999999992 2.78432
321.0189999999992 3.123584
322.0279999999992 2.390336
323.0379999999992 2.703168
324.0389999999992 2.707712
325.0579999999992 2.488832
