1.008 1.309632
2.009 1.277536
3.019 1.163056
4.027 1.135952
5.047000000000001 1.113968
6.0680000000000005 1.460752
7.078 1.232536
8.087 1.269504
9.107 0.628056
10.117999999999999 0.864576
11.126999999999999 0.66036
12.136999999999999 1.302336
13.152 1.105592
14.165999999999999 1.192896
15.546 0.536256
16.586 0.488824
17.596999999999998 1.006848
18.785999999999998 0.978864
19.796999999999997 0.952128
20.805999999999997 1.095408
21.816 1.400832
22.826 1.22564
23.846 1.147472
24.856 1.321304
25.857000000000003 1.366976
26.866000000000003 1.274056
28.048000000000002 1.450824
29.226000000000003 1.323944
30.436000000000003 1.417072
31.446000000000005 1.444608
32.456 1.043872
33.486000000000004 1.035608
34.496 1.236672
35.866 1.088184
36.877 1.03968
37.886 1.25856
38.896 0.971432
39.906 0.87552
40.917 0.721064
41.937000000000005 1.488384
42.946000000000005 1.104072
43.95700000000001 1.597824
44.96500000000001 1.171496
45.985000000000014 1.064256
46.996000000000016 1.554048
48.00500000000002 1.42092
49.015000000000015 1.231216
50.01600000000001 1.03864
51.024000000000015 1.368
52.03500000000002 1.171192
53.04400000000002 1.196
54.06400000000002 1.091776
55.075000000000024 1.444608
56.07600000000002 0.92044
57.084000000000024 1.53216
58.09400000000002 1.223
59.194000000000024 1.275184
60.19500000000002 1.411776
61.20400000000002 1.02944
62.21400000000002 1.102576
63.38400000000002 1.21748
64.39400000000002 1.105344
65.39500000000002 1.214784
66.40400000000002 1.098456
67.41400000000003 1.510272
68.42400000000004 1.123488
69.43500000000003 1.357056
70.45400000000004 1.036192
71.54300000000003 1.145424
72.54400000000004 1.455552
73.56400000000004 1.444608
74.59600000000003 0.657984
75.60400000000003 1.324224
76.79400000000003 1.30024
77.80400000000003 1.444608
78.84400000000004 1.15544
79.87400000000004 1.324224
80.99500000000003 1.17412
82.00400000000003 1.20384
83.02300000000004 1.104944
84.02400000000004 1.291392
85.03400000000005 1.146592
86.04200000000004 1.794816
87.05300000000004 0.877944
88.08200000000004 0.689472
89.09200000000004 0.580888
90.09500000000004 1.280448
91.11200000000004 1.057032
92.11300000000004 1.218328
93.12300000000005 1.747864
94.13200000000005 1.333224
95.13300000000005 1.386648
96.14200000000005 1.40988
97.14800000000005 1.761984
98.15200000000006 1.379624
99.15300000000006 1.365352
100.15500000000006 1.611544
101.15600000000006 1.505792
102.17200000000007 1.838592
103.17300000000007 1.439224
104.17400000000008 1.718208
105.18200000000007 1.495512
106.19200000000008 1.663488
107.21200000000007 1.410848
108.21300000000008 1.491288
109.22200000000008 1.364008
110.23100000000008 1.893312
111.23200000000008 1.902848
112.24000000000008 2.155584
113.25000000000009 1.94104
114.26000000000009 1.838592
115.2610000000001 1.58824
116.2800000000001 1.948032
117.2890000000001 1.547312
118.3090000000001 1.403
119.3100000000001 1.564992
120.32900000000011 1.20744
121.35000000000011 1.564992
122.35900000000011 1.060168
123.36900000000011 1.455552
124.38900000000011 1.31328
125.39000000000011 0.837616
126.40800000000011 1.488384
127.41800000000012 1.335424
128.42900000000012 1.794816
129.4380000000001 1.29408
130.4480000000001 1.718208
131.45700000000008 1.118224
132.46800000000007 1.389888
133.46900000000008 1.287472
134.4770000000001 1.374048
135.48700000000008 1.6864
136.49600000000007 1.56552
137.50600000000006 1.552792
138.61600000000007 1.62704
139.62600000000006 1.9152
140.62700000000007 1.81512
141.63500000000008 1.566576
142.64500000000007 1.563432
143.64600000000007 1.882368
144.65500000000006 1.297856
145.65900000000005 2.101248
146.66500000000005 1.789144
147.67500000000004 1.9352
148.80500000000004 2.129192
149.81500000000003 2.363904
150.82600000000002 1.94648
151.835 2.146752
152.874 1.978032
153.875 2.24352
154.884 2.085992
155.885 1.796144
156.893 1.648184
158.083 2.272696
159.105 2.166912
160.113 1.78768
161.123 1.821952
162.153 2.050248
163.154 2.046528
164.173 1.938192
165.183 2.122688
166.203 1.88532
167.373 1.929736
168.393 1.980864
169.403 1.523208
170.41299999999998 1.630656
171.433 1.498432
172.44299999999998 1.871424
173.45299999999997 1.507936
174.46299999999997 1.96992
175.47299999999996 1.69996
176.48299999999995 2.002752
177.49299999999994 1.569944
178.54199999999994 1.93944
179.54299999999995 1.827648
180.55199999999994 1.477952
181.55299999999994 1.707264
182.57099999999994 1.573832
183.74999999999994 1.652712
184.76099999999994 1.718208
185.77099999999993 1.276288
186.78099999999992 1.882368
187.7899999999999 1.78496
188.7909999999999 1.84256
189.7999999999999 1.768656
190.8099999999999 2.012608
191.81999999999988 0.93924
192.82999999999987 1.525984
193.83999999999986 1.889872
194.94899999999987 1.92416
195.95799999999986 1.280448
196.95899999999986 1.236672
197.95999999999987 0.721928
199.02899999999985 0.777024
200.02999999999986 1.729152
201.03999999999985 0.680792
202.07999999999984 1.377128
203.08899999999983 1.455552
204.10099999999983 0.818984
205.14299999999983 0.525312
206.14899999999983 0.580032
207.16899999999984 0.419984
208.17899999999983 0.525312
209.19899999999984 0.667584
210.20899999999983 0.440056
211.21999999999983 0.833384
212.23899999999983 1.0944
213.23999999999984 0.455136
214.24799999999985 0.612864
215.11899999999986 0.453336
216.11999999999986 1.806984
217.15899999999985 1.590736
218.26999999999984 1.407232
219.27999999999983 1.187632
220.28899999999982 1.471344
221.28999999999982 0.902936
222.2989999999998 1.391
223.2999999999998 1.913104
224.31899999999982 1.184008
225.3289999999998 1.243696
226.3689999999998 1.15136
227.3699999999998 1.681152
228.3789999999998 1.372368
229.4289999999998 1.827216
230.5279999999998 1.407472
231.5389999999998 0.908352
232.66799999999978 1.69496
233.66899999999978 1.908856
234.9269999999998 1.86432
235.9679999999998 0.959088
236.97699999999978 1.937088
238.02899999999977 1.566288
239.03699999999978 1.859768
240.0389999999998 1.961008
241.0469999999998 2.089728
242.0569999999998 1.970384
243.0689999999998 1.962432
244.0769999999998 1.966416
245.2269999999998 2.199496
246.2369999999998 1.9152
247.24599999999978 1.043064
248.2469999999998 1.028736
249.2669999999998 1.072864
250.3269999999998 1.480352
251.3369999999998 1.663488
252.3569999999998 1.276856
253.3769999999998 1.469424
254.3869999999998 2.13408
255.3959999999998 1.473056
256.39699999999976 1.198056
257.68599999999975 1.273912
258.6869999999997 1.171008
259.7069999999997 1.07388
260.7099999999997 1.137632
261.7199999999997 0.864576
262.7299999999997 0.60192
263.73999999999967 0.443296
264.75999999999965 0.777024
265.76699999999965 0.908352
266.77699999999965 0.404928
267.8069999999996 0.333008
268.8269999999996 0.60192
269.8679999999996 0.98928
270.8769999999996 1.13352
271.8779999999996 1.239824
273.0769999999996 1.809808
274.0779999999996 1.361096
275.0869999999996 1.147176
276.0969999999996 1.137376
277.1059999999996 1.081872
278.1269999999996 1.001008
279.1369999999996 1.13016
280.2269999999996 1.382128
281.23699999999957 1.685376
282.2389999999996 1.318408
283.24699999999956 1.180848
284.25699999999955 1.47744
285.2579999999995 1.267216
286.2589999999995 1.315856
287.4169999999995 1.822504
288.4269999999995 1.772928
289.4279999999995 1.432544
290.4369999999995 1.524776
291.5869999999995 1.365672
292.59699999999947 1.663488
293.6079999999995 1.364136
294.6169999999995 1.541632
295.6179999999995 1.545152
296.62399999999946 2.112192
297.63399999999945 1.389912
298.63699999999943 1.305464
299.64399999999944 1.619712
300.6449999999994 1.586352
301.65599999999944 1.750424
302.66299999999944 1.478512
303.67299999999943 1.794816
304.6739999999994 1.48032
305.6829999999994 1.42348
306.6929999999994 1.543104
307.70199999999943 1.254056
308.7119999999994 1.488384
309.7219999999994 1.293864
310.7319999999994 1.521216
311.7409999999994 1.242136
312.7509999999994 1.113456
313.7549999999994 1.400832
314.75899999999945 1.005384
315.76199999999943 1.302336
316.7699999999994 0.895336
317.7789999999994 1.192896
318.78999999999945 0.918208
319.79899999999947 1.20384
320.80899999999946 0.868872
321.80999999999943 1.20384
322.8199999999994 0.948064
323.91999999999945 1.25116
324.93899999999945 1.269504
326.01099999999946 0.554008
327.01799999999946 1.204888
328.1879999999995 1.203184
