1.008 2.576384
2.009 3.44096
3.018 2.751336
4.019 1.816704
5.158 1.296088
6.180000000000001 1.116288
7.189 1.181952
8.19 1.186496
9.198 1.58688
10.208 1.466496
11.209 1.055168
12.218 1.006848
13.219 1.171008
14.248 1.088
15.258 1.280448
16.259999999999998 1.164608
17.272999999999996 0.886464
18.287999999999997 0.470592
19.288999999999998 0.733248
20.298 1.460096
21.308 1.575936
22.368 1.241216
23.369 1.346112
24.378 1.47744
25.379 1.350656
26.398 1.75104
27.408 1.58048
28.418000000000003 1.838592
29.428000000000004 1.558592
30.438000000000006 1.958976
31.439000000000007 1.733696
32.44800000000001 1.674432
33.449000000000005 1.25216
34.458000000000006 1.324224
35.48700000000001 0.891008
36.48900000000001 1.072512
37.497000000000014 1.564992
38.50700000000001 1.722752
39.51700000000001 1.652544
40.51800000000001 0.912896
41.52700000000001 0.853632
42.55600000000001 0.667584
43.55700000000001 0.93024
44.55800000000001 1.438208
45.56700000000001 1.816704
46.568000000000005 1.25216
47.578 1.335168
48.736000000000004 1.077056
49.915000000000006 0.580032
50.925000000000004 0.569088
51.926 1.291392
52.936 1.777472
53.946 2.090304
54.955999999999996 2.34656
55.964999999999996 1.974464
56.985 1.181952
57.986 0.93024
59.016 1.241216
60.016999999999996 1.346112
61.105 1.066112
62.105999999999995 2.746944
63.10699999999999 2.379392
64.11399999999999 3.845888
65.115 2.215232
66.125 1.58688
67.144 0.59552
68.174 0.361152
69.177 0.284544
70.18400000000001 0.93024
71.28500000000001 1.438208
72.35400000000001 3.265856
73.38500000000002 3.287744
74.38600000000002 2.965824
75.39500000000002 2.160512
76.39600000000003 2.631104
77.42400000000004 2.062016
78.42500000000004 1.69632
79.43400000000004 1.444608
80.44400000000005 1.263104
81.46100000000004 0.995904
82.56400000000004 1.153664
83.57500000000003 1.072512
84.58400000000003 1.466496
85.60400000000003 0.869128
86.62400000000002 0.908352
87.63500000000002 0.689472
88.64400000000002 1.083456
89.65400000000002 0.97856
90.65500000000003 1.25856
91.80400000000003 1.503872
92.81400000000004 1.291392
93.81700000000004 1.816704
94.83400000000003 1.996352
95.84400000000004 1.843136
96.84500000000004 2.221632
97.85400000000004 2.040128
98.85500000000005 1.816704
99.86400000000005 0.770624
100.86500000000005 1.31328
101.87400000000005 1.843136
102.87600000000005 2.528064
103.90400000000005 1.613312
104.91400000000006 1.564992
106.05400000000006 0.989504
107.05500000000006 1.80576
108.05700000000006 2.029184
109.37600000000006 0.404928
110.38400000000006 1.843136
111.38500000000006 1.816704
112.39400000000006 1.733696
113.39500000000007 2.396736
114.39700000000006 1.96352
115.40400000000007 1.68992
116.41300000000007 1.948032
117.41400000000007 1.9088
118.42200000000007 1.80576
119.43400000000007 1.536704
120.44300000000007 1.652544
121.46100000000007 1.547648
122.46300000000006 1.740096
123.47200000000007 1.613312
124.47300000000007 2.101248
125.47400000000007 1.79936
126.47600000000007 1.948032
127.48300000000008 1.788416
128.49300000000008 1.657088
129.50300000000007 2.02464
130.50400000000008 2.07296
131.51200000000009 2.456
132.5130000000001 2.659392
133.5140000000001 2.609216
134.52300000000008 2.707712
135.53400000000008 2.7296
136.5420000000001 2.970368
137.56300000000007 2.860928
138.56400000000008 2.670336
139.5720000000001 2.40128
140.58200000000008 2.488832
141.58300000000008 2.313728
142.5840000000001 2.79072
143.59300000000007 2.718656
144.60200000000006 2.631104
145.60300000000007 2.817152
146.61200000000005 2.685824
147.64200000000005 2.543552
148.64300000000006 2.834496
149.64400000000006 2.521664
150.65200000000007 2.696768
151.66200000000006 2.773376
152.66300000000007 2.94848
153.67200000000005 2.663936
154.68200000000004 2.987712
155.68300000000005 2.67488
156.69200000000004 2.587304
157.69300000000004 2.204312
158.70200000000003 2.265408
159.72200000000004 1.131776
160.94200000000004 0.569088
161.95200000000003 2.01824
162.95300000000003 2.604672
163.96200000000002 2.576384
164.972 2.051072
165.982 2.057472
166.992 1.175552
168.00199999999998 2.123136
169.003 1.85408
170.01199999999997 1.930688
171.01299999999998 2.418624
172.021 2.477888
173.03199999999998 2.62016
174.033 2.40128
175.034 2.889216
176.042 2.412224
177.052 2.280896
178.053 2.434112
179.054 2.604672
180.062 2.379392
181.06300000000002 2.423168
182.072 2.269952
183.082 1.729152
184.09099999999998 1.711808
185.11199999999997 1.86048
186.12199999999996 1.52576
187.13099999999994 1.619712
188.14199999999994 1.328768
189.15099999999993 2.155968
190.16199999999992 1.755584
191.16299999999993 2.02464
192.1719999999999 1.777472
193.2119999999999 1.96352
194.2129999999999 2.123136
195.2219999999999 2.007296
196.23199999999989 2.090304
197.24199999999988 1.930688
198.25199999999987 2.193344
199.27199999999988 2.02464
200.28199999999987 1.897856
201.30199999999988 2.138624
202.31199999999987 2.276352
203.31299999999987 1.722752
204.32199999999986 2.07936
205.33099999999985 1.788416
206.41299999999984 1.930688
207.42099999999985 2.155968
208.42199999999985 1.996352
209.47199999999987 2.412224
210.48099999999985 2.528064
211.48199999999986 2.12768
212.49099999999984 2.795264
213.49199999999985 2.390336
214.49999999999986 2.768832
215.50099999999986 2.477888
216.50199999999987 2.499784
217.51099999999985 2.7296
218.51999999999984 2.642048
219.61299999999983 1.740096
220.66099999999983 1.700864
221.66899999999984 1.948032
222.67999999999984 1.79936
223.68099999999984 2.046528
224.69199999999984 2.1824
225.69499999999982 2.34656
226.74899999999982 2.598272
227.74999999999983 1.816704
228.75099999999983 2.466944
229.76099999999983 2.62016
230.76199999999983 2.309184
231.76899999999983 1.941632
232.76999999999984 1.96352
233.77899999999983 2.451456
234.78899999999982 2.488832
235.78999999999982 2.499776
236.7999999999998 2.587328
237.80099999999982 2.812608
238.80199999999982 2.335616
239.80899999999983 2.083904
240.80999999999983 2.13408
241.81899999999982 2.543552
242.8289999999998 2.423168
243.8299999999998 2.434112
244.8889999999998 2.685824
245.88999999999982 2.714112
246.89099999999982 2.31372
247.8999999999998 2.149568
249.0279999999998 2.642048
250.0289999999998 2.812608
251.0399999999998 2.379392
252.0589999999998 2.412224
253.0599999999998 2.40128
254.0689999999998 2.768832
255.0699999999998 2.499776
256.0709999999998 1.996352
257.0799999999998 2.466944
258.0809999999998 2.725056
259.0899999999998 2.631104
260.0909999999998 2.860928
261.0999999999998 3.0032
262.1089999999998 2.828096
263.1099999999998 2.83904
264.1189999999998 2.94848
265.1989999999998 3.036032
266.19999999999976 3.140928
267.20799999999974 2.12768
268.21199999999976 2.01824
269.21899999999977 2.287296
270.22899999999976 1.711808
271.2399999999998 2.018088
272.24099999999976 2.177856
279.7159999999998 0.89116
280.7269999999998 1.508928
281.7359999999998 1.98676
282.7369999999998 2.199744
283.7469999999998 2.051072
284.7559999999998 1.521216
285.7669999999998 1.230272
286.77599999999984 1.0944
287.7769999999998 1.116288
288.78599999999983 1.109888
289.7959999999998 1.575936
290.8159999999998 0.634752
291.8259999999998 0.551744
293.0359999999998 0.744192
294.03699999999975 2.24352
295.0379999999997 2.40128
296.0459999999997 2.40128
297.0469999999997 2.029184
298.0559999999997 2.287296
299.0569999999997 2.171456
300.0659999999997 2.259008
301.0759999999997 2.232576
302.07699999999966 1.875968
303.07799999999963 2.171456
304.0859999999996 1.783872
305.1059999999996 0.76608
306.1159999999996 1.098944
307.13599999999957 2.199744
308.2959999999996 0.628352
309.3009999999996 2.02464
310.3059999999996 1.47104
311.3159999999996 1.6416
312.31699999999955 1.558592
313.33599999999956 2.046528
314.34599999999955 2.051072
315.3469999999995 2.123136
316.35599999999954 1.25216
317.3569999999995 1.904256
318.36599999999953 1.755584
319.3759999999995 1.941632
320.3769999999995 2.155968
321.3859999999995 1.919744
322.3959999999995 2.101248
323.4059999999995 1.4382
324.4139999999995 1.882368
325.4159999999995 1.427264
326.44599999999946 1.127232
327.45599999999945 0.700416
328.46599999999944 0.858176
329.50599999999946 0.995904
330.52599999999944 0.306432
331.5559999999994 0.470592
